53 sequence; length of alignment 152
alifold output
  131   149  0 100.0%   0.004 CG:52   UG:1   
  129   151  0  99.6%   0.021 GU:1    AU:52  
  130   150  1 100.0%   0.004 CG:52  
  132   148  1  99.9%   0.006 AU:52  
   49    63  0  99.1%   0.032 UA:53  
  133   147  1  98.5%   0.111 GC:32   GU:19   AU:1   
   48    64  0  98.5%   0.048 AU:53  
   50    62  0  98.1%   0.064 GC:53  
  134   146  0  97.9%   0.204 GC:53  
  128   152  0  97.0%   0.111 CG:53  
   41    72  0  94.1%   0.470 GC:52   GU:1   
   42    71  0  93.9%   0.475 CG:50   UG:3   
   47    65  0  93.1%   0.203 CG:52   UG:1   
   40    73  1  93.9%   0.336 UA:52  
   39    74  0  92.9%   0.364 CG:53  
   46    66  0  87.6%   0.351 CG:52   UG:1   
   45    67  2  81.9%   0.494 CG:43   UG:8   
    4   118  0  78.2%   0.609 GC:52   GU:1   
   17    32  0  77.5%   0.648 GC:25   GU:28  
   18    31  0  78.4%   0.632 GC:53  
   19    30  0  78.4%   0.616 GC:53  
    2   120  0  78.3%   0.620 CG:53  
    3   119  0  78.1%   0.642 UG:53  
    1   121  0  77.8%   0.622 CG:53  
    8   114  1  77.7%   0.693 CG:52  
    7   115  0  76.9%   0.680 GC:53  
    9   113  0  70.8%   0.819 UA:53  
    5   117  1  70.0%   0.825 UG:52  
   14    35  0  63.8%   1.047 CG:53  
   16    33  0  62.7%   0.916 CG:1    UG:52  
   88    99  0  57.8%   1.625 GC:52   GU:1   
   89    98  0  57.9%   1.759 GC:53  
   90    97  0  57.9%   1.525 AU:53  
   91    96  0  57.4%   1.895 GC:53  
   13    36  0  56.1%   1.121 UA:53  
  136   145  1  50.8%   1.221 GC:51   GU:1   
   79   107  0  41.1%   1.527 GC:13   GU:40  
   80   106  2  41.8%   1.464 UA:51  
   81   105  0  40.2%   2.015 GC:53  
   86   100  1  36.2%   1.774 GC:52  
   34    99  0  34.0%   1.184 GC:52   GU:1    +
   35    98  0  34.0%   1.439 GC:53   +
   36    97  0  33.9%   1.565 AU:53   +
   37    96  0  33.9%   1.976 GC:53   +
   33   100  1  33.9%   1.414 GC:52   +
   82    93  0  33.1%   1.226 GC:53   +
   83    92  0  33.0%   1.245 UA:53   +
   81    94  0  32.9%   1.255 GC:53   +
   22    27  0  32.4%   1.212 UA:53   +
   51    60  0  32.3%   1.107 GC:53   +
   38    95  0  32.2%   1.972 GC:53   +
   84    91  0  31.1%   1.244 UG:53   +
   11    37  0  25.9%   1.257 CG:53  
   10    38  0  24.4%   1.125 CG:53  
   38    76  0  24.0%   1.727 GC:53   +
   44    69  0  22.0%   1.282 AU:53   +
   37    77  0  21.7%   1.673 GU:53   +
    8   122  0  20.2%   1.284 CG:53   +
    7   123  0  20.1%   1.237 GC:53   +
   83   104  0  19.6%   1.777 UA:53   +
   11   111  0  19.4%   1.728 CG:53   +
   84   103  0  18.3%   1.984 UG:20   UA:33   +
    9   121  0  19.2%   1.499 UG:53   +
   10   120  0  19.1%   1.775 CG:53   +
  111   118  0  18.1%   2.168 GC:52   GU:1    +
   84   102  0  18.2%   1.453 UA:53   +
   18    32  0  16.9%   1.345 GC:25   GU:28   +
   82   105  0  17.9%   2.179 GC:53   +
   45    68  2  17.8%   1.226 CG:43   UG:7    UA:1    +
  112   117  1  18.1%   1.589 CG:52   +
   19    31  0  17.3%   1.334 GC:53   +
   20    30  0  17.2%   1.242 GC:53   +
   11   119  0  16.9%   1.996 CG:53   +
   15   107  0  13.3%   0.835 GC:13   GU:39   AU:1    +
   17   105  0  13.4%   1.077 GC:53   +
   46    67  0  12.3%   1.055 CG:52   UG:1    +
   16   106  1  13.7%   1.174 UA:52   +
   83   103  0   9.5%   1.192 UG:20   UA:33   +
   87    97  0   7.3%   0.981 GU:1    AU:52   +
   80   111  0   7.2%   1.950 CG:2    UG:51   +
   47    66  0   6.8%   0.733 CG:52   UG:1    +
   88    96  0   7.3%   1.017 GC:53   +
   89    95  0   7.3%   1.040 GC:53   +
   86    98  0   7.2%   1.000 GC:53   +
   79   112  0   7.2%   1.312 GC:53   +
   10   111  0   7.1%   1.008 CG:53   +
   81   110  0   7.0%   1.893 GC:53   +
   22    28  0   7.0%   1.039 UA:53   +
  137   143  0   6.3%   0.631 AU:53   +
   22    29  0   5.2%   1.128 UG:2    UA:51   +
  138   143  0   6.1%   0.777 AU:53   +
   43    69  0   4.6%   0.577 GU:9    AU:44   +
   38    72  0   4.4%   0.810 GC:52   GU:1    +
   37    76  0   5.2%   0.864 GC:53   +
   14   111  0   4.9%   1.399 CG:53   +
   15   110  1   5.2%   0.757 GC:52   +
    4   125  0   4.6%   0.656 GC:53   +
   39    71  0   4.5%   0.439 CG:53   +
   41    69  0   4.5%   0.438 GU:53   +
   42    68  1   4.4%   0.433 CG:49   UG:3    +
   16   109  1   4.8%   1.178 UA:52   +
   53    58  0   4.2%   0.440 AU:53   +
   40    70  1   4.5%   0.438 UA:52   +
    3   126  0   3.9%   0.643 UA:53   +
  110   119  0   3.9%   1.437 CG:53   +
   36    77  0   3.8%   0.722 AU:53   +
   13   109  0   3.1%   0.802 UA:53   +
   13    21  0   3.0%   0.319 UA:53   +
   14    20  0   3.0%   0.344 CG:53   +
   12    22  0   3.0%   0.346 AU:53   +
   81   107  0   1.9%   1.807 GC:13   GU:40   +
  134   145  0   1.9%   0.228 GC:52   GU:1    +
   11    23  0   2.9%   0.360 CG:53   +
  136   143  0   1.7%   0.276 GU:52   AU:1    +
   16   111  0   1.6%   1.645 CG:1    UG:52   +
   79   110  0   2.4%   1.018 GC:53   +
   78    84  0   1.2%   0.276 GU:1    AU:52   +
   15    32  0   0.1%   0.020 GC:25   GU:27   AU:1    +
   80   103  0   0.0%   0.038 CG:2    UG:18   UA:33   +
   68    80  0   0.0%   0.475 GC:2    GU:50   AU:1    +
   68   107  0   0.0%   0.738 GC:13   GU:39   AU:1    +
  107   150  0   0.0%   0.735 CG:13   UG:39   UA:1    +
   15    80  0   0.0%   0.017 GC:2    GU:50   AU:1    +
   82    99  0   1.0%   0.997 GC:52   GU:1    +
   38   118  0   0.6%   1.561 GC:52   GU:1    +
   29    83  0   0.6%   0.278 GU:2    AU:51   +
    6    84  0   0.5%   0.100 GU:21   AU:32   +
    3    87  0   0.5%   0.096 UG:1    UA:52   +
   55    61  0   1.5%   0.194 CG:53   +
   42   111  0   0.5%   1.035 CG:50   UG:3    +
   17   110  0   1.5%   0.861 GC:53   +
   69    78  0   0.4%   0.699 UG:1    UA:52   +
   54    62  0   1.3%   0.266 GC:53   +
    4    42  0   0.3%   0.051 GC:50   GU:3    +
   16    34  0   0.3%   0.421 CG:1    UG:52   +
  139   145  0   0.2%   0.470 GC:52   GU:1    +
   80   109  2   1.9%   1.029 UA:51   +
   32   120  0   0.2%   1.138 CG:25   UG:28   +
   77    85  0   1.2%   0.734 UA:53   +
   79   105  0   1.2%   0.554 GC:53   +
   19    32  0   0.2%   1.066 GC:25   GU:28   +
    3    43  0   0.2%   0.039 UG:9    UA:44   +
   76    86  0   1.2%   0.791 CG:53   +
   54    60  0   1.2%   0.546 GC:53   +
   76    82  0   1.1%   0.808 CG:53   +
   82   107  0   0.1%   1.595 GC:13   GU:40   +
   57    72  0   0.1%   0.223 GC:52   GU:1    +
   89    99  0   0.1%   1.320 GC:52   GU:1    +
   72   111  0   0.1%   1.004 CG:52   UG:1    +
    3   129  0   0.1%   0.422 UG:1    UA:52   +
   78    97  0   0.1%   0.465 GU:1    AU:52   +
   75    83  0   1.1%   0.219 AU:53   +
   32    79  0   0.1%   0.546 CG:25   UG:28   +
   72    81  0   0.1%   0.294 CG:52   UG:1    +
    7   118  0   0.1%   0.471 GC:52   GU:1    +
   15   112  1   1.6%   0.662 GC:52   +
   47    81  0   0.1%   0.330 CG:52   UG:1    +
   23   107  0   0.1%   0.410 GC:13   GU:40   +
   46    82  0   0.1%   0.458 CG:52   UG:1    +
   43    84  0   0.0%   0.217 GU:9    AU:44   +
   17   107  0   0.0%   0.798 GC:13   GU:40   +
   49    78  0   0.0%   0.027 UG:1    UA:52   +
   46    81  0   0.0%   0.448 CG:52   UG:1    +
   86    99  0   0.0%   0.674 GC:52   GU:1    +
    6    22  0   0.0%   0.009 GU:21   AU:32   +
   33    80  0   0.0%   0.324 GC:2    GU:51   +
   20   107  0   0.0%   0.731 GC:13   GU:40   +
  136   141  0   0.0%   0.091 GU:52   AU:1    +
   72    79  0   0.0%   0.240 CG:52   UG:1    +
   32   119  0   0.0%   1.035 CG:25   UG:28   +
   72    82  0   0.0%   0.292 CG:52   UG:1    +
   71    80  0   0.0%   0.253 GC:2    GU:51   +
   32    81  0   0.0%   0.588 CG:25   UG:28   +
   33   118  0   0.0%   0.883 GC:52   GU:1    +
   46   121  0   0.0%   0.979 CG:52   UG:1    +
   47   120  0   0.0%   0.846 CG:52   UG:1    +
   81    99  0   0.0%   0.895 GC:52   GU:1    +
   15    22  0   0.0%   0.116 GU:52   AU:1    +
   19    99  0   0.0%   0.546 GC:52   GU:1    +
   77    87  0   0.0%   0.629 UG:1    UA:52   +
   34    80  0   0.0%   0.093 GC:2    GU:51   +
   54    72  0   0.0%   0.330 GC:52   GU:1    +
   99   121  0   0.0%   1.368 CG:52   UG:1    +
   35   118  0   0.0%   0.908 GC:52   GU:1    +
   32    37  0   0.0%   0.905 CG:25   UG:28   +
    4    72  0   0.0%   0.023 GC:52   GU:1    +
  107   122  0   0.0%   1.126 CG:13   UG:40   +
  118   139  0   0.0%   0.549 CG:52   UG:1    +
   78    83  0   0.0%   0.142 GU:1    AU:52   +
  131   142  0   0.0%   0.004 CG:52   UG:1    +
   47    79  0   0.0%   0.273 CG:52   UG:1    +
   37    72  0   0.0%   0.391 GC:52   GU:1    +
    7    16  0   0.0%   0.002 GC:1    GU:52   +
   71   118  0   0.0%   0.478 GC:52   GU:1    +
   23    42  0   0.0%   0.135 GC:50   GU:3    +
   99   120  0   0.0%   1.359 CG:52   UG:1    +
   22    43  0   0.0%   0.834 UG:9    UA:44   +
   17    47  0   0.0%   0.250 GC:52   GU:1    +
   18    46  0   0.0%   0.543 GC:52   GU:1    +
  107   111  0   0.0%   1.737 CG:13   UG:40   +
    7    42  0   0.0%   0.036 GC:50   GU:3    +
   15    49  0   0.0%   0.012 GU:52   AU:1    +
   78   148  0   0.0%   0.087 GU:1    AU:52   +
   82   145  0   0.0%   0.865 GC:52   GU:1    +
   42    88  0   0.0%   0.244 CG:50   UG:3    +
   35   145  0   0.0%   0.709 GC:52   GU:1    +
    6    77  0   0.0%   0.021 GU:21   AU:32   +
   29   151  0   0.0%   0.194 GU:2    AU:51   +
   37   118  0   0.0%   1.445 GC:52   GU:1    +
   34   118  0   0.0%   0.650 GC:52   GU:1    +
   83   144  0   0.0%   1.080 UG:1    UA:52   +
    5    78  0   0.0%   0.023 UG:1    UA:52   +
   72    86  0   0.0%   0.218 CG:52   UG:1    +
   23    32  0   0.0%   0.632 GC:25   GU:28   +
   80    86  0   0.0%   0.083 CG:2    UG:51   +
   72   122  0   0.0%   0.587 CG:52   UG:1    +
   74   118  0   0.0%   0.363 GC:52   GU:1    +
   61    80  0   0.0%   0.083 GC:2    GU:51   +
   50   118  0   0.0%   0.268 GC:52   GU:1    +
  120   131  0   0.0%   0.620 GC:52   GU:1    +
   34    46  0   0.0%   0.069 GC:52   GU:1    +
   33    47  0   0.0%   0.303 GC:52   GU:1    +
   64    78  0   0.0%   0.028 UG:1    UA:52   +
   74    80  0   0.0%   0.102 GC:2    GU:51   +
   20    99  0   0.0%   0.452 GC:52   GU:1    +
   35    80  0   0.0%   0.348 GC:2    GU:51   +
   72    89  0   0.0%   0.244 CG:52   UG:1    +
    5    29  0   0.0%   0.005 UG:2    UA:51   +
   46   120  0   0.0%   0.968 CG:52   UG:1    +
   79   118  0   0.0%   1.032 GC:52   GU:1    +
   47   119  0   0.0%   0.762 CG:52   UG:1    +
   38    99  0   0.0%   1.610 GC:52   GU:1    +
   67    80  0   0.0%   0.441 GC:2    GU:51   +
   51   118  0   0.0%   0.617 GC:52   GU:1    +
   18   107  0   0.0%   0.818 GC:13   GU:40   +
   46    50  0   0.0%   0.003 CG:52   UG:1    +
   54   118  0   0.0%   0.367 GC:52   GU:1    +
  133   141  0   0.0%   0.005 GU:52   AU:1    +
   86   107  0   0.0%   1.354 GC:13   GU:40   +
   99   111  0   0.0%   1.731 CG:52   UG:1    +
   16    35  0   0.0%   0.671 CG:1    UG:52   +
   37    42  0   0.0%   0.405 GC:50   GU:3    +
   99   119  0   0.0%   1.274 CG:52   UG:1    +
   20    32  0   0.0%   0.963 GC:25   GU:28   +
   40    88  0   0.0%   0.245 CG:1    UG:52   +
   29    84  0   0.0%   0.246 GU:2    AU:51   +
   38    80  0   0.0%   0.886 GC:2    GU:51   +
    6   141  0   0.0%   0.048 GU:21   AU:32   +
   35    99  0   0.0%   1.073 GC:52   GU:1    +
   77   103  0   0.0%   0.604 UG:20   UA:33   +
    6    56  0   0.0%   0.020 GU:21   AU:32   +
   34    47  0   0.0%   0.069 GC:52   GU:1    +
   35    46  0   0.0%   0.334 GC:52   GU:1    +
  118   122  0   0.0%   0.938 CG:52   UG:1    +
   61    72  0   0.0%   0.273 GC:52   GU:1    +
   46    65  0   0.0%   0.003 CG:52   UG:1    +
   97   103  0   0.0%   1.426 UG:20   UA:33   +
   38    42  0   0.0%   0.411 GC:50   GU:3    +
    9    78  0   0.0%   0.061 UG:1    UA:52   +
    7    80  0   0.0%   0.021 GC:2    GU:51   +
  107   121  0   0.0%   1.356 CG:13   UG:40   +
   32    82  0   0.0%   0.587 CG:25   UG:28   +
   17   131  0   0.0%   0.595 GC:52   GU:1    +
   42    86  0   0.0%   0.215 CG:50   UG:3    +
   68    77  0   0.0%   0.935 GU:52   AU:1    +
   80    89  0   0.0%   0.059 CG:2    UG:51   +
   22   129  0   0.0%   0.843 UG:1    UA:52   +
  133   143  0   0.0%   0.004 GU:52   AU:1    +
   67    72  0   0.0%   0.630 GC:52   GU:1    +
   40   121  0   0.0%   0.865 CG:1    UG:52   +
  118   134  0   0.0%   0.546 CG:52   UG:1    +
   40    74  0   0.0%   0.286 CG:1    UG:52   +
   19   107  0   0.0%   0.815 GC:13   GU:40   +
   83    87  0   0.0%   0.172 UG:1    UA:52   +
   19    46  0   0.0%   0.540 GC:52   GU:1    +
   18    99  0   0.0%   0.544 GC:52   GU:1    +
   58    68  0   0.0%   0.640 UG:52   UA:1    +
   18    47  0   0.0%   0.543 GC:52   GU:1    +
   32   121  0   0.0%   1.131 CG:25   UG:28   +
   68    84  0   0.0%   0.516 GU:52   AU:1    +
   80    88  0   0.0%   0.061 CG:2    UG:51   +
   13    78  0   0.0%   0.460 UG:1    UA:52   +
  121   131  0   0.0%   0.624 GC:52   GU:1    +
   33    99  0   0.0%   0.314 GC:52   GU:1    +
    4   107  0   0.0%   0.022 GC:13   GU:40   +
   42    50  0   0.0%   0.018 CG:50   UG:3    +
  133   148  0   0.0%   0.082 GU:52   AU:1    +
  122   145  0   0.0%   0.395 GC:52   GU:1    +
  118   149  0   0.0%   0.548 CG:52   UG:1    +
    4    32  0   0.0%   0.004 GC:25   GU:28   +
   79    99  0   0.0%   0.467 GC:52   GU:1    +
   43    49  0   0.0%   0.013 GU:9    AU:44   +
   32    50  0   0.0%   0.518 CG:25   UG:28   +
   42    51  0   0.0%   0.018 CG:50   UG:3    +
   74   107  0   0.0%   0.389 GC:13   GU:40   +
   22    87  0   0.0%   0.848 UG:1    UA:52   +
  119   131  0   0.0%   0.661 GC:52   GU:1    +
   22   103  0   0.0%   0.823 UG:20   UA:33   +
    3    15  0   0.0%   0.000 UG:52   UA:1    +
   16    61  0   0.0%   0.340 CG:1    UG:52   +
   68    83  0   0.0%   0.519 GU:52   AU:1    +
    3   144  0   0.0%   0.410 UG:1    UA:52   +
    6    13  0   0.0%   0.000 GU:21   AU:32   +
   40    81  0   0.0%   0.279 CG:1    UG:52   +
   47   121  0   0.0%   0.850 CG:52   UG:1    +
   46   122  0   0.0%   0.746 CG:52   UG:1    +
   42    79  0   0.0%   0.235 CG:50   UG:3    +
  129   143  0   0.0%   0.007 GU:1    AU:52   +
   41    80  0   0.0%   0.225 GC:2    GU:51   +
   50    80  0   0.0%   0.050 GC:2    GU:51   +
   72   142  0   0.0%   0.225 CG:52   UG:1    +
   72   120  0   0.0%   0.812 CG:52   UG:1    +
   69   144  0   0.0%   0.655 UG:1    UA:52   +
   33    40  0   0.0%   0.318 GC:1    GU:52   +
   42    54  0   0.0%   0.018 CG:50   UG:3    +
    9    15  0   0.0%   0.001 UG:52   UA:1    +
   32   111  0   0.0%   1.267 CG:25   UG:28   +
    4   145  0   0.0%   0.393 GC:52   GU:1    +
   65    72  0   0.0%   0.278 GC:52   GU:1    +
  107   120  0   0.0%   1.349 CG:13   UG:40   +
   37    99  0   0.0%   1.610 GC:52   GU:1    +
    5   144  0   0.0%   0.341 UG:1    UA:52   +
   74    99  0   0.0%   0.479 GC:52   GU:1    +
    3    78  0   0.0%   0.017 UG:1    UA:52   +
   13   150  0   0.0%   0.606 UG:52   UA:1    +
    4    16  0   0.0%   0.001 GC:1    GU:52   +
  144   151  0   0.0%   0.007 GU:1    AU:52   +
   33    46  0   0.0%   0.302 GC:52   GU:1    +
   37    80  0   0.0%   0.885 GC:2    GU:51   +
   82   118  0   0.0%   1.097 GC:52   GU:1    +
   72    88  0   0.0%   0.244 CG:52   UG:1    +
   17   118  0   0.0%   0.792 GC:52   GU:1    +
   42    57  0   0.0%   0.017 CG:50   UG:3    +
   37    46  0   0.0%   0.389 GC:52   GU:1    +
   47    67  0   0.0%   0.673 CG:52   UG:1    +
   42    91  0   0.0%   0.216 CG:50   UG:3    +
   43    56  0   0.0%   0.013 GU:9    AU:44   +
   32   149  0   0.0%   0.541 CG:25   UG:28   +
   15   148  0   0.0%   0.529 GU:52   AU:1    +
   47   149  0   0.0%   0.258 CG:52   UG:1    +
   80    91  0   0.0%   0.033 CG:2    UG:51   +
   13   103  0   0.0%   0.464 UG:20   UA:33   +
   37   107  0   0.0%   1.520 GC:13   GU:40   +
    3    29  0   0.0%   0.004 UG:2    UA:51   +
    9    87  0   0.0%   0.110 UG:1    UA:52   +
   23    99  0   0.0%   0.119 GC:52   GU:1    +
   19   145  0   0.0%   0.550 GC:52   GU:1    +
   51   145  0   0.0%   0.385 GC:52   GU:1    +
    4   131  0   0.0%   0.393 GC:52   GU:1    +
   56    78  0   0.0%   0.017 UG:1    UA:52   +
   46    51  0   0.0%   0.002 CG:52   UG:1    +
   54    80  0   0.0%   0.148 GC:2    GU:51   +
   32    38  0   0.0%   0.910 CG:25   UG:28   +
  133   146  1   1.5%   0.190 GC:52   +
   11   120  0   0.9%   1.849 CG:53   +
   10   121  0   0.9%   1.596 CG:53   +
   77    81  0   0.9%   0.742 UG:53   +
  135   141  1   0.9%   0.125 GU:50   AU:2    +
   11    17  0   0.8%   0.120 CG:53   +
   76    81  0   0.7%   0.730 CG:53   +
   77   109  0   0.7%   0.984 UA:53   +
   10    18  0   0.7%   0.110 CG:53   +
   80   108  2   1.4%   0.661 UA:51   +
   52    58  0   0.7%   0.107 AU:53   +
   74    84  0   0.6%   0.233 GU:53   +
   79    95  0   0.6%   0.520 GC:53   +
   41   115  0   0.6%   0.585 GC:53   +
   42   114  1   0.6%   0.582 CG:49   UG:3    +
   11    38  0   0.6%   0.974 CG:53   +
   30    82  0   0.6%   0.635 CG:53   +
   31    81  0   0.6%   0.638 CG:53   +
   14    34  0   0.5%   0.222 CG:53   +
   79    83  0   0.5%   0.226 GU:53   +
   80   104  2   1.2%   0.216 UA:51   +
    5    85  0   0.5%   0.102 UA:53   +
    2    88  0   0.5%   0.082 CG:53   +
    7    83  0   0.5%   0.101 GU:53   +
    8    82  0   0.5%   0.132 CG:53   +
    1    89  0   0.5%   0.079 CG:53   +
   28    84  0   0.5%   0.294 AU:53   +
   41   112  0   0.5%   0.386 GC:53   +
   38   115  0   0.5%   1.545 GC:53   +
   81   100  1   1.0%   1.027 GC:52   +
   70    77  0   0.5%   0.696 AU:53   +
   71    76  0   0.5%   0.801 GC:53   +
   94   121  0   0.5%   1.068 CG:53   +
   95   120  0   0.5%   1.263 CG:53   +
   93   122  0   0.4%   0.830 CG:53   +
   13    35  0   0.4%   0.203 UG:53   +
   96   119  0   0.4%   1.466 CG:53   +
  135   143  1   0.4%   0.112 GU:50   AU:2    +
    9    81  0   0.4%   0.130 UG:53   +
    9    19  0   0.4%   0.069 UG:53   +
   76   111  0   0.4%   1.530 CG:53   +
    8    20  0   0.4%   0.066 CG:53   +
   54    58  0   0.4%   0.235 GU:53   +
    5   127  0   0.4%   0.396 UA:53   +
   10    35  0   0.3%   0.108 CG:53   +
   11    34  0   0.3%   0.214 CG:53   +
  136   140  1   0.8%   0.123 GC:52   +
    4   128  0   0.3%   0.430 GC:53   +
    1   122  0   0.3%   0.286 CG:53   +
   88    94  0   0.3%   0.460 GC:53   +
   89    93  0   0.3%   0.458 GC:53   +
    2   121  0   0.3%   0.480 CG:53   +
  137   141  0   0.3%   0.095 AU:53   +
    7    39  0   0.3%   0.052 GC:53   +
    6    40  1   0.3%   0.052 GU:21   AU:31   +
    9    36  0   0.3%   0.077 UA:53   +
    5    41  0   0.3%   0.052 UG:53   +
    8   111  0   0.3%   0.126 CG:53   +
    7   112  0   0.3%   0.095 GC:53   +
    3   127  0   0.3%   0.435 UA:53   +
   77   108  0   0.3%   0.668 UA:53   +
    8    38  0   0.3%   0.082 CG:53   +
  105   111  0   0.2%   2.058 CG:53   +
    9    37  0   0.2%   0.097 UG:53   +
   31   121  0   0.2%   1.169 CG:53   +
   30   122  0   0.2%   0.931 CG:53   +
    3   120  0   0.2%   0.481 UG:53   +
    8    37  0   0.2%   0.060 CG:53   +
   20    31  0   0.2%   0.975 GC:53   +
   13   108  0   0.2%   0.500 UA:53   +
   89    94  0   0.2%   0.470 GC:53   +
   74   112  0   0.2%   0.275 GC:53   +
    4   115  0   0.2%   0.052 GC:53   +
   88    95  0   0.2%   0.483 GC:53   +
   16   114  1   0.2%   1.091 CG:1    UG:51   +
   18    30  0   0.2%   0.071 GC:53   +
    3   116  0   0.2%   0.074 UA:53   +
   17    31  0   0.2%   0.070 GC:53   +
   11    79  0   0.1%   0.583 CG:53   +
   24    29  1   0.1%   0.187 UG:2    UA:50   +
   34    76  0   0.1%   0.095 GC:53   +
    5   116  0   0.1%   0.094 UA:53   +
   83   106  0   0.1%   1.735 UA:53   +
   77   113  0   0.1%   0.962 UA:53   +
    4   124  0   0.1%   0.249 GC:53   +
   33    77  0   0.1%   0.326 GU:53   +
   91   123  0   0.1%   1.043 GC:53   +
   10    37  0   0.1%   0.117 CG:53   +
   83   102  0   0.1%   0.535 UA:53   +
   56    73  0   0.1%   0.088 UA:53   +
   55    74  0   0.1%   0.159 CG:53   +
   23    30  0   0.1%   0.635 GC:53   +
   79    96  0   0.1%   0.481 GC:53   +
   51    62  0   0.1%   0.413 GC:53   +
   59    69  0   0.1%   0.639 AU:53   +
   39   117  1   0.6%   0.622 CG:52   +
   40   116  1   0.6%   0.365 UA:52   +
   23   105  0   0.1%   0.426 GC:53   +
   11    81  0   0.1%   0.607 CG:53   +
   91   124  0   0.1%   0.736 GC:53   +
   22   106  0   0.1%   1.114 UA:53   +
   17   112  0   0.1%   0.684 GC:53   +
   22    26  0   0.1%   0.129 UA:53   +
   71   112  0   0.1%   0.374 GC:53   +
   10    82  0   0.1%   0.467 CG:53   +
   83   109  0   0.1%   1.457 UA:53   +
   88    93  0   0.1%   0.416 GC:53   +
   23   110  0   0.1%   0.365 GC:53   +
   14    33  0   0.1%   0.126 CG:53   +
   50    64  0   0.1%   0.057 GU:53   +
   62    66  0   0.1%   0.398 CG:53   +
   11    18  0   0.1%   0.091 CG:53   +
   10    19  0   0.1%   0.076 CG:53   +
    1   119  0   0.1%   0.041 CG:53   +
   84   108  0   0.1%   1.247 UA:53   +
    9   116  0   0.1%   0.361 UA:53   +
   69    75  0   0.1%   0.637 UA:53   +
   82   110  0   0.1%   1.379 GC:53   +
   50    60  0   0.1%   0.016 GC:53   +
   13   116  0   0.1%   0.626 UA:53   +
   13    79  0   0.1%   0.482 UG:53   +
   35    76  0   0.1%   0.355 GC:53   +
   58    71  0   0.1%   0.411 UG:53   +
   58    70  0   0.1%   0.347 UA:53   +
   49    79  0   0.1%   0.052 UG:53   +
    1   120  0   0.1%   0.044 CG:53   +
    7   124  0   0.1%   0.612 GC:53   +
   19   110  0   0.1%   0.770 GC:53   +
  139   143  0   0.1%   0.451 GU:53   +
   44    83  0   0.1%   0.401 AU:53   +
   51    58  0   0.1%   0.016 GU:53   +
    2   119  0   0.1%   0.054 CG:53   +
   34    77  0   0.0%   0.097 GU:53   +
   22   108  0   0.0%   0.855 UA:53   +
   74   110  0   0.0%   0.349 GC:53   +
   86   105  0   0.0%   1.654 GC:53   +
   20   110  0   0.0%   0.683 GC:53   +
   51    76  0   0.0%   0.901 GC:53   +
   50    77  0   0.0%   0.510 GU:53   +
    9   122  0   0.0%   1.004 UG:53   +
   49    65  0   0.0%   0.091 UG:53   +
   18   112  0   0.0%   0.643 GC:53   +
   10    20  0   0.0%   0.076 CG:53   +
   11    19  0   0.0%   0.084 CG:53   +
   22   111  0   0.0%   1.580 UG:53   +
    5    23  0   0.0%   0.011 UG:53   +
   84    90  0   0.0%   0.161 UA:53   +
   13   113  0   0.0%   0.842 UA:53   +
   91    98  0   0.0%   1.574 GC:53   +
   86    96  0   0.0%   0.441 GC:53   +
   54    76  0   0.0%   0.653 GC:53   +
    5   126  0   0.0%   0.454 UA:53   +
   85    97  0   0.0%   0.465 AU:53   +
   53    77  0   0.0%   0.615 AU:53   +
   77   111  0   0.0%   1.459 UG:53   +
    3    25  0   0.0%   0.009 UA:53   +
   92    97  0   0.0%   1.261 AU:53   +
   84   104  0   0.0%   1.540 UA:53   +
   31   120  0   0.0%   1.127 CG:53   +
   30   121  0   0.0%   1.126 CG:53   +
   12    16  1   0.5%   0.084 AU:52   +
   13   111  0   0.0%   1.114 UG:53   +
   71    83  0   0.0%   0.301 GU:53   +
   70    84  0   0.0%   0.236 AU:53   +
   74   115  0   0.0%   0.417 GC:53   +
    9    21  0   0.0%   0.032 UA:53   +
   17   115  0   0.0%   0.822 GC:53   +
   69    85  0   0.0%   0.684 UA:53   +
   11    33  0   0.0%   0.158 CG:53   +
   10    34  0   0.0%   0.053 CG:53   +
  119   125  0   0.0%   0.815 GC:53   +
   13    34  0   0.0%   0.135 UG:53   +
   96   120  0   0.0%   1.531 CG:53   +
  120   124  0   0.0%   0.648 GC:53   +
   95   121  0   0.0%   1.252 CG:53   +
   83    91  0   0.0%   0.151 UG:53   +
   94   122  0   0.0%   0.818 CG:53   +
   20   112  0   0.0%   0.553 GC:53   +
   49    61  0   0.0%   0.008 UG:53   +
   83   108  0   0.0%   1.168 UA:53   +
   91   125  0   0.0%   0.859 GC:53   +
   34   124  0   0.0%   0.469 GC:53   +
   33   125  0   0.0%   0.830 GC:53   +
   35   123  0   0.0%   1.036 GC:53   +
   31    82  0   0.0%   0.615 CG:53   +
   81   112  0   0.0%   1.530 GC:53   +
   79    93  0   0.0%   0.064 GC:53   +
    9    25  0   0.0%   0.034 UA:53   +
   17   125  0   0.0%   0.739 GC:53   +
   18   124  0   0.0%   0.566 GC:53   +
   19   123  0   0.0%   0.874 GC:53   +
   84    89  0   0.0%   0.178 UG:53   +
   15   118  1   0.0%   0.729 GC:51   GU:1    +
   51    55  0   0.0%   0.006 GC:53   +
   14    19  0   0.0%   0.036 CG:53   +
   14    23  0   0.0%   0.218 CG:53   +
    9    20  0   0.0%   0.049 UG:53   +
   91    95  0   0.0%   0.971 GC:53   +
   76    91  0   0.0%   0.692 CG:53   +
   76    88  0   0.0%   0.717 CG:53   +
   82    98  0   0.0%   0.863 GC:53   +
   77    90  0   0.0%   0.606 UA:53   +
   31    37  0   0.0%   0.905 CG:53   +
   20    98  0   0.0%   0.453 GC:53   +
   30    38  0   0.0%   0.907 CG:53   +
   51    56  0   0.0%   0.007 GU:53   +
   86    94  0   0.0%   0.426 GC:53   +
   55    71  0   0.0%   0.270 CG:53   +
   16   117  1   0.0%   1.140 CG:1    UG:51   +
   23   112  0   0.0%   0.229 GC:53   +
   56    70  0   0.0%   0.148 UA:53   +
   10    17  0   0.0%   0.005 CG:53   +
   14    37  0   0.0%   0.815 CG:53   +
   10    79  0   0.0%   0.425 CG:53   +
   77   116  0   0.0%   0.728 UA:53   +
   72   114  1   0.0%   0.506 CG:51   UG:1    +
   71   115  0   0.0%   0.528 GC:53   +
   57    69  0   0.0%   0.620 GU:53   +
   18    95  0   0.0%   0.546 GC:53   +
   19    94  0   0.0%   0.544 GC:53   +
   20    93  0   0.0%   0.451 GC:53   +
  122   128  0   0.0%   0.415 GC:53   +
   10    81  0   0.0%   0.449 CG:53   +
   17    96  0   0.0%   0.252 GC:53   +
   82   123  0   0.0%   1.193 GC:53   +
   52    64  0   0.0%   0.059 AU:53   +
   83   122  0   0.0%   1.443 UG:53   +
   79    84  0   0.0%   0.204 GU:53   +
   81   124  0   0.0%   1.219 GC:53   +
   84   106  0   0.0%   1.797 UA:53   +
    3    73  0   0.0%   0.019 UA:53   +
   98   122  0   0.0%   1.282 CG:53   +
   31    38  0   0.0%   0.913 CG:53   +
    2    74  0   0.0%   0.004 CG:53   +
  111   115  0   0.0%   1.295 GC:53   +
    5    71  0   0.0%   0.023 UG:53   +
   38    77  0   0.0%   1.345 GU:53   +
   60    66  0   0.0%   0.724 CG:53   +
  125   152  0   0.0%   0.156 CG:53   +
   10    66  0   0.0%   0.423 CG:53   +
   11    65  0   0.0%   0.556 CG:53   +
    9    67  0   0.0%   0.062 UG:53   +
   56    61  0   0.0%   0.072 UG:53   +
   12    64  0   0.0%   0.136 AU:53   +
    9    38  0   0.0%   0.076 UG:53   +
    7    69  0   0.0%   0.022 GU:53   +
   13    33  0   0.0%   0.111 UG:53   +
   21    97  0   0.0%   0.112 AU:53   +
   22   113  0   0.0%   1.092 UA:53   +
   70    83  0   0.0%   0.233 AU:53   +
   89   124  0   0.0%   0.593 GC:53   +
   84   121  0   0.0%   1.739 UG:53   +
   83    90  0   0.0%   0.147 UA:53   +
   76    89  0   0.0%   0.716 CG:53   +
  116   141  0   0.0%   0.065 AU:53   +
  115   142  0   0.0%   0.292 CG:53   +
    8    23  0   0.0%   0.029 CG:53   +
   99   117  1   0.0%   1.064 CG:51   UG:1    +
   77    88  0   0.0%   0.631 UG:53   +
   13    63  0   0.0%   0.461 UA:53   +
   88   125  0   0.0%   0.730 GC:53   +
   52    56  0   0.0%   0.005 AU:53   +
   97   119  0   0.0%   1.421 UG:53   +
   67    77  0   0.0%   0.902 GU:53   +
  123   134  0   0.0%   0.339 CG:53   +
  114   118  1   0.0%   0.841 GC:51   GU:1    +
   94   120  0   0.0%   0.989 CG:53   +
   93   121  0   0.0%   0.989 CG:53   +
   95   119  0   0.0%   1.110 CG:53   +
   11   121  0   0.0%   1.812 CG:53   +
   77   106  0   0.0%   0.887 UA:53   +
   10   122  0   0.0%   1.325 CG:53   +
   72   117  1   0.0%   0.534 CG:51   UG:1    +
    7   125  0   0.0%   0.739 GC:53   +
   62    67  0   0.0%   0.512 CG:53   +
   56   113  0   0.0%   0.296 UA:53   +
   57   112  0   0.0%   0.132 GC:53   +
   54   115  0   0.0%   0.418 GC:53   +
    7    22  0   0.0%   0.006 GU:53   +
   81    95  0   0.0%   0.921 GC:53   +
   11    35  0   0.0%   0.195 CG:53   +
    6    24  1   0.0%   0.008 GU:21   AU:31   +
   79   125  0   0.0%   0.944 GC:53   +
   58   111  0   0.0%   0.971 UG:53   +
   98   121  0   0.0%   1.512 CG:53   +
   97   116  0   0.0%   0.951 UA:53   +
    9    35  0   0.0%   0.030 UG:53   +
   50    56  0   0.0%   0.004 GU:53   +
   37   110  0   0.0%   1.471 GC:53   +
   39    91  0   0.0%   0.228 CG:53   +
   14    61  0   0.0%   0.432 CG:53   +
    8    41  0   0.0%   0.068 CG:53   +
   51    64  0   0.0%   0.402 GU:53   +
    5    25  0   0.0%   0.008 UA:53   +
  124   149  0   0.0%   0.031 CG:53   +
  122   151  0   0.0%   0.396 GU:53   +
   77   149  0   0.0%   0.668 UG:53   +
   79   147  1   0.0%   0.799 GC:32   GU:20   +
   14   119  0   0.0%   1.087 CG:53   +
   86    95  0   0.0%   0.456 GC:53   +
   81   146  0   0.0%   1.202 GC:53   +
   14    50  0   0.0%   0.431 CG:53   +
   22    90  0   0.0%   0.823 UA:53   +
   31   149  0   0.0%   0.567 CG:53   +
   75   151  0   0.0%   0.060 AU:53   +
   34   146  0   0.0%   0.453 GC:53   +
   33   147  1   0.0%   0.684 GC:32   GU:20   +
    7    76  0   0.0%   0.022 GC:53   +
   13    20  0   0.0%   0.028 UG:53   +
   82    94  0   0.0%   0.860 GC:53   +
   13    38  0   0.0%   0.850 UG:53   +
    9   111  0   0.0%   0.101 UG:53   +
   68   118  1   0.0%   0.694 GC:51   GU:1    +
  126   151  0   0.0%   0.136 AU:53   +
   17    58  0   0.0%   0.250 GU:53   +
   50    55  0   0.0%   0.003 GC:53   +
  134   140  0   0.0%   0.005 GC:53   +
   13   106  0   0.0%   0.465 UA:53   +
   81    93  0   0.0%   0.159 GC:53   +
   79    94  0   0.0%   0.062 GC:53   +
   99   114  1   0.0%   1.032 CG:51   UG:1    +
   20   123  0   0.0%   0.784 GC:53   +
   19   124  0   0.0%   0.564 GC:53   +
   18   125  0   0.0%   0.695 GC:53   +
    2   122  0   0.0%   0.270 CG:53   +
    8   121  0   0.0%   0.510 CG:53   +
   13    37  0   0.0%   0.842 UG:53   +
  134   143  0   0.0%   0.004 GU:53   +
   19    56  0   0.0%   0.541 GU:53   +
  134   148  0   0.0%   0.102 GU:53   +
   79   115  0   0.0%   1.084 GC:53   +
   20    55  0   0.0%   0.449 GC:53   +
    3   121  0   0.0%   0.474 UG:53   +
   52    77  0   0.0%   0.509 AU:53   +
    9   120  0   0.0%   0.543 UG:53   +
   86    93  0   0.0%   0.425 GC:53   +
   49    57  0   0.0%   0.002 UG:53   +
   73    84  0   0.0%   0.134 AU:53   +
   75    84  0   0.0%   0.151 AU:53   +
   37    95  0   0.0%   0.877 GC:53   +
   35    77  0   0.0%   0.350 GU:53   +
    4   105  0   0.0%   0.022 GC:53   +
   71   123  0   0.0%   0.571 GC:53   +
    4   123  0   0.0%   0.225 GC:53   +
   82   112  0   0.0%   1.192 GC:53   +
   57    62  0   0.0%   0.084 GC:53   +
    9   109  0   0.0%   0.085 UA:53   +
   48    58  0   0.0%   0.002 AU:53   +
   62    79  0   0.0%   0.114 CG:53   +
    5   104  0   0.0%   0.050 UA:53   +
   83   111  0   0.0%   2.066 UG:53   +
   60    81  0   0.0%   0.501 CG:53   +
    4    22  0   0.0%   0.002 GU:53   +
    3    26  0   0.0%   0.005 UA:53   +
  121   130  0   0.0%   0.625 GC:53   +
   38   112  0   0.0%   1.336 GC:53   +
   84    92  0   0.0%   0.883 UA:53   +
   16   103  1   0.0%   0.341 UG:20   UA:32   +
   69   122  0   0.0%   1.016 UG:53   +
   65    77  0   0.0%   0.548 GU:53   +
   97   122  0   0.0%   1.281 UG:53   +
   66    76  0   0.0%   0.824 GC:53   +
  107   114  1   0.0%   1.026 CG:13   UG:39   +
   38    94  0   0.0%   0.878 GC:53   +
   31    50  0   0.0%   0.520 CG:53   +
   44    84  0   0.0%   0.395 AU:53   +
   30    51  0   0.0%   0.514 CG:53   +
    5   122  0   0.0%   0.337 UG:53   +
    5    21  0   0.0%   0.001 UA:53   +
   80   114  1   0.0%   1.064 CG:2    UG:50   +
   67   124  0   0.0%   0.443 GC:53   +
    4    11  0   0.0%   0.001 GC:53   +
   33    76  0   0.0%   0.303 GC:53   +
   56    63  0   0.0%   0.015 UA:53   +
  125   149  0   0.0%   0.155 CG:53   +
  124   152  0   0.0%   0.030 CG:53   +
   60    67  0   0.0%   0.846 CG:53   +
   67    94  0   0.0%   0.427 GC:53   +
   69    92  0   0.0%   0.654 UA:53   +
   66    95  0   0.0%   0.674 GC:53   +
    4   112  0   0.0%   0.022 GC:53   +
   65    96  0   0.0%   0.441 GC:53   +
   39   111  0   0.0%   0.970 CG:53   +
   23    31  0   0.0%   0.632 GC:53   +
    3   113  0   0.0%   0.045 UA:53   +
    2    81  0   0.0%   0.003 CG:53   +
  126   148  0   0.0%   0.134 AU:53   +
    3   106  0   0.0%   0.044 UA:53   +
   49   119  0   0.0%   0.530 UG:53   +
    1    82  0   0.0%   0.001 CG:53   +
   16    29  1   0.0%   0.031 UG:2    UA:50   +
    5   111  0   0.0%   0.050 UG:53   +
   40    87  1   0.0%   0.244 UG:1    UA:51   +
   39    88  0   0.0%   0.254 CG:53   +
   68    72  1   0.0%   0.661 GC:51   GU:1    +
   18   105  0   0.0%   0.834 GC:53   +
   10    23  0   0.0%   0.052 CG:53   +
   38   110  0   0.0%   1.470 GC:53   +
    4    30  0   0.0%   0.005 GC:53   +
  120   125  0   0.0%   0.771 GC:53   +
   27    84  0   0.0%   0.393 AU:53   +
   77    82  0   0.0%   0.670 UG:53   +
    7    31  0   0.0%   0.003 GC:53   +
   39    79  0   0.0%   0.246 CG:53   +
   50   125  0   0.0%   0.181 GC:53   +
   96   121  0   0.0%   1.537 CG:53   +
   51   124  0   0.0%   0.401 GC:53   +
   95   122  0   0.0%   1.019 CG:53   +
   66   125  0   0.0%   0.454 GC:53   +
    3    12  0   0.0%   0.001 UA:53   +
  113   141  0   0.0%   0.291 AU:53   +
  112   142  0   0.0%   0.640 CG:53   +
  115   139  0   0.0%   0.290 CG:53   +
   53    64  0   0.0%   0.157 AU:53   +
  121   128  0   0.0%   0.643 GC:53   +
   73    77  0   0.0%   0.570 AU:53   +
   74    83  0   0.0%   0.142 GU:53   +
  111   143  0   0.0%   1.315 GU:53   +
   80   117  1   0.0%   1.085 CG:2    UG:50   +
   89   125  0   0.0%   0.722 GC:53   +
   67    76  0   0.0%   0.941 GC:53   +
   61    69  0   0.0%   0.691 GU:53   +
    2    23  0   0.0%   0.001 CG:53   +
   77   104  0   0.0%   0.627 UA:53   +
   97   120  0   0.0%   1.504 UG:53   +
   25    84  0   0.0%   0.033 AU:53   +
   18   115  0   0.0%   0.776 GC:53   +
   19   112  0   0.0%   0.638 GC:53   +
   23   128  0   0.0%   0.154 GC:53   +
   49   126  0   0.0%   0.156 UA:53   +
  134   147  1   0.0%   0.115 GC:32   GU:20   +
   56   116  0   0.0%   0.074 UA:53   +
   57   115  0   0.0%   0.294 GC:53   +
    5   119  0   0.0%   0.519 UG:53   +
   98   119  0   0.0%   1.420 CG:53   +
   50    58  0   0.0%   0.004 GU:53   +
   82   115  0   0.0%   1.150 GC:53   +
   10   134  0   0.0%   0.979 CG:53   +
   20   105  0   0.0%   0.740 GC:53   +
  105   122  0   0.0%   1.434 CG:53   +
   19   105  0   0.0%   0.832 GC:53   +
   88    98  0   0.0%   0.816 GC:53   +
   22    92  0   0.0%   0.822 UA:53   +
    9   135  1   0.0%   0.655 UG:50   UA:2    +
   18   110  0   0.0%   0.761 GC:53   +
   19    93  0   0.0%   0.541 GC:53   +
   18    94  0   0.0%   0.543 GC:53   +
   77    86  0   0.0%   0.652 UG:53   +
   81   125  0   0.0%   1.347 GC:53   +
   17    95  0   0.0%   0.250 GC:53   +
    2    19  0   0.0%   0.001 CG:53   +
   37   112  0   0.0%   1.337 GC:53   +
    1    20  0   0.0%   0.001 CG:53   +
    5   139  0   0.0%   0.341 UG:53   +
    4   140  0   0.0%   0.393 GC:53   +
   69   109  0   0.0%   0.913 UA:53   +
   13    17  0   0.0%   0.041 UG:53   +
   13    51  0   0.0%   0.459 UG:53   +
   84    88  0   0.0%   0.176 UG:53   +
   98   120  0   0.0%   1.504 CG:53   +
   66   124  0   0.0%   0.323 GC:53   +
   65   125  0   0.0%   0.219 GC:53   +
   67   123  0   0.0%   0.752 GC:53   +
    3    18  0   0.0%   0.001 UG:53   +
    5   120  0   0.0%   0.526 UG:53   +
    3    27  0   0.0%   0.004 UA:53   +
   82   124  0   0.0%   0.881 GC:53   +
   39    89  0   0.0%   0.253 CG:53   +
    3    23  0   0.0%   0.001 UG:53   +
   22   109  0   0.0%   1.087 UA:53   +
   96   122  0   0.0%   1.305 CG:53   +
  123   152  0   0.0%   0.339 CG:53   +
   10   119  0   0.0%   0.819 CG:53   +
   23   125  0   0.0%   0.278 GC:53   +
   37   115  0   0.0%   1.469 GC:53   +
   89    96  0   0.0%   0.820 GC:53   +
   28    83  0   0.0%   0.215 AU:53   +
   38   123  0   0.0%   1.625 GC:53   +
   84   113  0   0.0%   1.434 UA:53   +
   37   124  0   0.0%   1.259 GC:53   +
    7   140  0   0.0%   0.597 GC:53   +
   13   120  0   0.0%   1.175 UG:53   +
    8   139  0   0.0%   0.620 CG:53   +
   39    54  0   0.0%   0.017 CG:53   +
   30    79  0   0.0%   0.529 CG:53   +
   38    55  0   0.0%   0.394 GC:53   +
   40    78  1   0.0%   0.218 UG:1    UA:51   +
  124   134  0   0.0%   0.030 CG:53   +
   66    77  0   0.0%   0.782 GU:53   +
   31    79  0   0.0%   0.534 CG:53   +
   64   126  0   0.0%   0.156 UA:53   +
   24    87  1   0.0%   0.043 UG:1    UA:51   +
   39   122  0   0.0%   0.643 CG:53   +
  121   125  0   0.0%   0.776 GC:53   +
   77   102  0   0.0%   0.602 UA:53   +
   97   121  0   0.0%   1.511 UG:53   +
   22   126  0   0.0%   0.969 UA:53   +
    8    54  0   0.0%   0.052 CG:53   +
    7    55  0   0.0%   0.020 GC:53   +
   50    76  0   0.0%   0.541 GC:53   +
    9   138  0   0.0%   0.655 UA:53   +
   62    81  0   0.0%   0.159 CG:53   +
   37    56  0   0.0%   0.388 GU:53   +
  115   122  0   0.0%   0.681 CG:53   +
   61   112  0   0.0%   0.188 GC:53   +
   62   111  0   0.0%   0.858 CG:53   +
   64    79  0   0.0%   0.049 UG:53   +
    8    19  0   0.0%   0.002 CG:53   +
   26    83  0   0.0%   0.033 AU:53   +
    8    79  0   0.0%   0.053 CG:53   +
   62    71  0   0.0%   0.294 CG:53   +
    9    27  0   0.0%   0.029 UA:53   +
   88    97  0   0.0%   0.823 GU:53   +
  112   119  0   0.0%   1.298 CG:53   +
    9    26  0   0.0%   0.029 UA:53   +
   10    74  0   0.0%   0.423 CG:53   +
   69    74  0   0.0%   0.702 UG:53   +
   37   105  0   0.0%   1.537 GC:53   +
   49    59  0   0.0%   0.002 UA:53   +
   14   134  0   0.0%   0.584 CG:53   +
   35   110  0   0.0%   0.932 GC:53   +
    2    18  0   0.0%   0.000 CG:53   +
  139   146  0   0.0%   0.107 GC:53   +
    1    19  0   0.0%   0.000 CG:53   +
   83    89  0   0.0%   0.170 UG:53   +
   18   130  0   0.0%   0.552 GC:53   +
    3    17  0   0.0%   0.001 UG:53   +
   69   121  0   0.0%   1.247 UG:53   +
    3   122  0   0.0%   0.280 UG:53   +
   30    35  0   0.0%   0.844 CG:53   +
    7    14  0   0.0%   0.001 GC:53   +
   76   121  0   0.0%   1.313 CG:53   +
  127   151  0   0.0%   0.038 AU:53   +
   79    98  0   0.0%   0.466 GC:53   +
   23    93  0   0.0%   0.119 GC:53   +
   10    51  0   0.0%   0.421 CG:53   +
   13    18  0   0.0%   0.041 UG:53   +
   69   111  0   0.0%   1.422 UG:53   +
    5   142  0   0.0%   0.341 UG:53   +
   13   135  1   0.0%   0.606 UG:50   UA:2    +
   11    50  0   0.0%   0.554 CG:53   +
   33   112  0   0.0%   0.773 GC:53   +
   77   120  0   0.0%   1.253 UG:53   +
   12    77  0   0.0%   0.135 AU:53   +
    9    53  0   0.0%   0.059 UA:53   +
   23    96  0   0.0%   0.119 GC:53   +
   11    74  0   0.0%   0.556 CG:53   +
   13    25  0   0.0%   0.111 UA:53   +
    4    10  0   0.0%   0.000 GC:53   +
  133   145  1   0.0%   0.004 GC:51   GU:1    +
   69   113  0   0.0%   0.935 UA:53   +
   97   102  0   0.0%   1.207 UA:53   +
   30    37  0   0.0%   0.897 CG:53   +
   17    30  0   0.0%   0.042 GC:53   +
    2    34  0   0.0%   0.001 CG:53   +
  110   120  0   0.0%   1.267 CG:53   +
    1    35  0   0.0%   0.001 CG:53   +
    9    75  0   0.0%   0.061 UA:53   +
    9   108  0   0.0%   0.084 UA:53   +
   30    81  0   0.0%   0.545 CG:53   +
   38    96  0   0.0%   1.609 GC:53   +
    8    17  0   0.0%   0.001 CG:53   +
   97   104  0   0.0%   1.287 UA:53   +
   10    89  0   0.0%   0.456 CG:53   +
   11    88  0   0.0%   0.597 CG:53   +
    9    90  0   0.0%   0.084 UA:53   +
    4    14  0   0.0%   0.001 GC:53   +
    3    33  0   0.0%   0.004 UG:53   +
    8    91  0   0.0%   0.079 CG:53   +
    2   149  0   0.0%   0.251 CG:53   +
    7    11  0   0.0%   0.001 GC:53   +
    3    28  0   0.0%   0.004 UA:53   +
   22    91  0   0.0%   0.822 UG:53   +
   14    18  0   0.0%   0.041 CG:53   +
   12    49  0   0.0%   0.133 AU:53   +
    2     7  0   0.0%   0.000 CG:53   +
   89    97  0   0.0%   0.818 GU:53   +
   23   115  0   0.0%   0.361 GC:53   +
   31   122  0   0.0%   0.925 CG:53   +
  110   121  0   0.0%   1.274 CG:53   +
   97   106  0   0.0%   1.546 UA:53   +
   60    65  0   0.0%   0.493 CG:53   +
    9    18  0   0.0%   0.001 UG:53   +
  119   124  0   0.0%   0.684 GC:53   +
   55    65  0   0.0%   0.137 CG:53   +
   81   115  0   0.0%   1.487 GC:53   +
   22    89  0   0.0%   0.848 UG:53   +
    5    57  0   0.0%   0.021 UG:53   +
  118   133  1   0.0%   0.546 CG:51   UG:1    +
  122   130  0   0.0%   0.394 GC:53   +
   22   102  0   0.0%   0.822 UA:53   +
  107   117  1   0.0%   1.054 CG:13   UG:39   +
   74    98  0   0.0%   0.478 GC:53   +
    5   113  0   0.0%   0.050 UA:53   +
  118   136  1   0.0%   0.546 CG:51   UG:1    +
   69   104  0   0.0%   0.678 UA:53   +
  121   146  0   0.0%   0.625 GC:53   +
  120   147  1   0.0%   0.620 GC:32   GU:20   +
   91    97  0   0.0%   1.572 GU:53   +
   19    98  0   0.0%   0.542 GC:53   +
    5   106  0   0.0%   0.049 UA:53   +
   23    95  0   0.0%   0.119 GC:53   +
   71    77  0   0.0%   0.732 GU:53   +
  119   148  0   0.0%   0.662 GU:53   +
   75    97  0   0.0%   0.426 AU:53   +
   22   116  0   0.0%   0.866 UA:53   +
   30    34  0   0.0%   0.579 CG:53   +
    4    76  0   0.0%   0.021 GC:53   +
   69    81  0   0.0%   0.721 UG:53   +
   26    84  0   0.0%   0.034 AU:53   +
   86   110  0   0.0%   1.137 GC:53   +
    5    26  0   0.0%   0.005 UA:53   +
    2    86  0   0.0%   0.002 CG:53   +
   31    51  0   0.0%   0.519 CG:53   +
   23   123  0   0.0%   0.459 GC:53   +
    3   108  0   0.0%   0.044 UA:53   +
    5    75  0   0.0%   0.022 UA:53   +
    8    74  0   0.0%   0.054 CG:53   +
    2   142  0   0.0%   0.251 CG:53   +
   69    73  0   0.0%   0.692 UA:53   +
   31    35  0   0.0%   0.848 CG:53   +
   24   103  1   0.0%   0.018 UG:20   UA:32   +
    4     8  0   0.0%   0.000 GC:53   +
    3    85  0   0.0%   0.017 UA:53   +
    9    52  0   0.0%   0.059 UA:53   +
   86    97  0   0.0%   0.436 GU:53   +
   39    82  0   0.0%   0.290 CG:53   +
   18    96  0   0.0%   0.545 GC:53   +
   19    95  0   0.0%   0.543 GC:53   +
    4   143  0   0.0%   0.393 GU:53   +
   20    94  0   0.0%   0.450 GC:53   +
  120   130  0   0.0%   0.619 GC:53   +
    7   110  0   0.0%   0.048 GC:53   +
   38    83  0   0.0%   0.932 GU:53   +
    9    73  0   0.0%   0.061 UA:53   +
   51   123  0   0.0%   0.711 GC:53   +
   34    39  0   0.0%   0.084 GC:53   +
   83    88  0   0.0%   0.172 UG:53   +
   74   105  0   0.0%   0.406 GC:53   +
   50   124  0   0.0%   0.051 GC:53   +
   34    98  0   0.0%   0.084 GC:53   +
   61   110  0   0.0%   0.296 GC:53   +
  112   122  0   0.0%   1.031 CG:53   +
   22    54  0   0.0%   0.821 UG:53   +
  111   123  0   0.0%   1.651 GC:53   +
   11    20  0   0.0%   0.075 CG:53   +
   76   122  0   0.0%   1.082 CG:53   +
   38    93  0   0.0%   0.877 GC:53   +
   84   109  0   0.0%   1.518 UA:53   +
   77   121  0   0.0%   1.259 UG:53   +
    1     7  0   0.0%   0.000 CG:53   +
   13    48  0   0.0%   0.458 UA:53   +
   60   111  0   0.0%   1.199 CG:53   +
   17    60  0   0.0%   0.250 GC:53   +
    8   120  0   0.0%   0.504 CG:53   +
   74    95  0   0.0%   0.477 GC:53   +
   73   141  0   0.0%   0.074 AU:53   +
   74   140  0   0.0%   0.128 GC:53   +
    4    84  0   0.0%   0.021 GU:53   +
  134   141  0   0.0%   0.004 GU:53   +
  105   120  0   0.0%   1.659 CG:53   +
    2   152  0   0.0%   0.251 CG:53   +
   68   145  1   0.0%   0.461 GC:51   GU:1    +
   37    84  0   0.0%   0.928 GU:53   +
   33   110  0   0.0%   0.907 GC:53   +
   60    82  0   0.0%   0.502 CG:53   +
   82    95  0   0.0%   0.890 GC:53   +
   14    38  0   0.0%   0.820 CG:53   +
    4    58  0   0.0%   0.020 GU:53   +
   19   115  0   0.0%   0.774 GC:53   +
   81    96  0   0.0%   0.897 GC:53   +
   41    55  0   0.0%   0.018 GC:53   +
    5    12  0   0.0%   0.000 UA:53   +
   16   129  1   0.0%   0.869 UG:1    UA:51   +
   86   112  0   0.0%   0.954 GC:53   +
   15    99  1   0.0%   0.012 GC:51   GU:1    +
   67   146  0   0.0%   0.426 GC:53   +
  116   151  0   0.0%   0.064 AU:53   +
   17   128  0   0.0%   0.614 GC:53   +
   34   110  0   0.0%   0.676 GC:53   +
    8    81  0   0.0%   0.053 CG:53   +
   85   141  0   0.0%   0.086 AU:53   +
   33    96  0   0.0%   0.314 GC:53   +
   34    95  0   0.0%   0.083 GC:53   +
   14   120  0   0.0%   1.153 CG:53   +
   37    94  0   0.0%   0.875 GC:53   +
    3    59  0   0.0%   0.016 UA:53   +
   86   140  0   0.0%   0.624 GC:53   +
  115   152  0   0.0%   0.290 CG:53   +
   17    97  0   0.0%   0.250 GU:53   +
    2    17  0   0.0%   0.000 CG:53   +
   59    83  0   0.0%   0.068 AU:53   +
    3    44  0   0.0%   0.016 UA:53   +
   51    77  0   0.0%   0.856 GU:53   +
   84   142  0   0.0%   1.144 UG:53   +
    4    60  0   0.0%   0.020 GC:53   +
   71   110  0   0.0%   0.464 GC:53   +
   22   104  0   0.0%   0.840 UA:53   +
   66   147  1   0.0%   0.308 GC:32   GU:20   +
   69    82  0   0.0%   0.722 UG:53   +
   10    33  0   0.0%   0.047 CG:53   +
   20   115  0   0.0%   0.685 GC:53   +
   14    81  0   0.0%   0.461 CG:53   +
   67   125  0   0.0%   0.572 GC:53   +
   39    57  0   0.0%   0.017 CG:53   +
   57    64  0   0.0%   0.024 GU:53   +
   58    63  0   0.0%   0.204 UA:53   +
   64    73  0   0.0%   0.091 UA:53   +
    4    13  0   0.0%   0.001 GU:53   +
    2    79  0   0.0%   0.002 CG:53   +
   76   139  0   0.0%   0.720 CG:53   +
   10    86  0   0.0%   0.429 CG:53   +
   98   111  0   0.0%   1.869 CG:53   +
  125   142  0   0.0%   0.154 CG:53   +
  145   150  1   0.0%   0.438 CG:51   UG:1    +
    1    18  0   0.0%   0.000 CG:53   +
   38    58  0   0.0%   0.394 GU:53   +
   12   151  0   0.0%   0.140 AU:53   +
    5    59  0   0.0%   0.021 UA:53   +
   14   149  0   0.0%   0.584 CG:53   +
    6    16  1   0.0%   0.000 GU:21   AU:31   +
   11   152  0   0.0%   1.237 CG:53   +
   30   120  0   0.0%   1.113 CG:53   +
   33   105  0   0.0%   0.975 GC:53   +
   77   138  0   0.0%   0.666 UA:53   +
   65   148  0   0.0%   0.073 GU:53   +
  126   141  0   0.0%   0.134 AU:53   +
   61   151  0   0.0%   0.068 GU:53   +
   37   125  0   0.0%   1.389 GC:53   +
  120   128  0   0.0%   0.638 GC:53   +
   35    94  0   0.0%   0.339 GC:53   +
   34    96  0   0.0%   0.083 GC:53   +
   27    83  0   0.0%   0.392 AU:53   +
   35    95  0   0.0%   0.339 GC:53   +
    2    20  0   0.0%   0.001 CG:53   +
   89   123  0   0.0%   0.901 GC:53   +
   56    65  0   0.0%   0.076 UG:53   +
   14    79  0   0.0%   0.445 CG:53   +
   38   124  0   0.0%   1.314 GC:53   +
   34   147  1   0.0%   0.452 GC:32   GU:20   +
   35   146  0   0.0%   0.709 GC:53   +
    3    19  0   0.0%   0.001 UG:53   +
   60   152  0   0.0%   0.431 CG:53   +
   31   119  0   0.0%   1.053 CG:53   +
   33   148  0   0.0%   0.683 GU:53   +
    4    62  0   0.0%   0.020 GC:53   +
  106   151  0   0.0%   0.659 AU:53   +
   54   123  0   0.0%   0.460 GC:53   +
   69   106  0   0.0%   0.936 UA:53   +
  130   142  0   0.0%   0.002 CG:53   +
   55   122  0   0.0%   0.436 CG:53   +
   13    82  0   0.0%   0.496 UG:53   +
   88   124  0   0.0%   0.599 GC:53   +
   97   113  0   0.0%   1.178 UA:53   +
    8    35  0   0.0%   0.024 CG:53   +
  105   152  0   0.0%   1.043 CG:53   +
   49   120  0   0.0%   0.611 UG:53   +
   41    58  0   0.0%   0.017 GU:53   +
    2    50  0   0.0%   0.001 CG:53   +
  111   146  0   0.0%   1.316 GC:53   +
   38   105  0   0.0%   1.537 GC:53   +
    1    51  0   0.0%   0.001 CG:53   +
   12    83  0   0.0%   0.166 AU:53   +
    1   134  0   0.0%   0.249 CG:53   +
   13    19  0   0.0%   0.032 UG:53   +
    5    61  0   0.0%   0.021 UG:53   +
  119   128  0   0.0%   0.680 GC:53   +
   39    86  0   0.0%   0.226 CG:53   +
   20    97  0   0.0%   0.449 GU:53   +
   33    49  0   0.0%   0.302 GU:53   +
   39    61  0   0.0%   0.017 CG:53   +
   38    62  0   0.0%   0.394 GC:53   +
    9    34  0   0.0%   0.029 UG:53   +
   56   121  0   0.0%   0.607 UG:53   +
    5    17  0   0.0%   0.000 UG:53   +
   38    98  0   0.0%   1.609 GC:53   +
   70   143  0   0.0%   0.174 AU:53   +
   71   143  0   0.0%   0.243 GU:53   +
   35   115  0   0.0%   0.931 GC:53   +
    3    63  0   0.0%   0.016 UA:53   +
   58    75  0   0.0%   0.202 UA:53   +
   46    68  1   0.0%   0.822 CG:51   UG:1    +
   56    85  0   0.0%   0.040 UA:53   +
   73    83  0   0.0%   0.137 AU:53   +
    7   105  0   0.0%   0.048 GC:53   +
   22   122  0   0.0%   1.183 UG:53   +
    4   110  0   0.0%   0.022 GC:53   +
   34   125  0   0.0%   0.597 GC:53   +
   35   124  0   0.0%   0.723 GC:53   +
  115   120  0   0.0%   0.905 CG:53   +
   57    76  0   0.0%   0.526 GC:53   +
   48   148  0   0.0%   0.021 AU:53   +
   37    97  0   0.0%   1.609 GU:53   +
   57    84  0   0.0%   0.067 GU:53   +
   55    86  0   0.0%   0.075 CG:53   +
    5   109  0   0.0%   0.049 UA:53   +
   46   150  1   0.0%   0.385 CG:51   UG:1    +
   97   108  0   0.0%   0.987 UA:53   +
    9    85  0   0.0%   0.110 UA:53   +
   76   120  0   0.0%   1.307 CG:53   +
   11    86  0   0.0%   0.570 CG:53   +
    1    23  0   0.0%   0.000 CG:53   +
   29    40  1   0.0%   0.179 GU:2    AU:50   +
    5    33  0   0.0%   0.005 UG:53   +
   13   104  0   0.0%   0.464 UA:53   +
   17   147  1   0.0%   0.595 GC:32   GU:20   +
   18   146  0   0.0%   0.551 GC:53   +
   13   102  0   0.0%   0.464 UA:53   +
  105   121  0   0.0%   1.665 CG:53   +
  115   119  0   0.0%   0.948 CG:53   +
   84   116  0   0.0%   1.205 UA:53   +
   20   124  0   0.0%   0.473 GC:53   +
  143   152  0   0.0%   0.473 UG:53   +
   19   125  0   0.0%   0.693 GC:53   +
   13   119  0   0.0%   1.108 UG:53   +
   50   146  0   0.0%   0.036 GC:53   +
   58    65  0   0.0%   0.265 UG:53   +
    3    61  0   0.0%   0.016 UG:53   +
   57   105  0   0.0%   0.305 GC:53   +
   49    66  0   0.0%   0.316 UG:53   +
   55    79  0   0.0%   0.099 CG:53   +
    8    86  0   0.0%   0.079 CG:53   +
    5    44  0   0.0%   0.020 UA:53   +
  128   139  0   0.0%   0.022 CG:53   +
   58   104  0   0.0%   0.226 UA:53   +
   33    97  0   0.0%   0.313 GU:53   +
   88   105  0   0.0%   1.608 GC:53   +
   74   123  0   0.0%   0.455 GC:53   +
   22    53  0   0.0%   0.821 UA:53   +
   69    79  0   0.0%   0.676 UG:53   +
    2    33  0   0.0%   0.001 CG:53   +
    1    34  0   0.0%   0.000 CG:53   +
  128   142  0   0.0%   0.022 CG:53   +
   56   106  0   0.0%   0.296 UA:53   +
   79   128  0   0.0%   0.816 GC:53   +
  127   143  0   0.0%   0.037 AU:53   +
   97   109  0   0.0%   1.263 UA:53   +
    4    77  0   0.0%   0.021 GU:53   +
   39   114  1   0.5%   0.527 CG:52   +
   40   113  1   0.5%   0.550 UA:52   +
   15   105  1   0.3%   0.068 GC:52   +
   16   104  1   0.3%   0.394 UA:52   +
   45    82  2   0.0%   0.547 CG:43   UG:8    +
   80    87  2   0.0%   0.062 UG:1    UA:50   +
   45   122  2   0.0%   0.841 CG:43   UG:8    +
   15   115  1   0.2%   0.763 GC:52   +
   19    45  2   0.0%   0.541 GC:43   GU:8    +
   35    45  2   0.0%   0.334 GC:43   GU:8    +
   13   117  1   0.2%   0.890 UG:52   +
   45   121  2   0.0%   1.068 CG:43   UG:8    +
   45   111  2   0.0%   1.244 CG:43   UG:8    +
   45    66  2   0.0%   0.003 CG:43   UG:8    +
   45    51  2   0.0%   0.002 CG:43   UG:8    +
   29    80  2   0.0%   0.169 GU:2    AU:49   +
   20    45  2   0.0%   0.448 GC:43   GU:8    +
   37    45  2   0.0%   0.389 GC:43   GU:8    +
   34    45  2   0.0%   0.068 GC:43   GU:8    +
   38    45  2   0.0%   0.395 GC:43   GU:8    +
   45    86  2   0.0%   0.476 CG:43   UG:8    +
  110   117  1   0.2%   0.866 CG:52   +
    5   114  1   0.1%   0.077 UG:52   +
    2   117  1   0.1%   0.057 CG:52   +
   88   100  1   0.1%   1.384 GC:52   +
   98   117  1   0.1%   1.216 CG:52   +
   76   114  1   0.1%   1.015 CG:52   +
   60    68  1   0.1%   0.891 CG:52   +
   24   104  1   0.1%   0.054 UA:52   +
   16   113  1   0.1%   1.108 UA:52   +
   24   109  1   0.1%   0.296 UA:52   +
    8   117  1   0.1%   0.564 CG:52   +
   68    76  1   0.1%   0.985 GC:52   +
   24   106  1   0.0%   0.314 UA:52   +
   82   100  1   0.0%   0.962 GC:52   +
   16   108  1   0.0%   0.651 UA:52   +
   11   114  1   0.0%   1.104 CG:52   +
    4    24  1   0.0%   0.010 GU:52   +
   14   114  1   0.0%   0.797 CG:52   +
   16   116  1   0.0%   0.892 UA:52   +
   24    28  1   0.0%   0.197 UA:52   +
  136   146  1   0.0%   0.546 GC:52   +
  105   114  1   0.0%   1.337 CG:52   +
   10    15  1   0.0%   0.006 CG:52   +
   14   117  1   0.0%   0.860 CG:52   +
   16    21  1   0.0%   0.140 UA:52   +
   18   100  1   0.0%   0.548 GC:52   +
   16   126  1   0.0%   0.996 UA:52   +
   11    15  1   0.0%   0.006 CG:52   +
   24   111  1   0.0%   0.776 UG:52   +
   76   117  1   0.0%   1.031 CG:52   +
  100   120  1   0.0%   1.416 CG:52   +
    8    68  1   0.0%   0.054 CG:52   +
  133   140  1   0.0%   0.005 GC:52   +
  132   141  1   0.0%   0.004 AU:52   +
  117   140  1   0.0%   0.644 GC:52   +
    7    24  1   0.0%   0.008 GU:52   +
  114   143  1   0.0%   0.298 GU:52   +
    8    15  1   0.0%   0.002 CG:52   +
  124   133  1   0.0%   0.030 CG:52   +
   79   100  1   0.0%   0.469 GC:52   +
  100   111  1   0.0%   1.785 CG:52   +
   55   114  1   0.0%   0.355 CG:52   +
   24    41  1   0.0%   0.034 UG:52   +
   96   117  1   0.0%   1.201 CG:52   +
   15    60  1   0.0%   0.012 GC:52   +
  123   150  1   0.0%   0.340 CG:52   +
   16    48  1   0.0%   0.340 UA:52   +
   40    90  1   0.0%   0.220 UA:52   +
   16    59  1   0.0%   0.341 UA:52   +
  100   119  1   0.0%   1.330 CG:52   +
   76   150  1   0.0%   0.722 CG:52   +
   30   150  1   0.0%   0.561 CG:52   +
  110   114  1   0.0%   0.808 CG:52   +
   25    40  1   0.0%   0.023 AU:52   +
   10   114  1   0.0%   0.824 CG:52   +
   69   117  1   0.0%   0.963 UG:52   +
   68   123  1   0.0%   0.788 GC:52   +
   24    88  1   0.0%   0.044 UG:52   +
   97   117  1   0.0%   1.200 UG:52   +
   68    93  1   0.0%   0.461 GC:52   +
   15    98  1   0.0%   0.012 GC:52   +
  124   150  1   0.0%   0.031 CG:52   +
   13   114  1   0.0%   0.801 UG:52   +
   15    30  1   0.0%   0.006 GC:52   +
    2   114  1   0.0%   0.029 CG:52   +
   37   100  1   0.0%   1.611 GC:52   +
   19   100  1   0.0%   0.545 GC:52   +
   24    85  1   0.0%   0.044 UA:52   +
  114   140  1   0.0%   0.296 GC:52   +
   62    68  1   0.0%   0.542 CG:52   +
  105   117  1   0.0%   1.364 CG:52   +
   24   127  1   0.0%   0.069 UA:52   +
   55   117  1   0.0%   0.383 CG:52   +
   98   114  1   0.0%   1.170 CG:52   +
   68   110  1   0.0%   0.688 GC:52   +
   11   133  1   0.0%   1.238 CG:52   +
   83   114  1   0.0%   1.367 UG:52   +
   58   114  1   0.0%   0.482 UG:52   +
    8   136  1   0.0%   0.620 CG:52   +
   20    24  1   0.0%   0.137 GU:52   +
   34   100  1   0.0%   0.818 GC:52   +
   24    90  1   0.0%   0.018 UA:52   +
    9   114  1   0.0%   0.535 UG:52   +
   19    24  1   0.0%   0.038 GU:52   +
   16   102  1   0.0%   0.340 UA:52   +
  125   133  1   0.0%   0.154 CG:52   +
  114   123  1   0.0%   0.631 GC:52   +
   40    53  1   0.0%   0.017 UA:52   +
   24    89  1   0.0%   0.044 UG:52   +
  117   123  1   0.0%   0.978 GC:52   +
   68   112  1   0.0%   0.581 GC:52   +
   15   128  1   0.0%   0.548 GC:52   +
   24    92  1   0.0%   0.018 UA:52   +
   16   127  1   0.0%   0.899 UA:52   +
   24   108  1   0.0%   0.046 UA:52   +
    1   150  1   0.0%   0.250 CG:52   +
   17   100  1   0.0%   0.251 GC:52   +
   12    24  1   0.0%   0.137 AU:52   +
   20   100  1   0.0%   0.452 GC:52   +
  123   136  1   0.0%   0.338 CG:52   +
   18    24  1   0.0%   0.045 GU:52   +
   68   105  1   0.0%   0.755 GC:52   +
   68   115  1   0.0%   0.744 GC:52   +
   11   136  1   0.0%   1.238 CG:52   +
   69   114  1   0.0%   0.934 UG:52   +
   17    24  1   0.0%   0.045 GU:52   +
   77   114  1   0.0%   0.954 UG:52   +
   24    86  1   0.0%   0.017 UG:52   +
   15    62  1   0.0%   0.011 GC:52   +
   24   122  1   0.0%   0.380 UG:52   +
   89   100  1   0.0%   1.366 GC:52   +
   15    96  1   0.0%   0.011 GC:52   +
   16    25  1   0.0%   0.035 UA:52   +
   74   100  1   0.0%   0.479 GC:52   +
   11   117  1   0.0%   1.155 CG:52   +
  128   150  1   0.0%   0.023 CG:52   +
   68   124  1   0.0%   0.477 GC:52   +
   15   130  1   0.0%   0.529 GC:52   +
   15    76  1   0.0%   0.012 GC:52   +
   16    36  1   0.0%   0.678 UA:52   +
   16    75  1   0.0%   0.340 UA:52   +
   62   150  1   0.0%   0.089 CG:52   +
   23   100  1   0.0%   0.119 GC:52   +
   40    52  1   0.0%   0.017 UA:52   +
   83   117  1   0.0%   1.388 UG:52   +
   91   100  1   0.0%   1.485 GC:52   +
   15    31  1   0.0%   0.006 GC:52   +
    2   133  1   0.0%   0.251 CG:52   +
   40    59  1   0.0%   0.017 UA:52   +
    3   132  1   0.0%   0.410 UA:52   +
   31   150  1   0.0%   0.567 CG:52   +
   24   120  1   0.0%   0.603 UG:52   +
   24   102  1   0.0%   0.018 UA:52   +
   68   125  1   0.0%   0.607 GC:52   +
   40    85  1   0.0%   0.244 UA:52   +
    3   117  1   0.0%   0.063 UG:52   +
   28    40  1   0.0%   0.205 AU:52   +
   61   100  1   0.0%   0.436 GC:52   +
    1   117  1   0.0%   0.027 CG:52   +
   10   136  1   0.0%   0.979 CG:52   +
  135   147  4   0.0%   0.085 GC:29   GU:20   +
   12    80  2   0.1%   0.152 AU:51   +
    6    32  4   0.0%   0.004 GC:21   AU:28   +
   73    80  2   0.1%   0.101 AU:51   +
  103   107  7   0.0%   1.273 GC:6    GU:14   AU:26   +
   75    80  2   0.1%   0.042 AU:51   +
   48    80  2   0.1%   0.040 AU:51   +
   32   103  5   0.0%   0.529 CG:20   UA:28   +
   80    92  2   0.0%   0.036 UA:51   +
  100   114  2   0.0%   1.090 CG:51   +
   80   102  2   0.0%   0.036 UA:51   +
   80   113  2   0.0%   1.066 UA:51   +
  100   117  2   0.0%   1.120 CG:51   +
   80    85  2   0.0%   0.112 UA:51   +
   36    80  2   0.0%   0.474 AU:51   +
   80   126  2   0.0%   0.908 UA:51   +
   63    80  2   0.0%   0.026 AU:51   +
   16   132  2   0.0%   0.864 UA:51   +
   24   114  2   0.0%   0.256 UG:51   +
   70    80  2   0.0%   0.186 AU:51   +
   80   116  2   0.0%   0.836 UA:51   +
   80    90  2   0.0%   0.033 UA:51   +
   15   100  2   0.0%   0.012 GC:51   +
(((((.(((((.((.((((..........)))).))))((((..((((((...........))))))...))))....(((....(.((((....)))))....))).....))).)))))......(((((((.(........))))))))
