43 sequence; length of alignment 155
alifold output
  135   152  0  97.4%   0.117 GU:1    AU:42  
  136   151  0  97.4%   0.147 GC:43  
  134   153  0  97.4%   0.115 GC:43  
  137   150  0  97.2%   0.128 AU:43  
  138   149  0  95.0%   0.305 UG:24   UA:19  
  133   154  1  89.7%   0.457 CG:20   UG:2    UA:18   --:2   
   11    18  0  88.2%   0.333 CG:43  
   10    19  0  88.2%   0.334 CG:43  
   12    17  1  86.3%   0.382 UA:42  
    9    20  0  85.4%   0.404 AU:43  
   79   109  0  77.8%   1.116 CG:42   UG:1   
   46    64  0  78.2%   0.593 CG:43  
   47    63  0  78.1%   0.584 AU:43  
   48    62  0  78.1%   0.621 UA:43  
   81   107  0  77.0%   1.193 GC:1    GU:42  
   80   108  0  77.8%   1.200 GC:43  
   45    65  0  77.7%   0.601 CG:43  
   78   110  0  77.6%   1.133 GC:43  
   49    61  0  77.3%   0.656 GC:43  
   82   106  0  75.7%   1.186 UG:1    UA:42  
   89    96  0  76.3%   1.034 AU:43  
   88    97  0  76.0%   1.290 GC:43  
   90    95  0  75.6%   1.324 GC:43  
   87    98  0  75.4%   1.234 GC:43  
    8    21  0  65.3%   0.852 CG:43  
   37   126  0  52.9%   2.129 GC:43  
   38   125  0  52.9%   2.239 CG:43  
   36   127  0  52.5%   2.058 GC:43  
   39   124  0  52.3%   2.405 CG:43  
   75   112  0  50.9%   1.906 CG:43  
   76   111  0  50.5%   2.082 UA:43  
   84   101  2  48.8%   1.078 AU:41  
   31   131  0  46.1%   1.296 CG:3    UG:38   UA:2   
   34   128  0  46.8%   1.905 GC:41   GU:2   
   85   100  0  44.3%   1.488 GC:4    GU:39  
   30   132  0  45.0%   1.441 CG:43  
   67   120  0  43.4%   1.385 GC:20   GU:23  
   70   117  0  42.5%   2.117 GC:41   GU:2   
   83   105  0  41.8%   1.946 UG:3    UA:40   +
   66   121  0  42.4%   1.995 CG:43  
   68   119  0  42.3%   1.762 UA:43  
   71   116  0  38.5%   1.914 UG:1    UA:42  
    5   125  0  36.4%   1.249 CG:43   +
    4   126  2  36.1%   1.169 GC:41   +
    6   124  0  34.9%   1.411 UG:43   +
    7   123  0  34.7%   1.255 CG:43   +
   40    71  0  33.0%   1.140 AU:43   +
   39    72  0  33.0%   1.289 CG:43   +
   41    70  0  32.9%   1.140 CG:43   +
   38    73  0  32.6%   1.289 CG:43   +
   83   102  0  30.9%   1.608 UG:3    UA:40  
   73   113  0  31.6%   2.275 GC:43  
    8   122  0  30.3%   1.465 CG:43   +
   50    59  0  25.5%   1.096 GC:43   +
   34    97  0  19.9%   1.097 GC:43   +
   33    98  0  19.9%   1.242 GC:43   +
   35    96  0  19.9%   1.198 AU:43   +
   32    99  0  19.8%   1.210 GC:43   +
   36    95  0  19.8%   1.434 GC:43   +
   37    94  0  19.3%   1.231 GC:43   +
   81    92  0  14.0%   1.026 GC:43   +
   82    91  0  14.0%   1.020 UA:43   +
   80    93  0  14.0%   1.083 GC:43   +
   83    90  0  13.2%   0.995 UG:43   +
   41   123  0  12.6%   2.227 CG:43   +
   41   122  0  12.0%   1.923 CG:43   +
   42    68  0  11.9%   0.779 AU:43   +
   85   103  0  10.3%   1.572 GC:41   GU:2    +
   46    72  0  11.0%   1.304 CG:43   +
   47    71  0  11.0%   1.294 AU:43   +
   45    73  0  10.8%   1.299 CG:43   +
   48    70  0  10.8%   1.324 UG:43   +
   54    65  0  10.5%   0.964 CG:43   +
   53    66  0  10.5%   0.810 GC:43   +
   55    64  0  10.4%   0.917 UG:43   +
   21   110  0  10.1%   1.220 GC:43   +
   58    68  0   9.0%   1.034 GU:1    AU:42   +
   22   109  0   9.8%   0.835 UG:43   +
   60    66  0   9.4%   0.950 GC:43   +
   59    67  0   9.4%   1.077 CG:43   +
   61    65  0   9.3%   1.339 CG:43   +
   56    63  0   8.8%   0.849 GU:43   +
   20   111  0   8.7%   0.959 UA:43   +
   57    62  0   8.0%   0.968 UA:43   +
   57    69  0   7.6%   1.009 UA:43   +
   36    75  0   7.5%   0.695 GC:43   +
   18   113  0   7.5%   0.789 GC:43   +
   37    75  0   7.3%   0.865 GC:43   +
   35    76  0   7.2%   0.635 AU:43   +
   36    76  0   6.7%   1.039 GU:43   +
   85    99  0   6.3%   1.074 GC:43   +
   45    81  0   5.9%   0.970 CG:43   +
   46    80  0   5.8%   0.967 CG:43   +
   44    82  0   5.8%   0.513 AU:43   +
   38    88  0   5.6%   1.043 CG:43   +
   39    87  0   5.6%   1.042 CG:43   +
   43    83  0   5.1%   0.536 AU:43   +
   13   117  0   3.8%   0.413 GC:41   GU:2    +
   33    38  0   4.6%   0.516 GC:43   +
   32    39  0   4.6%   0.499 GC:43   +
   49    76  0   4.3%   1.071 GU:43   +
   50    75  0   4.3%   1.230 GC:43   +
   48    77  0   4.2%   0.878 UA:43   +
  141   147  0   4.1%   0.663 AU:43   +
   41    85  0   4.1%   0.805 CG:43   +
   32   128  0   3.1%   0.910 GC:41   GU:2    +
  125   133  0   2.8%   1.169 GC:21   GU:22   +
  140   147  0   3.7%   0.496 AU:43   +
   52    57  0   3.3%   0.375 AU:43   +
    6    23  0   3.3%   0.352 UA:42   --:1    +
   33   128  0   2.3%   1.087 GC:41   GU:2    +
   54    73  0   3.2%   1.364 CG:43   +
   55    72  0   3.2%   1.304 UG:43   +
   12   118  1   3.6%   0.564 UA:42   +
   33   127  0   3.0%   0.934 GC:43   +
  126   132  0   3.0%   1.733 CG:43   +
   34   126  0   2.8%   1.126 GC:43   +
   15   117  0   1.6%   0.361 GC:41   GU:2    +
  107   149  0   0.6%   0.382 CG:1    UG:23   UA:19   +
  117   122  0   1.6%   1.915 CG:41   UG:2    +
   81   103  0   1.4%   0.673 GC:41   GU:2    +
   29   132  0   1.4%   0.329 CG:7    UG:36   +
   86   101  2   3.1%   0.797 AU:41   +
   54   112  0   2.4%   0.898 CG:43   +
   53   113  0   2.4%   1.035 GC:43   +
   82   102  0   1.3%   0.654 UG:3    UA:40   +
   55   111  0   2.3%   0.965 UA:43   +
   60    79  0   1.3%   0.534 GC:42   GU:1    +
  127   131  2   3.0%   1.382 CG:41   +
   49   117  0   1.2%   0.804 GC:41   GU:2    +
  120   136  0   1.1%   0.619 CG:20   UG:23   +
   72   117  0   1.1%   1.652 GC:41   GU:2    +
  113   121  0   2.1%   1.816 CG:43   +
  139   147  0   1.1%   0.325 GU:42   AU:1    +
   86    96  0   2.0%   0.571 AU:43   +
   87    95  0   2.0%   0.754 GC:43   +
   88    94  0   2.0%   0.756 GC:43   +
   34   127  0   2.0%   0.909 GC:43   +
   29   131  0   0.0%   0.158 CG:7    UG:34   UA:2    +
    2   131  0   0.0%   0.047 CG:1    UG:40   UA:2    +
    4    29  0   0.0%   0.015 GC:7    GU:34   AU:2    +
  133   139  0   0.0%   0.237 CG:21   UG:21   UA:1    +
  101   139  0   0.0%   0.517 CG:2    UG:40   UA:1    +
  100   131  0   0.0%   0.899 CG:4    UG:37   UA:2    +
    2   139  0   0.0%   0.045 CG:1    UG:41   UA:1    +
    4   120  0   0.0%   0.066 GC:20   GU:21   AU:2    +
  101   131  0   0.0%   0.988 CG:2    UG:39   UA:2    +
  107   131  0   0.0%   0.743 CG:1    UG:40   UA:2    +
    4   101  0   0.0%   0.018 GC:2    GU:39   AU:2    +
    4   100  0   0.0%   0.018 GC:4    GU:37   AU:2    +
    4    31  0   0.0%   0.014 GC:3    GU:38   AU:2    +
  100   139  0   0.0%   0.428 CG:4    UG:38   UA:1    +
   85    97  0   2.0%   0.705 GC:43   +
   87   100  0   1.0%   1.032 GC:4    GU:39   +
   19    29  0   0.9%   0.270 GC:7    GU:36   +
  112   143  0   1.9%   0.859 GC:43   +
  113   142  0   1.9%   1.197 CG:43   +
  111   144  0   1.9%   0.944 AU:43   +
   21   108  0   1.9%   0.592 GC:43   +
  110   145  0   1.9%   0.866 CG:43   +
   20   109  0   1.8%   0.438 UG:43   +
   19   110  0   1.8%   0.397 GC:43   +
   54    70  0   1.8%   1.120 CG:43   +
   53    71  0   1.8%   1.165 GU:43   +
   56   110  0   1.8%   0.878 GC:43   +
   11   121  0   1.8%   0.516 CG:43   +
  109   147  0   1.7%   0.860 GU:43   +
   12    32  0   0.7%   0.273 CG:1    UG:42   +
   43    68  0   1.7%   0.471 AU:43   +
   85   101  0   0.7%   1.224 GC:2    GU:41   +
   10   121  0   1.7%   0.428 CG:43   +
   10   122  0   1.7%   0.860 CG:43   +
  121   128  0   0.7%   1.576 GC:41   GU:2    +
  117   139  1   1.6%   1.063 CG:40   UG:2    +
   12   121  0   0.6%   0.628 CG:1    UG:42   +
   50   117  0   0.6%   0.904 GC:41   GU:2    +
   13    31  0   0.6%   0.093 GC:3    GU:40   +
   53    79  0   0.6%   0.607 GC:42   GU:1    +
   13   120  0   0.6%   0.254 GC:20   GU:23   +
  118   138  0   1.6%   0.436 AU:43   +
   46   121  0   1.6%   1.126 CG:43   +
    7   124  0   1.6%   1.076 CG:43   +
    8   123  0   1.6%   1.301 CG:43   +
   45   122  0   1.6%   1.640 CG:43   +
  106   150  0   0.6%   0.314 GU:1    AU:42   +
  109   120  0   0.6%   1.100 GC:20   GU:23   +
   31    36  0   0.5%   0.190 CG:3    UG:40   +
   49    79  0   0.5%   0.505 GC:42   GU:1    +
   39   123  0   1.5%   1.480 CG:43   +
   57   109  0   1.5%   1.081 UG:43   +
  113   125  0   1.5%   1.824 CG:43   +
   56    71  0   1.5%   1.115 GU:43   +
   38   124  0   1.5%   1.451 CG:43   +
   16    29  0   0.4%   0.075 GC:7    AU:36   +
   53    75  0   1.4%   1.139 GC:43   +
    6   131  0   0.4%   0.731 UG:41   UA:2    +
    2   145  0   0.4%   0.112 CG:1    UG:42   +
   83   104  0   0.4%   0.884 UG:1    UA:42   +
   54    72  0   1.4%   1.154 CG:43   +
   52    76  0   1.4%   0.834 AU:43   +
   21    29  0   0.3%   0.422 GC:7    GU:36   +
  112   126  0   1.3%   1.589 GC:43   +
  109   133  0   0.3%   0.709 GC:21   GU:22   +
  117   123  0   0.3%   1.802 CG:41   UG:2    +
   82   105  0   0.3%   0.590 UG:3    UA:40   +
   61    78  0   1.3%   0.715 CG:43   +
   36   126  0   1.3%   1.431 GC:43   +
  104   138  0   0.3%   0.080 GU:1    AU:42   +
   66    73  0   1.3%   1.349 CG:43   +
  112   117  0   0.3%   1.280 GC:41   GU:2    +
   59    80  0   1.3%   0.991 CG:43   +
   32    79  0   0.3%   0.277 GC:42   GU:1    +
   65    75  0   1.2%   1.448 GC:43   +
   64    76  0   1.2%   1.212 GU:43   +
   31    80  0   0.2%   0.127 CG:3    UG:40   +
   30   131  2   1.9%   0.461 CG:41   +
   55    69  0   1.2%   0.414 UA:43   +
    4    22  0   0.2%   0.050 GU:41   AU:2    +
   63    77  0   1.2%   0.736 UA:43   +
   90    97  0   1.2%   1.264 GC:43   +
  112   120  0   0.2%   1.015 GC:20   GU:23   +
   29    37  0   0.2%   0.156 CG:7    UG:36   +
  103   112  0   0.2%   0.855 CG:41   UG:2    +
   87    99  0   1.2%   1.134 GC:43   +
  109   117  0   0.1%   1.321 GC:41   GU:2    +
   31   121  0   0.1%   0.339 CG:3    UG:40   +
   48   118  0   1.1%   0.922 UA:43   +
  139   144  0   0.1%   0.236 GU:42   AU:1    +
   41   121  0   1.1%   0.953 CG:43   +
  117   124  0   0.1%   1.779 CG:41   UG:2    +
  117   121  0   0.1%   1.650 CG:41   UG:2    +
  103   109  0   0.1%   0.910 CG:41   UG:2    +
   32   120  0   0.1%   0.628 GC:20   GU:23   +
  133   142  0   0.1%   0.274 CG:21   UG:22   +
  107   122  0   0.1%   1.229 CG:1    UG:42   +
  131   144  0   0.1%   0.713 GU:41   AU:2    +
   70    79  0   0.1%   0.879 GC:42   GU:1    +
  122   128  0   0.1%   1.703 GC:41   GU:2    +
   82   104  0   0.1%   0.548 UG:1    UA:42   +
   21   117  0   0.1%   0.889 GC:41   GU:2    +
   31   122  0   0.1%   0.638 CG:3    UG:40   +
   49   128  0   0.1%   1.072 GC:41   GU:2    +
   22   116  0   0.1%   0.323 UG:1    UA:42   +
   33   120  0   0.1%   0.658 GC:20   GU:23   +
  100   121  0   0.1%   1.197 CG:4    UG:39   +
   70   120  0   0.1%   1.526 GC:20   GU:23   +
   21   103  0   0.1%   0.375 GC:41   GU:2    +
   22   102  0   0.1%   0.077 UG:3    UA:40   +
   31   132  0   0.1%   0.932 CG:3    UG:40   +
   29    81  0   0.1%   0.117 CG:7    UG:36   +
   29   124  0   0.1%   0.619 CG:7    UG:36   +
   87   128  0   0.1%   1.155 GC:41   GU:2    +
   65    79  0   0.0%   0.856 GC:42   GU:1    +
   49   120  0   0.0%   0.548 GC:20   GU:23   +
   68   102  0   0.0%   0.635 UG:3    UA:40   +
   20   104  0   0.0%   0.211 UG:1    UA:42   +
   67   103  0   0.0%   0.260 GC:41   GU:2    +
   36   128  0   0.0%   1.755 GC:41   GU:2    +
  117   132  0   0.0%   1.329 CG:41   UG:2    +
   70   100  0   0.0%   0.738 GC:4    GU:39   +
  120   125  0   0.0%   1.290 CG:20   UG:23   +
   18    31  0   0.0%   0.211 GC:3    GU:40   +
   33    79  0   0.0%   0.299 GC:42   GU:1    +
   29   123  0   0.0%   0.623 CG:7    UG:36   +
   72    79  0   0.0%   0.959 GC:42   GU:1    +
   12    33  0   0.0%   0.257 CG:1    UG:42   +
   70   103  0   0.0%   0.750 GC:41   GU:2    +
   71   102  0   0.0%   0.798 UG:3    UA:40   +
   72   101  0   0.0%   0.829 GC:2    GU:41   +
  124   133  0   0.0%   0.988 GC:21   GU:22   +
   34   117  0   0.0%   0.662 GC:41   GU:2    +
  128   132  0   0.0%   1.237 CG:41   UG:2    +
   31    49  0   0.0%   0.088 CG:3    UG:40   +
  104   152  0   0.0%   0.067 GU:1    AU:42   +
  103   121  0   0.0%   1.107 CG:41   UG:2    +
   73   117  0   0.0%   1.863 GC:41   GU:2    +
   12    18  0   0.0%   0.246 CG:1    UG:42   +
   73   100  0   0.0%   0.796 GC:4    GU:39   +
  117   125  0   0.0%   1.659 CG:41   UG:2    +
   29    50  0   0.0%   0.109 CG:7    UG:36   +
   36   117  0   0.0%   0.999 GC:41   GU:2    +
  100   112  0   0.0%   0.922 CG:4    UG:39   +
    2    56  0   0.0%   0.031 CG:1    UG:42   +
  100   122  0   0.0%   1.371 CG:4    UG:39   +
   21   120  0   0.0%   0.721 GC:20   GU:23   +
   19   103  0   0.0%   0.167 GC:41   GU:2    +
   20   102  0   0.0%   0.204 UG:3    UA:40   +
   63   106  0   0.0%   0.474 UG:1    UA:42   +
   16   150  0   0.0%   0.048 GU:7    AU:36   +
  107   124  0   0.0%   1.189 CG:1    UG:42   +
   67   117  0   0.0%   0.540 GC:41   GU:2    +
  101   121  0   0.0%   1.285 CG:2    UG:41   +
   29    34  0   0.0%   0.177 CG:7    UG:36   +
  112   133  0   0.0%   0.649 GC:21   GU:22   +
   68   116  0   0.0%   0.632 UG:1    UA:42   +
   33   117  0   0.0%   0.803 GC:41   GU:2    +
   22   106  0   0.0%   0.070 UG:1    UA:42   +
  107   132  0   0.0%   0.731 CG:1    UG:42   +
   67    79  0   0.0%   0.384 GC:42   GU:1    +
   21   101  0   0.0%   0.361 GC:2    GU:41   +
   79    85  0   0.0%   0.294 CG:42   UG:1    +
   31    37  0   0.0%   0.152 CG:3    UG:40   +
   29    33  0   0.0%   0.178 CG:7    UG:36   +
  106   138  0   0.0%   0.235 GU:1    AU:42   +
   32   117  0   0.0%   0.770 GC:41   GU:2    +
   79   112  0   0.0%   0.852 CG:42   UG:1    +
   21    31  0   0.0%   0.403 GC:3    GU:40   +
   37   133  0   0.0%   0.957 GC:21   GU:22   +
   87   101  0   0.0%   1.080 GC:2    GU:41   +
   50    79  0   0.0%   0.599 GC:42   GU:1    +
   73    79  0   0.0%   0.926 GC:42   GU:1    +
   15    31  0   0.0%   0.060 GC:3    GU:40   +
   83   106  0   0.0%   1.413 UG:1    UA:42   +
   31    81  0   0.0%   0.115 CG:3    UG:40   +
   12   122  0   0.0%   0.892 CG:1    UG:42   +
  105   152  0   0.0%   0.403 GU:3    AU:40   +
   29    36  0   0.0%   0.134 CG:7    UG:36   +
   79    88  0   0.0%   0.322 CG:42   UG:1    +
   56   120  0   0.0%   0.466 GC:20   GU:23   +
  100   109  0   0.0%   0.989 CG:4    UG:39   +
   31    56  0   0.0%   0.084 CG:3    UG:40   +
  107   125  0   0.0%   1.021 CG:1    UG:42   +
   58    82  0   0.0%   0.397 GU:1    AU:42   +
   80   100  0   0.0%   0.538 GC:4    GU:39   +
  123   128  0   0.0%   1.577 GC:41   GU:2    +
   29   122  0   0.0%   0.615 CG:7    UG:36   +
   32   100  0   0.0%   0.571 GC:4    GU:39   +
  109   128  0   0.0%   1.200 GC:41   GU:2    +
    6   135  0   0.0%   0.680 UG:1    UA:42   +
  120   124  0   0.0%   1.396 CG:20   UG:23   +
   78   100  0   0.0%   0.157 GC:4    GU:39   +
   79    87  0   0.0%   0.324 CG:42   UG:1    +
  107   112  0   0.0%   0.771 CG:1    UG:42   +
   37   117  0   0.0%   0.798 GC:41   GU:2    +
   37    79  0   0.0%   0.288 GC:42   GU:1    +
  128   145  0   0.0%   0.713 CG:41   UG:2    +
  103   122  0   0.0%   1.279 CG:41   UG:2    +
   76   102  0   0.0%   0.717 UG:3    UA:40   +
    2   132  0   0.0%   0.046 CG:1    UG:42   +
   58    71  0   0.0%   0.966 GU:1    AU:42   +
  120   134  0   0.0%   0.484 CG:20   UG:23   +
   80   103  0   0.0%   0.545 GC:41   GU:2    +
   19   107  0   0.0%   0.170 GC:1    GU:42   +
   31   123  0   0.0%   0.627 CG:3    UG:40   +
    4    82  0   0.0%   0.018 GU:41   AU:2    +
  105   150  0   0.0%   0.397 GU:3    AU:40   +
  112   128  0   0.0%   1.175 GC:41   GU:2    +
   20   106  0   0.0%   0.206 UG:1    UA:42   +
  107   123  0   0.0%   1.183 CG:1    UG:42   +
  123   133  0   0.0%   1.010 GC:21   GU:22   +
   58    63  0   0.0%   0.409 GU:1    AU:42   +
   12    36  0   0.0%   0.240 CG:1    UG:42   +
   81   101  0   0.0%   0.490 GC:2    GU:41   +
  101   109  0   0.0%   1.081 CG:2    UG:41   +
   32   133  0   0.0%   0.709 GC:21   GU:22   +
   73   107  0   0.0%   0.840 GC:1    GU:42   +
   15    29  0   0.0%   0.003 GC:7    GU:36   +
   22    58  0   0.0%   0.061 UG:1    UA:42   +
   21   107  0   0.0%   0.370 GC:1    GU:42   +
   56    79  0   0.0%   0.420 GC:42   GU:1    +
   72   128  0   0.0%   1.466 GC:41   GU:2    +
   65   107  0   0.0%   0.766 GC:1    GU:42   +
   60   133  0   0.0%   0.368 GC:21   GU:22   +
   29   125  0   0.0%   0.517 CG:7    UG:36   +
   31    72  0   0.0%   0.082 CG:3    UG:40   +
  135   144  0   0.0%   0.131 GU:1    AU:42   +
   37   120  0   0.0%   0.640 GC:20   GU:23   +
   87   103  0   0.0%   0.885 GC:41   GU:2    +
   88   100  0   0.0%   0.965 GC:4    GU:39   +
   19   117  0   0.0%   0.440 GC:41   GU:2    +
  121   133  0   0.0%   0.983 GC:21   GU:22   +
  101   112  0   0.0%   1.014 CG:2    UG:41   +
  103   132  0   0.0%   0.792 CG:41   UG:2    +
   29   134  0   0.0%   0.180 CG:7    UG:36   +
  102   147  0   0.0%   0.435 GU:3    AU:40   +
   33   133  0   0.0%   0.822 GC:21   GU:22   +
   15   120  0   0.0%   0.133 GC:20   GU:23   +
  103   145  0   0.0%   0.370 CG:41   UG:2    +
   18    29  0   0.0%   0.140 GC:7    GU:36   +
  102   152  0   0.0%   0.448 GU:3    AU:40   +
   63   104  0   0.0%   0.472 UG:1    UA:42   +
   48   116  0   0.0%   0.655 UG:1    UA:42   +
   64   103  0   0.0%   0.494 GC:41   GU:2    +
   64   128  0   0.0%   1.055 GC:41   GU:2    +
  120   132  0   0.0%   0.949 CG:20   UG:23   +
   20   116  0   0.0%   0.502 UG:1    UA:42   +
  120   145  0   0.0%   0.613 CG:20   UG:23   +
   34    79  0   0.0%   0.151 GC:42   GU:1    +
  105   138  0   0.0%   0.403 GU:3    AU:40   +
  104   150  0   0.0%   0.058 GU:1    AU:42   +
    6   149  0   0.0%   0.706 UG:24   UA:19   +
   50   120  0   0.0%   0.634 GC:20   GU:23   +
   78   103  0   0.0%   0.163 GC:41   GU:2    +
   34   120  0   0.0%   0.504 GC:20   GU:23   +
  104   144  0   0.0%   0.075 GU:1    AU:42   +
   79    90  0   0.0%   0.163 CG:42   UG:1    +
   85   128  0   0.0%   1.596 GC:41   GU:2    +
   53   117  0   0.0%   0.877 GC:41   GU:2    +
  101   122  0   0.0%   1.459 CG:2    UG:41   +
   18   117  0   0.0%   0.548 GC:41   GU:2    +
  100   123  0   0.0%   1.340 CG:4    UG:39   +
    2    21  0   0.0%   0.000 CG:1    UG:42   +
    4   147  0   0.0%   0.500 GU:41   AU:2    +
  117   142  0   0.0%   1.010 CG:41   UG:2    +
  102   138  0   0.0%   0.435 GU:3    AU:40   +
   88   128  0   0.0%   1.127 GC:41   GU:2    +
   72   100  0   0.0%   0.818 GC:4    GU:39   +
   72   103  0   0.0%   0.829 GC:41   GU:2    +
  128   134  0   0.0%   0.634 CG:41   UG:2    +
   18   103  0   0.0%   0.162 GC:41   GU:2    +
   78   101  0   0.0%   0.162 GC:2    GU:41   +
   72   120  0   0.0%   1.317 GC:20   GU:23   +
   80   107  0   0.0%   0.583 GC:1    GU:42   +
  122   133  0   0.0%   1.130 GC:21   GU:22   +
   48    58  0   0.0%   0.040 UG:1    UA:42   +
   71   104  0   0.0%   0.786 UG:1    UA:42   +
   58    83  0   0.0%   0.384 GU:1    AU:42   +
   76   116  0   0.0%   1.430 UG:1    UA:42   +
  106   152  0   0.0%   0.262 GU:1    AU:42   +
   12    34  0   0.0%   0.252 CG:1    UG:42   +
  144   149  0   0.0%   0.208 UG:24   UA:19   +
   12   123  0   0.0%   0.891 CG:1    UG:42   +
   31    78  0   0.0%   0.082 CG:3    UG:40   +
   81   100  0   0.0%   0.484 GC:4    GU:39   +
  124   128  0   0.0%   1.548 GC:41   GU:2    +
  135   150  0   0.0%   0.062 GU:1    AU:42   +
   56   117  0   0.0%   0.704 GC:41   GU:2    +
   22   105  0   0.0%   0.067 UG:3    UA:40   +
   79   145  0   0.0%   0.371 CG:42   UG:1    +
   22   139  0   0.0%   0.318 UG:42   UA:1    +
  107   121  0   0.0%   1.031 CG:1    UG:42   +
  103   123  0   0.0%   1.249 CG:41   UG:2    +
   63   105  0   0.0%   0.469 UG:3    UA:40   +
   12    19  0   0.0%   0.244 CG:1    UG:42   +
   70   101  0   0.0%   0.741 GC:2    GU:41   +
   31    60  0   0.0%   0.081 CG:3    UG:40   +
    2    18  0   0.0%   0.000 CG:1    UG:42   +
   55   131  0   0.0%   1.013 UG:41   UA:2    +
  103   136  0   0.0%   0.332 CG:41   UG:2    +
    6    16  0   0.0%   0.001 UG:7    UA:36   +
   32   101  0   0.0%   0.575 GC:2    GU:41   +
   53   133  0   0.0%   0.613 GC:21   GU:22   +
   76   131  0   0.0%   1.531 UG:41   UA:2    +
    2   125  0   0.0%   0.031 CG:1    UG:42   +
  103   125  0   0.0%   1.085 CG:41   UG:2    +
  103   124  0   0.0%   1.251 CG:41   UG:2    +
   57   116  0   0.0%   0.649 UG:1    UA:42   +
   21   100  0   0.0%   0.357 GC:4    GU:39   +
  116   138  0   0.0%   0.395 GU:1    AU:42   +
   12   109  0   0.0%   0.211 CG:1    UG:42   +
   29   121  0   0.0%   0.321 CG:7    UG:36   +
   19    31  0   0.0%   0.209 GC:3    GU:40   +
  128   136  0   0.0%   0.667 CG:41   UG:2    +
    4   152  0   0.0%   0.502 GU:41   AU:2    +
   76   105  0   0.0%   0.704 UG:3    UA:40   +
   36   120  0   0.0%   0.839 GC:20   GU:23   +
  117   145  0   0.0%   1.004 CG:41   UG:2    +
   78   117  0   0.0%   1.054 GC:41   GU:2    +
   88   101  0   0.0%   1.056 GC:2    GU:41   +
  116   147  0   0.0%   0.448 GU:1    AU:42   +
   80   101  0   0.0%   0.543 GC:2    GU:41   +
   22   131  0   0.0%   0.348 UG:41   UA:2    +
   29   112  0   0.0%   0.172 CG:7    UG:36   +
   31    50  0   0.0%   0.086 CG:3    UG:40   +
  100   142  0   0.0%   0.450 CG:4    UG:39   +
   71   106  0   0.0%   0.785 UG:1    UA:42   +
   31   109  0   0.0%   0.410 CG:3    UG:40   +
   76   106  0   0.0%   0.706 UG:1    UA:42   +
  117   136  0   0.0%   0.842 CG:41   UG:2    +
   31   112  0   0.0%   0.161 CG:3    UG:40   +
   22   104  0   0.0%   0.070 UG:1    UA:42   +
   70   107  0   0.0%   0.785 GC:1    GU:42   +
   29    65  0   0.0%   0.104 CG:7    UG:36   +
   53   120  0   0.0%   0.637 GC:20   GU:23   +
   31   134  0   0.0%   0.475 CG:3    UG:40   +
    4   150  0   0.0%   0.500 GU:41   AU:2    +
    2   112  0   0.0%   0.029 CG:1    UG:42   +
    4    20  0   0.0%   0.000 GU:41   AU:2    +
   20   105  0   0.0%   0.205 UG:3    UA:40   +
  131   138  0   0.0%   0.674 GU:41   AU:2    +
   13   128  0   0.0%   0.204 GC:41   GU:2    +
   57   102  0   0.0%   0.586 UG:3    UA:40   +
   56   103  0   0.0%   0.349 GC:41   GU:2    +
    2    37  0   0.0%   0.027 CG:1    UG:42   +
   33   100  0   0.0%   0.601 GC:4    GU:39   +
    6   105  0   0.0%   0.192 UG:3    UA:40   +
    2    90  0   0.0%   0.029 CG:1    UG:42   +
    6   106  0   0.0%   0.192 UG:1    UA:42   +
   57   106  0   0.0%   0.580 UG:1    UA:42   +
   60   107  0   0.0%   0.392 GC:1    GU:42   +
   19   120  0   0.0%   0.278 GC:20   GU:23   +
   55   104  0   0.0%   0.451 UG:1    UA:42   +
   32   103  0   0.0%   0.576 GC:41   GU:2    +
  100   132  0   0.0%   0.883 CG:4    UG:39   +
   29    56  0   0.0%   0.105 CG:7    UG:36   +
   90   128  0   0.0%   1.124 GC:41   GU:2    +
   31   124  0   0.0%   0.611 CG:3    UG:40   +
  139   150  0   0.0%   0.225 GU:42   AU:1    +
   29   136  0   0.0%   0.180 CG:7    UG:36   +
   82   131  0   0.0%   1.239 UG:41   UA:2    +
   34   133  0   0.0%   1.014 GC:21   GU:22   +
   29    49  0   0.0%   0.104 CG:7    UG:36   +
   60   120  0   0.0%   0.394 GC:20   GU:23   +
   29   109  0   0.0%   0.421 CG:7    UG:36   +
    6   104  0   0.0%   0.192 UG:1    UA:42   +
   16    20  0   0.0%   0.136 GU:7    AU:36   +
  120   142  0   0.0%   0.619 CG:20   UG:23   +
   73   103  0   0.0%   0.802 GC:41   GU:2    +
  133   145  0   0.0%   0.252 CG:21   UG:22   +
   78   107  0   0.0%   0.202 GC:1    GU:42   +
    2    33  0   0.0%   0.027 CG:1    UG:42   +
   29    73  0   0.0%   0.104 CG:7    UG:36   +
    2   124  0   0.0%   0.031 CG:1    UG:42   +
   64   107  0   0.0%   0.538 GC:1    GU:42   +
   90   100  0   0.0%   0.962 GC:4    GU:39   +
   58    76  0   0.0%   0.835 GU:1    AU:42   +
   82   116  0   0.0%   1.138 UG:1    UA:42   +
   81   117  0   0.0%   1.446 GC:41   GU:2    +
   73   120  0   0.0%   1.573 GC:20   GU:23   +
   58   138  0   0.0%   0.220 GU:1    AU:42   +
   76   104  0   0.0%   0.707 UG:1    UA:42   +
   22   149  0   0.0%   0.313 UG:24   UA:19   +
    6   102  0   0.0%   0.192 UG:3    UA:40   +
   91    96  0   1.0%   1.029 AU:43   +
   71   118  0   1.0%   1.481 UA:43   +
   20    28  0   0.9%   0.287 UA:43   +
   88    99  0   0.9%   1.191 GC:43   +
   18    30  0   0.9%   0.270 GC:43   +
    5   112  0   0.9%   0.187 CG:43   +
   53    59  0   0.9%   0.499 GC:43   +
   54    60  0   0.9%   0.139 CG:43   +
    7   122  0   0.8%   0.195 CG:43   +
   88    98  0   0.8%   1.128 GC:43   +
    6   123  0   0.8%   0.354 UG:43   +
    6   111  0   0.8%   0.305 UA:43   +
   21    30  0   0.8%   0.499 GC:43   +
  138   148  0   0.8%   0.203 UA:43   +
    8   121  0   0.8%   0.413 CG:43   +
   46   122  0   0.7%   1.671 CG:43   +
   45   123  0   0.7%   1.655 CG:43   +
   11    33  0   0.7%   0.271 CG:43   +
    5   124  0   0.7%   0.216 CG:43   +
   10    34  0   0.7%   0.267 CG:43   +
   53    61  0   0.7%   0.369 GC:43   +
   72   113  0   0.7%   1.275 GC:43   +
  122   127  0   0.6%   1.693 GC:43   +
   39    49  0   0.6%   0.258 CG:43   +
   38    50  0   0.6%   0.257 CG:43   +
  108   121  0   0.6%   1.148 CG:43   +
   11    36  0   0.6%   0.255 CG:43   +
   54    78  0   0.6%   0.657 CG:43   +
   10    37  0   0.6%   0.242 CG:43   +
   11   122  0   0.6%   0.827 CG:43   +
    7    32  0   0.6%   0.099 CG:43   +
    6    33  0   0.6%   0.233 UG:43   +
  127   132  0   0.6%   1.370 CG:43   +
   55    77  0   0.6%   0.639 UA:43   +
    5    34  0   0.6%   0.101 CG:43   +
   10   123  0   0.6%   0.881 CG:43   +
   48    78  0   0.6%   0.699 UG:43   +
   30    37  0   0.5%   0.260 CG:43   +
   51    57  0   0.5%   0.090 AU:43   +
   38   122  0   0.5%   1.332 CG:43   +
   40    48  0   0.5%   0.087 AU:43   +
    5   142  0   0.5%   0.629 CG:43   +
   39   121  0   0.5%   1.030 CG:43   +
   12   154  1   0.0%   0.390 CG:1    UG:21   UA:18   --:2    +
  120   131  1   0.0%   0.945 CG:19   UG:22   UA:1    +
    2   154  1   0.0%   0.069 CG:1    UG:21   UA:18   --:2    +
  100   154  1   0.0%   0.432 CG:4    UG:18   UA:18   --:2    +
   31   149  1   0.0%   0.474 CG:2    UG:22   UA:18   +
    8   124  0   0.5%   1.306 CG:43   +
    5   132  0   0.5%   0.597 CG:43   +
   15    30  0   0.5%   0.078 GC:43   +
    7   125  0   0.5%   0.992 CG:43   +
    6   141  0   0.4%   0.753 UA:43   +
   22    28  0   0.4%   0.143 UA:43   +
   71   115  0   0.4%   0.855 UA:43   +
   61    70  0   0.4%   1.206 CG:43   +
   60    71  0   0.4%   1.074 GU:43   +
   59    72  0   0.4%   1.457 CG:43   +
  108   134  0   0.3%   0.379 CG:43   +
  110   132  0   0.3%   1.121 CG:43   +
  107   135  1   0.3%   0.324 UG:1    UA:41   +
   56    75  0   0.3%   0.969 GC:43   +
   53    57  0   0.3%   0.205 GU:43   +
   34    75  0   0.3%   0.168 GC:43   +
  113   123  0   0.3%   1.832 CG:43   +
   56    76  0   0.3%   0.975 GU:43   +
   33    76  0   0.3%   0.310 GU:43   +
  113   122  0   0.3%   1.852 CG:43   +
   56    68  0   0.3%   0.643 GU:43   +
  103   139  1   0.3%   0.386 CG:40   UG:2    +
   70    75  0   0.2%   1.437 GC:43   +
   33    39  0   0.2%   0.416 GC:43   +
   30    36  0   0.2%   0.202 CG:43   +
   69    76  0   0.2%   0.964 AU:43   +
   34    38  0   0.2%   0.279 GC:43   +
    7    34  0   0.2%   0.114 CG:43   +
   16    31  2   0.2%   0.098 GC:1    GU:6    AU:34   +
    6    35  0   0.2%   0.214 UA:43   +
   48   119  0   0.2%   0.769 UA:43   +
   30    81  0   0.2%   0.213 CG:43   +
    4   113  2   0.9%   0.149 GC:41   +
   51    68  0   0.2%   0.420 AU:43   +
   57    74  0   0.2%   0.605 UA:43   +
   50    68  0   0.2%   0.777 GU:43   +
    6    24  0   0.2%   0.154 UA:43   +
   68    77  0   0.2%   0.858 UA:43   +
    6    25  0   0.2%   0.164 UA:43   +
    8    33  0   0.2%   0.350 CG:43   +
   41    67  0   0.2%   0.064 CG:43   +
   78    94  0   0.2%   0.487 GC:43   +
   21   113  0   0.2%   0.951 GC:43   +
   39   122  0   0.2%   1.333 CG:43   +
   20    25  0   0.2%   0.180 UA:43   +
   38   123  0   0.2%   1.301 CG:43   +
   45   121  0   0.2%   0.954 CG:43   +
   19   113  0   0.2%   0.507 GC:43   +
   22   112  0   0.2%   0.380 UG:43   +
   40    68  0   0.2%   0.062 AU:43   +
    5    21  0   0.2%   0.031 CG:43   +
   34   151  0   0.2%   1.024 GC:43   +
   32   153  0   0.2%   0.719 GC:43   +
   33   152  0   0.2%   0.832 GU:43   +
    5    36  0   0.1%   0.071 CG:43   +
   30   122  0   0.1%   0.717 CG:43   +
   66   123  0   0.1%   1.810 CG:43   +
   41    49  0   0.1%   0.084 CG:43   +
   76    84  0   0.1%   0.723 UA:43   +
   75    85  0   0.1%   0.870 CG:43   +
   77    83  0   0.1%   0.426 AU:43   +
   32    41  0   0.1%   0.243 GC:43   +
   66   122  0   0.1%   1.829 CG:43   +
   42    48  0   0.1%   0.055 AU:43   +
   35   150  0   0.1%   0.582 AU:43   +
  132   143  0   0.1%   0.750 GC:43   +
   99   121  0   0.1%   1.379 CG:43   +
   75    81  0   0.1%   0.915 CG:43   +
   98   122  0   0.1%   1.543 CG:43   +
   74    82  0   0.1%   0.220 AU:43   +
   31   154  2   0.1%   0.498 CG:2    UG:20   UA:17   --:2    +
   24   107  1   0.6%   0.122 AU:42   +
   30    34  0   0.1%   0.217 CG:43   +
   97   123  0   0.1%   1.592 CG:43   +
    6   130  0   0.1%   0.675 UA:43   +
  110   121  0   0.1%   1.416 CG:43   +
   87    93  0   0.1%   0.477 GC:43   +
    6   125  0   0.1%   1.029 UG:43   +
   88    92  0   0.1%   0.471 GC:43   +
   76    80  0   0.1%   0.951 UG:43   +
   38    90  0   0.1%   0.741 CG:43   +
   13   110  0   0.1%   0.058 GC:43   +
   11   112  0   0.1%   0.246 CG:43   +
   68   121  0   0.1%   1.753 UG:43   +
   49    54  0   0.1%   0.072 GC:43   +
   49    75  0   0.1%   0.683 GC:43   +
   71    78  0   0.1%   0.912 UG:43   +
   44    68  0   0.1%   0.351 AU:43   +
   41    87  0   0.1%   0.723 CG:43   +
  123   127  0   0.1%   1.558 GC:43   +
  140   144  0   0.1%   0.142 AU:43   +
    5   109  0   0.1%   0.074 CG:43   +
   28    82  0   0.1%   0.086 AU:43   +
   12    35  1   0.6%   0.272 UA:42   +
    7   109  0   0.1%   0.083 CG:43   +
   78    95  0   0.1%   0.482 GC:43   +
    7    21  0   0.1%   0.030 CG:43   +
   20   112  0   0.1%   0.556 UG:43   +
   36    41  0   0.1%   0.115 GC:43   +
   15   108  0   0.1%   0.045 GC:43   +
   51    76  0   0.1%   0.595 AU:43   +
  142   147  0   0.1%   0.504 GU:43   +
   73    83  0   0.1%   0.958 GU:43   +
   30   123  0   0.1%   0.717 CG:43   +
   50   127  0   0.1%   1.134 GC:43   +
   22    27  0   0.1%   0.057 UA:43   +
   96   124  0   0.1%   1.594 UG:43   +
   48   129  0   0.1%   0.738 UA:43   +
   45   132  0   0.1%   1.203 CG:43   +
   95   125  0   0.1%   1.391 CG:43   +
    5   123  0   0.1%   0.120 CG:43   +
   49   113  0   0.1%   0.712 GC:43   +
    6   122  0   0.1%   0.246 UG:43   +
   27    83  0   0.1%   0.035 AU:43   +
    7   121  0   0.1%   0.081 CG:43   +
   99   122  0   0.1%   1.561 CG:43   +
   98   123  0   0.1%   1.521 CG:43   +
   20    27  0   0.1%   0.171 UA:43   +
   48   115  0   0.1%   0.663 UA:43   +
   16   107  1   0.1%   0.054 GU:7    AU:35   +
   88    93  0   0.1%   0.480 GC:43   +
   77    96  0   0.1%   0.576 AU:43   +
   42    76  0   0.1%   0.670 AU:43   +
   78    82  0   0.1%   0.330 GU:43   +
   76   112  0   0.1%   1.560 UG:43   +
   46    56  0   0.1%   0.027 CG:43   +
   88   127  0   0.1%   1.105 GC:43   +
   56    61  0   0.1%   0.258 GC:43   +
   30    80  0   0.1%   0.177 CG:43   +
   47    55  0   0.1%   0.019 AU:43   +
   87    94  0   0.1%   0.527 GC:43   +
   73    97  0   0.1%   1.115 GC:43   +
   39    88  0   0.1%   0.893 CG:43   +
   72    98  0   0.1%   1.141 GC:43   +
   33    45  0   0.1%   0.258 GC:43   +
  113   124  0   0.1%   1.810 CG:43   +
   32    46  0   0.1%   0.235 GC:43   +
    4   133  2   0.4%   0.515 GC:19   GU:22   +
   12   119  1   0.5%   0.411 UA:42   +
   66    78  0   0.0%   0.648 CG:43   +
   71   119  0   0.0%   1.635 UA:43   +
   37    93  0   0.0%   0.283 GC:43   +
   68   118  0   0.0%   0.806 UA:43   +
   90   126  0   0.0%   1.425 GC:43   +
   74    96  0   0.0%   0.356 AU:43   +
  108   123  0   0.0%   1.243 CG:43   +
   93   124  0   0.0%   1.211 CG:43   +
   92   125  0   0.0%   1.040 CG:43   +
   94   123  0   0.0%   1.329 CG:43   +
  121   127  0   0.0%   1.458 GC:43   +
   33    46  0   0.0%   0.264 GC:43   +
   95   122  0   0.0%   1.561 CG:43   +
   34    45  0   0.0%   0.123 GC:43   +
   90    98  0   0.0%   1.137 GC:43   +
  122   126  0   0.0%   1.983 GC:43   +
   20   115  0   0.0%   0.508 UA:43   +
    7    33  0   0.0%   0.079 CG:43   +
   50    57  0   0.0%   0.056 GU:43   +
   19    30  0   0.0%   0.236 GC:43   +
   50    61  0   0.0%   0.604 GC:43   +
   81    98  0   0.0%   0.809 GC:43   +
   80    99  0   0.0%   0.860 GC:43   +
   49    59  0   0.0%   0.065 GC:43   +
   21    41  0   0.0%   0.363 GC:43   +
   67    75  0   0.0%   0.931 GC:43   +
   96   121  0   0.0%   1.425 UG:43   +
   22    40  0   0.0%   0.066 UA:43   +
   50    54  0   0.0%   0.061 GC:43   +
   68    74  0   0.0%   0.625 UA:43   +
  108   122  0   0.0%   1.276 CG:43   +
    6   140  0   0.0%   0.688 UA:43   +
   97   124  0   0.0%   1.598 CG:43   +
  110   125  0   0.0%   1.362 CG:43   +
  109   126  0   0.0%   1.501 GC:43   +
   11    32  0   0.0%   0.154 CG:43   +
   11    34  0   0.0%   0.240 CG:43   +
   10    33  0   0.0%   0.166 CG:43   +
   85    95  0   0.0%   0.479 GC:43   +
   20    26  0   0.0%   0.158 UA:43   +
   46    87  0   0.0%   0.793 CG:43   +
   45    88  0   0.0%   0.793 CG:43   +
    8    32  0   0.0%   0.319 CG:43   +
   64    75  0   0.0%   1.064 GC:43   +
   84    96  0   0.0%   0.349 AU:43   +
   62    71  0   0.0%   1.174 AU:43   +
   61    72  0   0.0%   1.289 CG:43   +
   63    70  0   0.0%   1.121 UG:43   +
   66    72  0   0.0%   1.271 CG:43   +
   30    49  0   0.0%   0.168 CG:43   +
   94   122  0   0.0%   1.350 CG:43   +
   95   121  0   0.0%   1.379 CG:43   +
   93   123  0   0.0%   1.197 CG:43   +
   45    67  0   0.0%   0.226 CG:43   +
   48   121  0   0.0%   1.097 UG:43   +
  109   113  0   0.0%   1.349 GC:43   +
   92   124  0   0.0%   1.196 CG:43   +
   49    83  0   0.0%   0.598 GU:43   +
   48    84  0   0.0%   0.647 UA:43   +
   49    55  0   0.0%   0.071 GU:43   +
   55    62  0   0.0%   0.216 UA:43   +
   95   124  0   0.0%   1.542 CG:43   +
   63    81  0   0.0%   0.659 UG:43   +
  110   122  0   0.0%   1.562 CG:43   +
   94   125  0   0.0%   1.174 CG:43   +
   39    90  0   0.0%   0.737 CG:43   +
   50    82  0   0.0%   0.730 GU:43   +
   30    50  0   0.0%   0.172 CG:43   +
  138   145  0   0.0%   0.191 UG:43   +
   62    82  0   0.0%   0.586 AU:43   +
   37   127  0   0.0%   1.468 GC:43   +
   15   113  0   0.0%   0.083 GC:43   +
   36    94  0   0.0%   0.476 GC:43   +
   20   118  0   0.0%   0.625 UA:43   +
   41    72  0   0.0%   0.780 CG:43   +
   22    26  0   0.0%   0.040 UA:43   +
   42    71  0   0.0%   0.636 AU:43   +
    5    53  0   0.0%   0.058 CG:43   +
   87    92  0   0.0%   0.457 GC:43   +
  123   151  0   0.0%   0.984 GC:43   +
   11    19  0   0.0%   0.229 CG:43   +
  122   152  0   0.0%   1.108 GU:43   +
  121   153  0   0.0%   0.959 GC:43   +
   54   125  0   0.0%   1.399 CG:43   +
   53   126  0   0.0%   1.455 GC:43   +
  124   150  0   0.0%   0.984 GU:43   +
   33    75  0   0.0%   0.262 GC:43   +
   50    76  0   0.0%   1.087 GU:43   +
   55   124  0   0.0%   1.441 UG:43   +
   32    76  0   0.0%   0.236 GU:43   +
   90    94  0   0.0%   0.700 GC:43   +
    6    34  0   0.0%   0.206 UG:43   +
    7    19  0   0.0%   0.006 CG:43   +
    8    18  0   0.0%   0.006 CG:43   +
   14   152  0   0.0%   0.007 AU:43   +
   13   153  0   0.0%   0.199 GC:43   +
   15   151  0   0.0%   0.109 GC:43   +
   57    70  0   0.0%   1.250 UG:43   +
   28    83  0   0.0%   0.084 AU:43   +
    7   132  0   0.0%   0.603 CG:43   +
    9    22  0   0.0%   0.164 AU:43   +
   83    89  0   0.0%   0.187 UA:43   +
   37   113  0   0.0%   0.859 GC:43   +
   33    41  0   0.0%   0.261 GC:43   +
  119   138  0   0.0%   0.501 AU:43   +
   10    21  0   0.0%   0.410 CG:43   +
    7    50  0   0.0%   0.060 CG:43   +
  108   124  0   0.0%   1.244 CG:43   +
    6    26  0   0.0%   0.147 UA:43   +
   71    80  0   0.0%   1.024 UG:43   +
   99   123  0   0.0%   1.531 CG:43   +
   60   108  0   0.0%   0.428 GC:43   +
    6   132  0   0.0%   0.707 UG:43   +
   34    54  0   0.0%   0.120 GC:43   +
   43    76  0   0.0%   0.470 AU:43   +
   59    73  0   0.0%   1.360 CG:43   +
   98   124  0   0.0%   1.522 CG:43   +
  121   138  0   0.0%   1.029 GU:43   +
   22   119  0   0.0%   0.343 UA:43   +
   41    50  0   0.0%   0.070 CG:43   +
   52    68  0   0.0%   0.484 AU:43   +
   72    99  0   0.0%   1.138 GC:43   +
   73    98  0   0.0%   1.115 GC:43   +
    8    49  0   0.0%   0.298 CG:43   +
   33    55  0   0.0%   0.262 GU:43   +
   48    60  0   0.0%   0.044 UG:43   +
   97   122  0   0.0%   1.601 CG:43   +
  113   132  0   0.0%   1.426 CG:43   +
   48    56  0   0.0%   0.050 UG:43   +
   98   121  0   0.0%   1.346 CG:43   +
   34    76  0   0.0%   0.154 GU:43   +
  120   139  1   0.0%   0.608 CG:19   UG:23   +
    7    88  0   0.0%   0.062 CG:43   +
    6    89  0   0.0%   0.194 UA:43   +
   96   123  0   0.0%   1.573 UG:43   +
  124   151  0   0.0%   0.960 GC:43   +
    5    90  0   0.0%   0.059 CG:43   +
  123   152  0   0.0%   0.989 GU:43   +
   50   113  0   0.0%   0.825 GC:43   +
  122   153  0   0.0%   1.106 GC:43   +
    6    52  0   0.0%   0.192 UA:43   +
   30   121  0   0.0%   0.398 CG:43   +
   41    90  0   0.0%   0.562 CG:43   +
    5    33  0   0.0%   0.015 CG:43   +
   39    80  0   0.0%   0.578 CG:43   +
   33    54  0   0.0%   0.259 GC:43   +
   38    81  0   0.0%   0.580 CG:43   +
   48    80  0   0.0%   0.827 UG:43   +
   13   113  0   0.0%   0.084 GC:43   +
   41    78  0   0.0%   0.414 CG:43   +
   32    55  0   0.0%   0.234 GU:43   +
   12    16  1   0.0%   0.004 UG:7    UA:35   +
   46    53  0   0.0%   0.016 CG:43   +
   97   125  0   0.0%   1.432 CG:43   +
   37    54  0   0.0%   0.083 GC:43   +
   38    53  0   0.0%   0.195 CG:43   +
   67    71  0   0.0%   1.011 GU:43   +
    8    87  0   0.0%   0.299 CG:43   +
   76   115  0   0.0%   1.087 UA:43   +
  125   150  0   0.0%   0.969 GU:43   +
   34    39  0   0.0%   0.267 GC:43   +
  108   136  0   0.0%   0.344 CG:43   +
   96   125  0   0.0%   1.427 UG:43   +
   50    55  0   0.0%   0.059 GU:43   +
   38   112  0   0.0%   0.794 CG:43   +
   45    50  0   0.0%   0.051 CG:43   +
   62    68  0   0.0%   1.002 AU:43   +
   59   109  0   0.0%   1.074 CG:43   +
    3   144  1   0.5%   0.095 AU:42   +
    2   116  1   0.0%   0.033 UG:1    UA:41   +
    6    32  0   0.0%   0.145 UG:43   +
   20    42  0   0.0%   0.201 UA:43   +
   36    46  0   0.0%   0.101 GC:43   +
   37    45  0   0.0%   0.084 GC:43   +
   33    93  0   0.0%   0.280 GC:43   +
   34    92  0   0.0%   0.135 GC:43   +
   36    55  0   0.0%   0.100 GU:43   +
   32    94  0   0.0%   0.250 GC:43   +
   82    90  0   0.0%   0.208 UG:43   +
   75    80  0   0.0%   0.948 CG:43   +
   78   113  0   0.0%   1.107 GC:43   +
   42    83  0   0.0%   0.280 AU:43   +
   41    56  0   0.0%   0.035 CG:43   +
   63    67  0   0.0%   0.648 UG:43   +
   44    76  0   0.0%   0.407 AU:43   +
  108   112  0   0.0%   0.798 CG:43   +
   32    48  0   0.0%   0.231 GU:43   +
   47    57  0   0.0%   0.008 AU:43   +
    6    14  0   0.0%   0.003 UA:43   +
    5    15  0   0.0%   0.003 CG:43   +
    7    13  0   0.0%   0.003 CG:43   +
   38   132  0   0.0%   1.621 CG:43   +
   81    99  0   0.0%   0.805 GC:43   +
   42    55  0   0.0%   0.017 AU:43   +
   58   107  1   0.0%   0.269 GU:1    AU:41   +
    6    51  0   0.0%   0.190 UA:43   +
   66    80  0   0.0%   0.767 CG:43   +
  121   126  0   0.0%   1.833 GC:43   +
   59    65  0   0.0%   0.831 CG:43   +
   37    82  0   0.0%   0.278 GU:43   +
   35   152  0   0.0%   0.579 AU:43   +
   34   153  0   0.0%   1.016 GC:43   +
   37    92  0   0.0%   0.273 GC:43   +
   55    60  0   0.0%   0.059 UG:43   +
  144   148  0   0.0%   0.167 UA:43   +
   20    37  0   0.0%   0.231 UG:43   +
   36   151  0   0.0%   1.206 GC:43   +
   19    38  0   0.0%   0.164 GC:43   +
   22    33  0   0.0%   0.144 UG:43   +
   18    39  0   0.0%   0.163 GC:43   +
   22    35  0   0.0%   0.102 UA:43   +
   13    30  0   0.0%   0.003 GC:43   +
   57   122  0   0.0%   1.560 UG:43   +
   66   125  0   0.0%   1.647 CG:43   +
  137   147  0   0.0%   0.076 AU:43   +
   48    69  0   0.0%   0.237 UA:43   +
   55    70  0   0.0%   0.989 UG:43   +
   63    69  0   0.0%   0.661 UA:43   +
   32    38  0   0.0%   0.077 GC:43   +
   10   124  0   0.0%   0.843 CG:43   +
   11   123  0   0.0%   0.799 CG:43   +
   65   126  0   0.0%   1.580 GC:43   +
   70   113  0   0.0%   1.096 GC:43   +
   45    49  0   0.0%   0.057 CG:43   +
   51    55  0   0.0%   0.017 AU:43   +
   49    68  0   0.0%   0.599 GU:43   +
   32   113  0   0.0%   0.832 GC:43   +
  125   151  0   0.0%   0.944 GC:43   +
  124   152  0   0.0%   0.964 GU:43   +
  123   153  0   0.0%   0.986 GC:43   +
   68    78  0   0.0%   0.740 UG:43   +
   64   127  0   0.0%   1.028 GC:43   +
    6    27  0   0.0%   0.149 UA:43   +
   32   127  0   0.0%   0.589 GC:43   +
   45    87  0   0.0%   0.788 CG:43   +
   55   121  0   0.0%   0.916 UG:43   +
   54   122  0   0.0%   1.572 CG:43   +
   38    70  0   0.0%   0.193 CG:43   +
   22    32  0   0.0%   0.128 UG:43   +
   36    93  0   0.0%   0.471 GC:43   +
   33   126  0   0.0%   0.977 GC:43   +
   34   113  0   0.0%   0.718 GC:43   +
   55    84  0   0.0%   0.451 UA:43   +
   70    99  0   0.0%   1.051 GC:43   +
   33   113  0   0.0%   0.863 GC:43   +
   81   110  0   0.0%   1.330 GC:43   +
   54    85  0   0.0%   0.700 CG:43   +
   82   109  0   0.0%   1.337 UG:43   +
   56    83  0   0.0%   0.507 GU:43   +
   46    50  0   0.0%   0.050 CG:43   +
   37    71  0   0.0%   0.078 GU:43   +
   85    98  0   0.0%   0.556 GC:43   +
   75   122  0   0.0%   1.990 CG:43   +
   68   123  0   0.0%   1.894 UG:43   +
   69    82  0   0.0%   0.446 AU:43   +
   68    72  0   0.0%   1.408 UG:43   +
   22    34  0   0.0%   0.141 UG:43   +
   40    57  0   0.0%   0.033 AU:43   +
    5    37  0   0.0%   0.053 CG:43   +
   83    88  0   0.0%   0.351 UG:43   +
   48    85  0   0.0%   0.776 UG:43   +
   43    82  0   0.0%   0.080 AU:43   +
    7   134  0   0.0%   0.574 CG:43   +
   76   121  0   0.0%   1.806 UG:43   +
   64    68  0   0.0%   1.032 GU:43   +
   38    65  0   0.0%   0.192 CG:43   +
   85   108  0   0.0%   1.309 GC:43   +
   39    64  0   0.0%   0.191 CG:43   +
  129   147  0   0.0%   0.086 AU:43   +
   37    66  0   0.0%   0.077 GC:43   +
    9    48  0   0.0%   0.138 AU:43   +
    5   136  0   0.0%   0.548 CG:43   +
   10    15  0   0.0%   0.003 CG:43   +
   39    50  0   0.0%   0.227 CG:43   +
   36   113  0   0.0%   1.055 GC:43   +
  145   153  0   0.0%   0.144 GC:43   +
   59    64  0   0.0%   0.824 CG:43   +
   54    64  0   0.0%   0.250 CG:43   +
    7    85  0   0.0%   0.059 CG:43   +
   40    63  0   0.0%   0.033 AU:43   +
    6    86  0   0.0%   0.192 UA:43   +
   85    93  0   0.0%   0.426 GC:43   +
   37    41  0   0.0%   0.093 GC:43   +
   34    41  0   0.0%   0.122 GC:43   +
   33    99  0   0.0%   0.922 GC:43   +
   75    90  0   0.0%   0.732 CG:43   +
   57   119  0   0.0%   0.686 UA:43   +
   21    75  0   0.0%   0.359 GC:43   +
   38    78  0   0.0%   0.559 CG:43   +
   75   123  0   0.0%   1.962 CG:43   +
   45    56  0   0.0%   0.015 CG:43   +
   20    24  0   0.0%   0.150 UA:43   +
   51    82  0   0.0%   0.225 AU:43   +
   22    74  0   0.0%   0.062 UA:43   +
   73   108  0   0.0%   0.873 GC:43   +
   71   112  0   0.0%   0.938 UG:43   +
   76    89  0   0.0%   0.705 UA:43   +
   75    87  0   0.0%   0.892 CG:43   +
  102   107  1   0.0%   0.688 GU:3    AU:39   +
   41    88  0   0.0%   0.716 CG:43   +
   36    45  0   0.0%   0.099 GC:43   +
    5    87  0   0.0%   0.056 CG:43   +
   59    70  0   0.0%   1.302 CG:43   +
   36    83  0   0.0%   0.477 GU:43   +
   76   122  0   0.0%   1.981 UG:43   +
   22    37  0   0.0%   0.090 UG:43   +
   57    72  0   0.0%   1.345 UG:43   +
   18   108  0   0.0%   0.168 GC:43   +
   50    83  0   0.0%   0.716 GU:43   +
   30   124  0   0.0%   0.698 CG:43   +
   11    15  0   0.0%   0.003 CG:43   +
   76    86  0   0.0%   0.703 UA:43   +
   72   108  0   0.0%   0.899 GC:43   +
   59    81  0   0.0%   0.882 CG:43   +
   49    66  0   0.0%   0.260 GC:43   +
   57    67  0   0.0%   0.382 UG:43   +
   37   150  0   0.0%   0.945 GU:43   +
   61   125  0   0.0%   1.281 CG:43   +
   66    70  0   0.0%   1.168 CG:43   +
   60   126  0   0.0%   1.209 GC:43   +
   21    38  0   0.0%   0.356 GC:43   +
   45    53  0   0.0%   0.015 CG:43   +
   97   121  0   0.0%   1.422 CG:43   +
   46    65  0   0.0%   0.405 CG:43   +
    5    81  0   0.0%   0.055 CG:43   +
   75    88  0   0.0%   0.889 CG:43   +
   76    87  0   0.0%   0.875 UG:43   +
   90    96  0   0.0%   1.111 GU:43   +
   48    67  0   0.0%   0.249 UG:43   +
   38    87  0   0.0%   0.561 CG:43   +
   33    94  0   0.0%   0.280 GC:43   +
   32    95  0   0.0%   0.249 GC:43   +
   34    93  0   0.0%   0.135 GC:43   +
  128   139  1   0.0%   0.705 CG:40   UG:2    +
    5    32  0   0.0%   0.012 CG:43   +
   48    53  0   0.0%   0.043 UG:43   +
   71    77  0   0.0%   1.001 UA:43   +
   11    37  0   0.0%   0.216 CG:43   +
  129   138  0   0.0%   0.100 AU:43   +
   34    46  0   0.0%   0.120 GC:43   +
   37    76  0   0.0%   0.660 GU:43   +
   44    57  0   0.0%   0.002 AU:43   +
   71   109  0   0.0%   1.161 UG:43   +
   10    36  0   0.0%   0.162 CG:43   +
   36    54  0   0.0%   0.097 GC:43   +
   35    55  0   0.0%   0.050 AU:43   +
   61    67  0   0.0%   0.699 CG:43   +
   47    68  0   0.0%   0.537 AU:43   +
   35    68  0   0.0%   0.046 AU:43   +
   34    98  0   0.0%   0.777 GC:43   +
    8   109  0   0.0%   0.309 CG:43   +
   21    59  0   0.0%   0.357 GC:43   +
   54    81  0   0.0%   0.753 CG:43   +
    6    80  0   0.0%   0.191 UG:43   +
   23    57  0   0.0%   0.125 AU:42   --:1    +
  140   150  0   0.0%   0.203 AU:43   +
   43    48  0   0.0%   0.038 AU:43   +
   55    80  0   0.0%   0.633 UG:43   +
   70   110  0   0.0%   1.126 GC:43   +
   53    82  0   0.0%   0.676 GU:43   +
    7    73  0   0.0%   0.058 CG:43   +
  112   127  0   0.0%   1.148 GC:43   +
   80    94  0   0.0%   0.860 GC:43   +
   73   127  0   0.0%   1.696 GC:43   +
   64   108  0   0.0%   0.570 GC:43   +
    8    72  0   0.0%   0.296 CG:43   +
   72    76  0   0.0%   1.491 GU:43   +
    6    74  0   0.0%   0.190 UA:43   +
  110   123  0   0.0%   1.521 CG:43   +
   60    68  0   0.0%   0.866 GU:43   +
   26    83  0   0.0%   0.011 AU:43   +
   59    85  0   0.0%   0.828 CG:43   +
   82    89  0   0.0%   0.195 UA:43   +
   88   126  0   0.0%   1.417 GC:43   +
   87   127  0   0.0%   1.116 GC:43   +
   61   132  0   0.0%   1.002 CG:43   +
   41   124  0   0.0%   2.017 CG:43   +
    9    71  0   0.0%   0.137 AU:43   +
  113   145  0   0.0%   1.116 CG:43   +
    9   138  0   0.0%   0.138 AU:43   +
   51    63  0   0.0%   0.223 AU:43   +
  107   116  1   0.0%   0.632 UG:1    UA:41   +
   46   123  0   0.0%   1.607 CG:43   +
  112   147  0   0.0%   0.752 GU:43   +
   30    73  0   0.0%   0.165 CG:43   +
  136   143  0   0.0%   0.166 GC:43   +
   20    60  0   0.0%   0.200 UG:43   +
   18   110  0   0.0%   0.175 GC:43   +
  115   144  0   0.0%   0.137 AU:43   +
   71   129  0   0.0%   1.233 UA:43   +
   19    61  0   0.0%   0.163 GC:43   +
   27    82  0   0.0%   0.019 AU:43   +
    8   125  0   0.0%   1.187 CG:43   +
   57    78  0   0.0%   0.640 UG:43   +
  110   134  0   0.0%   0.642 CG:43   +
   39    85  0   0.0%   0.559 CG:43   +
    8    36  0   0.0%   0.304 CG:43   +
   52    83  0   0.0%   0.340 AU:43   +
  129   144  0   0.0%   0.117 AU:43   +
   55    73  0   0.0%   1.135 UG:43   +
   81   108  0   0.0%   1.019 GC:43   +
   68   122  0   0.0%   1.922 UG:43   +
    6    36  0   0.0%   0.197 UG:43   +
    5   122  0   0.0%   0.105 CG:43   +
   81    93  0   0.0%   0.754 GC:43   +
   40    76  0   0.0%   0.799 AU:43   +
   52    63  0   0.0%   0.309 AU:43   +
   45    70  0   0.0%   0.577 CG:43   +
   65    71  0   0.0%   1.427 GU:43   +
   20    34  0   0.0%   0.281 UG:43   +
    7   136  0   0.0%   0.574 CG:43   +
    7    37  0   0.0%   0.057 CG:43   +
  110   124  0   0.0%   1.523 CG:43   +
   44    71  0   0.0%   0.376 AU:43   +
    5    78  0   0.0%   0.055 CG:43   +
   95   123  0   0.0%   1.529 CG:43   +
   94   124  0   0.0%   1.332 CG:43   +
   12   116  1   0.0%   0.208 UG:1    UA:41   +
  145   151  0   0.0%   0.144 GC:43   +
   80    92  0   0.0%   0.254 GC:43   +
    6    28  0   0.0%   0.144 UA:43   +
  122   138  0   0.0%   1.173 GU:43   +
   63   129  0   0.0%   0.482 UA:43   +
   75   121  0   0.0%   1.815 CG:43   +
   49    57  0   0.0%   0.058 GU:43   +
   15    66  0   0.0%   0.029 GC:43   +
   55    74  0   0.0%   0.418 UA:43   +
  101   154  2   0.0%   0.522 CG:1    UG:21   UA:17   --:2    +
   73    99  0   0.0%   1.111 GC:43   +
   13    68  0   0.0%   0.033 GU:43   +
   23    83  0   0.0%   0.125 AU:42   --:1    +
  109   127  0   0.0%   1.173 GC:43   +
   10    70  0   0.0%   0.182 CG:43   +
   78   108  0   0.0%   0.234 GC:43   +
   20    35  0   0.0%   0.241 UA:43   +
    6   129  0   0.0%   0.654 UA:43   +
   56   113  0   0.0%   0.774 GC:43   +
   94   132  0   0.0%   0.887 CG:43   +
    6   121  0   0.0%   0.230 UG:43   +
   24    82  0   0.0%   0.015 AU:43   +
   10   132  0   0.0%   0.377 CG:43   +
  130   144  0   0.0%   0.118 AU:43   +
   96   130  0   0.0%   0.688 UA:43   +
    6    77  0   0.0%   0.191 UA:43   +
   56    66  0   0.0%   0.465 GC:43   +
   22    84  0   0.0%   0.062 UA:43   +
   70    76  0   0.0%   1.407 GU:43   +
  144   154  1   0.0%   0.235 UG:22   UA:18   --:2    +
    5    18  0   0.0%   0.001 CG:43   +
   83    91  0   0.0%   0.724 UA:43   +
  125   143  0   0.0%   1.028 GC:43   +
   45    64  0   0.0%   0.012 CG:43   +
  126   142  0   0.0%   1.143 CG:43   +
   45   124  0   0.0%   1.634 CG:43   +
   41    53  0   0.0%   0.034 CG:43   +
    6    21  0   0.0%   0.012 UG:43   +
   57    65  0   0.0%   0.802 UG:43   +
    6   154  1   0.0%   0.707 UG:22   UA:18   --:2    +
   71    84  0   0.0%   0.783 UA:43   +
   55   115  0   0.0%   0.545 UA:43   +
   68    73  0   0.0%   1.378 UG:43   +
  124   144  0   0.0%   1.043 GU:43   +
   32    71  0   0.0%   0.230 GU:43   +
   96   122  0   0.0%   1.598 UG:43   +
   93   125  0   0.0%   1.043 CG:43   +
  122   143  0   0.0%   1.190 GC:43   +
   20   121  0   0.0%   0.715 UG:43   +
  121   144  0   0.0%   1.044 GU:43   +
  136   153  0   0.0%   0.122 GC:43   +
   90    99  0   0.0%   1.146 GC:43   +
  137   152  0   0.0%   0.076 AU:43   +
   85    92  0   0.0%   0.422 GC:43   +
  108   125  0   0.0%   1.074 CG:43   +
  119   147  0   0.0%   0.486 AU:43   +
   46    85  0   0.0%   0.748 CG:43   +
   62    76  0   0.0%   1.019 AU:43   +
   57    64  0   0.0%   0.796 UG:43   +
   72    83  0   0.0%   0.973 GU:43   +
   78    93  0   0.0%   0.139 GC:43   +
   76    91  0   0.0%   0.703 UA:43   +
   46    73  0   0.0%   1.057 CG:43   +
   71    85  0   0.0%   0.913 UG:43   +
    6    17  0   0.0%   0.001 UA:43   +
   52    71  0   0.0%   0.728 AU:43   +
   67   113  0   0.0%   0.606 GC:43   +
    6   137  0   0.0%   0.679 UA:43   +
   47    76  0   0.0%   0.839 AU:43   +
   54   123  0   0.0%   1.543 CG:43   +
    5   145  0   0.0%   0.597 CG:43   +
   17    22  0   0.0%   0.153 AU:43   +
   26    82  0   0.0%   0.010 AU:43   +
   32    75  0   0.0%   0.231 GC:43   +
   39   125  0   0.0%   1.904 CG:43   +
   99   124  0   0.0%   1.532 CG:43   +
   22   111  0   0.0%   0.551 UA:43   +
   65   127  0   0.0%   1.255 GC:43   +
   25    83  0   0.0%   0.025 AU:43   +
   55   122  0   0.0%   1.451 UG:43   +
   57   112  0   0.0%   0.796 UG:43   +
   30   112  0   0.0%   0.246 CG:43   +
   64    82  0   0.0%   0.667 GU:43   +
   46    78  0   0.0%   0.452 CG:43   +
   29   149  2   0.0%   0.179 CG:5    UG:19   UA:17   +
   98   125  0   0.0%   1.355 CG:43   +
   85    94  0   0.0%   0.476 GC:43   +
   34    94  0   0.0%   0.135 GC:43   +
   33    95  0   0.0%   0.279 GC:43   +
  130   147  0   0.0%   0.087 AU:43   +
    8    15  0   0.0%   0.001 CG:43   +
  122   147  0   0.0%   1.158 GU:43   +
   68   112  0   0.0%   0.776 UG:43   +
   28   150  0   0.0%   0.080 AU:43   +
   32    59  0   0.0%   0.230 GC:43   +
  108   132  0   0.0%   0.783 CG:43   +
   20    32  0   0.0%   0.269 UG:43   +
  140   152  0   0.0%   0.178 AU:43   +
   11    70  0   0.0%   0.185 CG:43   +
   20    33  0   0.0%   0.284 UG:43   +
   21    39  0   0.0%   0.355 GC:43   +
   59   134  0   0.0%   0.697 CG:43   +
   44    55  0   0.0%   0.007 AU:43   +
   44    48  0   0.0%   0.038 AU:43   +
   92   132  0   0.0%   0.753 CG:43   +
   22    77  0   0.0%   0.062 UA:43   +
   37   143  0   0.0%   0.961 GC:43   +
   80    98  0   0.0%   0.854 GC:43   +
    7    15  0   0.0%   0.002 CG:43   +
   36   144  0   0.0%   1.219 GU:43   +
   59   132  0   0.0%   1.156 CG:43   +
   77    82  0   0.0%   0.418 AU:43   +
   38   142  0   0.0%   1.193 CG:43   +
   63    73  0   0.0%   1.132 UG:43   +
  126   145  0   0.0%   1.136 CG:43   +
   46    81  0   0.0%   0.802 CG:43   +
   32    96  0   0.0%   0.248 GU:43   +
   71    81  0   0.0%   0.968 UG:43   +
   36    92  0   0.0%   0.470 GC:43   +
   90   127  0   0.0%   1.098 GC:43   +
   33    57  0   0.0%   0.257 GU:43   +
   75   109  0   0.0%   1.098 CG:43   +
   57    73  0   0.0%   1.283 UG:43   +
   82   112  0   0.0%   1.266 UG:43   +
   41   112  0   0.0%   0.615 CG:43   +
   39    73  0   0.0%   0.922 CG:43   +
   81    97  0   0.0%   0.798 GC:43   +
   76   130  0   0.0%   1.069 UA:43   +
   81   113  0   0.0%   1.498 GC:43   +
   24   138  0   0.0%   0.047 AU:43   +
  125   147  0   0.0%   0.996 GU:43   +
    8    13  0   0.0%   0.001 CG:43   +
   22    36  0   0.0%   0.098 UG:43   +
   99   109  0   0.0%   1.171 CG:43   +
   50    66  0   0.0%   0.400 GC:43   +
   11   124  0   0.0%   0.788 CG:43   +
   10   125  0   0.0%   0.748 CG:43   +
   45    80  0   0.0%   0.471 CG:43   +
   53   110  0   0.0%   0.818 GC:43   +
  138   154  1   0.0%   0.283 UG:22   UA:18   --:2    +
   54   109  0   0.0%   0.880 CG:43   +
   57    84  0   0.0%   0.582 UA:43   +
   49    93  0   0.0%   0.438 GC:43   +
   50    92  0   0.0%   0.554 GC:43   +
   20    40  0   0.0%   0.199 UA:43   +
   32   110  0   0.0%   0.888 GC:43   +
   34   108  0   0.0%   0.536 GC:43   +
   23   138  0   0.0%   0.133 AU:42   --:1    +
   55    86  0   0.0%   0.448 UA:43   +
   54    87  0   0.0%   0.739 CG:43   +
   45    72  0   0.0%   0.579 CG:43   +
   38   121  0   0.0%   0.951 CG:43   +
  134   151  0   0.0%   0.038 GC:43   +
   18    63  0   0.0%   0.161 GU:43   +
  132   153  0   0.0%   0.646 GC:43   +
   30    56  0   0.0%   0.166 CG:43   +
   81   143  0   0.0%   0.768 GC:43   +
   80   144  0   0.0%   0.754 GU:43   +
   38    72  0   0.0%   0.193 CG:43   +
    2   149  1   0.0%   0.068 UG:24   UA:18   +
   65    82  0   0.0%   0.894 GU:43   +
   22   140  0   0.0%   0.315 UA:43   +
   19    41  0   0.0%   0.162 GC:43   +
   10    18  0   0.0%   0.003 CG:43   +
   82   142  0   0.0%   0.791 UG:43   +
   54   142  0   0.0%   0.686 CG:43   +
   53   143  0   0.0%   0.618 GC:43   +
   13   108  0   0.0%   0.033 GC:43   +
   25    82  0   0.0%   0.025 AU:43   +
   78   147  0   0.0%   0.349 GU:43   +
   64    83  0   0.0%   0.652 GU:43   +
   73    82  0   0.0%   0.956 GU:43   +
   93   132  0   0.0%   0.760 CG:43   +
   88    95  0   0.0%   0.671 GC:43   +
   48    52  0   0.0%   0.039 UA:43   +
   55   141  0   0.0%   0.561 UA:43   +
  109   138  0   0.0%   0.666 GU:43   +
   52   144  0   0.0%   0.203 AU:43   +
   55   118  0   0.0%   0.707 UA:43   +
   55    67  0   0.0%   0.267 UG:43   +
   34    48  0   0.0%   0.114 GU:43   +
   24    83  0   0.0%   0.015 AU:43   +
   54   132  0   0.0%   1.118 CG:43   +
   50   126  0   0.0%   1.446 GC:43   +
   37   147  0   0.0%   0.934 GU:43   +
   61   109  0   0.0%   0.918 CG:43   +
   83    87  0   0.0%   0.353 UG:43   +
   76    90  0   0.0%   0.714 UG:43   +
   47    82  0   0.0%   0.615 AU:43   +
  120   149  2   0.0%   0.548 CG:18   UG:6    UA:17   +
   48    81  0   0.0%   0.826 UG:43   +
  134   138  0   0.0%   0.108 GU:43   +
   23    76  0   0.0%   0.125 AU:42   --:1    +
   39    78  0   0.0%   0.557 CG:43   +
   83   111  0   0.0%   1.886 UA:43   +
   32    61  0   0.0%   0.230 GC:43   +
  127   145  0   0.0%   0.818 CG:43   +
   61    81  0   0.0%   0.728 CG:43   +
   48    86  0   0.0%   0.643 UA:43   +
    5   121  0   0.0%   0.104 CG:43   +
   63    84  0   0.0%   0.472 UA:43   +
   75   132  0   0.0%   1.525 CG:43   +
   44    83  0   0.0%   0.335 AU:43   +
   39    70  0   0.0%   0.191 CG:43   +
   30   134  0   0.0%   0.633 CG:43   +
  141   150  0   0.0%   0.227 AU:43   +
   66   112  0   0.0%   0.678 CG:43   +
   60    82  0   0.0%   0.520 GU:43   +
  138   142  0   0.0%   0.199 UG:43   +
   48   111  0   0.0%   0.899 UA:43   +
   48    74  0   0.0%   0.477 UA:43   +
   87    97  0   0.0%   0.669 GC:43   +
   83   141  0   0.0%   1.222 UA:43   +
   53    76  0   0.0%   1.069 GU:43   +
   22   132  0   0.0%   0.341 UG:43   +
   87    96  0   0.0%   0.677 GU:43   +
   41   145  0   0.0%   1.139 CG:43   +
   66   124  0   0.0%   1.807 CG:43   +
   60   110  0   0.0%   0.736 GC:43   +
   66    81  0   0.0%   0.713 CG:43   +
   78    92  0   0.0%   0.135 GC:43   +
   49   127  0   0.0%   1.029 GC:43   +
   34    59  0   0.0%   0.114 GC:43   +
   22   154  1   0.0%   0.314 UG:22   UA:18   --:2    +
   40   147  0   0.0%   0.408 AU:43   +
   65   113  0   0.0%   1.074 GC:43   +
   38   145  0   0.0%   1.188 CG:43   +
   33    59  0   0.0%   0.257 GC:43   +
   46   112  0   0.0%   0.684 CG:43   +
   63   109  0   0.0%   0.847 UG:43   +
   41    73  0   0.0%   0.776 CG:43   +
  109   151  0   0.0%   0.732 GC:43   +
   41    65  0   0.0%   0.032 CG:43   +
   71   121  0   0.0%   1.970 UG:43   +
   49    71  0   0.0%   0.870 GU:43   +
   60    83  0   0.0%   0.507 GU:43   +
  119   150  0   0.0%   0.454 AU:43   +
   75   124  0   0.0%   1.967 CG:43   +
   32    54  0   0.0%   0.230 GC:43   +
   19   143  0   0.0%   0.276 GC:43   +
   10    32  0   0.0%   0.147 CG:43   +
   20   142  0   0.0%   0.530 UG:43   +
   76   123  0   0.0%   1.952 UG:43   +
   61    85  0   0.0%   0.674 CG:43   +
   70   108  0   0.0%   0.817 GC:43   +
   55   123  0   0.0%   1.422 UG:43   +
   13    46  0   0.0%   0.032 GC:43   +
   54    67  0   0.0%   0.307 CG:43   +
   25   138  0   0.0%   0.027 AU:43   +
  110   136  0   0.0%   0.623 CG:43   +
   22   115  0   0.0%   0.310 UA:43   +
   54   124  0   0.0%   1.557 CG:43   +
  127   134  0   0.0%   0.741 CG:43   +
   49   110  0   0.0%   0.750 GC:43   +
   33    48  0   0.0%   0.255 GU:43   +
   43    55  0   0.0%   0.007 AU:43   +
   30    64  0   0.0%   0.164 CG:43   +
    5    85  0   0.0%   0.055 CG:43   +
   42   138  0   0.0%   0.271 AU:43   +
   69    83  0   0.0%   0.430 AU:43   +
   70    82  0   0.0%   0.908 GU:43   +
   18   144  0   0.0%   0.383 GU:43   +
   19   126  0   0.0%   0.616 GC:43   +
   75   125  0   0.0%   1.805 CG:43   +
   18   127  0   0.0%   0.364 GC:43   +
   78    83  0   0.0%   0.312 GU:43   +
   37    95  0   0.0%   0.913 GC:43   +
  127   136  0   0.0%   0.774 CG:43   +
   20   125  0   0.0%   0.902 UG:43   +
  118   144  0   0.0%   0.390 AU:43   +
  115   138  0   0.0%   0.052 AU:43   +
   53    68  0   0.0%   0.702 GU:43   +
   74    83  0   0.0%   0.195 AU:43   +
    6   148  0   0.0%   0.706 UA:43   +
  142   151  0   0.0%   0.161 GC:43   +
   76   124  0   0.0%   1.957 UG:43   +
  130   138  0   0.0%   0.102 AU:43   +
   48   122  0   0.0%   1.630 UG:43   +
   22   129  0   0.0%   0.319 UA:43   +
    6    84  0   0.0%   0.191 UA:43   +
   42   144  0   0.0%   0.297 AU:43   +
   71    86  0   0.0%   0.780 UA:43   +
   47   138  0   0.0%   0.441 AU:43   +
   19   108  0   0.0%   0.170 GC:43   +
   32    98  0   0.0%   0.248 GC:43   +
   22   130  0   0.0%   0.326 UA:43   +
   33   151  0   0.0%   0.803 GC:43   +
   48   137  0   0.0%   0.720 UA:43   +
  147   154  1   0.0%   0.489 UG:22   UA:18   --:2    +
   81   126  0   0.0%   1.605 GC:43   +
   99   112  0   0.0%   1.100 CG:43   +
   80   127  0   0.0%   1.267 GC:43   +
   22   118  0   0.0%   0.432 UA:43   +
   14    20  0   0.0%   0.136 AU:43   +
   30   109  0   0.0%   0.495 CG:43   +
   49    63  0   0.0%   0.451 GU:43   +
   99   132  0   0.0%   1.072 CG:43   +
   80   110  0   0.0%   1.315 GC:43   +
    7    36  0   0.0%   0.065 CG:43   +
   11    21  0   0.0%   0.408 CG:43   +
   66   109  0   0.0%   0.901 CG:43   +
    5    19  0   0.0%   0.001 CG:43   +
   85   151  0   0.0%   1.042 GC:43   +
   82   125  0   0.0%   1.503 UG:43   +
   30   136  0   0.0%   0.633 CG:43   +
   96   119  0   0.0%   1.075 UA:43   +
   73    92  0   0.0%   0.783 GC:43   +
   14    22  0   0.0%   0.027 AU:43   +
   67   108  0   0.0%   0.329 GC:43   +
   85   153  0   0.0%   1.042 GC:43   +
   72    93  0   0.0%   0.814 GC:43   +
   98   109  0   0.0%   1.159 CG:43   +
    2   105  1   0.0%   0.029 UG:3    UA:39   +
   76    88  0   0.0%   0.872 UG:43   +
    7    80  0   0.0%   0.058 CG:43   +
  137   144  0   0.0%   0.113 AU:43   +
   21    54  0   0.0%   0.359 GC:43   +
   83   130  0   0.0%   1.212 UA:43   +
   11   136  0   0.0%   0.294 CG:43   +
   15    41  0   0.0%   0.028 GC:43   +
   22   121  0   0.0%   0.524 UG:43   +
   86   152  0   0.0%   0.201 AU:43   +
   30    72  0   0.0%   0.165 CG:43   +
   22    53  0   0.0%   0.063 UG:43   +
   84   152  0   0.0%   0.379 AU:43   +
   50    63  0   0.0%   0.592 GU:43   +
   12   135  1   0.0%   0.386 UG:1    UA:41   +
   38    85  0   0.0%   0.559 CG:43   +
    8    34  0   0.0%   0.339 CG:43   +
  142   150  0   0.0%   0.188 GU:43   +
   67    76  0   0.0%   0.913 GU:43   +
   19    45  0   0.0%   0.162 GC:43   +
   34    99  0   0.0%   0.776 GC:43   +
  109   143  0   0.0%   0.675 GC:43   +
  110   142  0   0.0%   0.649 CG:43   +
   18    46  0   0.0%   0.161 GC:43   +
   86   150  0   0.0%   0.198 AU:43   +
  111   138  0   0.0%   0.709 AU:43   +
   65   110  0   0.0%   1.106 GC:43   +
   50   108  0   0.0%   0.633 GC:43   +
   76    85  0   0.0%   0.844 UG:43   +
   82    88  0   0.0%   0.363 UG:43   +
    7   112  0   0.0%   0.107 CG:43   +
   22   123  0   0.0%   0.818 UG:43   +
  150   154  1   0.0%   0.179 UG:22   UA:18   --:2    +
   46    70  0   0.0%   0.574 CG:43   +
   20    44  0   0.0%   0.199 UA:43   +
   49    82  0   0.0%   0.603 GU:43   +
   57   137  0   0.0%   0.643 UA:43   +
   48    65  0   0.0%   0.431 UG:43   +
   73   110  0   0.0%   1.181 GC:43   +
   20   119  0   0.0%   0.531 UA:43   +
   33    97  0   0.0%   0.279 GC:43   +
   59   121  0   0.0%   1.076 CG:43   +
   51    83  0   0.0%   0.212 AU:43   +
   13    22  0   0.0%   0.027 GU:43   +
   26   152  0   0.0%   0.014 AU:43   +
  141   152  0   0.0%   0.202 AU:43   +
    6    18  0   0.0%   0.001 UG:43   +
   46   124  0   0.0%   1.621 CG:43   +
   76    81  0   0.0%   0.890 UG:43   +
   63   123  0   0.0%   1.356 UG:43   +
   33   153  0   0.0%   0.821 GC:43   +
   45   125  0   0.0%   1.470 CG:43   +
   15    45  0   0.0%   0.028 GC:43   +
   22    44  0   0.0%   0.061 UA:43   +
   30   125  0   0.0%   0.599 CG:43   +
    8   132  0   0.0%   0.817 CG:43   +
   22    86  0   0.0%   0.062 UA:43   +
   56   138  0   0.0%   0.416 GU:43   +
   53    63  0   0.0%   0.292 GU:43   +
   78    99  0   0.0%   0.473 GC:43   +
   61    80  0   0.0%   0.782 CG:43   +
   41    64  0   0.0%   0.032 CG:43   +
   65    76  0   0.0%   1.382 GU:43   +
   15   127  0   0.0%   0.111 GC:43   +
  134   143  0   0.0%   0.133 GC:43   +
   82    86  0   0.0%   0.194 UA:43   +
   40   138  0   0.0%   0.408 AU:43   +
   34    57  0   0.0%   0.114 GU:43   +
  126   134  0   0.0%   1.059 CG:43   +
   11    49  0   0.0%   0.186 CG:43   +
   32    45  0   0.0%   0.224 GC:43   +
   10    50  0   0.0%   0.183 CG:43   +
   46    67  0   0.0%   0.221 CG:43   +
   26   138  0   0.0%   0.011 AU:43   +
   68    84  0   0.0%   0.621 UA:43   +
   88    96  0   0.0%   0.673 GU:43   +
   85    96  0   0.0%   0.478 GU:43   +
   38    49  0   0.0%   0.164 CG:43   +
   35    48  0   0.0%   0.046 AU:43   +
   39   145  0   0.0%   1.190 CG:43   +
   32   152  0   0.0%   0.690 GU:43   +
   41    60  0   0.0%   0.032 CG:43   +
   63    74  0   0.0%   0.426 UA:43   +
   42    63  0   0.0%   0.011 AU:43   +
   28    76  0   0.0%   0.068 AU:43   +
    2   104  1   0.0%   0.029 UG:1    UA:41   +
  130   152  0   0.0%   0.035 AU:43   +
   27    76  0   0.0%   0.019 AU:43   +
  148   152  0   0.0%   0.086 AU:43   +
   24   152  0   0.0%   0.049 AU:43   +
   33    92  0   0.0%   0.278 GC:43   +
   32    93  0   0.0%   0.247 GC:43   +
   76   118  0   0.0%   1.274 UA:43   +
   33    61  0   0.0%   0.256 GC:43   +
  132   152  0   0.0%   0.650 GU:43   +
   27   152  0   0.0%   0.027 AU:43   +
   25   152  0   0.0%   0.029 AU:43   +
   54   121  0   0.0%   1.035 CG:43   +
   83   132  0   0.0%   1.658 UG:43   +
   28    57  0   0.0%   0.067 AU:43   +
   23    48  0   0.0%   0.124 AU:42   --:1    +
   52    82  0   0.0%   0.352 AU:43   +
   22    49  0   0.0%   0.062 UG:43   +
   21    45  0   0.0%   0.357 GC:43   +
   41   125  0   0.0%   1.854 CG:43   +
  122   151  0   0.0%   1.100 GC:43   +
   50    71  0   0.0%   1.023 GU:43   +
   71   111  0   0.0%   1.126 UA:43   +
   34   150  0   0.0%   0.994 GU:43   +
  109   153  0   0.0%   0.731 GC:43   +
   41    81  0   0.0%   0.431 CG:43   +
  123   150  0   0.0%   1.005 GU:43   +
   40    82  0   0.0%   0.415 AU:43   +
   57   121  0   0.0%   1.023 UG:43   +
  132   150  0   0.0%   0.672 GU:43   +
   26    76  0   0.0%   0.010 AU:43   +
   22   148  0   0.0%   0.312 UA:43   +
   66    85  0   0.0%   0.657 CG:43   +
   80    95  0   0.0%   0.854 GC:43   +
   72   110  0   0.0%   1.208 GC:43   +
   25    55  0   0.0%   0.026 AU:43   +
   81    94  0   0.0%   0.805 GC:43   +
   41   136  0   0.0%   1.117 CG:43   +
   45    85  0   0.0%   0.749 CG:43   +
   97   112  0   0.0%   1.168 CG:43   +
   60    75  0   0.0%   0.913 GC:43   +
   45   112  0   0.0%   0.687 CG:43   +
  113   134  0   0.0%   0.963 CG:43   +
   73    94  0   0.0%   1.103 GC:43   +
   27   138  0   0.0%   0.024 AU:43   +
   72    95  0   0.0%   1.129 GC:43   +
    4   143  2   0.5%   0.555 GC:41   +
    4   128  2   0.1%   0.470 GC:39   GU:2    +
  117   131  2   0.0%   1.318 CG:39   UG:2    +
    3    22  1   0.2%   0.034 AU:42   +
  101   106  2   0.0%   0.722 UG:1    UA:40   +
  101   105  2   0.0%   0.890 UG:3    UA:38   +
    4   103  2   0.0%   0.019 GC:39   GU:2    +
  101   116  2   0.0%   0.885 UG:1    UA:40   +
    4    79  2   0.0%   0.018 GC:40   GU:1    +
    4   117  2   0.0%   0.066 GC:39   GU:2    +
  103   131  2   0.0%   0.808 CG:39   UG:2    +
   58   101  2   0.0%   0.224 GU:1    AU:40   +
    2    23  1   0.2%   0.031 UA:41   --:1    +
   23   107  1   0.1%   0.155 AU:41   --:1    +
    2    27  1   0.1%   0.038 UA:42   +
    2   129  1   0.1%   0.051 UA:42   +
   12   111  1   0.1%   0.256 UA:42   +
    2   130  1   0.1%   0.057 UA:42   +
  139   143  1   0.1%   0.221 GC:42   +
    7   139  1   0.1%   0.588 CG:42   +
    2    26  1   0.0%   0.025 UA:42   +
    2    28  1   0.0%   0.031 UA:42   +
    2    25  1   0.0%   0.018 UA:42   +
    3    55  1   0.0%   0.017 AU:42   +
   25   107  1   0.0%   0.075 AU:42   +
    2    24  1   0.0%   0.015 UA:42   +
   62   107  1   0.0%   0.457 AU:42   +
   12   115  1   0.0%   0.209 UA:42   +
  107   148  1   0.0%   0.291 UA:42   +
  107   137  1   0.0%   0.290 UA:42   +
    3   152  1   0.0%   0.044 AU:42   +
   31   102  3   0.0%   0.104 UG:3    UA:37   +
   26   107  1   0.0%   0.060 AU:42   +
    2   115  1   0.0%   0.032 UA:42   +
  107   115  1   0.0%   0.289 UA:42   +
   17   107  1   0.0%   0.134 AU:42   +
   86   107  1   0.0%   0.442 AU:42   +
    3    76  1   0.0%   0.015 AU:42   +
    8   139  1   0.0%   0.795 CG:42   +
    2    77  1   0.0%   0.030 UA:42   +
   74   107  1   0.0%   0.080 AU:42   +
    3    83  1   0.0%   0.015 AU:42   +
  107   111  1   0.0%   0.945 UA:42   +
  107   119  1   0.0%   0.669 UA:42   +
    2    84  1   0.0%   0.030 UA:42   +
  139   151  1   0.0%   0.198 GC:42   +
  107   118  1   0.0%   0.477 UA:42   +
   31   105  3   0.0%   0.097 UG:3    UA:37   +
   27   107  1   0.0%   0.072 AU:42   +
   12    69  1   0.0%   0.199 UA:42   +
   77   107  1   0.0%   0.295 AU:42   +
   12   130  1   0.0%   0.400 UA:42   +
    3    20  1   0.0%   0.000 AU:42   +
  139   153  1   0.0%   0.198 GC:42   +
    2   118  1   0.0%   0.031 UA:42   +
    2   148  1   0.0%   0.068 UA:42   +
    2   111  1   0.0%   0.029 UA:42   +
    2    35  1   0.0%   0.027 UA:42   +
  108   139  1   0.0%   0.364 CG:42   +
   14   107  1   0.0%   0.001 AU:42   +
   35   107  1   0.0%   0.604 AU:42   +
  107   140  1   0.0%   0.291 UA:42   +
   28   107  1   0.0%   0.127 AU:42   +
    3   138  1   0.0%   0.014 AU:42   +
    3   147  1   0.0%   0.041 AU:42   +
   41   139  1   0.0%   1.122 CG:42   +
   12    47  1   0.0%   0.199 UA:42   +
  107   130  1   0.0%   0.281 UA:42   +
    2    40  1   0.0%   0.027 UA:42   +
  113   139  1   0.0%   0.965 CG:42   +
   46   139  1   0.0%   0.732 CG:42   +
   84   107  1   0.0%   0.618 AU:42   +
  107   129  1   0.0%   0.279 UA:42   +
    3   150  1   0.0%   0.041 AU:42   +
  110   139  1   0.0%   0.644 CG:42   +
   51   107  1   0.0%   0.097 AU:42   +
   39   139  1   0.0%   1.173 CG:42   +
   12    23  1   0.0%   0.254 UA:41   --:1    +
    2   119  1   0.0%   0.031 UA:42   +
   12   129  1   0.0%   0.392 UA:42   +
    5   131  2   0.1%   0.537 CG:41   +
    4   127  2   0.1%   0.457 GC:41   +
    4   110  2   0.1%   0.036 GC:41   +
  100   105  4   0.0%   0.799 UG:3    UA:36   +
   46   131  2   0.1%   1.207 CG:41   +
  100   149  4   0.0%   0.423 UG:24   UA:15   +
   28   101  2   0.0%   0.087 AU:41   +
   69   101  2   0.0%   0.281 AU:41   +
    7   131  2   0.0%   0.608 CG:41   +
    4    54  2   0.0%   0.021 GC:41   +
  108   131  2   0.0%   0.802 CG:41   +
  101   111  2   0.0%   1.200 UA:41   +
  126   131  2   0.0%   1.419 CG:41   +
    8   131  2   0.0%   0.825 CG:41   +
    4   151  2   0.0%   0.503 GC:41   +
   39   131  2   0.0%   1.639 CG:41   +
  101   140  2   0.0%   0.517 UA:41   +
    4    38  2   0.0%   0.016 GC:41   +
  101   115  2   0.0%   0.542 UA:41   +
  101   119  2   0.0%   0.922 UA:41   +
    4    75  2   0.0%   0.018 GC:41   +
   77   101  2   0.0%   0.255 AU:41   +
    4   153  2   0.0%   0.502 GC:41   +
   27   101  2   0.0%   0.026 AU:41   +
  101   148  2   0.0%   0.513 UA:41   +
  101   141  2   0.0%   0.536 UA:41   +
  101   118  2   0.0%   0.730 UA:41   +
   95   131  2   0.0%   1.111 CG:41   +
   11   131  2   0.0%   0.329 CG:41   +
    4    30  2   0.0%   0.014 GC:41   +
  110   131  2   0.0%   1.081 CG:41   +
  113   131  2   0.0%   1.421 CG:41   +
  131   143  2   0.0%   0.691 GC:41   +
    4     8  2   0.0%   0.000 GC:41   +
   26   101  2   0.0%   0.012 AU:41   +
   24   101  2   0.0%   0.016 AU:41   +
    4    92  2   0.0%   0.018 GC:41   +
   93   131  2   0.0%   0.776 CG:41   +
   75   131  2   0.0%   1.541 CG:41   +
  101   130  2   0.0%   0.525 UA:41   +
   59   131  2   0.0%   1.172 CG:41   +
    4   108  2   0.0%   0.018 GC:41   +
   94   131  2   0.0%   0.902 CG:41   +
   61   131  2   0.0%   1.018 CG:41   +
   25   101  2   0.0%   0.026 AU:41   +
  131   153  2   0.0%   0.611 GC:41   +
    4    11  2   0.0%   0.000 GC:41   +
    3    12  2   0.0%   0.000 AU:41   +
    4    39  2   0.0%   0.015 GC:41   +
  131   151  2   0.0%   0.611 GC:41   +
   89   101  2   0.0%   0.714 AU:41   +
    4    41  2   0.0%   0.015 GC:41   +
   29   154  6   0.0%   0.181 UG:22   UA:13   --:2    +
.......(((((....)))))........((..(.((((.....(((((...........)))))(((.((.(.((.((((((((.((((....)))).)))...))))))))..)).)))..)))))..))((((((..........)))))).
