25 sequence; length of alignment 126
alifold output
  103   111  0  97.1%   0.187 CG:25  
  102   112  2  97.2%   0.192 GC:23  
  101   113  1  96.8%   0.123 GC:24  
   57    90  0  86.7%   0.825 CG:25  
   58    89  0  86.6%   0.767 UA:25  
   56    91  0  86.5%   0.721 GC:25  
   59    88  0  85.4%   0.856 GC:25  
   14    25  0  79.9%   0.649 GC:25  
   15    24  0  79.8%   0.695 UA:25  
   13    26  0  79.6%   0.653 GC:25  
   53    94  0  75.8%   0.921 GC:25  
   16    23  0  75.1%   0.838 UG:25  
   54    93  0  74.8%   0.805 AU:25  
   69    77  0  66.9%   1.215 AU:25  
   70    76  0  66.5%   1.174 GC:25  
   68    78  0  65.9%   1.246 CG:25  
   52    95  0  61.1%   1.135 UA:25  
   65    83  0  60.3%   1.533 GC:25  
   64    84  0  60.3%   1.793 AU:25  
   63    85  1  60.2%   1.782 GC:24  
   66    82  1  60.2%   1.882 AU:24  
   62    86  0  55.1%   1.877 AU:25  
   67    81  0  48.8%   1.498 CG:25  
    6    98  0  36.0%   2.115 GC:25  
    5    99  0  35.9%   1.986 GC:25  
    7    97  0  30.5%   1.436 AU:25  
   62    84  0  30.0%   1.251 AU:25   +
   61    85  0  30.0%   1.307 GC:25   +
   63    83  1  30.0%   1.248 GC:24   +
   64    82  1  29.8%   1.229 AU:24   +
   11    28  0  27.5%   1.667 GC:25   +
   66    80  0  26.0%   1.285 AU:25   +
   60    86  0  24.5%   1.437 GU:25   +
   32    46  1  23.3%   1.498 CG:24  
   31    47  1  23.3%   1.377 GC:24  
   97   116  0  20.9%   1.532 UG:1    UA:24   +
   70    79  0  21.6%   1.556 GC:25   +
   69    80  0  21.5%   1.886 AU:25   +
   98   115  0  21.3%   1.472 CG:25   +
    5    30  0  20.2%   1.219 GC:25   +
    6    29  0  20.2%   1.415 GC:25   +
   11    27  0  19.7%   1.132 GC:25   +
   94   121  0  16.9%   1.452 CG:25   +
   95   120  0  16.8%   1.521 AU:25   +
   96   117  0  15.1%   0.984 UG:1    UA:24   +
   96   119  0  15.2%   1.472 UA:25   +
    1    34  0  10.1%   0.897 GC:9    GU:15   AU:1    +
   97   118  0  12.1%   1.741 UA:25   +
   93   122  0  10.2%   1.027 UG:20   UA:5    +
   68    81  0  10.9%   1.796 CG:25   +
   99   115  0  10.2%   1.504 CG:25   +
    2    33  0  10.0%   0.881 UA:25   +
   47    56  0   7.8%   1.029 CG:25   +
   46    57  0   7.8%   1.097 GC:25   +
   71    77  0   7.7%   1.242 AU:25   +
   45    58  0   7.7%   0.670 AU:25   +
   44    59  0   7.5%   0.722 CG:25   +
   72    76  0   7.4%   1.284 GC:25   +
   20    30  0   6.9%   1.471 GC:25   +
   21    29  0   6.9%   1.621 GC:25   +
   79    90  0   6.1%   1.192 CG:25   +
   80    89  0   6.1%   1.502 UA:25   +
   81    88  0   6.1%   1.525 GC:25   +
   78    91  0   6.1%   1.134 GC:25   +
    6    75  0   5.2%   1.253 GC:25   +
    5    76  0   5.2%   1.117 GC:25   +
    7    74  0   5.1%   0.599 AU:25   +
   60    67  0   5.0%   0.626 GC:25   +
   59    68  0   5.0%   0.811 GC:25   +
   58    69  0   4.9%   0.650 UA:25   +
   57    70  0   4.9%   0.674 CG:25   +
    2    36  0   3.9%   0.801 UG:1    UA:24   +
    1    32  2   5.0%   0.499 GC:23   +
   82    87  1   4.7%   1.366 UA:24   +
    2    31  1   4.7%   0.478 UG:24   +
    1    37  1   4.1%   0.826 GC:22   GU:2    +
    4    77  0   3.9%   0.385 AU:25   +
    8    72  0   3.9%   0.728 CG:25   +
    5    28  0   3.9%   0.384 GC:25   +
    6    27  0   3.9%   0.477 GC:25   +
   18    32  0   2.8%   0.929 GC:24   UA:1    +
   14    37  0   2.6%   0.890 GC:23   GU:2    +
   15    36  0   2.6%   0.810 UG:1    UA:24   +
    9    13  0   2.6%   0.295 CG:1    UG:24   +
   21    26  0   3.5%   0.639 GC:25   +
   20    27  0   3.5%   0.902 GC:25   +
   21    28  0   3.3%   1.373 GC:25   +
   20    29  0   3.3%   1.191 GC:25   +
   47   121  0   3.3%   1.202 CG:25   +
    6    28  0   3.2%   0.683 GC:25   +
    5    29  0   3.2%   0.465 GC:25   +
   14    67  0   3.2%   0.888 GC:25   +
   48   120  0   3.2%   0.551 AU:25   +
   13    68  0   3.2%   0.736 GC:25   +
   15    66  0   3.2%   0.841 UA:25   +
    9    71  1   3.7%   0.570 UA:24   +
   46    79  0   3.2%   1.014 GC:25   +
   47    78  0   3.2%   0.922 CG:25   +
   45    80  0   3.1%   0.611 AU:25   +
    8    14  0   3.1%   0.371 CG:25   +
   23    28  0   3.0%   1.455 GC:25   +
   16    65  0   3.0%   0.822 UG:25   +
   49   119  0   3.0%   0.376 UA:25   +
   44    81  0   2.9%   0.639 CG:25   +
   48    77  0   2.9%   0.480 AU:25   +
    7    15  0   2.9%   0.351 AU:25   +
   21    27  0   2.9%   1.081 GC:25   +
   20    28  0   2.9%   1.147 GC:25   +
    6    32  1   3.1%   1.163 GC:24   +
    6    16  0   2.5%   0.282 GU:25   +
   55    72  0   2.5%   0.457 CG:25   +
    8    31  1   2.8%   0.683 CG:24   +
   16    35  0   2.3%   0.668 UA:25   +
   97   117  0   1.2%   1.313 UG:1    UA:24   +
   50    97  0   2.1%   0.700 AU:25   +
    9   122  0   0.0%   0.484 CG:1    UG:19   UA:5    +
    1     9  0   0.0%   0.044 GC:1    GU:23   AU:1    +
   34    63  0   0.0%   0.344 CG:9    UG:15   UA:1    +
   10    16  0   2.0%   0.331 AU:25   +
   11    85  0   1.9%   1.104 GC:25   +
   37    46  0   0.9%   0.781 CG:23   UG:2    +
   12    84  0   1.9%   0.274 AU:25   +
    5    34  0   0.8%   0.941 GC:9    GU:16   +
   10    86  0   1.8%   0.354 AU:25   +
   43    82  1   2.3%   0.340 AU:24   +
   13    83  0   1.8%   0.784 GC:25   +
   18    30  1   2.3%   0.906 GC:24   +
   77    92  0   1.8%   0.981 UA:25   +
   53    75  0   1.7%   0.542 GC:25   +
   54    74  0   1.7%   0.396 AU:25   +
   14    34  0   0.6%   0.787 GC:9    GU:16   +
   46   103  0   1.6%   1.030 GC:25   +
   47   102  0   1.6%   0.924 CG:25   +
    9    17  1   2.0%   0.337 UA:24   +
    8    18  1   2.0%   0.390 CG:24   +
   44    53  0   1.4%   0.282 CG:25   +
   60    88  0   1.4%   0.976 GC:25   +
   37    53  0   0.4%   0.425 CG:23   UG:2    +
   37   121  0   0.4%   0.463 CG:23   UG:2    +
   45    52  0   1.4%   0.264 AU:25   +
   11    94  0   1.3%   1.127 GC:25   +
   96   116  0   0.2%   0.152 UG:1    UA:24   +
   11    30  0   1.2%   1.252 GC:25   +
   97   122  0   0.2%   1.444 UG:20   UA:5    +
   13    37  0   0.2%   0.574 GC:23   GU:2    +
    1   120  0   0.2%   0.722 GU:24   AU:1    +
   12    93  0   1.2%   0.254 AU:25   +
   51   117  0   0.2%   0.165 UG:1    UA:24   +
    1   125  0   0.2%   0.729 GU:24   AU:1    +
   13    30  0   1.1%   0.875 GC:25   +
   14    29  0   1.1%   0.962 GC:25   +
   37   126  0   0.1%   0.423 CG:23   UG:2    +
    5    37  0   0.1%   0.788 GC:23   GU:2    +
   63    96  0   0.1%   0.797 GU:24   AU:1    +
   34    53  0   0.1%   0.369 CG:9    UG:16   +
   11    37  0   0.1%   0.998 GC:23   GU:2    +
    9    72  0   0.1%   0.475 CG:1    UG:24   +
   52   116  0   0.1%   0.496 UG:1    UA:24   +
   36    51  0   0.1%   0.253 GU:1    AU:24   +
   13    34  0   0.1%   0.679 GC:9    GU:16   +
    6    34  0   0.1%   1.061 GC:9    GU:16   +
    9    87  1   1.6%   0.569 UA:24   +
    9   121  0   0.1%   0.500 CG:1    UG:24   +
    1    51  0   0.0%   0.606 GU:24   AU:1    +
  116   125  0   0.0%   0.554 GU:1    AU:24   +
   34   121  0   0.0%   0.380 CG:9    UG:16   +
    2   122  0   0.0%   0.701 UG:20   UA:5    +
   11    34  0   0.0%   1.115 GC:9    GU:16   +
   34   126  0   0.0%   0.359 CG:9    UG:16   +
    6    37  0   0.0%   0.926 GC:23   GU:2    +
   34    46  0   0.0%   0.696 CG:9    UG:16   +
   51   122  0   0.0%   0.185 UG:20   UA:5    +
   52   117  0   0.0%   0.496 UG:1    UA:24   +
    9    78  0   0.0%   0.342 CG:1    UG:24   +
   37   115  0   0.0%   0.381 CG:23   UG:2    +
    2   116  0   0.0%   0.675 UG:1    UA:24   +
    9   126  0   0.0%   0.491 CG:1    UG:24   +
   52   122  0   0.0%   0.512 UG:20   UA:5    +
  117   125  0   0.0%   0.552 GU:1    AU:24   +
    2   117  0   0.0%   0.676 UG:1    UA:24   +
  116   120  0   0.0%   0.967 GU:1    AU:24   +
    9   101  0   0.0%   0.456 CG:1    UG:24   +
   49   116  0   0.0%   0.053 UG:1    UA:24   +
   36    49  0   0.0%   0.234 GU:1    AU:24   +
    9    70  0   0.0%   0.211 CG:1    UG:24   +
   20    37  0   0.0%   0.835 GC:23   GU:2    +
   36    52  0   0.0%   0.261 GU:1    AU:24   +
    9    81  0   0.0%   0.365 CG:1    UG:24   +
    1    49  0   0.0%   0.597 GU:24   AU:1    +
   51   116  0   0.0%   0.137 UG:1    UA:24   +
    9    20  0   0.0%   0.183 CG:1    UG:24   +
   15   122  0   0.0%   0.693 UG:20   UA:5    +
   49   117  0   0.0%   0.053 UG:1    UA:24   +
   16   122  0   0.0%   0.683 UG:20   UA:5    +
   21    34  0   0.0%   0.893 GC:9    GU:16   +
   20    34  0   0.0%   0.895 GC:9    GU:16   +
    9   115  0   0.0%   0.486 CG:1    UG:24   +
    9    14  0   0.0%   0.207 CG:1    UG:24   +
   36   125  0   0.0%   0.265 GU:1    AU:24   +
   49   122  0   0.0%   0.187 UG:20   UA:5    +
   37    56  0   0.0%   0.389 CG:23   UG:2    +
   37    65  0   0.0%   0.461 CG:23   UG:2    +
   21    37  0   0.0%   0.832 GC:23   GU:2    +
   34    56  0   0.0%   0.369 CG:9    UG:16   +
   93   116  0   0.0%   0.305 UG:1    UA:24   +
   37    60  0   0.0%   0.403 CG:23   UG:2    +
    5     9  0   0.0%   0.006 GC:1    GU:24   +
    9    59  0   0.0%   0.202 CG:1    UG:24   +
    1    93  0   0.0%   0.654 GU:24   AU:1    +
    9    60  0   0.0%   0.203 CG:1    UG:24   +
   16    36  0   0.0%   0.714 UG:1    UA:24   +
   23    37  0   0.0%   0.634 GC:23   GU:2    +
   34   115  0   0.0%   0.355 CG:9    UG:16   +
   23    34  0   0.0%   0.695 GC:9    GU:16   +
   37    90  0   0.0%   0.431 CG:23   UG:2    +
   36   120  0   0.0%   0.272 GU:1    AU:24   +
    1    96  0   0.0%   0.655 GU:24   AU:1    +
   37   111  0   0.0%   0.359 CG:23   UG:2    +
   16   116  0   0.0%   0.677 UG:1    UA:24   +
   36    96  0   0.0%   0.267 GU:1    AU:24   +
   15   117  0   0.0%   0.686 UG:1    UA:24   +
   15   116  0   0.0%   0.686 UG:1    UA:24   +
   16    63  0   0.0%   0.508 UG:24   UA:1    +
   96   122  0   0.0%   0.973 UG:20   UA:5    +
   16   117  0   0.0%   0.676 UG:1    UA:24   +
    9    53  0   0.0%   0.202 CG:1    UG:24   +
   52    63  0   0.0%   0.168 UG:24   UA:1    +
   34    60  0   0.0%   0.383 CG:9    UG:16   +
   34    90  0   0.0%   0.410 CG:9    UG:16   +
   37    61  0   0.0%   0.402 CG:23   UG:2    +
    9    90  0   0.0%   0.431 CG:1    UG:24   +
    1    52  0   0.0%   0.599 GU:24   AU:1    +
    1    97  0   0.0%   0.654 GU:24   AU:1    +
   93   117  0   0.0%   0.307 UG:1    UA:24   +
    9   107  0   0.0%   0.455 CG:1    UG:24   +
    9    46  0   0.0%   0.217 CG:1    UG:24   +
   84   116  0   0.0%   0.833 UG:1    UA:24   +
   37    70  0   0.0%   0.357 CG:23   UG:2    +
   36    86  0   0.0%   0.382 GU:1    AU:24   +
   34   101  0   0.0%   0.336 CG:9    UG:16   +
    9    23  0   0.0%   0.186 CG:1    UG:24   +
   63    84  0   0.0%   0.894 GU:24   AU:1    +
    9    21  0   0.0%   0.182 CG:1    UG:24   +
   34    70  0   0.0%   0.336 CG:9    UG:16   +
   37    72  0   0.0%   0.493 CG:23   UG:2    +
    1    77  0   0.0%   0.605 GU:24   AU:1    +
   63    86  0   0.0%   1.530 GU:24   AU:1    +
   37   107  0   0.0%   0.354 CG:23   UG:2    +
   37    59  0   0.0%   0.395 CG:23   UG:2    +
   15    63  0   0.0%   0.511 UG:24   UA:1    +
    1    16  0   0.0%   0.044 GU:24   AU:1    +
    9   111  0   0.0%   0.457 CG:1    UG:24   +
   36    97  0   0.0%   0.632 GU:1    AU:24   +
   36    74  0   0.0%   0.387 GU:1    AU:24   +
   96   118  0   1.0%   0.558 UA:25   +
   11    15  0   0.9%   0.234 GU:25   +
   14    91  0   0.9%   0.867 GC:25   +
   15    90  0   0.9%   0.779 UG:25   +
    2     7  0   0.8%   0.121 UA:25   +
   20    26  0   0.8%   0.335 GC:25   +
   50    96  0   0.8%   0.168 AU:25   +
   21    25  0   0.8%   0.316 GC:25   +
    2    87  0   0.7%   0.697 UA:25   +
   46    51  0   0.7%   0.590 GU:25   +
   89   125  0   0.7%   0.558 AU:25   +
   72    77  0   0.7%   1.258 GU:25   +
   88   126  0   0.7%   0.648 CG:25   +
   44   126  0   0.7%   0.560 CG:25   +
   11    29  0   0.7%   1.254 GC:25   +
   18    28  1   1.1%   0.877 GC:24   +
   45   125  0   0.6%   0.553 AU:25   +
    3    86  0   0.6%   0.106 AU:25   +
    1    40  1   0.1%   0.589 GC:10   GU:13   AU:1    +
   23    27  0   0.6%   1.034 GC:25   +
   60    68  0   0.6%   0.569 GC:25   +
   61    67  0   0.6%   0.417 GC:25   +
   16    89  0   0.6%   0.742 UA:25   +
    6    83  0   0.6%   1.033 GC:25   +
   15    33  0   0.6%   0.685 UA:25   +
   40    63  1   0.1%   0.087 CG:10   UG:13   UA:1    +
   92   120  0   0.5%   0.385 AU:25   +
   91   121  0   0.5%   0.721 CG:25   +
   31    37  1   0.5%   0.630 GC:22   GU:2    +
   44   121  0   0.5%   0.549 CG:25   +
    5    84  0   0.5%   0.894 GU:25   +
   50   120  0   0.5%   0.407 AU:25   +
   93   119  0   0.5%   0.514 UA:25   +
   47    53  0   0.5%   0.571 CG:25   +
   51   119  0   0.5%   0.340 UA:25   +
   51    95  0   0.5%   0.219 UA:25   +
   49   121  0   0.5%   0.436 UG:25   +
   18    29  1   1.0%   0.827 GC:24   +
  114   120  0   0.5%   0.677 AU:25   +
   28    60  0   0.4%   1.067 CG:25   +
   48   125  0   0.4%   0.399 AU:25   +
    8    81  0   0.4%   0.547 CG:25   +
   27    61  0   0.4%   0.828 CG:25   +
    2   102  0   0.4%   0.710 UG:25   +
   47   126  0   0.4%   1.020 CG:25   +
    1     8  1   0.9%   0.131 GC:24   +
   29    59  0   0.4%   0.956 CG:25   +
   45   120  0   0.4%   0.514 AU:25   +
   38    52  0   0.4%   0.102 AU:25   +
   19    84  0   0.4%   0.175 AU:25   +
   17    86  0   0.4%   0.260 AU:25   +
   23    83  0   0.4%   0.561 GC:25   +
   22    84  0   0.4%   0.205 AU:25   +
   21    85  0   0.4%   0.754 GC:25   +
    5    91  0   0.4%   0.918 GC:25   +
   61    88  0   0.4%   0.797 GC:25   +
   13    27  0   0.3%   0.791 GC:25   +
   92   125  0   0.3%   0.315 AU:25   +
   72    79  0   0.3%   0.979 GC:25   +
   20    86  0   0.3%   0.798 GU:25   +
   29    60  0   0.3%   0.992 CG:25   +
   28    61  0   0.3%   1.100 CG:25   +
   71    80  0   0.3%   1.181 AU:25   +
   38   120  0   0.3%   0.125 AU:25   +
   20    83  0   0.3%   0.748 GC:25   +
   48    52  0   0.3%   0.188 AU:25   +
   46    99  0   0.3%   1.242 GC:25   +
   13    76  0   0.3%   0.727 GC:25   +
   39    51  0   0.3%   0.084 AU:25   +
   12    77  0   0.3%   0.185 AU:25   +
   99   121  0   0.3%   1.291 CG:25   +
   52   118  0   0.3%   0.541 UA:25   +
   14    75  0   0.3%   0.879 GC:25   +
   30    59  0   0.3%   0.828 CG:25   +
   61    86  0   0.3%   1.011 GU:25   +
   91   126  0   0.3%   0.614 CG:25   +
   42    51  0   0.3%   0.098 AU:25   +
   16    87  0   0.3%   0.777 UA:25   +
   21    98  0   0.3%   1.054 GC:25   +
   20    99  0   0.3%   1.056 GC:25   +
   13    29  0   0.3%   0.830 GC:25   +
   14    28  0   0.3%   0.958 GC:25   +
    9    95  1   0.8%   0.524 UA:24   +
   41    52  1   0.3%   0.106 GU:1    AU:23   +
   22    97  0   0.3%   0.468 AU:25   +
    8   115  0   0.3%   0.564 CG:25   +
   46    55  0   0.2%   0.525 GC:25   +
   61    75  0   0.2%   0.375 GC:25   +
   60    76  0   0.2%   0.459 GC:25   +
   62    74  0   0.2%   0.278 AU:25   +
   97   115  0   0.2%   0.586 UG:25   +
    1    88  1   0.7%   0.713 GC:24   +
   40    53  1   0.2%   0.138 CG:10   UG:14   +
   14    26  0   0.2%   0.513 GC:25   +
   20    25  0   0.2%   0.229 GC:25   +
   98   121  0   0.2%   1.368 CG:25   +
   52    73  0   0.2%   0.212 UA:25   +
   11    79  0   0.2%   0.900 GC:25   +
    7    96  0   0.2%   0.363 AU:25   +
   10    80  0   0.2%   0.122 AU:25   +
    5    98  0   0.2%   0.904 GC:25   +
   49    54  0   0.2%   0.074 UA:25   +
   33    52  0   0.2%   0.307 AU:25   +
    2    46  0   0.2%   0.602 UG:25   +
   70    75  0   0.2%   0.450 GC:25   +
    2   119  0   0.2%   0.709 UA:25   +
   96   123  0   0.2%   0.785 UA:25   +
    2    90  0   0.2%   0.659 UG:25   +
    6    97  0   0.2%   1.023 GU:25   +
   25    81  0   0.2%   0.305 CG:25   +
   14    32  1   0.7%   0.784 GC:24   +
   40    46  1   0.2%   0.478 CG:10   UG:14   +
    8   121  0   0.2%   0.569 CG:25   +
   11    40  1   0.2%   0.883 GC:10   GU:14   +
   61    98  0   0.2%   0.950 GC:25   +
   60    99  0   0.2%   1.104 GC:25   +
   62    97  0   0.2%   1.227 AU:25   +
   23    96  0   0.2%   0.452 GU:25   +
   21    67  0   0.1%   0.714 GC:25   +
   20    68  0   0.1%   0.718 GC:25   +
    2    43  0   0.1%   0.586 UA:25   +
   65    94  0   0.1%   0.719 GC:25   +
   95   125  0   0.1%   0.867 AU:25   +
   66    93  0   0.1%   1.073 AU:25   +
   50   125  0   0.1%   0.292 AU:25   +
    8    90  0   0.1%   0.537 CG:25   +
   15    31  1   0.6%   0.679 UG:24   +
   13    28  0   0.1%   0.922 GC:25   +
  105   121  0   0.1%   0.631 CG:25   +
  106   120  0   0.1%   0.599 AU:25   +
   35    52  0   0.1%   0.137 AU:25   +
   21    30  0   0.1%   1.300 GC:25   +
   14    27  0   0.1%   0.792 GC:25   +
    6    30  0   0.1%   1.013 GC:25   +
   97   123  0   0.1%   1.232 UA:25   +
   38   125  0   0.1%   0.104 AU:25   +
   94   126  0   0.1%   0.761 CG:25   +
    8    13  0   0.1%   0.067 CG:25   +
    2    39  0   0.1%   0.573 UA:25   +
  110   115  0   0.1%   0.645 CG:25   +
   30    46  0   0.1%   0.776 CG:25   +
   30    56  0   0.1%   0.764 CG:25   +
   11    98  0   0.1%   1.415 GC:25   +
   16    22  0   0.1%   0.204 UA:25   +
   15    73  0   0.1%   0.646 UA:25   +
   52   123  0   0.1%   0.530 UA:25   +
   33   120  0   0.1%   0.328 AU:25   +
   12    97  0   0.1%   0.544 AU:25   +
   46    98  0   0.1%   1.215 GC:25   +
   16    72  0   0.1%   0.767 UG:25   +
   23    30  0   0.1%   1.109 GC:25   +
   93   123  0   0.1%   0.587 UA:25   +
   10    96  0   0.1%   0.206 AU:25   +
   49   126  0   0.1%   0.311 UG:25   +
   30   121  0   0.1%   0.818 CG:25   +
   14    44  0   0.1%   0.579 GC:25   +
  119   125  0   0.1%   0.675 AU:25   +
   15    43  0   0.1%   0.526 UA:25   +
   45    51  0   0.1%   0.082 AU:25   +
   51    73  0   0.1%   0.129 UA:25   +
  110   121  0   0.1%   0.640 CG:25   +
    3   120  0   0.1%   0.074 AU:25   +
    2   121  0   0.1%   0.705 UG:25   +
   13    91  0   0.1%   0.666 GC:25   +
   50    74  0   0.1%   0.180 AU:25   +
   15    54  0   0.1%   0.528 UA:25   +
   14    55  0   0.1%   0.573 GC:25   +
   16    53  0   0.1%   0.520 UG:25   +
    8    46  0   0.1%   0.369 CG:25   +
   48    97  0   0.1%   0.547 AU:25   +
    6    91  0   0.1%   1.028 GC:25   +
    2    54  0   0.1%   0.601 UA:25   +
   13    99  0   0.1%   1.008 GC:25   +
   11    47  0   0.1%   0.889 GC:25   +
  111   120  0   0.1%   0.635 GU:25   +
   17    52  0   0.1%   0.098 AU:25   +
   16    42  0   0.1%   0.513 UA:25   +
   14    98  0   0.1%   1.144 GC:25   +
   42    49  0   0.1%   0.040 AU:25   +
    5    44  0   0.1%   0.666 GC:25   +
   40   126  1   0.1%   0.113 CG:10   UG:14   +
    9    31  1   0.1%   0.441 CG:1    UG:23   +
    5    47  0   0.1%   0.673 GC:25   +
   15    89  0   0.1%   0.653 UA:25   +
   98   107  0   0.1%   0.449 CG:25   +
   41   125  1   0.1%   0.083 GU:1    AU:23   +
   97   108  0   0.1%   0.519 UA:25   +
   15    23  0   0.1%   0.167 UG:25   +
   48    96  0   0.1%   0.176 AU:25   +
    3   125  0   0.1%   0.074 AU:25   +
   33   125  0   0.1%   0.322 AU:25   +
   41    49  1   0.1%   0.027 GU:1    AU:23   +
   30    60  0   0.1%   0.826 CG:25   +
   29    61  0   0.1%   0.985 CG:25   +
   23    29  0   0.1%   1.250 GC:25   +
  106   125  0   0.1%   0.206 AU:25   +
    5    85  0   0.1%   0.851 GC:25   +
  105   126  0   0.1%   0.190 CG:25   +
    2    50  0   0.1%   0.593 UA:25   +
  101   110  0   0.1%   0.026 GC:25   +
    3    49  0   0.1%   0.018 AU:25   +
   32    56  1   0.6%   0.896 CG:24   +
   43   125  0   0.1%   0.172 AU:25   +
   14    88  0   0.1%   0.748 GC:25   +
   10   120  0   0.1%   0.212 AU:25   +
  118   125  0   0.1%   0.533 AU:25   +
   40   121  1   0.1%   0.142 CG:10   UG:14   +
   52    72  0   0.0%   0.303 UG:25   +
    2   126  0   0.0%   0.719 UG:25   +
    6    88  0   0.0%   1.026 GC:25   +
   31    57  1   0.5%   0.767 GC:24   +
   72    83  0   0.0%   1.306 GC:25   +
   71    84  0   0.0%   1.167 AU:25   +
   70    85  0   0.0%   1.570 GC:25   +
    8   111  0   0.0%   0.524 CG:25   +
    2    10  0   0.0%   0.051 UA:25   +
   18    34  1   0.0%   0.715 GC:8    GU:16   +
   73    77  0   0.0%   0.802 AU:25   +
   14    40  1   0.0%   0.570 GC:10   GU:14   +
   16    73  0   0.0%   0.640 UA:25   +
   15    39  0   0.0%   0.512 UA:25   +
   69    86  0   0.0%   1.605 AU:25   +
    8   126  0   0.0%   0.556 CG:25   +
   96   109  0   0.0%   0.109 UA:25   +
   41   120  1   0.0%   0.093 GU:1    AU:23   +
   11    91  0   0.0%   0.997 GC:25   +
   74    81  0   0.0%   0.992 UG:25   +
    6    47  0   0.0%   0.811 GC:25   +
    4   125  0   0.0%   0.164 AU:25   +
   51   118  0   0.0%   0.156 UA:25   +
   16    21  0   0.0%   0.184 UG:25   +
   72    94  0   0.0%   0.780 GC:25   +
    2   104  0   0.0%   0.672 UA:25   +
   73    93  0   0.0%   0.337 AU:25   +
   16    38  0   0.0%   0.502 UA:25   +
   67    78  0   0.0%   0.426 CG:25   +
    6    25  0   0.0%   0.104 GC:25   +
    5    26  0   0.0%   0.010 GC:25   +
   43    51  0   0.0%   0.080 AU:25   +
   70    77  0   0.0%   0.969 GU:25   +
    4    86  0   0.0%   0.173 AU:25   +
    8    23  0   0.0%   0.245 CG:25   +
    5    88  0   0.0%   0.887 GC:25   +
    8    70  0   0.0%   0.356 CG:25   +
    2   123  0   0.0%   0.703 UA:25   +
   43    49  0   0.0%   0.047 AU:25   +
   53    76  0   0.0%   0.411 GC:25   +
    5    40  1   0.0%   0.655 GC:10   GU:14   +
   14    74  0   0.0%   0.824 GU:25   +
   35   120  0   0.0%   0.145 AU:25   +
   47   115  0   0.0%   0.803 CG:25   +
   13    75  0   0.0%   0.675 GC:25   +
   42    52  0   0.0%   0.105 AU:25   +
   53    74  0   0.0%   0.322 GU:25   +
    6    94  0   0.0%   0.995 GC:25   +
   15    87  0   0.0%   0.737 UA:25   +
    2   109  0   0.0%   0.674 UA:25   +
  114   125  0   0.0%   0.238 AU:25   +
   16    33  0   0.0%   0.671 UA:25   +
   11    76  0   0.0%   1.022 GC:25   +
   35   125  0   0.0%   0.139 AU:25   +
   15    35  0   0.0%   0.405 UA:25   +
   25    65  0   0.0%   0.357 CG:25   +
   10    77  0   0.0%   0.218 AU:25   +
    4   120  0   0.0%   0.162 AU:25   +
  105   111  0   0.0%   0.051 CG:25   +
    5    83  0   0.0%   0.815 GC:25   +
   15   111  0   0.0%   0.691 UG:25   +
    7    93  0   0.0%   0.331 AU:25   +
    4    84  0   0.0%   0.137 AU:25   +
   44   115  0   0.0%   0.428 CG:25   +
   10   125  0   0.0%   0.209 AU:25   +
   30   115  0   0.0%   0.797 CG:25   +
    6    44  0   0.0%   0.803 GC:25   +
    5    27  0   0.0%   0.010 GC:25   +
    2    35  0   0.0%   0.427 UA:25   +
   20    76  0   0.0%   0.767 GC:25   +
   21    75  0   0.0%   0.764 GC:25   +
   49    95  0   0.0%   0.083 UA:25   +
    6    99  0   0.0%   1.744 GC:25   +
   14    30  0   0.0%   0.824 GC:25   +
   44    56  0   0.0%   0.137 CG:25   +
   30   126  0   0.0%   0.796 CG:25   +
    8   101  0   0.0%   0.514 CG:25   +
   19    77  0   0.0%   0.156 AU:25   +
   74    95  0   0.0%   0.626 UA:25   +
   42   125  0   0.0%   0.086 AU:25   +
   15    22  0   0.0%   0.157 UA:25   +
   22    74  0   0.0%   0.172 AU:25   +
   73    96  0   0.0%   0.140 AU:25   +
   15   119  0   0.0%   0.701 UA:25   +
   27    60  0   0.0%   0.759 CG:25   +
   11    68  0   0.0%   0.865 GC:25   +
   29    46  0   0.0%   0.907 CG:25   +
   26    61  0   0.0%   0.371 CG:25   +
   13    96  0   0.0%   0.644 GU:25   +
    5   105  0   0.0%   1.256 GC:25   +
   14   120  0   0.0%   0.781 GU:25   +
   51   123  0   0.0%   0.185 UA:25   +
    2   118  0   0.0%   0.678 UA:25   +
   30    53  0   0.0%   0.752 CG:25   +
   38    49  0   0.0%   0.019 AU:25   +
   16    24  0   0.0%   0.585 UA:25   +
    6    26  0   0.0%   0.105 GC:25   +
    6    84  0   0.0%   1.007 GU:25   +
   97   114  0   0.0%   0.530 UA:25   +
   16   118  0   0.0%   0.681 UA:25   +
   29   121  0   0.0%   0.960 CG:25   +
   47   111  0   0.0%   0.777 CG:25   +
   19    86  0   0.0%   0.161 AU:25   +
   28    59  0   0.0%   0.997 CG:25   +
    8   107  0   0.0%   0.516 CG:25   +
   44   107  0   0.0%   0.402 CG:25   +
   13    94  0   0.0%   0.678 GC:25   +
   65    79  0   0.0%   0.238 GC:25   +
    6    85  0   0.0%   0.983 GC:25   +
   16   123  0   0.0%   0.686 UA:25   +
   14   125  0   0.0%   0.779 GU:25   +
   11    99  0   0.0%   1.397 GC:25   +
   12    96  0   0.0%   0.171 AU:25   +
    3    97  0   0.0%   0.047 AU:25   +
    5   110  0   0.0%   1.256 GC:25   +
   46    96  0   0.0%   0.824 GU:25   +
   43    52  0   0.0%   0.097 AU:25   +
   14    47  0   0.0%   0.577 GC:25   +
   15    46  0   0.0%   0.525 UG:25   +
    4    96  0   0.0%   0.141 AU:25   +
   45    49  0   0.0%   0.036 AU:25   +
   10    49  0   0.0%   0.092 AU:25   +
   14    93  0   0.0%   0.800 GU:25   +
   11    96  0   0.0%   1.035 GU:25   +
    7    84  0   0.0%   0.356 AU:25   +
    5    86  0   0.0%   0.880 GU:25   +
   15    92  0   0.0%   0.682 UA:25   +
   10    15  0   0.0%   0.112 AU:25   +
    8   102  0   0.0%   0.537 CG:25   +
   55   115  0   0.0%   0.164 CG:25   +
   11    44  0   0.0%   0.871 GC:25   +
   72    97  0   0.0%   0.995 GU:25   +
   64    80  0   0.0%   0.128 AU:25   +
   14   110  0   0.0%   0.754 GC:25   +
   26    60  0   0.0%   0.367 CG:25   +
   17    80  0   0.0%   0.101 AU:25   +
   15   109  0   0.0%   0.686 UA:25   +
   25    61  0   0.0%   0.243 CG:25   +
   67    90  0   0.0%   0.863 CG:25   +
    2    17  0   0.0%   0.048 UA:25   +
    3    16  0   0.0%   0.007 AU:25   +
   27    59  0   0.0%   0.754 CG:25   +
   11    93  0   0.0%   0.961 GU:25   +
    7   125  0   0.0%   0.722 AU:25   +
   64    93  0   0.0%   0.951 AU:25   +
   28   121  0   0.0%   1.062 CG:25   +
   74    92  0   0.0%   0.260 UA:25   +
    5    94  0   0.0%   0.870 GC:25   +
   99   126  0   0.0%   0.838 CG:25   +
   41    84  1   0.0%   0.175 GU:1    AU:23   +
    3    52  0   0.0%   0.012 AU:25   +
   16   108  0   0.0%   0.675 UA:25   +
   39    49  0   0.0%   0.027 AU:25   +
    2    24  0   0.0%   0.050 UA:25   +
    5    68  0   0.0%   0.656 GC:25   +
    6    67  0   0.0%   0.791 GC:25   +
   19    97  0   0.0%   0.414 AU:25   +
    4    51  0   0.0%   0.009 AU:25   +
   29   115  0   0.0%   0.952 CG:25   +
   16    45  0   0.0%   0.509 UA:25   +
  121   125  0   0.0%   0.841 GU:25   +
   52   121  0   0.0%   0.733 UG:25   +
   60    98  0   0.0%   1.079 GC:25   +
   20    85  0   0.0%   0.711 GC:25   +
  120   126  0   0.0%   0.784 UG:25   +
   44    60  0   0.0%   0.345 CG:25   +
   61    97  0   0.0%   0.992 GU:25   +
   49   118  0   0.0%   0.056 UA:25   +
   59    99  0   0.0%   0.942 GC:25   +
    4    15  0   0.0%   0.004 AU:25   +
   13    40  1   0.0%   0.425 GC:10   GU:14   +
   97   119  0   0.0%   1.619 UA:25   +
    2   115  0   0.0%   0.672 UG:25   +
   16    81  0   0.0%   0.651 UG:25   +
   16   121  0   0.0%   0.698 UG:25   +
   47   101  0   0.0%   0.708 CG:25   +
   96   115  0   0.0%   0.133 UG:25   +
   61    68  0   0.0%   0.389 GC:25   +
    8    20  0   0.0%   0.238 CG:25   +
   62    96  0   0.0%   0.790 AU:25   +
   14   103  0   0.0%   0.773 GC:25   +
   15   102  0   0.0%   0.706 UG:25   +
    5    16  0   0.0%   0.004 GU:25   +
   12   125  0   0.0%   0.178 AU:25   +
   40    61  1   0.0%   0.113 CG:10   UG:14   +
   45    97  0   0.0%   0.785 AU:25   +
   17   120  0   0.0%   0.138 AU:25   +
    2    48  0   0.0%   0.581 UA:25   +
   16    64  0   0.0%   0.511 UA:25   +
   33    77  0   0.0%   0.428 AU:25   +
    8    65  0   0.0%   0.349 CG:25   +
    7   120  0   0.0%   0.722 AU:25   +
   13    25  0   0.0%   0.108 GC:25   +
   65    75  0   0.0%   0.373 GC:25   +
   61    83  0   0.0%   0.245 GC:25   +
   10    93  0   0.0%   0.178 AU:25   +
   57   101  0   0.0%   0.508 CG:25   +
   27   121  0   0.0%   0.804 CG:25   +
   11    26  0   0.0%   0.050 GC:25   +
    8    21  0   0.0%   0.239 CG:25   +
   66    74  0   0.0%   0.361 AU:25   +
   53   105  0   0.0%   0.448 GC:25   +
   52   106  0   0.0%   0.472 UA:25   +
   16   101  0   0.0%   0.677 UG:25   +
  105   115  0   0.0%   0.622 CG:25   +
   35    49  0   0.0%   0.101 AU:25   +
    2   114  0   0.0%   0.671 UA:25   +
   72    98  0   0.0%   0.924 GC:25   +
    5   125  0   0.0%   1.281 GU:25   +
   60    84  0   0.0%   0.403 GU:25   +
   28    46  0   0.0%   1.011 CG:25   +
   49   101  0   0.0%   0.054 UG:25   +
   43    96  0   0.0%   0.150 AU:25   +
   11    16  0   0.0%   0.218 GU:25   +
   88   121  0   0.0%   0.685 CG:25   +
   28   115  0   0.0%   1.056 CG:25   +
   73    97  0   0.0%   0.548 AU:25   +
  110   126  0   0.0%   0.188 CG:25   +
   89   120  0   0.0%   0.564 AU:25   +
   11    97  0   0.0%   1.389 GU:25   +
   41    51  1   0.0%   0.042 GU:1    AU:23   +
   37    63  1   0.0%   0.366 CG:22   UG:2    +
    2    53  0   0.0%   0.586 UG:25   +
   39    52  0   0.0%   0.085 AU:25   +
    6   103  0   0.0%   1.395 GC:25   +
    5   120  0   0.0%   1.282 GU:25   +
   90   125  0   0.0%   0.530 GU:25   +
    2    19  0   0.0%   0.048 UA:25   +
  111   125  0   0.0%   0.233 GU:25   +
    9   116  1   0.0%   0.472 UG:1    UA:23   +
    9   117  1   0.0%   0.472 UG:1    UA:23   +
   51   107  0   0.0%   0.135 UG:25   +
   40    60  1   0.0%   0.113 CG:10   UG:14   +
   19    93  0   0.0%   0.087 AU:25   +
   39   125  0   0.0%   0.076 AU:25   +
   51   114  0   0.0%   0.148 UA:25   +
   12   120  0   0.0%   0.180 AU:25   +
    3    77  0   0.0%   0.012 AU:25   +
   44   102  0   0.0%   0.424 CG:25   +
   62    77  0   0.0%   0.272 AU:25   +
    4    52  0   0.0%   0.006 AU:25   +
   21    68  0   0.0%   0.706 GC:25   +
    6    93  0   0.0%   0.989 GU:25   +
   55   121  0   0.0%   0.366 CG:25   +
  102   110  0   0.0%   0.105 GC:25   +
   49   123  0   0.0%   0.187 UA:25   +
   34   122  2   0.0%   0.342 CG:7    UG:13   UA:3    +
   42    96  0   0.0%   0.071 AU:25   +
    6    40  1   0.0%   0.794 GC:10   GU:14   +
    5    55  0   0.0%   0.660 GC:25   +
   42    97  0   0.0%   0.436 AU:25   +
   15   123  0   0.0%   0.692 UA:25   +
   51   115  0   0.0%   0.162 UG:25   +
   15    65  0   0.0%   0.513 UG:25   +
  115   120  0   0.0%   1.230 GU:25   +
    2    38  0   0.0%   0.550 UA:25   +
    5    51  0   0.0%   0.658 GU:25   +
   67    72  0   0.0%   0.542 CG:25   +
   11    88  0   0.0%   0.993 GC:25   +
   27    46  0   0.0%   0.770 CG:25   +
   55   126  0   0.0%   0.230 CG:25   +
   90    94  0   0.0%   0.663 GC:25   +
   38    51  0   0.0%   0.023 AU:25   +
   50    77  0   0.0%   0.267 AU:25   +
   27   115  0   0.0%   0.798 CG:25   +
    2    92  0   0.0%   0.638 UA:25   +
    6    15  0   0.0%   0.003 GU:25   +
   64    74  0   0.0%   0.252 AU:25   +
   10    97  0   0.0%   0.555 AU:25   +
   96   114  0   0.0%   0.116 UA:25   +
   70    99  0   0.0%   1.201 GC:25   +
   35    51  0   0.0%   0.101 AU:25   +
   74    78  0   0.0%   0.642 UG:25   +
   94   115  0   0.0%   0.321 CG:25   +
    2    11  0   0.0%   0.046 UG:25   +
   29   126  0   0.0%   0.944 CG:25   +
   52   115  0   0.0%   0.501 UG:25   +
   23    67  0   0.0%   0.498 GC:25   +
   46    52  0   0.0%   0.590 GU:25   +
   51    92  0   0.0%   0.107 UA:25   +
   60    91  0   0.0%   0.889 GC:25   +
    3    93  0   0.0%   0.044 AU:25   +
    4    93  0   0.0%   0.138 AU:25   +
   18    37  1   0.0%   0.651 GC:22   GU:2    +
   52    92  0   0.0%   0.171 UA:25   +
    6   125  0   0.0%   1.400 GU:25   +
   42   120  0   0.0%   0.098 AU:25   +
    8    60  0   0.0%   0.347 CG:25   +
   13    67  0   0.0%   0.405 GC:25   +
   13    44  0   0.0%   0.421 GC:25   +
  103   121  0   0.0%   0.718 CG:25   +
   11   105  0   0.0%   1.027 GC:25   +
   13    98  0   0.0%   1.006 GC:25   +
    9    18  1   0.0%   0.257 CG:1    UG:23   +
   44   101  0   0.0%   0.401 CG:25   +
    4    97  0   0.0%   0.140 AU:25   +
   41    97  1   0.0%   0.426 GU:1    AU:23   +
   56   103  0   0.0%   0.457 GC:25   +
    9    36  1   0.0%   0.317 UG:1    UA:23   +
   33    49  0   0.0%   0.272 AU:25   +
   10    58  0   0.0%   0.084 AU:25   +
   11    57  0   0.0%   0.859 GC:25   +
   30   101  0   0.0%   0.776 CG:25   +
   49    53  0   0.0%   0.180 UG:25   +
   70    98  0   0.0%   1.204 GC:25   +
   39    96  0   0.0%   0.070 AU:25   +
   53    93  0   0.0%   0.289 GU:25   +
   29   102  0   0.0%   0.957 CG:25   +
   12    16  0   0.0%   0.174 AU:25   +
   71    97  0   0.0%   0.844 AU:25   +
   46    76  0   0.0%   0.850 GC:25   +
   40   115  1   0.0%   0.091 CG:10   UG:14   +
   92    97  0   0.0%   0.580 AU:25   +
   13   105  0   0.0%   0.629 GC:25   +
  104   120  0   0.0%   0.576 AU:25   +
   68    90  0   0.0%   1.027 CG:25   +
    4    49  0   0.0%   0.008 AU:25   +
   93   118  0   0.0%   0.319 UA:25   +
   14   105  0   0.0%   0.753 GC:25   +
   50    93  0   0.0%   0.073 AU:25   +
    8    61  0   0.0%   0.347 CG:25   +
   13    47  0   0.0%   0.429 GC:25   +
   45    77  0   0.0%   0.423 AU:25   +
   45    96  0   0.0%   0.419 AU:25   +
   89    96  0   0.0%   0.432 AU:25   +
   43   120  0   0.0%   0.176 AU:25   +
   90   103  0   0.0%   0.469 GC:25   +
   91   102  0   0.0%   0.496 CG:25   +
   59    77  0   0.0%   0.644 GU:25   +
   52   114  0   0.0%   0.486 UA:25   +
   57   102  0   0.0%   0.593 CG:25   +
   39   120  0   0.0%   0.093 AU:25   +
   16    20  0   0.0%   0.176 UG:25   +
   65    80  0   0.0%   0.235 GU:25   +
   15    81  0   0.0%   0.655 UG:25   +
   15   104  0   0.0%   0.684 UA:25   +
   71    93  0   0.0%   0.631 AU:25   +
   27    53  0   0.0%   0.758 CG:25   +
   70    94  0   0.0%   1.057 GC:25   +
   28   126  0   0.0%   1.048 CG:25   +
   65    91  0   0.0%   0.649 GC:25   +
   44    78  0   0.0%   0.295 CG:25   +
   49   114  0   0.0%   0.063 UA:25   +
   60    79  0   0.0%   0.374 GC:25   +
   87   125  0   0.0%   0.382 AU:25   +
   54   120  0   0.0%   0.535 AU:25   +
   96   121  0   0.0%   1.293 UG:25   +
    6   120  0   0.0%   1.401 GU:25   +
    2     6  0   0.0%   0.001 UG:25   +
   29    53  0   0.0%   0.891 CG:25   +
   53    98  0   0.0%   0.858 GC:25   +
   83    90  0   0.0%   1.190 CG:25   +
    7    16  0   0.0%   0.240 AU:25   +
   70    80  0   0.0%   1.574 GU:25   +
    5    96  0   0.0%   0.870 GU:25   +
   54    97  0   0.0%   0.800 AU:25   +
   51   121  0   0.0%   0.404 UG:25   +
   28    53  0   0.0%   0.998 CG:25   +
   61    91  0   0.0%   0.730 GC:25   +
   55    70  0   0.0%   0.043 CG:25   +
   49   109  0   0.0%   0.051 UA:25   +
   93   121  0   0.0%   0.582 UG:25   +
   11    67  0   0.0%   0.860 GC:25   +
   99   107  0   0.0%   0.436 CG:25   +
   33    51  0   0.0%   0.272 AU:25   +
   39    86  0   0.0%   0.185 AU:25   +
   16    71  0   0.0%   0.735 UA:25   +
   42    84  0   0.0%   0.183 AU:25   +
    2    95  0   0.0%   0.638 UA:25   +
   38    97  0   0.0%   0.430 AU:25   +
   21    84  0   0.0%   0.717 GU:25   +
   84    89  0   0.0%   1.159 UA:25   +
   72    96  0   0.0%   0.583 GU:25   +
   68    72  0   0.0%   0.543 CG:25   +
    6    55  0   0.0%   0.795 GC:25   +
   46   125  0   0.0%   0.960 GU:25   +
    5    49  0   0.0%   0.657 GU:25   +
    6   105  0   0.0%   1.375 GC:25   +
   12    86  0   0.0%   0.203 AU:25   +
   49   115  0   0.0%   0.077 UG:25   +
   19    49  0   0.0%   0.010 AU:25   +
   27   126  0   0.0%   0.790 CG:25   +
   13    85  0   0.0%   0.688 GC:25   +
   20    47  0   0.0%   0.604 GC:25   +
    4    16  0   0.0%   0.004 AU:25   +
   49    73  0   0.0%   0.053 UA:25   +
   58   101  0   0.0%   0.485 UG:25   +
   61    76  0   0.0%   0.294 GC:25   +
   16   115  0   0.0%   0.691 UG:25   +
   25    72  0   0.0%   0.388 CG:25   +
   14    76  0   0.0%   0.861 GC:25   +
  103   115  0   0.0%   0.732 CG:25   +
   17   125  0   0.0%   0.134 AU:25   +
    2    78  0   0.0%   0.591 UG:25   +
   59    85  0   0.0%   0.513 GC:25   +
    3    96  0   0.0%   0.044 AU:25   +
   60    85  0   0.0%   0.375 GC:25   +
    5    15  0   0.0%   0.002 GU:25   +
   13    77  0   0.0%   0.682 GU:25   +
   46    97  0   0.0%   1.186 GU:25   +
    5    93  0   0.0%   0.868 GU:25   +
   21    83  0   0.0%   0.712 GC:25   +
    5    97  0   0.0%   0.870 GU:25   +
   15    72  0   0.0%   0.755 UG:25   +
    8    53  0   0.0%   0.347 CG:25   +
   26    65  0   0.0%   0.478 CG:25   +
   11    83  0   0.0%   0.907 GC:25   +
    5   103  0   0.0%   1.272 GC:25   +
   52    71  0   0.0%   0.273 UA:25   +
   15    21  0   0.0%   0.150 UG:25   +
  101   105  0   0.0%   0.016 GC:25   +
   23    94  0   0.0%   0.459 GC:25   +
   10    52  0   0.0%   0.086 AU:25   +
   29    56  0   0.0%   0.884 CG:25   +
   14    97  0   0.0%   1.124 GU:25   +
   49    92  0   0.0%   0.042 UA:25   +
   20    44  0   0.0%   0.601 GC:25   +
   15   118  0   0.0%   0.687 UA:25   +
    7    51  0   0.0%   0.149 AU:25   +
   15    19  0   0.0%   0.150 UA:25   +
   94   101  0   0.0%   0.295 CG:25   +
  103   107  0   0.0%   0.102 CG:25   +
   15    71  0   0.0%   0.743 UA:25   +
   60    77  0   0.0%   0.505 GU:25   +
   97   121  0   0.0%   1.725 UG:25   +
   19   125  0   0.0%   0.054 AU:25   +
    2    21  0   0.0%   0.047 UG:25   +
  115   125  0   0.0%   0.810 GU:25   +
   35    97  0   0.0%   0.501 AU:25   +
   60    94  0   0.0%   0.930 GC:25   +
   24    93  0   0.0%   0.259 AU:25   +
   16    70  0   0.0%   0.617 UG:25   +
   19   120  0   0.0%   0.057 AU:25   +
   52   119  0   0.0%   0.641 UA:25   +
    6   110  0   0.0%   1.374 GC:25   +
   68   101  0   0.0%   0.831 CG:25   +
   48    74  0   0.0%   0.176 AU:25   +
   67   102  0   0.0%   0.752 CG:25   +
    2    20  0   0.0%   0.047 UG:25   +
   61    94  0   0.0%   0.772 GC:25   +
   90    99  0   0.0%   0.803 GC:25   +
   22    96  0   0.0%   0.061 AU:25   +
   51    72  0   0.0%   0.238 UG:25   +
   41    96  1   0.0%   0.060 GU:1    AU:23   +
   33    58  0   0.0%   0.280 AU:25   +
   12    49  0   0.0%   0.008 AU:25   +
    6    52  0   0.0%   0.790 GU:25   +
   53    91  0   0.0%   0.333 GC:25   +
   10    84  0   0.0%   0.130 AU:25   +
  109   125  0   0.0%   0.195 AU:25   +
   61    93  0   0.0%   0.777 GU:25   +
   48    93  0   0.0%   0.183 AU:25   +
   46   120  0   0.0%   0.962 GU:25   +
   26    70  0   0.0%   0.374 CG:25   +
   17    96  0   0.0%   0.134 AU:25   +
   13    88  0   0.0%   0.650 GC:25   +
   30    72  0   0.0%   0.912 CG:25   +
   20    98  0   0.0%   1.022 GC:25   +
    5    75  0   0.0%   0.654 GC:25   +
   11   125  0   0.0%   1.045 GU:25   +
   99   111  0   0.0%   0.435 CG:25   +
    2    12  0   0.0%   0.045 UA:25   +
   21    97  0   0.0%   0.994 GU:25   +
   62    93  0   0.0%   0.984 AU:25   +
   23    44  0   0.0%   0.400 GC:25   +
   14    96  0   0.0%   0.765 GU:25   +
   20    40  1   0.0%   0.602 GC:10   GU:14   +
   15    20  0   0.0%   0.150 UG:25   +
   59    91  0   0.0%   0.755 GC:25   +
   23    47  0   0.0%   0.403 GC:25   +
   40    56  1   0.0%   0.097 CG:10   UG:14   +
   70    96  0   0.0%   0.865 GU:25   +
   69    74  0   0.0%   0.402 AU:25   +
    2    41  1   0.0%   0.558 UG:1    UA:23   +
   39    84  0   0.0%   0.182 AU:25   +
    7    49  0   0.0%   0.150 AU:25   +
   49    56  0   0.0%   0.277 UG:25   +
   30    70  0   0.0%   0.775 CG:25   +
   29   101  0   0.0%   0.935 CG:25   +
   30    61  0   0.0%   0.821 CG:25   +
   55    60  0   0.0%   0.091 CG:25   +
   24    96  0   0.0%   0.235 AU:25   +
   28   102  0   0.0%   1.062 CG:25   +
   10    51  0   0.0%   0.089 AU:25   +
    2    42  0   0.0%   0.558 UA:25   +
   11    55  0   0.0%   0.865 GC:25   +
   28    78  0   0.0%   1.038 CG:25   +
   13   103  0   0.0%   0.648 GC:25   +
   11   120  0   0.0%   1.048 GU:25   +
   53    99  0   0.0%   0.854 GC:25   +
   15    64  0   0.0%   0.512 UA:25   +
   15    45  0   0.0%   0.509 UA:25   +
   16    66  0   0.0%   0.723 UA:25   +
    2   108  0   0.0%   0.667 UA:25   +
   13    93  0   0.0%   0.671 GU:25   +
   16   126  0   0.0%   0.687 UG:25   +
   15   101  0   0.0%   0.682 UG:25   +
   16    90  0   0.0%   0.732 UG:25   +
   11    25  0   0.0%   0.048 GC:25   +
   12    51  0   0.0%   0.007 AU:25   +
   38    96  0   0.0%   0.065 AU:25   +
    2   101  0   0.0%   0.640 UG:25   +
   19    96  0   0.0%   0.053 AU:25   +
   15    95  0   0.0%   0.717 UA:25   +
   11    75  0   0.0%   1.015 GC:25   +
    6    96  0   0.0%   0.991 GU:25   +
   20    49  0   0.0%   0.584 GU:25   +
   13   110  0   0.0%   0.627 GC:25   +
   55   102  0   0.0%   0.222 CG:25   +
   12    74  0   0.0%   0.153 AU:25   +
   92    96  0   0.0%   0.170 AU:25   +
    6    74  0   0.0%   0.789 GU:25   +
   14    84  0   0.0%   0.800 GU:25   +
   16    41  1   0.0%   0.497 UG:1    UA:23   +
   14    79  0   0.0%   0.698 GC:25   +
   17    84  0   0.0%   0.193 AU:25   +
   75    81  0   0.0%   1.010 CG:25   +
   13    80  0   0.0%   0.546 GU:25   +
   40   107  1   0.0%   0.067 CG:10   UG:14   +
   21    47  0   0.0%   0.600 GC:25   +
    5    52  0   0.0%   0.654 GU:25   +
   11    51  0   0.0%   0.863 GU:25   +
   86   126  0   0.0%   0.944 UG:25   +
   15    78  0   0.0%   0.631 UG:25   +
  108   125  0   0.0%   0.193 AU:25   +
   27    70  0   0.0%   0.784 CG:25   +
   76    81  0   0.0%   1.396 CG:25   +
   14    83  0   0.0%   0.797 GC:25   +
   41    86  1   0.0%   0.175 GU:1    AU:23   +
   20    96  0   0.0%   0.653 GU:25   +
   54   125  0   0.0%   0.428 AU:25   +
   51    64  0   0.0%   0.099 UA:25   +
    2    89  0   0.0%   0.626 UA:25   +
   17    49  0   0.0%   0.088 AU:25   +
   16   114  0   0.0%   0.688 UA:25   +
   27    65  0   0.0%   0.887 CG:25   +
   65    76  0   0.0%   0.305 GC:25   +
   71    96  0   0.0%   0.434 AU:25   +
   94   111  0   0.0%   0.296 CG:25   +
    2    45  0   0.0%   0.567 UA:25   +
   20    67  0   0.0%   0.689 GC:25   +
   15   115  0   0.0%   0.700 UG:25   +
   51   126  0   0.0%   0.281 UG:25   +
   11    52  0   0.0%   0.860 GU:25   +
   25    46  0   0.0%   0.258 CG:25   +
   13    55  0   0.0%   0.410 GC:25   +
  104   125  0   0.0%   0.186 AU:25   +
   11   110  0   0.0%   1.026 GC:25   +
   28   101  0   0.0%   1.040 CG:25   +
   65   103  0   0.0%   0.518 GC:25   +
   16    62  0   0.0%   0.508 UA:25   +
   27   102  0   0.0%   0.805 CG:25   +
   73    80  0   0.0%   0.860 AU:25   +
   59    86  0   0.0%   0.541 GU:25   +
  103   126  0   0.0%   0.280 CG:25   +
   64    77  0   0.0%   0.258 AU:25   +
   40    65  1   0.0%   0.174 CG:10   UG:14   +
   11    49  0   0.0%   0.865 GU:25   +
   93   126  0   0.0%   0.714 UG:25   +
   16    50  0   0.0%   0.508 UA:25   +
   54    96  0   0.0%   0.392 AU:25   +
   90    96  0   0.0%   0.470 GU:25   +
   15    42  0   0.0%   0.499 UA:25   +
   72    80  0   0.0%   1.308 GU:25   +
   19    51  0   0.0%   0.010 AU:25   +
   35    96  0   0.0%   0.136 AU:25   +
    6    49  0   0.0%   0.793 GU:25   +
   13   125  0   0.0%   0.648 GU:25   +
   38    86  0   0.0%   0.180 AU:25   +
   62    80  0   0.0%   0.138 AU:25   +
   30   111  0   0.0%   0.778 CG:25   +
   51    56  0   0.0%   0.335 UG:25   +
   93   102  0   0.0%   0.385 UG:25   +
    5    25  0   0.0%   0.003 GC:25   +
    3    51  0   0.0%   0.013 AU:25   +
   53   103  0   0.0%   0.531 GC:25   +
   46    94  0   0.0%   0.844 GC:25   +
   81    91  0   0.0%   1.308 GC:25   +
   33    96  0   0.0%   0.312 AU:25   +
   13    97  0   0.0%   1.000 GU:25   +
   14    99  0   0.0%   1.125 GC:25   +
   40   111  1   0.0%   0.072 CG:10   UG:14   +
   58    92  0   0.0%   0.479 UA:25   +
   57    78  0   0.0%   0.488 CG:25   +
   14    51  0   0.0%   0.554 GU:25   +
   56    79  0   0.0%   0.363 GC:25   +
  101   125  0   0.0%   0.228 GU:25   +
   51    71  0   0.0%   0.219 UA:25   +
    6    76  0   0.0%   1.098 GC:25   +
   15    50  0   0.0%   0.511 UA:25   +
   25    70  0   0.0%   0.251 CG:25   +
   94   107  0   0.0%   0.292 CG:25   +
   40    90  1   0.0%   0.144 CG:10   UG:14   +
    6    51  0   0.0%   0.793 GU:25   +
   16    95  0   0.0%   0.709 UA:25   +
   30    90  0   0.0%   0.832 CG:25   +
   17    97  0   0.0%   0.492 AU:25   +
   70    74  0   0.0%   0.402 GU:25   +
   53    97  0   0.0%   0.928 GU:25   +
   21    44  0   0.0%   0.598 GC:25   +
   52   104  0   0.0%   0.472 UA:25   +
   14    49  0   0.0%   0.556 GU:25   +
   16   119  0   0.0%   0.689 UA:25   +
    2    22  0   0.0%   0.047 UA:25   +
   11    77  0   0.0%   0.993 GU:25   +
   15    38  0   0.0%   0.495 UA:25   +
   20    55  0   0.0%   0.589 GC:25   +
   26    81  0   0.0%   0.406 CG:25   +
   15    48  0   0.0%   0.506 UA:25   +
   53   120  0   0.0%   0.664 GU:25   +
   93   108  0   0.0%   0.293 UA:25   +
   61    79  0   0.0%   0.223 GC:25   +
   21    94  0   0.0%   0.672 GC:25   +
   42    86  0   0.0%   0.185 AU:25   +
   80    92  0   0.0%   1.070 UA:25   +
   14    94  0   0.0%   0.802 GC:25   +
   91   111  0   0.0%   0.411 CG:25   +
   16    61  0   0.0%   0.508 UG:25   +
   23    52  0   0.0%   0.382 GU:25   +
   69    97  0   0.0%   1.255 AU:25   +
   60    80  0   0.0%   0.372 GU:25   +
   22    93  0   0.0%   0.094 AU:25   +
   53    96  0   0.0%   0.520 GU:25   +
   23    97  0   0.0%   0.807 GU:25   +
   57    72  0   0.0%   0.611 CG:25   +
   24    51  0   0.0%   0.191 AU:25   +
   13    49  0   0.0%   0.410 GU:25   +
    7    52  0   0.0%   0.146 AU:25   +
   14    68  0   0.0%   0.778 GC:25   +
   52   126  0   0.0%   0.604 UG:25   +
   85   126  0   0.0%   0.892 CG:25   +
   55    81  0   0.0%   0.270 CG:25   +
   56    76  0   0.0%   0.419 GC:25   +
   98   126  0   0.0%   0.935 CG:25   +
   53    83  0   0.0%   0.372 GC:25   +
   30    65  0   0.0%   0.879 CG:25   +
   85    90  0   0.0%   1.169 CG:25   +
   26    72  0   0.0%   0.510 CG:25   +
   44    61  0   0.0%   0.342 CG:25   +
   25   102  0   0.0%   0.284 CG:25   +
   23    98  0   0.0%   0.818 GC:25   +
   26   101  0   0.0%   0.374 CG:25   +
   13   120  0   0.0%   0.651 GU:25   +
   12    52  0   0.0%   0.003 AU:25   +
   17    74  0   0.0%   0.240 AU:25   +
   52    56  0   0.0%   0.389 UG:25   +
   17    77  0   0.0%   0.234 AU:25   +
   26   121  0   0.0%   0.391 CG:25   +
   70    97  0   0.0%   1.274 GU:25   +
   90    98  0   0.0%   0.807 GC:25   +
   56    75  0   0.0%   0.486 GC:25   +
   89    93  0   0.0%   0.629 AU:25   +
   46    91  0   0.0%   0.886 GC:25   +
   89    97  0   0.0%   0.841 AU:25   +
   55   111  0   0.0%   0.137 CG:25   +
   29    90  0   0.0%   0.991 CG:25   +
   43    97  0   0.0%   0.514 AU:25   +
   47    90  0   0.0%   0.779 CG:25   +
   51   108  0   0.0%   0.132 UA:25   +
   52   107  0   0.0%   0.473 UG:25   +
   85   115  0   0.0%   0.826 CG:25   +
   24    97  0   0.0%   0.600 AU:25   +
   29    70  0   0.0%   0.935 CG:25   +
   21    49  0   0.0%   0.580 GU:25   +
   22    80  0   0.0%   0.027 AU:25   +
   23    79  0   0.0%   0.389 GC:25   +
   86   114  0   0.0%   0.863 UA:25   +
   16   107  0   0.0%   0.674 UG:25   +
   46   105  0   0.0%   0.879 GC:25   +
    5    77  0   0.0%   0.936 GU:25   +
   51   101  0   0.0%   0.136 UG:25   +
   28    70  0   0.0%   1.040 CG:25   +
   21    40  1   0.0%   0.599 GC:10   GU:14   +
   25   121  0   0.0%   0.279 CG:25   +
   20    84  0   0.0%   0.734 GU:25   +
   23    40  1   0.0%   0.401 GC:10   GU:14   +
   20    88  0   0.0%   0.688 GC:25   +
   23   103  0   0.0%   0.432 GC:25   +
   53   125  0   0.0%   0.557 GU:25   +
   61    84  0   0.0%   0.251 GU:25   +
   29    72  0   0.0%   1.071 CG:25   +
    2    71  0   0.0%   0.590 UA:25   +
   16   109  0   0.0%   0.677 UA:25   +
   25    53  0   0.0%   0.246 CG:25   +
   56   120  0   0.0%   0.589 GU:25   +
   78    88  0   0.0%   0.669 GC:25   +
   19    74  0   0.0%   0.156 AU:25   +
   77    89  0   0.0%   0.929 UA:25   +
   87    93  0   0.0%   0.555 AU:25   +
   76    90  0   0.0%   0.865 CG:25   +
   58    87  0   0.0%   0.470 UA:25   +
   87    96  0   0.0%   0.358 AU:25   +
  109   120  0   0.0%   0.588 AU:25   +
   96   126  0   0.0%   0.907 UG:25   +
  108   120  0   0.0%   0.586 AU:25   +
   29    81  0   0.0%   0.967 CG:25   +
   56   110  0   0.0%   0.370 GC:25   +
   23    68  0   0.0%   0.498 GC:25   +
   58    71  0   0.0%   0.473 UA:25   +
   16    78  0   0.0%   0.626 UG:25   +
   13    52  0   0.0%   0.405 GU:25   +
   26    53  0   0.0%   0.370 CG:25   +
   28    72  0   0.0%   1.176 CG:25   +
   44   111  0   0.0%   0.403 CG:25   +
   17    51  0   0.0%   0.086 AU:25   +
   49    78  0   0.0%   0.152 UG:25   +
   96   108  0   0.0%   0.096 UA:25   +
   27    90  0   0.0%   0.840 CG:25   +
   30    78  0   0.0%   0.773 CG:25   +
   57   115  0   0.0%   0.532 CG:25   +
   58   114  0   0.0%   0.493 UA:25   +
    2    13  0   0.0%   0.045 UG:25   +
   30   107  0   0.0%   0.773 CG:25   +
   15   108  0   0.0%   0.680 UA:25   +
   21    99  0   0.0%   1.023 GC:25   +
   26   115  0   0.0%   0.387 CG:25   +
   13    51  0   0.0%   0.408 GU:25   +
   11   103  0   0.0%   1.046 GC:25   +
   23    55  0   0.0%   0.388 GC:25   +
   97   106  0   0.0%   0.506 UA:25   +
   97   107  0   0.0%   0.507 UG:25   +
   15    62  0   0.0%   0.511 UA:25   +
   15   121  0   0.0%   0.706 UG:25   +
   55    90  0   0.0%   0.208 CG:25   +
   90    97  0   0.0%   0.879 GU:25   +
   42    80  0   0.0%   0.045 AU:25   +
   38    84  0   0.0%   0.178 AU:25   +
   28    56  0   0.0%   0.991 CG:25   +
   16    92  0   0.0%   0.673 UA:25   +
   58    64  0   0.0%   0.204 UA:25   +
   26    46  0   0.0%   0.382 CG:25   +
   39    97  0   0.0%   0.434 AU:25   +
   27    78  0   0.0%   0.782 CG:25   +
   21   105  0   0.0%   0.632 GC:25   +
   22    49  0   0.0%   0.020 AU:25   +
   65    88  0   0.0%   0.694 GC:25   +
   15    70  0   0.0%   0.625 UG:25   +
   28    65  0   0.0%   1.144 CG:25   +
   28    90  0   0.0%   1.097 CG:25   +
   57    65  0   0.0%   0.336 CG:25   +
    2   107  0   0.0%   0.666 UG:25   +
   97   101  0   0.0%   0.511 UG:25   +
   98   102  0   0.0%   0.524 CG:25   +
   85   107  0   0.0%   0.798 CG:25   +
   48    80  0   0.0%   0.245 AU:25   +
   16    39  0   0.0%   0.507 UA:25   +
   13    84  0   0.0%   0.713 GU:25   +
   47    81  0   0.0%   0.841 CG:25   +
   16    69  0   0.0%   0.615 UA:25   +
  107   125  0   0.0%   0.199 GU:25   +
   64    96  0   0.0%   0.762 AU:25   +
   60    75  0   0.0%   0.482 GC:25   +
   16    60  0   0.0%   0.508 UG:25   +
    6    86  0   0.0%   1.012 GU:25   +
   23    85  0   0.0%   0.520 GC:25   +
   56   125  0   0.0%   0.482 GU:25   +
   56    80  0   0.0%   0.361 GU:25   +
   29   107  0   0.0%   0.933 CG:25   +
   86   106  0   0.0%   0.849 UA:25   +
   27    56  0   0.0%   0.751 CG:25   +
    2    66  0   0.0%   0.590 UA:25   +
   84   108  0   0.0%   0.823 UA:25   +
   15   114  0   0.0%   0.698 UA:25   +
   12    80  0   0.0%   0.031 AU:25   +
   23   110  0   0.0%   0.412 GC:25   +
   24    84  0   0.0%   0.348 AU:25   +
   98   111  0   0.0%   0.444 CG:25   +
   58    78  0   0.0%   0.463 UG:25   +
   29    65  0   0.0%   1.038 CG:25   +
   50    86  0   0.0%   0.164 AU:25   +
   13    79  0   0.0%   0.547 GC:25   +
   59    80  0   0.0%   0.511 GU:25   +
   49   108  0   0.0%   0.048 UA:25   +
   25    60  0   0.0%   0.240 CG:25   +
   22    86  0   0.0%   0.187 AU:25   +
   25    90  0   0.0%   0.319 CG:25   +
   56    94  0   0.0%   0.637 GC:25   +
   43    80  0   0.0%   0.036 AU:25   +
   51   106  0   0.0%   0.131 UA:25   +
   29    78  0   0.0%   0.933 CG:25   +
    7    86  0   0.0%   0.359 AU:25   +
   49    87  0   0.0%   0.158 UA:25   +
   33    97  0   0.0%   0.677 AU:25   +
   40    59  1   0.0%   0.104 CG:10   UG:14   +
   38    58  0   0.0%   0.033 AU:25   +
   96   101  0   0.0%   0.102 UG:25   +
   27    72  0   0.0%   0.920 CG:25   +
   96   102  0   0.0%   0.188 UG:25   +
   97   104  0   0.0%   0.507 UA:25   +
   58    90  0   0.0%   0.678 UG:25   +
   69    96  0   0.0%   0.846 AU:25   +
    2   106  0   0.0%   0.666 UA:25   +
    2   111  0   0.0%   0.669 UG:25   +
   15    41  1   0.0%   0.498 UG:1    UA:23   +
    2    73  0   0.0%   0.590 UA:25   +
   26    59  0   0.0%   0.363 CG:25   +
   86    92  0   0.0%   0.922 UA:25   +
   13    57  0   0.0%   0.403 GC:25   +
   27   107  0   0.0%   0.781 CG:25   +
    7    82  1   0.5%   0.374 AU:24   +
   11    32  1   0.4%   1.160 GC:24   +
    1   103  1   0.4%   0.731 GC:24   +
    5    32  1   0.4%   0.785 GC:24   +
  113   121  1   0.4%   0.725 CG:24   +
   18    85  1   0.4%   0.543 GC:24   +
   18    27  1   0.4%   0.623 GC:24   +
  100   120  1   0.3%   0.619 AU:24   +
   31    40  2   0.1%   0.367 GC:9    GU:14   +
   32    90  1   0.3%   0.944 CG:24   +
   31    91  1   0.3%   0.854 GC:24   +
   24    82  1   0.3%   0.270 AU:24   +
   18    88  1   0.2%   0.510 GC:24   +
    9   114  1   0.2%   0.497 UA:24   +
   49   124  2   0.4%   0.256 UA:23   +
   32    53  1   0.2%   0.836 CG:24   +
    1    47  1   0.2%   0.619 GC:24   +
    1    91  1   0.2%   0.675 GC:24   +
    9    41  2   0.0%   0.194 UG:1    UA:22   +
   18    40  2   0.0%   0.421 GC:9    GU:14   +
   41    82  2   0.0%   0.076 GU:1    AU:22   +
    5   113  1   0.2%   1.281 GC:24   +
    1    44  1   0.2%   0.602 GC:24   +
   31    55  1   0.1%   0.713 GC:24   +
   32   121  1   0.1%   0.909 CG:24   +
   40   122  4   0.0%   0.078 CG:7    UG:12   UA:2    +
   14    82  1   0.1%   0.734 GU:24   +
   31    44  1   0.1%   0.370 GC:24   +
    1    30  1   0.1%   0.066 GC:24   +
    9    89  1   0.1%   0.424 UA:24   +
    1    55  1   0.1%   0.617 GC:24   +
   18    26  1   0.1%   0.298 GC:24   +
    9    45  1   0.1%   0.210 UA:24   +
   25    63  1   0.1%   0.256 CG:24   +
   32   126  1   0.1%   0.886 CG:24   +
   49   100  1   0.1%   0.060 UA:24   +
   26    63  1   0.1%   0.383 CG:24   +
   31    58  1   0.1%   0.722 GU:24   +
    3     9  1   0.1%   0.012 AU:24   +
   21    82  1   0.0%   0.629 GU:24   +
   73    82  1   0.0%   0.856 AU:24   +
   21    32  1   0.0%   1.021 GC:24   +
   18    25  1   0.0%   0.271 GC:24   +
    1    99  1   0.0%   0.665 GC:24   +
    1   105  1   0.0%   0.692 GC:24   +
   20    32  1   0.0%   1.021 GC:24   +
   23    32  1   0.0%   0.826 GC:24   +
   16    31  1   0.0%   0.690 UG:24   +
    9    22  1   0.0%   0.189 UA:24   +
    9    69  1   0.0%   0.210 UA:24   +
    1   110  1   0.0%   0.693 GC:24   +
   13    32  1   0.0%   0.692 GC:24   +
   31   120  1   0.0%   0.768 GU:24   +
    9    73  1   0.0%   0.342 UA:24   +
   13   113  1   0.0%   0.641 GC:24   +
   27    63  1   0.0%   0.793 CG:24   +
   18    51  1   0.0%   0.406 GU:24   +
    2   100  1   0.0%   0.644 UA:24   +
  107   113  1   0.0%   0.062 GC:24   +
   27    31  1   0.0%   1.039 CG:24   +
    9    42  1   0.0%   0.197 UA:24   +
   25    31  1   0.0%   0.525 CG:24   +
    9   106  1   0.0%   0.456 UA:24   +
    9    33  1   0.0%   0.422 UA:24   +
    9   123  1   0.0%   0.484 UA:24   +
  113   126  1   0.0%   0.237 CG:24   +
    9    50  1   0.0%   0.208 UA:24   +
   32   115  1   0.0%   0.875 CG:24   +
   18    79  1   0.0%   0.412 GC:24   +
  100   125  1   0.0%   0.214 AU:24   +
   18    98  1   0.0%   0.831 GC:24   +
   63    94  1   0.0%   0.963 GC:24   +
   31    52  1   0.0%   0.681 GU:24   +
    1    25  1   0.0%   0.047 GC:24   +
   63    68  1   0.0%   0.326 GC:24   +
   32    78  1   0.0%   0.836 CG:24   +
   31    79  1   0.0%   0.730 GC:24   +
   26    31  1   0.0%   0.649 CG:24   +
   31   125  1   0.0%   0.762 GU:24   +
    4     9  1   0.0%   0.007 AU:24   +
    9    19  1   0.0%   0.182 UA:24   +
   58   100  1   0.0%   0.488 UA:24   +
    9   118  1   0.0%   0.474 UA:24   +
    1    94  1   0.0%   0.656 GC:24   +
    9   119  1   0.0%   0.485 UA:24   +
   11   113  1   0.0%   1.035 GC:24   +
   62    82  1   0.0%   0.160 AU:24   +
    1    98  1   0.0%   0.657 GC:24   +
    9    64  1   0.0%   0.204 UA:24   +
   51   100  1   0.0%   0.140 UA:24   +
   18    94  1   0.0%   0.497 GC:24   +
   28    63  1   0.0%   1.049 CG:24   +
   32   102  1   0.0%   0.877 CG:24   +
   31   103  1   0.0%   0.760 GC:24   +
   63    76  1   0.0%   0.217 GC:24   +
    1    29  1   0.0%   0.047 GC:24   +
    9    39  1   0.0%   0.201 UA:24   +
    9    38  1   0.0%   0.192 UA:24   +
   42    82  1   0.0%   0.087 AU:24   +
   63    75  1   0.0%   0.282 GC:24   +
    9    35  1   0.0%   0.193 UA:24   +
  102   113  1   0.0%   0.168 GC:24   +
    9   109  1   0.0%   0.457 UA:24   +
    9    43  1   0.0%   0.204 UA:24   +
    6    82  1   0.0%   0.945 GU:24   +
   96   100  1   0.0%   0.106 UA:24   +
   18    99  1   0.0%   0.816 GC:24   +
    1    79  1   0.0%   0.606 GC:24   +
    2    18  1   0.0%   0.047 UG:24   +
   32    59  1   0.0%   0.875 CG:24   +
   30    63  1   0.0%   0.784 CG:24   +
    1    28  1   0.0%   0.046 GC:24   +
   31    49  1   0.0%   0.678 GU:24   +
    6   113  1   0.0%   1.391 GC:24   +
    9    92  1   0.0%   0.412 UA:24   +
   22    82  1   0.0%   0.052 AU:24   +
   31    51  1   0.0%   0.679 GU:24   +
    1    27  1   0.0%   0.045 GC:24   +
   52   100  1   0.0%   0.479 UA:24   +
    9    48  1   0.0%   0.201 UA:24   +
   18    44  1   0.0%   0.419 GC:24   +
   31    99  1   0.0%   1.129 GC:24   +
   16   100  1   0.0%   0.676 UA:24   +
   32    70  1   0.0%   0.835 CG:24   +
   32    60  1   0.0%   0.882 CG:24   +
   63    67  1   0.0%   0.322 GC:24   +
   18    83  1   0.0%   0.502 GC:24   +
   18    97  1   0.0%   0.818 GU:24   +
   31    98  1   0.0%   1.143 GC:24   +
    8    63  1   0.0%   0.347 CG:24   +
   31    88  1   0.0%   0.776 GC:24   +
    9    62  1   0.0%   0.202 UA:24   +
   69    82  1   0.0%   1.561 AU:24   +
   12    82  1   0.0%   0.046 AU:24   +
   93   100  1   0.0%   0.302 UA:24   +
   53   113  1   0.0%   0.454 GC:24   +
   18   105  1   0.0%   0.442 GC:24   +
   63    79  1   0.0%   0.145 GC:24   +
   18    47  1   0.0%   0.421 GC:24   +
    9    24  1   0.0%   0.184 UA:24   +
   31   110  1   0.0%   0.738 GC:24   +
   29    63  1   0.0%   0.943 CG:24   +
   65    82  1   0.0%   0.615 GU:24   +
   31    94  1   0.0%   0.795 GC:24   +
   19    82  1   0.0%   0.038 AU:24   +
   18    91  1   0.0%   0.521 GC:24   +
   32    61  1   0.0%   0.881 CG:24   +
   20   113  1   0.0%   0.657 GC:24   +
   54    82  1   0.0%   0.235 AU:24   +
   32    72  1   0.0%   0.972 CG:24   +
   18    68  1   0.0%   0.509 GC:24   +
   18    76  1   0.0%   0.571 GC:24   +
   18   110  1   0.0%   0.441 GC:24   +
    9   108  1   0.0%   0.454 UA:24   +
   82    90  1   0.0%   1.333 UG:24   +
   32    65  1   0.0%   0.939 CG:24   +
   18    96  1   0.0%   0.460 GU:24   +
   18    52  1   0.0%   0.404 GU:24   +
   31    96  1   0.0%   0.768 GU:24   +
   63    91  1   0.0%   0.918 GC:24   +
   18    75  1   0.0%   0.571 GC:24   +
    1    76  1   0.0%   0.605 GC:24   +
   31    83  1   0.0%   0.858 GC:24   +
   18   120  1   0.0%   0.464 GU:24   +
   59   113  1   0.0%   0.539 GC:24   +
   18   125  1   0.0%   0.460 GU:24   +
   46   113  1   0.0%   0.888 GC:24   +
   39    82  1   0.0%   0.086 AU:24   +
    1    85  1   0.0%   0.605 GC:24   +
    1    67  1   0.0%   0.605 GC:24   +
   18    55  1   0.0%   0.409 GC:24   +
   18    49  1   0.0%   0.401 GU:24   +
    9    54  1   0.0%   0.207 UA:24   +
   46    82  1   0.0%   0.923 GU:24   +
    1    26  1   0.0%   0.045 GC:24   +
   18   103  1   0.0%   0.462 GC:24   +
   31    68  1   0.0%   0.837 GC:24   +
    2   124  2   0.2%   0.728 UA:23   +
    6   112  2   0.2%   1.400 GC:23   +
   96   124  2   0.1%   0.819 UA:23   +
   51   124  2   0.1%   0.235 UA:23   +
   93   124  2   0.1%   0.623 UA:23   +
  120   124  2   0.1%   0.687 UA:23   +
   14   112  2   0.0%   0.765 GC:23   +
    9   100  2   0.0%   0.457 UA:23   +
   46   112  2   0.0%   0.890 GC:23   +
   15   124  2   0.0%   0.702 UA:23   +
  101   112  2   0.0%   0.030 GC:23   +
  107   112  2   0.0%   0.055 GC:23   +
  112   121  2   0.0%   0.656 CG:23   +
    1   113  2   0.0%   0.689 GC:23   +
   11   112  2   0.0%   1.032 GC:23   +
   52   124  2   0.0%   0.550 UA:23   +
    5   112  2   0.0%   1.251 GC:23   +
   13   112  2   0.0%   0.634 GC:23   +
   32    63  2   0.0%   0.843 CG:23   +
   16   124  2   0.0%   0.690 UA:23   +
   90   112  2   0.0%   0.391 GC:23   +
   21   112  2   0.0%   0.639 GC:23   +
   97   124  2   0.0%   1.242 UA:23   +
  112   126  2   0.0%   0.208 CG:23   +
   60   112  2   0.0%   0.682 GC:23   +
   18   113  2   0.0%   0.450 GC:23   +
....(((.....((((......))))....((.............))....(((.((((..(((((((((.....)))..)))))).)))).))).))).(((.......))).............
