19 sequence; length of alignment 127
alifold output
   97   123  0  96.3%   0.216 UG:2    UA:17  
   99   121  0  97.1%   0.195 CG:19  
   98   122  1  97.1%   0.190 CG:18  
  100   120  0  95.4%   0.162 AU:19  
  101   113  1  94.4%   0.169 GC:18  
  102   112  2  94.5%   0.187 GC:17  
  103   111  2  94.2%   0.195 CG:17  
   96   125  0  89.6%   0.341 UA:19  
   95   126  1  78.1%   0.899 AU:18  
   57    90  0  77.0%   1.484 CG:19  
   58    89  0  77.0%   1.240 UA:19  
   56    91  0  76.9%   1.185 GC:19  
   59    88  0  76.4%   1.413 GC:19  
   16    27  0  67.4%   1.108 GC:19  
   15    28  0  67.2%   1.126 GC:19  
   17    26  1  67.2%   1.111 UA:18  
   18    25  0  62.3%   1.197 UG:19  
    3    33  0  57.6%   0.979 CG:18   UG:1   
    2    34  0  57.7%   0.965 GC:19  
   60    87  0  56.5%   2.160 GC:1    GU:18  
   69    77  0  56.6%   1.660 AU:19  
   94   127  1  57.0%   1.504 CG:18  
   61    86  0  56.3%   2.128 GC:19  
   70    76  0  56.3%   1.373 GC:19  
   65    83  0  56.2%   1.653 GC:19  
   64    84  0  56.2%   2.047 AU:19  
   63    85  0  56.1%   2.070 GC:19  
   66    82  0  56.1%   2.099 AU:19  
   68    78  0  55.7%   1.695 CG:19  
    1    35  0  46.6%   1.085 UA:19  
   67    81  0  45.5%   1.908 CG:19  
   54    93  0  33.8%   1.497 AU:19   +
   53    94  0  33.6%   1.758 GC:19   +
   13    29  0  32.3%   1.352 GC:19  
    7    31  0  30.5%   1.358 GC:19  
    8    30  0  30.4%   1.872 GC:19  
   63    83  0  21.5%   1.348 GC:19   +
   62    84  0  21.5%   1.441 AU:19   +
   64    82  0  21.4%   1.478 AU:19   +
   61    85  0  21.3%   1.488 GC:19   +
   60    86  0  21.1%   1.815 GC:19   +
   59    68  0  20.5%   1.087 GC:19   +
   60    67  0  20.5%   1.017 GC:19   +
   58    69  0  20.4%   1.051 UA:19   +
   57    70  0  20.3%   1.072 CG:19   +
   70    79  0  20.1%   2.016 GC:19   +
   69    80  0  20.1%   2.266 AU:19   +
   22    86  0  20.0%   1.483 GC:19   +
   23    85  0  20.0%   1.480 GC:19   +
   24    84  0  20.0%   1.054 AU:19   +
   25    83  0  20.0%   1.352 GC:19   +
   20    88  0  20.0%   1.235 GC:19   +
   46    79  0  19.9%   1.514 GC:19   +
   47    78  0  19.9%   1.469 CG:19   +
   45    80  0  19.7%   1.182 AU:19   +
   21    87  1  20.0%   1.054 AU:18   +
   66    80  0  18.7%   1.288 AU:19   +
   48    77  0  18.3%   1.146 AU:19   +
    7    32  0  18.2%   1.566 GC:19   +
    8    31  0  18.2%   2.213 GC:19   +
   10    16  0  16.6%   0.910 CG:19   +
    9    17  0  16.4%   0.897 AU:19   +
   11    15  0  14.8%   0.863 CG:3    UG:16   +
   52    95  0  15.3%   1.252 UA:19   +
    8    18  0  15.1%   0.878 GU:19   +
   26    82  1  14.8%   1.119 AU:18   +
   44    81  0  13.3%   1.273 CG:19   +
   13    30  0  13.1%   1.759 GC:19   +
   55    72  0  13.1%   0.901 CG:19   +
   17    90  0  10.4%   1.602 UG:19   +
   16    91  0  10.4%   1.643 GC:19   +
   68    81  0  10.1%   2.210 CG:19   +
    3    90  0   9.1%   1.170 CG:18   UG:1    +
   53    75  0  10.0%   0.961 GC:19   +
   18    89  0  10.0%   1.343 UA:19   +
   54    74  0  10.0%   0.746 AU:19   +
    8    29  0   9.8%   1.038 GC:19   +
    7    30  0   9.8%   0.727 GC:19   +
    2    91  0   9.1%   1.153 GC:19   +
   27    81  0   8.9%   0.975 CG:19   +
   71    77  0   7.2%   1.263 AU:19   +
   43    82  0   7.0%   0.861 AU:19   +
   72    76  0   6.9%   1.237 GC:19   +
    1    92  0   6.9%   1.068 UA:19   +
    3    46  0   5.0%   0.793 CG:18   UG:1    +
   34    46  0   5.4%   1.110 CG:19   +
   33    47  0   5.4%   1.063 GC:19   +
    2    47  0   5.0%   0.786 GC:19   +
   13    94  0   4.6%   1.118 GC:19   +
   44    53  0   4.3%   0.503 CG:19   +
   14    93  0   4.2%   0.415 AU:19   +
   45    52  0   4.0%   0.536 AU:19   +
    1    48  0   3.8%   0.762 UA:19   +
   22    32  0   3.1%   1.091 GC:19   +
   23    31  0   3.1%   1.490 GC:19   +
   22    29  0   3.0%   1.006 GC:19   +
   23    28  0   2.9%   0.692 GC:19   +
   39    49  0   1.5%   0.201 GU:1    AU:18   +
   23    30  0   2.3%   1.491 GC:19   +
   22    31  0   2.3%   1.258 GC:19   +
    7    86  0   2.3%   1.247 GC:19   +
    8    85  0   2.3%   1.528 GC:19   +
   22    30  0   2.2%   1.318 GC:19   +
   23    29  0   2.2%   1.146 GC:19   +
   20    32  0   2.0%   0.727 GC:19   +
   46    51  0   2.0%   0.680 GU:19   +
   38   127  0   0.0%   0.149 CG:2    UG:16   UA:1    +
   11   127  0   0.0%   0.311 CG:3    UG:15   UA:1    +
   38   115  0   0.0%   0.141 CG:2    UG:16   UA:1    +
   47    56  0   1.9%   0.643 CG:19   +
   46    57  0   1.9%   0.680 GC:19   +
   45    58  0   1.9%   0.368 AU:19   +
    9    84  0   1.9%   0.526 AU:19   +
   44    59  0   1.8%   0.428 CG:19   +
    6    87  1   2.2%   0.264 AU:18   +
   59    87  0   0.7%   0.947 GC:1    GU:18   +
   16    38  0   0.6%   0.771 GC:2    GU:17   +
   37    51  0   1.6%   0.271 AU:19   +
    8    98  0   1.5%   1.557 GC:19   +
    7    99  0   1.5%   1.273 GC:19   +
   20    34  0   1.4%   0.803 GC:19   +
    3    53  0   0.4%   0.562 CG:18   UG:1    +
    9    97  0   1.4%   0.563 AU:19   +
    3   102  0   0.4%   0.800 CG:18   UG:1    +
   36    52  1   1.4%   0.280 GU:1    AU:17   +
   97   116  0   0.3%   0.132 UG:1    UA:18   +
   47    53  0   1.3%   0.688 CG:19   +
   25    30  0   1.3%   1.579 GC:19   +
   52    73  0   1.3%   0.527 UA:19   +
   20    30  0   1.2%   1.050 GC:19   +
    3     8  0   0.2%   0.043 CG:18   UG:1    +
   96   119  0   0.1%   0.065 UG:1    UA:18   +
   41    52  0   0.1%   0.156 GU:1    AU:18   +
   39    52  0   0.1%   0.203 GU:1    AU:18   +
   11    22  0   0.1%   0.308 CG:3    UG:16   +
    3   121  0   0.1%   0.774 CG:18   UG:1    +
   38    53  0   0.1%   0.207 CG:2    UG:17   +
   49   119  0   0.1%   0.105 UG:1    UA:18   +
   16    34  0   1.1%   1.132 GC:19   +
    2    11  0   0.1%   0.019 GC:3    GU:16   +
    3     7  0   0.1%   0.014 CG:18   UG:1    +
    1   123  0   0.1%   0.728 UG:2    UA:17   +
    2    38  0   0.0%   0.340 GC:2    GU:17   +
   33    38  0   0.0%   0.475 GC:2    GU:17   +
    1    39  0   0.0%   0.391 UG:1    UA:18   +
   11   121  0   0.0%   0.315 CG:3    UG:16   +
   41    51  0   0.0%   0.122 GU:1    AU:18   +
    3    23  0   0.0%   0.031 CG:18   UG:1    +
    3    13  0   0.0%   0.023 CG:18   UG:1    +
   18    39  0   0.0%   0.642 UG:1    UA:18   +
   11    81  0   0.0%   0.305 CG:3    UG:16   +
   17    33  0   1.0%   1.066 UG:19   +
   11    33  0   0.0%   0.648 CG:3    UG:16   +
   41    49  0   0.0%   0.081 GU:1    AU:18   +
   38    46  0   0.0%   0.376 CG:2    UG:17   +
   93   127  0   0.0%   0.547 UG:18   UA:1    +
    7    38  0   0.0%   0.963 GC:2    GU:17   +
    3    15  0   0.0%   0.023 CG:18   UG:1    +
   41    84  0   0.0%   0.418 GU:1    AU:18   +
   61    87  0   0.0%   1.513 GC:1    GU:18   +
    3    22  0   0.0%   0.025 CG:18   UG:1    +
   96   123  0   0.0%   0.048 UG:2    UA:17   +
    7    11  0   0.0%   0.013 GC:3    GU:16   +
    1    41  0   0.0%   0.388 UG:1    UA:18   +
    8    87  0   0.0%   1.445 GC:1    GU:18   +
    3    16  0   0.0%   0.023 CG:18   UG:1    +
   51   119  0   0.0%   0.255 UG:1    UA:18   +
   15    38  0   0.0%   0.635 GC:2    GU:17   +
   49   127  0   0.0%   0.120 UG:18   UA:1    +
   11    16  0   0.0%   0.589 CG:3    UG:16   +
   97   115  0   0.0%   0.074 UG:18   UA:1    +
    8    38  0   0.0%   1.274 GC:2    GU:17   +
   96   116  0   0.0%   0.016 UG:1    UA:18   +
   11    25  0   0.0%   0.299 CG:3    UG:16   +
   13    38  0   0.0%   0.690 GC:2    GU:17   +
   20    31  0   1.0%   0.933 GC:19   +
  116   120  0   0.0%   0.103 GU:1    AU:18   +
   39    51  0   0.0%   0.172 GU:1    AU:18   +
   96   127  0   0.0%   0.480 UG:18   UA:1    +
   11    20  0   0.0%   0.291 CG:3    UG:16   +
   97   108  0   0.0%   0.072 UG:1    UA:17   --:1    +
   93   123  0   0.0%   0.529 UG:2    UA:17   +
   11    53  0   0.0%   0.322 CG:3    UG:16   +
   11    23  0   0.0%   0.305 CG:3    UG:16   +
   52   123  0   0.0%   0.678 UG:2    UA:17   +
   96   109  0   0.0%   0.015 UG:1    UA:18   +
  115   120  0   0.0%   0.158 GU:18   AU:1    +
    3    20  0   0.0%   0.022 CG:18   UG:1    +
    1   127  0   0.0%   0.722 UG:18   UA:1    +
    3   111  0   0.0%   0.757 CG:18   UG:1    +
  118   126  0   0.0%   0.221 CG:1    AU:18   +
   93   119  0   0.0%   0.525 UG:1    UA:18   +
   52   116  0   0.0%   0.673 UG:1    UA:18   +
    3   101  0   0.0%   0.734 CG:18   UG:1    +
   41    82  0   0.0%   0.301 GU:1    AU:18   +
    3    25  0   0.0%   0.026 CG:18   UG:1    +
    7    87  0   0.0%   1.161 GC:1    GU:18   +
   41    80  0   0.0%   0.018 GU:1    AU:18   +
   11   101  0   0.0%   0.301 CG:3    UG:16   +
   17    39  0   0.0%   0.661 UG:1    UA:18   +
   20    87  0   0.0%   0.354 GC:1    GU:18   +
   39    84  0   0.0%   0.474 GU:1    AU:18   +
  117   126  0   0.0%   0.228 UG:1    AU:18   +
   51   127  0   0.0%   0.267 UG:18   UA:1    +
   11    72  0   0.0%   0.298 CG:3    UG:16   +
   41    96  0   0.0%   0.022 GU:1    AU:18   +
   52   127  0   0.0%   0.691 UG:18   UA:1    +
   97   119  0   0.0%   0.116 UG:1    UA:18   +
   41    93  0   0.0%   0.164 GU:1    AU:18   +
   11    78  0   0.0%   0.298 CG:3    UG:16   +
   17   116  0   0.0%   0.915 UG:1    UA:18   +
  120   127  0   0.0%   0.423 UG:18   UA:1    +
   11    46  0   0.0%   0.449 CG:3    UG:16   +
   39    82  0   0.0%   0.361 GU:1    AU:18   +
   18   115  0   0.0%   0.880 UG:18   UA:1    +
    1   116  0   0.0%   0.717 UG:1    UA:18   +
   51   123  0   0.0%   0.253 UG:2    UA:17   +
   22    38  0   0.0%   0.476 GC:2    GU:17   +
   18   123  0   0.0%   0.884 UG:2    UA:17   +
   20    38  0   0.0%   0.310 GC:2    GU:17   +
   96   115  0   0.0%   0.015 UG:18   UA:1    +
   11    59  0   0.0%   0.298 CG:3    UG:16   +
   18    41  0   0.0%   0.636 UG:1    UA:18   +
   39    80  0   0.0%   0.078 GU:1    AU:18   +
   38   121  0   0.0%   0.157 CG:2    UG:17   +
   39   120  0   0.0%   0.085 GU:1    AU:18   +
   41    97  0   0.0%   0.080 GU:1    AU:18   +
   39    93  0   0.0%   0.223 GU:1    AU:18   +
   17    41  0   0.0%   0.660 UG:1    UA:18   +
   49   116  0   0.0%   0.092 UG:1    UA:18   +
   39    74  0   0.0%   0.076 GU:1    AU:18   +
    1   119  0   0.0%   0.717 UG:1    UA:18   +
   38    65  0   0.0%   0.142 CG:2    UG:17   +
   17   115  0   0.0%   0.915 UG:18   UA:1    +
   51   116  0   0.0%   0.248 UG:1    UA:18   +
   18   127  0   0.0%   0.886 UG:18   UA:1    +
   49   123  0   0.0%   0.101 UG:2    UA:17   +
   38    72  0   0.0%   0.141 CG:2    UG:17   +
   39    96  0   0.0%   0.081 GU:1    AU:18   +
   17   119  0   0.0%   0.915 UG:1    UA:18   +
   51   115  0   0.0%   0.248 UG:18   UA:1    +
   39    97  0   0.0%   0.139 GU:1    AU:18   +
   52   115  0   0.0%   0.673 UG:18   UA:1    +
   38    81  0   0.0%   0.362 CG:2    UG:17   +
    3    56  0   0.0%   0.516 CG:18   UG:1    +
   18   116  0   0.0%   0.880 UG:1    UA:18   +
    1   115  0   0.0%   0.716 UG:18   UA:1    +
   97   127  0   0.0%   0.479 UG:18   UA:1    +
   38    50  2   1.6%   0.267 UA:17   +
   34    78  0   0.9%   0.819 CG:19   +
   33    79  0   0.9%   0.761 GC:19   +
   48    52  0   0.9%   0.521 AU:19   +
   61    75  0   0.8%   0.398 GC:19   +
   60    76  0   0.8%   0.507 GC:19   +
   62    74  0   0.8%   0.382 AU:19   +
   35    77  0   0.7%   0.491 AU:19   +
   46    55  0   0.7%   0.545 GC:19   +
   72    77  0   0.6%   1.456 GU:19   +
   15    32  0   0.6%   1.014 GC:19   +
   16    31  0   0.6%   1.366 GC:19   +
   17    37  0   0.6%   0.720 UA:19   +
  107   113  1   1.1%   0.217 GC:18   +
   22    28  0   0.6%   0.414 GC:19   +
   51    73  0   0.6%   0.301 UA:19   +
   23    27  0   0.5%   0.385 GC:19   +
   10    33  0   0.5%   0.724 CG:19   +
   50    74  0   0.5%   0.152 AU:19   +
    8    34  0   0.5%   1.646 GC:19   +
   18    36  1   0.5%   0.696 UG:1    UA:17   +
    7    44  0   0.5%   1.032 GC:19   +
    7    29  0   0.4%   0.093 GC:19   +
   34    56  0   0.4%   0.746 CG:19   +
   33    57  0   0.4%   0.678 GC:19   +
    4    52  0   0.4%   0.069 AU:19   +
   72    79  0   0.4%   1.285 GC:19   +
  105   115  1   0.9%   0.163 CG:18   +
   33    55  0   0.4%   0.675 GC:19   +
   71    80  0   0.4%   1.230 AU:19   +
   30    60  0   0.4%   1.225 CG:19   +
   29    61  0   0.4%   0.935 CG:19   +
   31    59  0   0.4%   1.032 CG:19   +
   34    53  0   0.4%   0.739 CG:19   +
    8    28  0   0.4%   0.380 GC:19   +
   35    52  0   0.3%   0.451 AU:19   +
    5    51  0   0.3%   0.057 AU:19   +
   25    29  0   0.3%   1.192 GC:19   +
   52    72  0   0.3%   0.366 UG:19   +
   13    32  0   0.3%   1.015 GC:19   +
    1   104  0   0.3%   0.750 UA:19   +
   20    29  0   0.2%   0.684 GC:19   +
   36    51  1   0.2%   0.104 GU:1    AU:17   +
   13    34  0   0.2%   1.058 GC:19   +
   15    29  0   0.2%   1.217 GC:19   +
   32    56  0   0.2%   0.600 CG:19   +
   53    76  0   0.2%   0.539 GC:19   +
    2    55  0   0.2%   0.521 GC:19   +
   53    74  0   0.2%   0.318 GU:19   +
   31    60  0   0.2%   1.045 CG:19   +
   30    61  0   0.2%   1.236 CG:19   +
   32    59  0   0.2%   0.634 CG:19   +
   65    79  0   0.2%   0.419 GC:19   +
   70    75  0   0.2%   0.638 GC:19   +
   95   120  0   0.2%   0.339 AU:19   +
   17    54  0   0.2%   0.692 UA:19   +
   27    33  0   0.2%   0.742 CG:19   +
   16    55  0   0.2%   0.741 GC:19   +
   94   121  0   0.2%   0.567 CG:19   +
   18    53  0   0.2%   0.690 UG:19   +
   64    80  0   0.2%   0.361 AU:19   +
   61    67  0   0.2%   0.397 GC:19   +
   60    68  0   0.1%   0.721 GC:19   +
   28    63  0   0.1%   0.490 CG:19   +
   42    51  0   0.1%   0.151 AU:19   +
    7    34  0   0.1%   1.289 GC:19   +
   19    52  0   0.1%   0.054 AU:19   +
   16    28  0   0.1%   0.890 GC:19   +
    7    28  0   0.1%   0.038 GC:19   +
    8    27  0   0.1%   0.329 GC:19   +
   28    33  0   0.1%   0.876 CG:19   +
   13    31  0   0.1%   1.335 GC:19   +
   63    76  0   0.1%   0.100 GC:19   +
   65    75  0   0.1%   0.302 GC:19   +
   62    77  0   0.1%   0.421 AU:19   +
   22    27  0   0.1%   0.312 GC:19   +
   10    15  0   0.1%   0.032 CG:19   +
   66    74  0   0.1%   0.335 AU:19   +
   18    24  0   0.1%   0.324 UA:19   +
   50    97  0   0.1%   0.191 AU:19   +
   28    61  0   0.1%   0.474 CG:19   +
   29    60  0   0.1%   0.879 CG:19   +
    8    32  0   0.1%   1.563 GC:19   +
   50    96  0   0.1%   0.127 AU:19   +
    1    36  1   0.1%   0.393 UG:1    UA:17   +
   30    59  0   0.1%   1.167 CG:19   +
    2    10  0   0.1%   0.019 GC:19   +
   16    30  0   0.1%   1.456 GC:19   +
   15    31  0   0.1%   1.277 GC:19   +
   15    91  0   0.1%   0.861 GC:19   +
   10    23  0   0.1%   0.334 CG:19   +
   60    79  0   0.1%   0.799 GC:19   +
   33    44  0   0.1%   0.471 GC:19   +
  114   120  0   0.1%   0.092 AU:19   +
    7    47  0   0.1%   1.147 GC:19   +
   32   121  0   0.1%   0.615 CG:19   +
   17    25  0   0.1%   0.323 UG:19   +
   51    95  0   0.1%   0.258 UA:19   +
   47   121  0   0.1%   0.811 CG:19   +
   48   120  0   0.1%   0.509 AU:19   +
    4   120  0   0.1%   0.039 AU:19   +
    3   127  1   0.1%   0.777 CG:17   UG:1    +
   30    78  0   0.1%   1.201 CG:19   +
   42    49  0   0.1%   0.095 AU:19   +
   37    49  0   0.1%   0.051 AU:19   +
   45    51  0   0.1%   0.146 AU:19   +
   49    54  0   0.1%   0.108 UA:19   +
   13    83  0   0.1%   0.695 GC:19   +
   49   125  0   0.1%   0.110 UA:19   +
    1     6  0   0.1%   0.013 UA:19   +
   15    93  0   0.1%   0.781 GU:19   +
    1    12  0   0.0%   0.022 UA:19   +
   20    51  0   0.0%   0.293 GU:19   +
   42    52  0   0.0%   0.162 AU:19   +
    7    18  0   0.0%   0.020 GU:19   +
   15    30  0   0.0%   1.441 GC:19   +
   16    29  0   0.0%   1.215 GC:19   +
   29    63  0   0.0%   0.906 CG:19   +
   43    51  0   0.0%   0.142 AU:19   +
   67    72  0   0.0%   0.633 CG:19   +
  105   111  0   0.0%   0.068 CG:19   +
   47   102  0   0.0%   0.807 CG:19   +
   18    23  0   0.0%   0.313 UG:19   +
   67    78  0   0.0%   0.725 CG:19   +
   13    93  0   0.0%   0.700 GU:19   +
   73    77  0   0.0%   1.012 AU:19   +
   20    28  0   0.0%   0.320 GC:19   +
   17    89  0   0.0%   0.683 UA:19   +
    8    47  0   0.0%   1.432 GC:19   +
   15    94  0   0.0%   0.786 GC:19   +
   63    79  0   0.0%   0.408 GC:19   +
   16    93  0   0.0%   1.100 GU:19   +
    1     9  0   0.0%   0.017 UA:19   +
   62    80  0   0.0%   0.380 AU:19   +
   29    33  0   0.0%   1.277 CG:19   +
   17    92  0   0.0%   1.105 UA:19   +
   12    96  0   0.0%   0.024 AU:19   +
   70    77  0   0.0%   1.358 GU:19   +
   18    35  0   0.0%   0.966 UA:19   +
   15    34  0   0.0%   0.991 GC:19   +
   12   120  0   0.0%   0.029 AU:19   +
   50    77  0   0.0%   0.456 AU:19   +
    2    44  0   0.0%   0.341 GC:19   +
   46    76  0   0.0%   0.515 GC:19   +
   45    77  0   0.0%   0.263 AU:19   +
   61    88  0   0.0%   1.285 GC:19   +
   13    79  0   0.0%   0.687 GC:19   +
   12    80  0   0.0%   0.016 AU:19   +
   15    76  0   0.0%   0.627 GC:19   +
   23    32  0   0.0%   0.985 GC:19   +
   14    77  0   0.0%   0.010 AU:19   +
   44    78  0   0.0%   0.301 CG:19   +
   16    75  0   0.0%   0.716 GC:19   +
   51    92  0   0.0%   0.435 UA:19   +
    9    96  0   0.0%   0.385 AU:19   +
   17    36  1   0.0%   0.638 UG:1    UA:17   +
   17    24  0   0.0%   0.310 UA:19   +
    7    98  0   0.0%   1.085 GC:19   +
  105   121  0   0.0%   0.115 CG:19   +
    8    97  0   0.0%   1.366 GU:19   +
    1     8  0   0.0%   0.012 UG:19   +
  106   120  0   0.0%   0.078 AU:19   +
   20    27  0   0.0%   0.284 GC:19   +
   14    82  0   0.0%   0.011 AU:19   +
    1    45  0   0.0%   0.394 UA:19   +
   16    44  0   0.0%   0.731 GC:19   +
   50    93  0   0.0%   0.251 AU:19   +
   53    93  0   0.0%   0.665 GU:19   +
   25    32  0   0.0%   0.942 GC:19   +
   43    52  0   0.0%   0.154 AU:19   +
   17    43  0   0.0%   0.665 UA:19   +
   28    81  0   0.0%   0.695 CG:19   +
    8    17  0   0.0%   0.023 GU:19   +
   59    77  0   0.0%   0.798 GU:19   +
   64    74  0   0.0%   0.314 AU:19   +
   33    58  0   0.0%   0.637 GU:19   +
   68    72  0   0.0%   0.632 CG:19   +
    7    49  0   0.0%   0.993 GU:19   +
   63    75  0   0.0%   0.293 GC:19   +
   12    84  0   0.0%   0.092 AU:19   +
   43    49  0   0.0%   0.093 AU:19   +
    1    37  0   0.0%   0.385 UA:19   +
   10    25  0   0.0%   0.325 CG:19   +
   13    47  0   0.0%   0.842 GC:19   +
   31    81  0   0.0%   1.221 CG:19   +
    7    88  0   0.0%   1.080 GC:19   +
   18    42  0   0.0%   0.640 UA:19   +
   37    52  0   0.0%   0.218 AU:19   +
   18    33  0   0.0%   1.000 UG:19   +
   60    88  0   0.0%   1.607 GC:19   +
   42    82  0   0.0%   0.313 AU:19   +
   52    92  0   0.0%   0.579 UA:19   +
   25    31  0   0.0%   1.341 GC:19   +
   23    67  0   0.0%   0.430 GC:19   +
   22    68  0   0.0%   0.433 GC:19   +
   55    70  0   0.0%   0.086 CG:19   +
   16    32  0   0.0%   0.987 GC:19   +
   33   120  0   0.0%   0.689 GU:19   +
   15    27  0   0.0%   0.306 GC:19   +
   33    91  0   0.0%   1.141 GC:19   +
   34    90  0   0.0%   1.187 CG:19   +
   63    86  0   0.0%   1.748 GC:19   +
   28    65  0   0.0%   0.474 CG:19   +
   49    73  0   0.0%   0.094 UA:19   +
   64    77  0   0.0%   0.373 AU:19   +
    8    44  0   0.0%   1.297 GC:19   +
   32    60  0   0.0%   0.629 CG:19   +
   65    76  0   0.0%   0.080 GC:19   +
   31    61  0   0.0%   1.037 CG:19   +
    1     7  0   0.0%   0.008 UG:19   +
   22    34  0   0.0%   0.911 GC:19   +
   13    28  0   0.0%   0.036 GC:19   +
    2    32  0   0.0%   0.016 GC:19   +
   31   121  0   0.0%   1.010 CG:19   +
    8    94  0   0.0%   1.363 GC:19   +
   56    79  0   0.0%   0.482 GC:19   +
   57    78  0   0.0%   0.800 CG:19   +
    7    55  0   0.0%   1.003 GC:19   +
    6    49  0   0.0%   0.011 AU:19   +
   61    79  0   0.0%   0.465 GC:19   +
   44   121  0   0.0%   0.535 CG:19   +
   32    46  0   0.0%   0.714 CG:19   +
  111   120  0   0.0%   0.137 GU:19   +
   60    80  0   0.0%   0.748 GU:19   +
   32    78  0   0.0%   0.596 CG:19   +
   61    76  0   0.0%   0.147 GC:19   +
   18    90  0   0.0%   1.335 UG:19   +
    9    93  0   0.0%   0.381 AU:19   +
   29    78  0   0.0%   0.893 CG:19   +
    1    24  0   0.0%   0.018 UA:19   +
   28    60  0   0.0%   0.455 CG:19   +
   29    59  0   0.0%   0.859 CG:19   +
    6    18  0   0.0%   0.009 AU:19   +
   32    53  0   0.0%   0.598 CG:19   +
   50   120  0   0.0%   0.131 AU:19   +
   27    63  0   0.0%   0.329 CG:19   +
   45   120  0   0.0%   0.550 AU:19   +
    5    18  0   0.0%   0.003 AU:19   +
   52    71  0   0.0%   0.312 UA:19   +
   45    49  0   0.0%   0.091 AU:19   +
   48    74  0   0.0%   0.174 AU:19   +
   46    99  0   0.0%   0.896 GC:19   +
   51   125  0   0.0%   0.256 UA:19   +
   49   121  0   0.0%   0.121 UG:19   +
   25    34  0   0.0%   0.865 GC:19   +
   79    90  0   0.0%   1.392 CG:19   +
   80    89  0   0.0%   1.434 UA:19   +
   78    91  0   0.0%   1.372 GC:19   +
   97   125  0   0.0%   0.244 UA:19   +
   49    92  0   0.0%   0.280 UA:19   +
   81    88  0   0.0%   1.617 GC:19   +
    2    17  0   0.0%   0.013 GU:19   +
    5    52  0   0.0%   0.045 AU:19   +
   23    34  0   0.0%   0.909 GC:19   +
   63    68  0   0.0%   0.353 GC:19   +
    6    51  0   0.0%   0.029 AU:19   +
    6    17  0   0.0%   0.008 AU:19   +
   30   121  0   0.0%   1.202 CG:19   +
   13    88  0   0.0%   0.691 GC:19   +
    9    18  0   0.0%   0.593 AU:19   +
   27    61  0   0.0%   0.328 CG:19   +
   60    77  0   0.0%   0.774 GU:19   +
   17    73  0   0.0%   0.674 UA:19   +
   10    46  0   0.0%   0.501 CG:19   +
    1    42  0   0.0%   0.389 UA:19   +
   48    93  0   0.0%   0.632 AU:19   +
   51    72  0   0.0%   0.213 UG:19   +
   18    72  0   0.0%   0.649 UG:19   +
   15    86  0   0.0%   0.711 GC:19   +
   62    82  0   0.0%   0.524 AU:19   +
    7    17  0   0.0%   0.010 GU:19   +
   48    96  0   0.0%   0.491 AU:19   +
   31    78  0   0.0%   1.003 CG:19   +
   16    85  0   0.0%   0.799 GC:19   +
   61    83  0   0.0%   0.420 GC:19   +
   46    52  0   0.0%   0.660 GU:19   +
   17    35  0   0.0%   0.982 UA:19   +
    7    94  0   0.0%   1.080 GC:19   +
    7    91  0   0.0%   1.297 GC:19   +
   13    44  0   0.0%   0.707 GC:19   +
   44    56  0   0.0%   0.210 CG:19   +
    8    75  0   0.0%   1.272 GC:19   +
    7    76  0   0.0%   0.990 GC:19   +
   12    93  0   0.0%   0.017 AU:19   +
   42    80  0   0.0%   0.027 AU:19   +
   29    81  0   0.0%   1.111 CG:19   +
   12    18  0   0.0%   0.298 AU:19   +
   23    98  0   0.0%   0.818 GC:19   +
   22    99  0   0.0%   0.819 GC:19   +
    9    74  0   0.0%   0.303 AU:19   +
   12    17  0   0.0%   0.306 AU:19   +
   28    78  0   0.0%   0.473 CG:19   +
   24    97  0   0.0%   0.398 AU:19   +
   74    78  0   0.0%   1.024 UG:19   +
   53    91  0   0.0%   0.972 GC:19   +
    1    33  0   0.0%   0.018 UG:19   +
   16    47  0   0.0%   0.860 GC:19   +
   17    46  0   0.0%   0.813 UG:19   +
   33    52  0   0.0%   0.620 GU:19   +
   13    18  0   0.0%   0.296 GU:19   +
   33    77  0   0.0%   0.638 GU:19   +
    8    55  0   0.0%   1.284 GC:19   +
    6    77  0   0.0%   0.010 AU:19   +
    3   122  1   0.0%   0.764 CG:17   UG:1    +
   37    74  0   0.0%   0.106 AU:19   +
   18    73  0   0.0%   0.650 UA:19   +
   36    49  1   0.0%   0.042 GU:1    AU:17   +
   30    63  0   0.0%   1.200 CG:19   +
    1    14  0   0.0%   0.016 UA:19   +
   59    80  0   0.0%   0.763 GU:19   +
   60    84  0   0.0%   0.823 GU:19   +
   98   107  0   0.0%   0.069 CG:19   +
   27    65  0   0.0%   0.329 CG:19   +
   15    83  0   0.0%   0.628 GC:19   +
   39   126  1   0.0%   0.083 GU:1    AU:17   +
   77    92  0   0.0%   1.112 UA:19   +
    1    54  0   0.0%   0.515 UA:19   +
   18    22  0   0.0%   0.302 UG:19   +
   12    52  0   0.0%   0.033 AU:19   +
   21    49  0   0.0%   0.005 AU:19   +
   43    80  0   0.0%   0.018 AU:19   +
   10    20  0   0.0%   0.314 CG:19   +
   18    45  0   0.0%   0.639 UA:19   +
   93   125  0   0.0%   0.531 UA:19   +
   65    80  0   0.0%   0.362 GU:19   +
   16    67  0   0.0%   0.709 GC:19   +
   15    68  0   0.0%   0.620 GC:19   +
   13    17  0   0.0%   0.305 GU:19   +
   49    95  0   0.0%   0.092 UA:19   +
   17    66  0   0.0%   0.673 UA:19   +
   48    97  0   0.0%   0.548 AU:19   +
   13    27  0   0.0%   0.013 GC:19   +
    3   115  1   0.0%   0.757 CG:17   UG:1    +
    1     5  0   0.0%   0.001 UA:19   +
    5    49  0   0.0%   0.003 AU:19   +
   18    65  0   0.0%   0.647 UG:19   +
   51    71  0   0.0%   0.211 UA:19   +
   42    84  0   0.0%   0.426 AU:19   +
   10    53  0   0.0%   0.374 CG:19   +
   49    78  0   0.0%   0.463 UG:19   +
   49    53  0   0.0%   0.338 UG:19   +
   98   121  0   0.0%   0.123 CG:19   +
   32    81  0   0.0%   0.810 CG:19   +
  101   120  0   0.0%   0.132 GU:19   +
   17    22  0   0.0%   0.310 UG:19   +
    1    25  0   0.0%   0.017 UG:19   +
   46    98  0   0.0%   0.896 GC:19   +
   30    81  0   0.0%   1.411 CG:19   +
   70    80  0   0.0%   1.960 GU:19   +
   20    94  0   0.0%   0.736 GC:19   +
   37    93  0   0.0%   0.252 AU:19   +
   25    96  0   0.0%   0.710 GU:19   +
    8    88  0   0.0%   1.360 GC:19   +
   17    23  0   0.0%   0.312 UG:19   +
    1    50  0   0.0%   0.515 UA:19   +
   29    53  0   0.0%   0.891 CG:19   +
  120   125  0   0.0%   0.187 UA:19   +
   21    93  0   0.0%   0.471 AU:19   +
    2    94  0   0.0%   0.717 GC:19   +
   61    68  0   0.0%   0.388 GC:19   +
    4    18  0   0.0%   0.001 AU:19   +
    6    52  0   0.0%   0.033 AU:19   +
   20    83  0   0.0%   0.271 GC:19   +
   17    21  0   0.0%   0.303 UA:19   +
   92   120  0   0.0%   0.209 AU:19   +
   33    83  0   0.0%   1.003 GC:19   +
    8    93  0   0.0%   1.360 GU:19   +
   14    84  0   0.0%   0.084 AU:19   +
   30    53  0   0.0%   1.181 CG:19   +
    1   125  0   0.0%   0.721 UA:19   +
    1    43  0   0.0%   0.388 UA:19   +
   10    81  0   0.0%   0.351 CG:19   +
   49   100  0   0.0%   0.092 UA:19   +
   31    53  0   0.0%   0.996 CG:19   +
   91   121  0   0.0%   0.690 CG:19   +
   33    76  0   0.0%   0.637 GC:19   +
   31    46  0   0.0%   1.113 CG:19   +
    2    49  0   0.0%   0.487 GU:19   +
   19    84  0   0.0%   0.089 AU:19   +
    7    51  0   0.0%   1.007 GU:19   +
   46    96  0   0.0%   0.835 GU:19   +
   69    74  0   0.0%   0.643 AU:19   +
   13    91  0   0.0%   0.907 GC:19   +
   15    44  0   0.0%   0.649 GC:19   +
   22    47  0   0.0%   0.590 GC:19   +
    2    99  0   0.0%   0.717 GC:19   +
    1    13  0   0.0%   0.015 UG:19   +
   14    18  0   0.0%   0.294 AU:19   +
    5    93  0   0.0%   0.022 AU:19   +
    2    31  0   0.0%   0.012 GC:19   +
   63    67  0   0.0%   0.351 GC:19   +
    5    17  0   0.0%   0.002 AU:19   +
    6    93  0   0.0%   0.095 AU:19   +
    1    15  0   0.0%   0.016 UG:19   +
    1   100  0   0.0%   0.700 UA:19   +
    9    82  0   0.0%   0.302 AU:19   +
   13    96  0   0.0%   0.838 GU:19   +
   33    75  0   0.0%   0.637 GC:19   +
   56    76  0   0.0%   0.132 GC:19   +
   41   126  1   0.0%   0.023 GU:1    AU:17   +
   36    77  1   0.0%   0.150 GU:1    AU:17   +
   13    51  0   0.0%   0.699 GU:19   +
    4    93  0   0.0%   0.024 AU:19   +
   73    80  0   0.0%   1.088 AU:19   +
   35    51  0   0.0%   0.384 AU:19   +
   23    75  0   0.0%   0.431 GC:19   +
   22    76  0   0.0%   0.434 GC:19   +
   55    81  0   0.0%   0.840 CG:19   +
   13    55  0   0.0%   0.693 GC:19   +
   54    82  0   0.0%   0.719 AU:19   +
   21    77  0   0.0%   0.004 AU:19   +
   53    83  0   0.0%   0.836 GC:19   +
    8    49  0   0.0%   1.274 GU:19   +
   13    98  0   0.0%   0.899 GC:19   +
    8    52  0   0.0%   1.294 GU:19   +
   57    72  0   0.0%   0.710 CG:19   +
   10   121  0   0.0%   0.357 CG:19   +
   24    74  0   0.0%   0.012 AU:19   +
   29    65  0   0.0%   0.891 CG:19   +
    9    51  0   0.0%   0.321 AU:19   +
   18    92  0   0.0%   1.067 UA:19   +
    2   105  0   0.0%   0.739 GC:19   +
   22    44  0   0.0%   0.460 GC:19   +
   14    97  0   0.0%   0.205 AU:19   +
   18    37  0   0.0%   0.665 UA:19   +
   15    99  0   0.0%   0.701 GC:19   +
    1    19  0   0.0%   0.016 UA:19   +
   34    72  0   0.0%   0.687 CG:19   +
   58    78  0   0.0%   0.777 UG:19   +
   16    98  0   0.0%   1.017 GC:19   +
   28    53  0   0.0%   0.486 CG:19   +
    7    27  0   0.0%   0.011 GC:19   +
   34   121  0   0.0%   0.746 CG:19   +
   31    56  0   0.0%   0.962 CG:19   +
   35    49  0   0.0%   0.364 AU:19   +
   16    74  0   0.0%   0.709 GU:19   +
    1   106  0   0.0%   0.717 UA:19   +
   13    85  0   0.0%   0.772 GC:19   +
    1    95  0   0.0%   0.699 UA:19   +
    8    99  0   0.0%   1.491 GC:19   +
    8    83  0   0.0%   1.272 GC:19   +
   21    82  0   0.0%   0.004 AU:19   +
   51    78  0   0.0%   0.613 UG:19   +
   56    75  0   0.0%   0.348 GC:19   +
   33    80  0   0.0%   0.679 GU:19   +
   22    49  0   0.0%   0.433 GU:19   +
    8    91  0   0.0%   1.578 GC:19   +
   15    75  0   0.0%   0.620 GC:19   +
   48    80  0   0.0%   0.806 AU:19   +
   35   120  0   0.0%   0.424 AU:19   +
   21    51  0   0.0%   0.025 AU:19   +
    2    88  0   0.0%   0.498 GC:19   +
   46    94  0   0.0%   0.975 GC:19   +
    1    89  0   0.0%   0.515 UA:19   +
   15    47  0   0.0%   0.780 GC:19   +
    7    93  0   0.0%   1.079 GU:19   +
  101   105  0   0.0%   0.001 GC:19   +
   34    81  0   0.0%   0.950 CG:19   +
   63    84  0   0.0%   1.091 GU:19   +
    8    86  0   0.0%   1.443 GC:19   +
   73    82  0   0.0%   1.220 AU:19   +
   72    83  0   0.0%   1.514 GC:19   +
    4    51  0   0.0%   0.002 AU:19   +
    2    93  0   0.0%   0.717 GU:19   +
   10    72  0   0.0%   0.350 CG:19   +
   15    55  0   0.0%   0.633 GC:19   +
   16    79  0   0.0%   0.714 GC:19   +
   10    22  0   0.0%   0.315 CG:19   +
   25    44  0   0.0%   0.413 GC:19   +
   65    74  0   0.0%   0.312 GU:19   +
   60    75  0   0.0%   0.610 GC:19   +
   69    82  0   0.0%   2.098 AU:19   +
   58    71  0   0.0%   0.403 UA:19   +
    2    52  0   0.0%   0.487 GU:19   +
   10   102  0   0.0%   0.373 CG:19   +
   74    81  0   0.0%   1.400 UG:19   +
   22    55  0   0.0%   0.452 GC:19   +
   29   121  0   0.0%   0.900 CG:19   +
   15    80  0   0.0%   0.625 GU:19   +
   43    96  0   0.0%   0.207 AU:19   +
    2    18  0   0.0%   0.012 GU:19   +
   17    78  0   0.0%   0.673 UG:19   +
    5    96  0   0.0%   0.022 AU:19   +
    1    53  0   0.0%   0.514 UG:19   +
   35    80  0   0.0%   0.418 AU:19   +
   44   107  0   0.0%   0.515 CG:19   +
   12    82  0   0.0%   0.012 AU:19   +
   20    44  0   0.0%   0.294 GC:19   +
    7   105  0   0.0%   1.145 GC:19   +
   30    46  0   0.0%   1.297 CG:19   +
   71    84  0   0.0%   1.268 AU:19   +
    4    49  0   0.0%   0.002 AU:19   +
   25    47  0   0.0%   0.543 GC:19   +
   72    80  0   0.0%   1.528 GU:19   +
   23    68  0   0.0%   0.429 GC:19   +
   42    96  0   0.0%   0.031 AU:19   +
   59    76  0   0.0%   0.454 GC:19   +
   25    52  0   0.0%   0.415 GU:19   +
    1    21  0   0.0%   0.016 UA:19   +
   97   114  0   0.0%   0.071 UA:19   +
   14    51  0   0.0%   0.022 AU:19   +
    1    46  0   0.0%   0.390 UG:19   +
   33    82  0   0.0%   0.961 GU:19   +
   23    47  0   0.0%   0.588 GC:19   +
   45    96  0   0.0%   0.544 AU:19   +
    9    49  0   0.0%   0.305 AU:19   +
   16    94  0   0.0%   1.097 GC:19   +
   20    79  0   0.0%   0.269 GC:19   +
   49    56  0   0.0%   0.202 UG:19   +
   13    52  0   0.0%   0.704 GU:19   +
    7    84  0   0.0%   0.989 GU:19   +
    4    97  0   0.0%   0.024 AU:19   +
   19    80  0   0.0%   0.015 AU:19   +
   27    53  0   0.0%   0.359 CG:19   +
   14    49  0   0.0%   0.006 AU:19   +
   17   125  0   0.0%   0.915 UA:19   +
   56    80  0   0.0%   0.439 GU:19   +
    5   120  0   0.0%   0.027 AU:19   +
    2    30  0   0.0%   0.012 GC:19   +
   12    49  0   0.0%   0.012 AU:19   +
   32    72  0   0.0%   0.587 CG:19   +
   12    51  0   0.0%   0.028 AU:19   +
    2    29  0   0.0%   0.012 GC:19   +
   45    97  0   0.0%   0.601 AU:19   +
   47    81  0   0.0%   1.265 CG:19   +
   18    81  0   0.0%   0.651 UG:19   +
   25    67  0   0.0%   0.383 GC:19   +
   13    76  0   0.0%   0.680 GC:19   +
   70    85  0   0.0%   2.047 GC:19   +
   47   101  0   0.0%   0.775 CG:19   +
   32    70  0   0.0%   0.586 CG:19   +
   12    77  0   0.0%   0.009 AU:19   +
   47   111  0   0.0%   0.779 CG:19   +
   55    90  0   0.0%   0.806 CG:19   +
   20    52  0   0.0%   0.299 GU:19   +
   57    65  0   0.0%   0.102 CG:19   +
   19    93  0   0.0%   0.159 AU:19   +
   58    64  0   0.0%   0.078 UA:19   +
   37   120  0   0.0%   0.113 AU:19   +
   25    55  0   0.0%   0.405 GC:19   +
   15    96  0   0.0%   0.642 GU:19   +
   70    74  0   0.0%   0.644 GU:19   +
   44    60  0   0.0%   0.286 CG:19   +
   14    96  0   0.0%   0.147 AU:19   +
   34    59  0   0.0%   0.725 CG:19   +
   20    55  0   0.0%   0.289 GC:19   +
   90    94  0   0.0%   1.172 GC:19   +
   44   102  0   0.0%   0.537 CG:19   +
   34    70  0   0.0%   0.686 CG:19   +
   52    70  0   0.0%   0.310 UG:19   +
   29    46  0   0.0%   1.007 CG:19   +
   19    77  0   0.0%   0.015 AU:19   +
   76    81  0   0.0%   1.656 CG:19   +
    6    96  0   0.0%   0.095 AU:19   +
   28   121  0   0.0%   0.482 CG:19   +
   20    76  0   0.0%   0.269 GC:19   +
    2    27  0   0.0%   0.012 GC:19   +
   10   111  0   0.0%   0.351 CG:19   +
   19    49  0   0.0%   0.007 AU:19   +
   42    93  0   0.0%   0.172 AU:19   +
   36    74  1   0.0%   0.111 GU:1    AU:17   +
   37    96  0   0.0%   0.110 AU:19   +
    7    52  0   0.0%   1.011 GU:19   +
   61    74  0   0.0%   0.322 GU:19   +
   65    82  0   0.0%   0.827 GU:19   +
    1   114  0   0.0%   0.717 UA:19   +
   16    51  0   0.0%   0.718 GU:19   +
   20    47  0   0.0%   0.423 GC:19   +
   16    80  0   0.0%   0.714 GU:19   +
    1    56  0   0.0%   0.515 UG:19   +
   10    90  0   0.0%   0.569 CG:19   +
    1    23  0   0.0%   0.016 UG:19   +
   13    82  0   0.0%   0.682 GU:19   +
   36    93  1   0.0%   0.257 GU:1    AU:17   +
   13    57  0   0.0%   0.680 GC:19   +
   12    58  0   0.0%   0.009 AU:19   +
   17    50  0   0.0%   0.662 UA:19   +
   20    91  0   0.0%   1.049 GC:19   +
   23    44  0   0.0%   0.458 GC:19   +
    6   120  0   0.0%   0.100 AU:19   +
   43    93  0   0.0%   0.348 AU:19   +
   46    82  0   0.0%   1.301 GU:19   +
   17   111  0   0.0%   0.915 UG:19   +
   18    78  0   0.0%   0.648 UG:19   +
   10    60  0   0.0%   0.350 CG:19   +
   27    46  0   0.0%   0.477 CG:19   +
   12    97  0   0.0%   0.079 AU:19   +
   63    77  0   0.0%   0.393 GU:19   +
   42    97  0   0.0%   0.088 AU:19   +
   31    72  0   0.0%   0.996 CG:19   +
   17    45  0   0.0%   0.663 UA:19   +
    2    51  0   0.0%   0.486 GU:19   +
   18    50  0   0.0%   0.637 UA:19   +
   51    56  0   0.0%   0.323 UG:19   +
   23    49  0   0.0%   0.430 GU:19   +
   46    91  0   0.0%   1.290 GC:19   +
   56    74  0   0.0%   0.384 GU:19   +
   32    63  0   0.0%   0.601 CG:19   +
   14    52  0   0.0%   0.027 AU:19   +
   19    51  0   0.0%   0.023 AU:19   +
    1   121  0   0.0%   0.717 UG:19   +
   20    98  0   0.0%   0.655 GC:19   +
   35    58  0   0.0%   0.380 AU:19   +
   89    93  0   0.0%   0.955 AU:19   +
   15    52  0   0.0%   0.643 GU:19   +
   51   100  0   0.0%   0.248 UA:19   +
   16    82  0   0.0%   0.713 GU:19   +
   16    83  0   0.0%   0.716 GC:19   +
   21    97  0   0.0%   0.386 AU:19   +
   49    71  0   0.0%   0.088 UA:19   +
   54    80  0   0.0%   0.569 AU:19   +
    9    52  0   0.0%   0.325 AU:19   +
   44   101  0   0.0%   0.515 CG:19   +
   33    49  0   0.0%   0.590 GU:19   +
   23    88  0   0.0%   1.074 GC:19   +
   18    71  0   0.0%   0.647 UA:19   +
   47    90  0   0.0%   1.231 CG:19   +
   16    76  0   0.0%   0.714 GC:19   +
   17    42  0   0.0%   0.660 UA:19   +
   16    49  0   0.0%   0.702 GU:19   +
   55    78  0   0.0%   0.723 CG:19   +
   17    48  0   0.0%   0.786 UA:19   +
    5    97  0   0.0%   0.022 AU:19   +
   35    74  0   0.0%   0.379 AU:19   +
  109   126  1   0.0%   0.211 GU:1    AU:17   +
   49   101  0   0.0%   0.092 UG:19   +
   34    60  0   0.0%   0.727 CG:19   +
   36    80  1   0.0%   0.113 GU:1    AU:17   +
   56    77  0   0.0%   0.470 GU:19   +
  104   120  0   0.0%   0.089 AU:19   +
    8    51  0   0.0%   1.290 GU:19   +
   15    77  0   0.0%   0.625 GU:19   +
   31    63  0   0.0%   1.009 CG:19   +
   13    99  0   0.0%   0.897 GC:19   +
   25    86  0   0.0%   1.112 GC:19   +
    7    96  0   0.0%   1.079 GU:19   +
   46    93  0   0.0%   0.975 GU:19   +
   52    78  0   0.0%   0.757 UG:19   +
    2   120  0   0.0%   0.739 GU:19   +
   32    61  0   0.0%   0.627 CG:19   +
   33    51  0   0.0%   0.609 GU:19   +
   52   125  0   0.0%   0.679 UA:19   +
   53    77  0   0.0%   0.864 GU:19   +
   18   114  0   0.0%   0.880 UA:19   +
   45    93  0   0.0%   0.685 AU:19   +
   19    82  0   0.0%   0.014 AU:19   +
   37    80  0   0.0%   0.107 AU:19   +
   13    97  0   0.0%   0.895 GU:19   +
   53    88  0   0.0%   0.833 GC:19   +
   34   111  0   0.0%   0.729 CG:19   +
   52    56  0   0.0%   0.423 UG:19   +
    4    17  0   0.0%   0.001 AU:19   +
   13    49  0   0.0%   0.683 GU:19   +
    4    96  0   0.0%   0.024 AU:19   +
   14    80  0   0.0%   0.007 AU:19   +
   15    49  0   0.0%   0.623 GU:19   +
   37    82  0   0.0%   0.389 AU:19   +
   36    96  1   0.0%   0.116 GU:1    AU:17   +
   54    77  0   0.0%   0.601 AU:19   +
   52    89  0   0.0%   0.618 UA:19   +
   53    79  0   0.0%   0.874 GC:19   +
    1    22  0   0.0%   0.016 UG:19   +
   51   114  0   0.0%   0.248 UA:19   +
   99   107  0   0.0%   0.067 CG:19   +
   36    97  1   0.0%   0.173 GU:1    AU:17   +
   17    72  0   0.0%   0.672 UG:19   +
    7    85  0   0.0%   0.989 GC:19   +
   15    79  0   0.0%   0.624 GC:19   +
   11   122  1   0.0%   0.307 CG:3    UG:15   +
   28    72  0   0.0%   0.472 CG:19   +
   30    72  0   0.0%   1.186 CG:19   +
   50    80  0   0.0%   0.421 AU:19   +
   60    91  0   0.0%   1.739 GC:19   +
   16   120  0   0.0%   0.958 GU:19   +
   30    65  0   0.0%   1.188 CG:19   +
   46    80  0   0.0%   1.152 GU:19   +
   56    67  0   0.0%   0.115 GC:19   +
   22    79  0   0.0%   0.433 GC:19   +
   21    80  0   0.0%   0.004 AU:19   +
    1    16  0   0.0%   0.015 UG:19   +
   24    77  0   0.0%   0.014 AU:19   +
   20    49  0   0.0%   0.266 GU:19   +
   63    80  0   0.0%   0.357 GU:19   +
   66    77  0   0.0%   0.377 AU:19   +
   32    65  0   0.0%   0.588 CG:19   +
   25    76  0   0.0%   0.385 GC:19   +
  108   126  1   0.0%   0.211 GU:1    AU:16   --:1    +
  102   120  0   0.0%   0.151 GU:19   +
   24    49  0   0.0%   0.016 AU:19   +
   56    88  0   0.0%   0.440 GC:19   +
   63    88  0   0.0%   1.219 GC:19   +
   59    67  0   0.0%   0.113 GC:19   +
   65    86  0   0.0%   1.408 GC:19   +
   17    71  0   0.0%   0.672 UA:19   +
    6    97  0   0.0%   0.095 AU:19   +
   96   100  0   0.0%   0.014 UA:19   +
   15    51  0   0.0%   0.639 GU:19   +
   49    72  0   0.0%   0.090 UG:19   +
   96   114  0   0.0%   0.014 UA:19   +
   18    70  0   0.0%   0.647 UG:19   +
   55   121  0   0.0%   0.373 CG:19   +
   21    52  0   0.0%   0.034 AU:19   +
   61    77  0   0.0%   0.449 GU:19   +
   32   101  0   0.0%   0.588 CG:19   +
   35    82  0   0.0%   0.700 AU:19   +
   31   102  0   0.0%   1.019 CG:19   +
   24    51  0   0.0%   0.035 AU:19   +
   37    77  0   0.0%   0.144 AU:19   +
   27    72  0   0.0%   0.329 CG:19   +
   36    82  1   0.0%   0.396 GU:1    AU:17   +
   33    74  0   0.0%   0.634 GU:19   +
    2    96  0   0.0%   0.717 GU:19   +
   65    77  0   0.0%   0.381 GU:19   +
   34   102  0   0.0%   0.751 CG:19   +
   23    52  0   0.0%   0.459 GU:19   +
   98   115  1   0.4%   0.130 CG:18   +
   96   117  1   0.2%   0.058 UA:18   +
    2   103  2   0.4%   0.783 GC:17   +
   36   126  2   0.0%   0.116 GU:1    AU:16   +
   38   119  2   0.0%   0.141 UG:1    UA:16   +
   38   123  2   0.0%   0.144 UG:2    UA:15   +
   99   115  1   0.2%   0.118 CG:18   +
   97   118  1   0.1%   0.118 UA:18   +
   40    51  1   0.1%   0.130 AU:18   +
   31   122  1   0.1%   1.020 CG:18   +
   47   127  1   0.1%   0.810 CG:18   +
   48   126  1   0.1%   0.514 AU:18   +
   93   122  1   0.1%   0.545 UG:18   +
  113   121  1   0.1%   0.183 CG:18   +
  101   110  1   0.1%   0.012 GC:18   +
   44   127  1   0.0%   0.535 CG:18   +
   40    49  1   0.0%   0.085 AU:18   +
    4   126  1   0.0%   0.039 AU:18   +
  107   112  2   0.2%   0.094 GC:17   +
   40    52  1   0.0%   0.142 AU:18   +
   10   122  1   0.0%   0.360 CG:18   +
   45   126  1   0.0%   0.555 AU:18   +
   62    87  1   0.0%   1.153 AU:18   +
   17    40  1   0.0%   0.663 UA:18   +
   97   117  1   0.0%   0.111 UA:18   +
   18    26  1   0.0%   0.870 UA:18   +
   96   118  1   0.0%   0.033 UA:18   +
  110   121  1   0.0%   0.075 CG:18   +
   30   122  1   0.0%   1.199 CG:18   +
   50   126  1   0.0%   0.132 AU:18   +
  106   126  1   0.0%   0.214 AU:18   +
  105   127  1   0.0%   0.391 CG:18   +
    1    40  1   0.0%   0.387 UA:18   +
   29   122  1   0.0%   0.897 CG:18   +
   14    87  1   0.0%   0.096 AU:18   +
   10   127  1   0.0%   0.361 CG:18   +
   52   118  1   0.0%   0.674 UA:18   +
   92   126  1   0.0%   0.211 AU:18   +
    6   126  1   0.0%   0.100 AU:18   +
   37   126  1   0.0%   0.111 AU:18   +
    5   126  1   0.0%   0.027 AU:18   +
   12   126  1   0.0%   0.025 AU:18   +
   91   127  1   0.0%   0.684 CG:18   +
   32   127  1   0.0%   0.600 CG:18   +
   51   117  1   0.0%   0.248 UA:18   +
  119   126  1   0.0%   0.228 AU:18   +
   34   127  1   0.0%   0.737 CG:18   +
   97   122  1   0.0%   0.118 UG:18   +
   94   122  1   0.0%   0.541 CG:18   +
  102   110  1   0.0%   0.030 GC:18   +
    2   126  1   0.0%   0.740 GU:18   +
    9    87  1   0.0%   0.463 AU:18   +
  114   126  1   0.0%   0.217 AU:18   +
   47   122  1   0.0%   0.795 CG:18   +
   35   126  1   0.0%   0.421 AU:18   +
   43   126  1   0.0%   0.208 AU:18   +
   42   126  1   0.0%   0.032 AU:18   +
    7   113  1   0.0%   1.145 GC:18   +
   55   127  1   0.0%   0.367 CG:18   +
    7   126  1   0.0%   1.150 GU:18   +
  102   113  1   0.0%   0.134 GC:18   +
    9   126  1   0.0%   0.445 AU:18   +
   44   122  1   0.0%   0.527 CG:18   +
  116   126  1   0.0%   0.233 AU:18   +
    5    87  1   0.0%   0.022 AU:18   +
   14   126  1   0.0%   0.147 AU:18   +
   40    84  1   0.0%   0.415 AU:18   +
   31   127  1   0.0%   1.010 CG:18   +
   32   122  1   0.0%   0.604 CG:18   +
   28   122  1   0.0%   0.477 CG:18   +
   51   118  1   0.0%   0.248 UA:18   +
   40    80  1   0.0%   0.019 AU:18   +
  111   126  1   0.0%   0.272 GU:18   +
   40    82  1   0.0%   0.301 AU:18   +
   47   115  1   0.0%   0.779 CG:18   +
   26    51  1   0.0%   0.292 AU:18   +
   16   126  1   0.0%   0.956 GU:18   +
   30   127  1   0.0%   1.199 CG:18   +
    8   126  1   0.0%   1.431 GU:18   +
   46   126  1   0.0%   0.843 GU:18   +
    1    26  1   0.0%   0.017 UA:18   +
   29   127  1   0.0%   0.898 CG:18   +
   44   115  1   0.0%   0.516 CG:18   +
   19   126  1   0.0%   0.018 AU:18   +
    4    87  1   0.0%   0.024 AU:18   +
   33   126  1   0.0%   0.684 GU:18   +
  100   126  1   0.0%   0.255 AU:18   +
   27   122  1   0.0%   0.546 CG:18   +
   40    96  1   0.0%   0.022 AU:18   +
   52   117  1   0.0%   0.673 UA:18   +
   15   113  1   0.0%   0.637 GC:18   +
  121   126  1   0.0%   0.282 GU:18   +
   99   127  1   0.0%   0.445 CG:18   +
   40    93  1   0.0%   0.163 AU:18   +
    1   122  1   0.0%   0.717 UG:18   +
    1   117  1   0.0%   0.717 UA:18   +
    1   118  1   0.0%   0.717 UA:18   +
  105   122  1   0.0%   0.093 CG:18   +
   18    40  1   0.0%   0.637 UA:18   +
   21   126  1   0.0%   0.329 AU:18   +
   34   115  1   0.0%   0.730 CG:18   +
   10   115  1   0.0%   0.351 CG:18   +
   24    87  1   0.0%   0.743 AU:18   +
   52   122  1   0.0%   0.684 UG:18   +
   51   122  1   0.0%   0.260 UG:18   +
   32   115  1   0.0%   0.588 CG:18   +
   40    97  1   0.0%   0.079 AU:18   +
   89   126  1   0.0%   0.452 AU:18   +
   55   115  1   0.0%   0.350 CG:18   +
   49   118  1   0.0%   0.091 UA:18   +
   37    87  1   0.0%   0.513 AU:18   +
    2   113  1   0.0%   0.739 GC:18   +
   11   123  3   0.0%   0.307 UG:2    UA:14   +
   18   118  1   0.0%   0.880 UA:18   +
   49   117  1   0.0%   0.091 UA:18   +
   13   126  1   0.0%   0.838 GU:18   +
   55   122  1   0.0%   0.361 CG:18   +
   64    87  1   0.0%   1.436 AU:18   +
   34   122  1   0.0%   0.740 CG:18   +
   17   117  1   0.0%   0.915 UA:18   +
   88   127  1   0.0%   0.553 CG:18   +
   91   122  1   0.0%   0.677 CG:18   +
   38    48  2   0.1%   0.199 UA:17   +
   38    43  2   0.1%   0.068 UA:17   +
   12    38  2   0.0%   0.024 AU:17   +
   46   103  2   0.0%   0.862 GC:17   +
   38    45  2   0.0%   0.070 UA:17   +
  110   115  2   0.0%   0.087 CG:17   +
   38    42  2   0.0%   0.061 UA:17   +
   19    38  2   0.0%   0.053 AU:17   +
   14    38  2   0.0%   0.018 AU:17   +
    4    38  2   0.0%   0.007 AU:17   +
  101   112  2   0.0%   0.008 GC:17   +
    6    38  2   0.0%   0.013 AU:17   +
    9    38  2   0.0%   0.310 AU:17   +
    5    38  2   0.0%   0.007 AU:17   +
   38    54  2   0.0%   0.151 UA:17   +
   38    73  2   0.0%   0.142 UA:17   +
   38   125  2   0.0%   0.142 UA:17   +
  113   122  2   0.0%   0.155 CG:17   +
  103   107  2   0.0%   0.027 CG:17   +
   38    92  2   0.0%   0.328 UA:17   +
  110   122  2   0.0%   0.054 CG:17   +
    2   112  2   0.0%   0.740 GC:17   +
  113   127  2   0.0%   0.451 CG:17   +
  112   121  2   0.0%   0.134 CG:17   +
    8   112  2   0.0%   1.427 GC:17   +
   40   126  2   0.0%   0.023 AU:17   +
   21    38  2   0.0%   0.048 AU:17   +
  110   127  2   0.0%   0.350 CG:17   +
   38    64  2   0.0%   0.140 UA:17   +
   46   112  2   0.0%   0.833 GC:17   +
   38    71  2   0.0%   0.140 UA:17   +
   16   112  2   0.0%   0.951 GC:17   +
  122   126  2   0.0%   0.257 GU:17   +
   38    66  2   0.0%   0.140 UA:17   +
   38    62  2   0.0%   0.139 UA:17   +
   33   112  2   0.0%   0.678 GC:17   +
  103   121  2   0.0%   0.144 CG:17   +
   38    95  2   0.0%   0.141 UA:17   +
   24    38  2   0.0%   0.059 AU:17   +
   33   103  2   0.0%   0.699 GC:17   +
(((...((....(.((((......))))))).)))....................((((((.((((((((.....)))..)))))))))))..((((((((((.......)))......)))).)))
