35 sequence; length of alignment 129
alifold output
   24    87  0  99.3%   0.096 GC:35  
   23    88  0  99.3%   0.097 GC:35  
   25    86  0  99.3%   0.035 AU:35  
   26    85  0  99.2%   0.054 GC:35  
   21    90  0  99.2%   0.085 GC:35  
   22    89  1  99.3%   0.062 AU:34  
  104   114  1  99.3%   0.025 GC:34  
  105   113  1  99.1%   0.033 CG:34  
  103   115  1  98.9%   0.038 GC:34  
   61    70  0  98.3%   0.131 GC:35  
   62    69  0  98.3%   0.084 GC:35  
   60    71  0  98.2%   0.125 UA:35  
   48    81  0  97.8%   0.150 GC:35  
   49    80  0  97.8%   0.158 CG:35  
   59    72  0  97.6%   0.145 CG:35  
   47    82  0  97.0%   0.178 AU:35  
   18    92  0  96.1%   0.217 UG:35  
   17    93  0  95.7%   0.248 GC:35  
   19    91  0  92.0%   0.328 UA:35  
   50    79  0  90.2%   0.298 AU:35  
    9   100  0  85.1%   0.892 GC:35  
    8   101  0  84.9%   0.705 GC:35  
   10    99  0  81.2%   0.974 AU:35  
   14    96  0  80.4%   0.752 GC:35  
   27    84  0  74.9%   0.660 AU:35  
   15    95  0  72.2%   0.905 AU:35  
   57    74  0  63.3%   0.943 CG:35  
   46    83  0  58.0%   1.394 CG:35   +
   55    77  0  48.7%   1.109 GC:35  
   56    76  0  48.3%   1.198 AU:35  
   28    83  0  41.7%   1.099 CG:35  
   12    97  2  26.1%   1.159 UG:1    UA:32   +
   45    84  0  24.4%   1.264 AU:35   +
    6    99  0  10.0%   0.693 AU:35   +
    4   101  1  10.1%   0.711 GC:34   +
    5   100  2  10.1%   0.704 GC:33   +
    7    98  0   8.3%   0.620 AU:35   +
   54    75  0   6.3%   0.708 UA:35   +
    9    96  0   4.3%   0.498 GC:35   +
   10    95  0   3.8%   0.438 AU:35   +
   97   123  0   2.1%   0.602 GU:1    AU:34   +
   53    75  0   2.7%   0.314 UA:35   +
   52    76  0   2.6%   0.288 AU:35   +
    4    12  0   0.1%   0.028 GC:2    GU:32   AU:1    +
   96   124  0   2.0%   0.597 CG:35   +
    5    12  0   0.0%   0.013 GC:2    GU:31   AU:2    +
    3   117  0   0.0%   0.003 CG:3    UG:31   UA:1    +
   12   117  0   0.0%   0.460 CG:2    UG:32   UA:1    +
   12    16  0   1.0%   0.149 CG:2    UG:33   +
   98   122  0   1.9%   0.589 UA:35   +
   13    98  0   1.7%   0.454 AU:35   +
   49    58  0   1.6%   0.206 CG:35   +
   48    59  0   1.6%   0.209 GC:35   +
   99   121  0   1.6%   0.681 UA:35   +
   47    60  0   1.5%   0.208 AU:35   +
   54    74  0   1.5%   0.214 UG:35   +
   46    61  0   1.3%   0.200 CG:35   +
   11    17  0   1.1%   0.177 CG:35   +
   35    60  0   0.1%   0.027 GU:12   AU:23   +
   95   125  1   1.1%   0.577 UG:29   UA:5    +
   10    18  0   1.1%   0.149 AU:35   +
   44    84  0   0.1%   0.241 GU:1    AU:34   +
  103   112  0   0.0%   0.010 GC:34   GU:1    +
   35    54  0   0.0%   0.010 GU:12   AU:23   +
   44    82  0   0.0%   0.010 GU:1    AU:34   +
   54    97  0   0.0%   0.613 UG:1    UA:34   +
   35    79  0   0.0%   0.018 GU:12   AU:23   +
   43    86  0   0.0%   0.027 GU:1    AU:34   +
   19    35  0   0.0%   0.056 UG:12   UA:23   +
   99   117  0   0.0%   0.435 UG:34   UA:1    +
   95   126  0   0.0%   0.480 UG:1    UA:34   +
   19    37  0   0.0%   0.058 UG:1    UA:34   +
   18    37  0   0.0%   0.058 UG:1    UA:34   +
    3   124  0   0.0%   0.005 CG:3    UG:32   +
    5   123  0   0.0%   0.246 GU:33   AU:2    +
   98   126  0   0.0%   0.435 UG:1    UA:34   +
  112   124  0   0.0%   0.101 CG:34   UG:1    +
  117   123  0   0.0%   0.205 GU:34   AU:1    +
   44    53  0   0.0%   0.006 GU:1    AU:34   +
   43    54  0   0.0%   0.006 GU:1    AU:34   +
    5    99  0   0.0%   0.010 GU:33   AU:2    +
    4   123  0   0.0%   0.259 GU:34   AU:1    +
   41    54  0   0.0%   0.005 GU:1    AU:34   +
   12    92  0   0.0%   0.110 CG:2    UG:33   +
    3     8  0   0.0%   0.001 CG:3    UG:32   +
   43    82  0   0.0%   0.004 GU:1    AU:34   +
   43    84  0   0.0%   0.227 GU:1    AU:34   +
   44    86  0   0.0%   0.030 GU:1    AU:34   +
    8    12  0   0.0%   0.008 GC:2    GU:33   +
   43    53  0   0.0%   0.004 GU:1    AU:34   +
    3     9  0   0.0%   0.001 CG:3    UG:32   +
   44    51  0   0.0%   0.001 GU:1    AU:34   +
   35    82  0   0.0%   0.015 GU:12   AU:23   +
   44    54  0   0.0%   0.006 GU:1    AU:34   +
   41    84  0   0.0%   0.225 GU:1    AU:34   +
   12   124  0   0.0%   0.461 CG:2    UG:33   +
   99   126  0   0.0%   0.547 UG:1    UA:34   +
   41    82  0   0.0%   0.002 GU:1    AU:34   +
   12    17  0   0.0%   0.103 CG:2    UG:33   +
   35    76  0   0.0%   0.014 GU:12   AU:23   +
    9    19  0   1.0%   0.139 GU:35   +
   37    82  0   0.0%   0.004 GU:1    AU:34   +
   41    86  0   0.0%   0.021 GU:1    AU:34   +
   18    35  0   0.0%   0.055 UG:12   UA:23   +
   37    53  0   0.0%   0.005 GU:1    AU:34   +
   98   117  0   0.0%   0.321 UG:34   UA:1    +
   37    54  0   0.0%   0.005 GU:1    AU:34   +
   43    51  0   0.0%   0.001 GU:1    AU:34   +
   37    51  0   0.0%   0.002 GU:1    AU:34   +
   35    84  0   0.0%   0.238 GU:12   AU:23   +
    3    14  0   0.0%   0.001 CG:3    UG:32   +
    3   103  0   0.0%   0.002 CG:3    UG:32   +
   12   103  0   0.0%   0.459 CG:2    UG:33   +
   37    84  0   0.0%   0.227 GU:1    AU:34   +
    3    16  0   0.0%   0.001 CG:3    UG:32   +
    3   113  0   0.0%   0.002 CG:3    UG:32   +
    5    95  0   0.0%   0.008 GU:33   AU:2    +
   41    51  0   0.0%   0.000 GU:1    AU:34   +
   41    53  0   0.0%   0.003 GU:1    AU:34   +
    5    19  0   0.0%   0.007 GU:33   AU:2    +
    8   112  0   0.0%   0.196 GC:34   GU:1    +
   37    76  0   0.0%   0.003 GU:1    AU:34   +
   12    74  0   0.0%   0.054 CG:2    UG:33   +
   19    41  0   0.0%   0.055 UG:1    UA:34   +
   53    97  0   0.0%   0.463 UG:1    UA:34   +
    3   109  0   0.0%   0.002 CG:3    UG:32   +
   35    53  0   0.0%   0.002 GU:12   AU:23   +
   37    79  0   0.0%   0.005 GU:1    AU:34   +
   18    97  0   0.0%   0.472 UG:1    UA:34   +
   35    51  0   0.0%   0.002 GU:12   AU:23   +
   18   126  0   0.0%   0.121 UG:1    UA:34   +
   72    78  0   1.0%   0.242 GC:35   +
   71    79  0   1.0%   0.273 AU:35   +
   55    78  0   1.0%   0.551 GC:35   +
   70    80  0   0.9%   0.213 CG:35   +
   55    76  0   0.9%   0.238 GU:35   +
   99   119  0   0.8%   0.551 UA:33   --:2    +
   10    98  0   0.7%   0.487 AU:35   +
   15    89  0   0.6%   0.097 AU:35   +
   16    88  0   0.6%   0.154 GC:35   +
   14    90  0   0.6%   0.100 GC:35   +
   17    87  0   0.6%   0.151 GC:35   +
   98   120  0   0.6%   0.409 UA:35   +
   16    93  0   0.5%   0.180 GC:35   +
   11    92  0   0.5%   0.158 CG:35   +
    3   125  1   0.0%   0.007 CG:3    UG:26   UA:5    +
    3    35  1   0.0%   0.002 CG:2    UG:10   UA:22   +
  101   117  1   1.0%   0.555 CG:34   +
   12   125  1   0.0%   0.461 CG:2    UG:27   UA:5    +
    8    96  0   0.5%   0.083 GC:35   +
    9    99  0   0.5%   0.508 GU:35   +
   14    95  0   0.5%   0.257 GU:35   +
    8   100  0   0.4%   0.336 GC:35   +
  100   117  1   0.9%   0.521 CG:34   +
   63    69  0   0.3%   0.107 GC:35   +
   62    70  0   0.3%   0.121 GC:35   +
   18    91  0   0.3%   0.133 UA:35   +
   63    77  0   0.3%   0.451 GC:35   +
   62    78  0   0.3%   0.171 GC:35   +
  116   123  0   0.3%   0.143 AU:35   +
   64    76  0   0.2%   0.536 AU:35   +
   24    33  0   0.2%   0.082 GC:35   +
   23    34  0   0.2%   0.079 GC:35   +
    9    95  0   0.2%   0.091 GU:35   +
   33    62  0   0.2%   0.087 CG:35   +
   21    85  0   0.2%   0.054 GC:35   +
   32    63  0   0.2%   0.088 CG:35   +
   67    81  0   0.2%   0.064 GC:35   +
   34    61  0   0.2%   0.075 CG:35   +
   66    82  0   0.2%   0.073 AU:35   +
   20    86  0   0.2%   0.038 AU:35   +
   74    81  0   0.2%   0.442 GC:35   +
   73    82  0   0.2%   0.106 AU:35   +
   16    96  0   0.2%   0.493 GC:35   +
   23    32  0   0.2%   0.046 GC:35   +
   24    31  0   0.2%   0.051 GC:35   +
   47    79  0   0.1%   0.104 AU:35   +
   48    78  0   0.1%   0.105 GC:35   +
   46    80  0   0.1%   0.105 CG:35   +
   52    79  0   0.1%   0.228 AU:35   +
   17    95  0   0.1%   0.567 GU:35   +
   18    94  0   0.1%   0.164 UA:35   +
   46    55  0   0.1%   0.028 CG:35   +
   47    54  0   0.1%   0.029 AU:35   +
   11    16  0   0.1%   0.040 CG:35   +
   16    95  0   0.1%   0.542 GU:35   +
   26    31  0   0.1%   0.045 GC:35   +
   72    81  0   0.1%   0.134 GC:35   +
   31    80  0   0.1%   0.063 CG:35   +
   21    34  0   0.1%   0.029 GC:35   +
   71    82  0   0.1%   0.139 AU:35   +
   29    83  0   0.1%   0.399 CG:35   +
   32    62  0   0.1%   0.055 CG:35   +
   31    63  0   0.1%   0.063 CG:35   +
   24    32  0   0.1%   0.053 GC:35   +
   23    33  0   0.1%   0.046 GC:35   +
   68    82  0   0.1%   0.069 AU:35   +
   99   120  0   0.1%   0.518 UA:35   +
   23    30  0   0.1%   0.020 GC:35   +
   24    29  0   0.1%   0.022 GC:35   +
   57    72  0   0.1%   0.019 CG:35   +
   74    78  0   0.1%   0.494 GC:35   +
   24    30  0   0.1%   0.030 GC:35   +
   23    31  0   0.1%   0.026 GC:35   +
   94   123  0   0.1%   0.055 AU:35   +
   73    79  0   0.1%   0.185 AU:35   +
   93   124  0   0.1%   0.098 CG:35   +
   51    75  0   0.1%   0.020 UA:35   +
   31    62  0   0.1%   0.050 CG:35   +
   30    63  0   0.1%   0.039 CG:35   +
   14    93  0   0.1%   0.052 GC:35   +
   33    61  0   0.1%   0.049 CG:35   +
   95   122  0   0.1%   0.437 UA:35   +
   19    92  0   0.1%   0.212 UG:35   +
   13    95  0   0.1%   0.154 AU:35   +
   30    62  0   0.1%   0.028 CG:35   +
   29    63  0   0.1%   0.024 CG:35   +
   98   121  0   0.1%   0.363 UA:35   +
   48    53  0   0.1%   0.020 GU:35   +
   14    98  0   0.1%   0.565 GU:35   +
   32    61  0   0.1%   0.039 CG:35   +
   31    61  0   0.0%   0.037 CG:35   +
   26    32  0   0.0%   0.042 GC:35   +
   54    73  0   0.0%   0.028 UA:35   +
   50    76  0   0.0%   0.014 AU:35   +
   21    33  0   0.0%   0.016 GC:35   +
   49    55  0   0.0%   0.022 CG:35   +
   51    56  0   0.0%   0.011 UA:35   +
   68    84  0   0.0%   0.590 AU:35   +
   67    85  0   0.0%   0.047 GC:35   +
   53    74  0   0.0%   0.020 UG:35   +
   59    92  0   0.0%   0.172 CG:35   +
   60    91  0   0.0%   0.219 UA:35   +
   58    93  0   0.0%   0.156 GC:35   +
   61    90  0   0.0%   0.148 GC:35   +
   18    27  0   0.0%   0.060 UA:35   +
   17    28  0   0.0%   0.060 GC:35   +
   16    29  0   0.0%   0.061 GC:35   +
   34    55  0   0.0%   0.032 CG:35   +
    8    98  0   0.0%   0.246 GU:35   +
   19    26  0   0.0%   0.057 UG:35   +
  107   124  0   0.0%   0.100 CG:35   +
  108   123  0   0.0%   0.100 AU:35   +
   69    83  0   0.0%   0.736 CG:35   +
   55    96  0   0.0%   0.807 GC:35   +
   56    95  0   0.0%   0.782 AU:35   +
   50    54  0   0.0%   0.020 AU:35   +
   34    62  0   0.0%   0.074 CG:35   +
   66    86  0   0.0%   0.043 AU:35   +
   33    63  0   0.0%   0.081 CG:35   +
   21    32  0   0.0%   0.010 GC:35   +
  102   123  0   0.0%   0.096 AU:35   +
  112   117  1   0.0%   0.100 CG:33   UG:1    +
   62    89  0   0.0%   0.132 GU:35   +
   70    83  0   0.0%   0.778 CG:35   +
   63    88  0   0.0%   0.116 GC:35   +
    9   101  0   0.0%   0.739 GC:35   +
   69    80  0   0.0%   0.088 CG:35   +
  101   124  0   0.0%   0.512 CG:35   +
    7    99  0   0.0%   0.444 AU:35   +
   34    80  0   0.0%   0.056 CG:35   +
   45    82  0   0.0%   0.010 AU:35   +
   14   100  0   0.0%   0.642 GC:35   +
   15    99  0   0.0%   0.701 AU:35   +
  119   123  0   0.0%   0.157 AU:33   --:2    +
   39    48  1   0.0%   0.006 CG:32   UG:2    +
   16    98  0   0.0%   0.456 GU:35   +
   30    80  0   0.0%   0.029 CG:35   +
   48    57  0   0.0%   0.011 GC:35   +
   13    19  0   0.0%   0.051 AU:35   +
   67    77  0   0.0%   0.374 GC:35   +
   61    79  0   0.0%   0.216 GU:35   +
   68    76  0   0.0%   0.511 AU:35   +
   21    31  0   0.0%   0.006 GC:35   +
   53    73  0   0.0%   0.013 UA:35   +
  107   113  0   0.0%   0.014 CG:35   +
   26    30  0   0.0%   0.019 GC:35   +
   63    81  0   0.0%   0.093 GC:35   +
   18    38  0   0.0%   0.060 UA:35   +
    9    98  0   0.0%   0.413 GU:35   +
   63    87  0   0.0%   0.111 GC:35   +
   62    88  0   0.0%   0.128 GC:35   +
   98   119  0   0.0%   0.323 UA:33   --:2    +
   99   125  1   0.0%   0.598 UG:29   UA:5    +
  100   124  0   0.0%   0.526 CG:35   +
   62    82  0   0.0%   0.123 GU:35   +
   72    77  0   0.0%   0.402 GC:35   +
   14    30  0   0.0%   0.004 GC:35   +
   81    92  0   0.0%   0.131 CG:35   +
   82    91  0   0.0%   0.199 UA:35   +
   80    93  0   0.0%   0.173 GC:35   +
   26    33  0   0.0%   0.044 GC:35   +
   83    90  0   0.0%   0.741 GC:35   +
    9    93  0   0.0%   0.053 GC:35   +
   13    99  0   0.0%   0.504 AU:35   +
   17    39  1   0.0%   0.057 GC:32   GU:2    +
   23    29  0   0.0%   0.006 GC:35   +
   32    80  0   0.0%   0.058 CG:35   +
    6   123  0   0.0%   0.236 AU:35   +
   24    28  0   0.0%   0.006 GC:35   +
    6    98  0   0.0%   0.003 AU:35   +
   26    34  0   0.0%   0.041 GC:35   +
   69    74  0   0.0%   0.397 CG:35   +
   67    78  0   0.0%   0.078 GC:35   +
   66    79  0   0.0%   0.119 AU:35   +
   14    31  0   0.0%   0.005 GC:35   +
   46    58  0   0.0%   0.011 CG:35   +
    7   123  0   0.0%   0.214 AU:35   +
   64    86  0   0.0%   0.039 AU:35   +
    8    34  0   0.0%   0.005 GC:35   +
    9    33  0   0.0%   0.051 GC:35   +
   15    98  0   0.0%   0.586 AU:35   +
   14    18  0   0.0%   0.052 GU:35   +
   29    80  0   0.0%   0.017 CG:35   +
  113   123  0   0.0%   0.107 GU:35   +
   30    83  0   0.0%   0.399 CG:35   +
   20    84  0   0.0%   0.004 AU:35   +
    9    77  0   0.0%   0.050 GC:35   +
    8    78  0   0.0%   0.005 GC:35   +
   10    76  0   0.0%   0.052 AU:35   +
   58    78  0   0.0%   0.126 GC:35   +
   79    94  0   0.0%   0.206 UA:35   +
   59    74  0   0.0%   0.450 CG:35   +
   42    53  0   0.0%   0.004 AU:35   +
   29    67  0   0.0%   0.016 CG:35   +
   51    80  0   0.0%   0.055 UG:35   +
   58    81  0   0.0%   0.094 GC:35   +
    8    93  0   0.0%   0.006 GC:35   +
   59    80  0   0.0%   0.137 CG:35   +
   63    70  0   0.0%   0.088 GC:35   +
   19    94  0   0.0%   0.172 UA:35   +
   17    69  0   0.0%   0.056 GC:35   +
   16    70  0   0.0%   0.057 GC:35   +
   11    74  0   0.0%   0.077 CG:35   +
   18    68  0   0.0%   0.059 UA:35   +
   30    67  0   0.0%   0.026 CG:35   +
   39    67  1   0.0%   0.006 CG:32   UG:2    +
   11    21  0   0.0%   0.076 CG:35   +
   19    67  0   0.0%   0.056 UG:35   +
    8    88  0   0.0%   0.005 GC:35   +
    9    87  0   0.0%   0.050 GC:35   +
    7    79  0   0.0%   0.002 AU:35   +
  103   114  0   0.0%   0.007 GC:35   +
    8    95  0   0.0%   0.006 GU:35   +
   33    80  0   0.0%   0.058 CG:35   +
    9    31  0   0.0%   0.049 GC:35   +
    8    32  0   0.0%   0.003 GC:35   +
    8    31  0   0.0%   0.002 GC:35   +
    9    30  0   0.0%   0.048 GC:35   +
   92    96  0   0.0%   0.427 GC:35   +
   74    79  0   0.0%   0.534 GU:35   +
   31    83  0   0.0%   0.421 CG:35   +
   21    89  0   0.0%   0.061 GU:35   +
   58    77  0   0.0%   0.422 GC:35   +
   11   124  0   0.0%   0.106 CG:35   +
   10    86  0   0.0%   0.052 AU:35   +
   70    74  0   0.0%   0.396 CG:35   +
   42    54  0   0.0%   0.005 AU:35   +
   42    82  0   0.0%   0.003 AU:35   +
   60    73  0   0.0%   0.096 UA:35   +
  109   114  0   0.0%   0.011 GC:35   +
    8    19  0   0.0%   0.002 GU:35   +
  104   112  1   0.0%   0.004 GC:33   GU:1    +
    7    89  0   0.0%   0.002 AU:35   +
   39    58  1   0.0%   0.004 CG:32   UG:2    +
   14    99  0   0.0%   0.673 GU:35   +
   17    96  0   0.0%   0.487 GC:35   +
  106   123  0   0.0%   0.092 AU:35   +
  100   109  0   0.0%   0.395 CG:35   +
   99   110  0   0.0%   0.431 UA:35   +
   17    90  0   0.0%   0.120 GC:35   +
   11   103  0   0.0%   0.104 CG:35   +
   50    82  0   0.0%   0.136 AU:35   +
  114   124  0   0.0%   0.104 CG:35   +
    5   128  1   0.0%   0.244 GU:30   AU:2    --:2    +
   39    72  1   0.0%   0.005 CG:32   UG:2    +
    9    32  0   0.0%   0.049 GC:35   +
    8    33  0   0.0%   0.003 GC:35   +
   39    55  1   0.0%   0.007 CG:32   UG:2    +
    8    99  0   0.0%   0.267 GU:35   +
    6    95  0   0.0%   0.001 AU:35   +
   21    30  0   0.0%   0.003 GC:35   +
   32    83  0   0.0%   0.420 CG:35   +
   75    79  0   0.0%   0.447 AU:35   +
   23    78  0   0.0%   0.044 GC:35   +
   24    77  0   0.0%   0.044 GC:35   +
   23    81  0   0.0%   0.044 GC:35   +
   59    67  0   0.0%   0.070 CG:35   +
   21    81  0   0.0%   0.015 GC:35   +
   20    82  0   0.0%   0.002 AU:35   +
   60    66  0   0.0%   0.072 UA:35   +
   42    84  0   0.0%   0.226 AU:35   +
   25    79  0   0.0%   0.001 AU:35   +
   54    72  0   0.0%   0.017 UG:35   +
   23    28  0   0.0%   0.004 GC:35   +
   45    53  0   0.0%   0.005 AU:35   +
   26    78  0   0.0%   0.019 GC:35   +
   98   111  0   0.0%   0.320 UA:35   +
   15    86  0   0.0%   0.001 AU:35   +
   16    85  0   0.0%   0.057 GC:35   +
   25    76  0   0.0%   0.001 AU:35   +
   49    83  0   0.0%   0.782 CG:35   +
   19    83  0   0.0%   0.056 UG:35   +
   38    51  0   0.0%   0.002 AU:35   +
   51    58  0   0.0%   0.074 UG:35   +
   34    74  0   0.0%   0.042 CG:35   +
   34    83  0   0.0%   0.416 CG:35   +
   14    87  0   0.0%   0.004 GC:35   +
   47    53  0   0.0%   0.005 AU:35   +
   34    48  0   0.0%   0.024 CG:35   +
    9    18  0   0.0%   0.001 GU:35   +
   75    82  0   0.0%   0.351 AU:35   +
   67    82  0   0.0%   0.066 GU:35   +
   31    67  0   0.0%   0.043 CG:35   +
   99   116  0   0.0%   0.431 UA:35   +
   65    79  0   0.0%   0.117 AU:35   +
   76    80  0   0.0%   0.598 UG:35   +
   34    72  0   0.0%   0.041 CG:35   +
   13    18  0   0.0%   0.050 AU:35   +
   63    78  0   0.0%   0.139 GC:35   +
   71    76  0   0.0%   0.526 AU:35   +
   66    84  0   0.0%   0.586 AU:35   +
   33    83  0   0.0%   0.420 CG:35   +
   62    81  0   0.0%   0.106 GC:35   +
    9   114  0   0.0%   0.366 GC:35   +
   33    74  0   0.0%   0.048 CG:35   +
   13   123  0   0.0%   0.079 AU:35   +
   62    79  0   0.0%   0.200 GU:35   +
   29    62  0   0.0%   0.010 CG:35   +
   17    33  0   0.0%   0.056 GC:35   +
   16    34  0   0.0%   0.057 GC:35   +
   46    62  0   0.0%   0.096 CG:35   +
  103   107  0   0.0%   0.002 GC:35   +
   51    73  0   0.0%   0.005 UA:35   +
   58    76  0   0.0%   0.561 GU:35   +
    8   107  0   0.0%   0.197 GC:35   +
   51    55  0   0.0%   0.016 UG:35   +
   42    51  0   0.0%   0.001 AU:35   +
   26    39  1   0.0%   0.019 GC:32   GU:2    +
   14    19  0   0.0%   0.049 GU:35   +
   65    86  0   0.0%   0.023 AU:35   +
   53    80  0   0.0%   0.156 UG:35   +
   62    77  0   0.0%   0.419 GC:35   +
   39    83  1   0.0%   0.377 CG:32   UG:2    +
   42    86  0   0.0%   0.022 AU:35   +
   39    74  1   0.0%   0.005 CG:32   UG:2    +
   48    84  0   0.0%   0.680 GU:35   +
   16   101  0   0.0%   0.509 GC:35   +
   53    58  0   0.0%   0.078 UG:35   +
   30    61  0   0.0%   0.014 CG:35   +
   28    63  0   0.0%   0.004 CG:35   +
   34    58  0   0.0%   0.027 CG:35   +
   45    54  0   0.0%   0.005 AU:35   +
   17   100  0   0.0%   0.533 GC:35   +
   45    51  0   0.0%   0.001 AU:35   +
   38    82  0   0.0%   0.003 AU:35   +
   32    74  0   0.0%   0.047 CG:35   +
   61    78  0   0.0%   0.153 GC:35   +
    6    89  0   0.0%   0.001 AU:35   +
   23    85  0   0.0%   0.057 GC:35   +
   91    98  0   0.0%   0.443 AU:35   +
   24    34  0   0.0%   0.065 GC:35   +
   38    84  0   0.0%   0.226 AU:35   +
   99   122  0   0.0%   0.625 UA:35   +
   55    79  0   0.0%   0.566 GU:35   +
   65    82  0   0.0%   0.038 AU:35   +
   10    19  0   0.0%   0.097 AU:35   +
   48    82  0   0.0%   0.142 GU:35   +
   65    76  0   0.0%   0.507 AU:35   +
   13    89  0   0.0%   0.002 AU:35   +
    3   104  1   0.0%   0.002 CG:3    UG:31   +
    6    86  0   0.0%   0.001 AU:35   +
   49   124  0   0.0%   0.094 CG:35   +
   50   123  0   0.0%   0.103 AU:35   +
   58    69  0   0.0%   0.070 GC:35   +
   75    84  0   0.0%   0.855 AU:35   +
   74    85  0   0.0%   0.401 GC:35   +
   73    86  0   0.0%   0.047 AU:35   +
   51   122  0   0.0%   0.011 UA:35   +
   51    74  0   0.0%   0.006 UG:35   +
   54    58  0   0.0%   0.085 UG:35   +
   61    69  0   0.0%   0.081 GC:35   +
   76    83  0   0.0%   1.202 UG:35   +
   64    79  0   0.0%   0.131 AU:35   +
   38    53  0   0.0%   0.004 AU:35   +
   56    79  0   0.0%   0.470 AU:35   +
    4   112  1   0.0%   0.255 GC:33   GU:1    +
   60    80  0   0.0%   0.135 UG:35   +
   72    87  0   0.0%   0.125 GC:35   +
   14    88  0   0.0%   0.004 GC:35   +
   63    76  0   0.0%   0.543 GU:35   +
   78    83  0   0.0%   0.818 CG:35   +
    7    19  0   0.0%   0.001 AU:35   +
   33    55  0   0.0%   0.027 CG:35   +
   52    99  0   0.0%   0.534 AU:35   +
    6    19  0   0.0%   0.000 AU:35   +
   19    38  0   0.0%   0.056 UA:35   +
   32    55  0   0.0%   0.023 CG:35   +
    7    18  0   0.0%   0.001 AU:35   +
    7    95  0   0.0%   0.002 AU:35   +
    8    18  0   0.0%   0.001 GU:35   +
   39    62  1   0.0%   0.035 CG:32   UG:2    +
   94    99  0   0.0%   0.466 AU:35   +
   33    48  0   0.0%   0.027 CG:35   +
   21    87  0   0.0%   0.060 GC:35   +
   21    29  0   0.0%   0.004 GC:35   +
   32    48  0   0.0%   0.023 CG:35   +
   24    85  0   0.0%   0.056 GC:35   +
   11   113  0   0.0%   0.104 CG:35   +
   23    86  0   0.0%   0.056 GU:35   +
   29    74  0   0.0%   0.016 CG:35   +
   72    79  0   0.0%   0.241 GU:35   +
   14    32  0   0.0%   0.004 GC:35   +
   21    86  0   0.0%   0.040 GU:35   +
   15    19  0   0.0%   0.048 AU:35   +
    8    30  0   0.0%   0.001 GC:35   +
   21    39  1   0.0%   0.015 GC:32   GU:2    +
   17    32  0   0.0%   0.055 GC:35   +
   16    33  0   0.0%   0.057 GC:35   +
   33    58  0   0.0%   0.027 CG:35   +
   47    51  0   0.0%   0.001 AU:35   +
   98   116  0   0.0%   0.320 UA:35   +
   31    58  0   0.0%   0.026 CG:35   +
   31    48  0   0.0%   0.026 CG:35   +
   61    89  0   0.0%   0.139 GU:35   +
   64    82  0   0.0%   0.052 AU:35   +
   32    58  0   0.0%   0.023 CG:35   +
   95   121  0   0.0%   0.422 UA:35   +
   58    79  0   0.0%   0.185 GU:35   +
   14    34  0   0.0%   0.004 GC:35   +
    9    29  0   0.0%   0.047 GC:35   +
   14   101  0   0.0%   0.619 GC:35   +
   29    72  0   0.0%   0.015 CG:35   +
   14    33  0   0.0%   0.005 GC:35   +
   91    95  0   0.0%   0.546 AU:35   +
   33    72  0   0.0%   0.047 CG:35   +
   16    90  0   0.0%   0.121 GC:35   +
   92   101  0   0.0%   0.449 GC:35   +
   57    80  0   0.0%   0.340 CG:35   +
   31    55  0   0.0%   0.026 CG:35   +
   28    74  0   0.0%   0.005 CG:35   +
   66    76  0   0.0%   0.507 AU:35   +
   48    54  0   0.0%   0.019 GU:35   +
   30    48  0   0.0%   0.014 CG:35   +
    8    85  0   0.0%   0.004 GC:35   +
   52    82  0   0.0%   0.140 AU:35   +
   29    48  0   0.0%   0.010 CG:35   +
   23    39  1   0.0%   0.044 GC:32   GU:2    +
   34    67  0   0.0%   0.042 CG:35   +
   60    72  0   0.0%   0.120 UG:35   +
   25    84  0   0.0%   0.008 AU:35   +
    6    76  0   0.0%   0.000 AU:35   +
   30    55  0   0.0%   0.014 CG:35   +
   39    80  1   0.0%   0.016 CG:32   UG:2    +
   30    72  0   0.0%   0.025 CG:35   +
   38    76  0   0.0%   0.003 AU:35   +
   74    96  0   0.0%   0.727 GC:35   +
   75    95  0   0.0%   0.700 AU:35   +
   20    89  0   0.0%   0.047 AU:35   +
   95   119  0   0.0%   0.422 UA:33   --:2    +
   32    67  0   0.0%   0.048 CG:35   +
   38    54  0   0.0%   0.005 AU:35   +
   17   114  0   0.0%   0.141 GC:35   +
   31    74  0   0.0%   0.042 CG:35   +
   31    72  0   0.0%   0.041 CG:35   +
   71    84  0   0.0%   0.647 AU:35   +
   20    95  0   0.0%   0.433 AU:35   +
   16    39  1   0.0%   0.056 GC:32   GU:2    +
   74    82  0   0.0%   0.449 GU:35   +
   95   124  0   0.0%   0.434 UG:35   +
    6    18  0   0.0%   0.000 AU:35   +
   18   113  0   0.0%   0.121 UG:35   +
   17    31  0   0.0%   0.056 GC:35   +
   16    32  0   0.0%   0.056 GC:35   +
   32    72  0   0.0%   0.046 CG:35   +
   30    74  0   0.0%   0.025 CG:35   +
   29    55  0   0.0%   0.010 CG:35   +
   52    98  0   0.0%   0.423 AU:35   +
   10   123  0   0.0%   0.381 AU:35   +
   98   124  0   0.0%   0.517 UG:35   +
   11   109  0   0.0%   0.104 CG:35   +
   28    67  0   0.0%   0.005 CG:35   +
   63   100  0   0.0%   0.466 GC:35   +
   62   101  0   0.0%   0.461 GC:35   +
   64    99  0   0.0%   0.445 AU:35   +
   54    80  0   0.0%   0.300 UG:35   +
   16    30  0   0.0%   0.057 GC:35   +
   67    96  0   0.0%   0.370 GC:35   +
   68    95  0   0.0%   0.433 AU:35   +
   68    79  0   0.0%   0.119 AU:35   +
   65    98  0   0.0%   0.319 AU:35   +
   92    98  0   0.0%   0.395 GU:35   +
   56    82  0   0.0%   0.391 AU:35   +
   30    58  0   0.0%   0.014 CG:35   +
   96   103  0   0.0%   0.351 CG:35   +
   72    76  0   0.0%   0.538 GU:35   +
   24    84  0   0.0%   0.050 GU:35   +
   98   102  0   0.0%   0.319 UA:35   +
   14    85  0   0.0%   0.003 GC:35   +
   72    82  0   0.0%   0.146 GU:35   +
   94    98  0   0.0%   0.355 AU:35   +
  101   109  0   0.0%   0.373 CG:35   +
   64    84  0   0.0%   0.588 AU:35   +
    7    86  0   0.0%   0.001 AU:35   +
   16   100  0   0.0%   0.530 GC:35   +
   63    85  0   0.0%   0.090 GC:35   +
   48    77  0   0.0%   0.076 GC:35   +
   18    42  0   0.0%   0.057 UA:35   +
   19   125  1   0.0%   0.138 UG:29   UA:5    +
   46   124  0   0.0%   0.392 CG:35   +
   11    26  0   0.0%   0.076 CG:35   +
   19    24  0   0.0%   0.048 UG:35   +
   55    70  0   0.0%   0.016 GC:35   +
    9    28  0   0.0%   0.047 GC:35   +
   54    71  0   0.0%   0.016 UA:35   +
    8    29  0   0.0%   0.001 GC:35   +
   16    87  0   0.0%   0.057 GC:35   +
   26    84  0   0.0%   0.024 GU:35   +
    8    39  1   0.0%   0.003 GC:32   GU:2    +
   17    84  0   0.0%   0.056 GU:35   +
   67    76  0   0.0%   0.509 GU:35   +
   21    28  0   0.0%   0.003 GC:35   +
   62    86  0   0.0%   0.106 GU:35   +
   17    98  0   0.0%   0.458 GU:35   +
   55    59  0   0.0%   0.082 GC:35   +
   93   113  0   0.0%   0.081 CG:35   +
   27    76  0   0.0%   0.004 AU:35   +
   92   114  0   0.0%   0.077 GC:35   +
   21    88  0   0.0%   0.060 GC:35   +
   12    91  2   0.5%   0.136 UA:33   +
   12    94  2   0.5%   0.159 UA:33   +
   36    53  2   0.0%   0.009 GU:1    AU:32   +
   18    36  2   0.0%   0.057 UG:1    UA:32   +
   19    36  2   0.0%   0.057 UG:1    UA:32   +
   36    82  2   0.0%   0.006 GU:1    AU:32   +
   36    54  2   0.0%   0.008 GU:1    AU:32   +
   12   126  2   0.0%   0.459 UG:1    UA:32   +
   36    84  2   0.0%   0.229 GU:1    AU:32   +
   36    51  2   0.0%   0.002 GU:1    AU:32   +
   36    79  2   0.0%   0.007 GU:1    AU:32   +
   36    76  2   0.0%   0.006 GU:1    AU:32   +
   36    60  2   0.0%   0.012 GU:1    AU:32   +
    4    39  2   0.0%   0.017 GC:31   GU:2    +
  115   124  1   0.2%   0.138 CG:34   +
    4    11  1   0.2%   0.031 GC:34   +
   22    84  1   0.1%   0.020 AU:34   +
    4   100  1   0.0%   0.019 GC:34   +
    4   107  1   0.0%   0.256 GC:34   +
    4    34  1   0.0%   0.018 GC:34   +
  109   115  1   0.0%   0.015 GC:34   +
   11   117  1   0.0%   0.106 CG:34   +
  105   124  1   0.0%   0.105 CG:34   +
   22    82  1   0.0%   0.001 AU:34   +
   22    79  1   0.0%   0.001 AU:34   +
  107   117  1   0.0%   0.092 CG:34   +
    8   115  1   0.0%   0.198 GC:34   +
  105   109  1   0.0%   0.006 CG:34   +
    4    93  1   0.0%   0.017 GC:34   +
   22    86  1   0.0%   0.019 AU:34   +
    4    88  1   0.0%   0.017 GC:34   +
    9   105  1   0.0%   0.370 GC:34   +
   11   104  1   0.0%   0.104 CG:34   +
    4    96  1   0.0%   0.017 GC:34   +
   92   105  1   0.0%   0.081 GC:34   +
   93   104  1   0.0%   0.081 CG:34   +
   96   117  1   0.0%   0.352 CG:34   +
    4    78  1   0.0%   0.017 GC:34   +
   48   105  1   0.0%   0.112 GC:34   +
   49   104  1   0.0%   0.093 CG:34   +
   16   115  1   0.0%   0.138 GC:34   +
    4    33  1   0.0%   0.016 GC:34   +
    8   105  1   0.0%   0.201 GC:34   +
   18    22  1   0.0%   0.051 UA:34   +
    4    90  1   0.0%   0.017 GC:34   +
    5    11  2   0.1%   0.029 GC:33   +
    4   105  2   0.1%   0.265 GC:33   +
    4   115  2   0.0%   0.260 GC:33   +
    5   114  2   0.0%   0.246 GC:33   +
   12    20  2   0.0%   0.056 UA:33   +
    5   101  2   0.0%   0.474 GC:33   +
  123   127  2   0.0%   0.115 UA:33   +
    5    33  2   0.0%   0.009 GC:33   +
   12   116  2   0.0%   0.460 UA:33   +
   12    73  2   0.0%   0.055 UA:33   +
    7    12  2   0.0%   0.008 AU:33   +
   12   102  2   0.0%   0.459 UA:33   +
    5    96  2   0.0%   0.009 GC:33   +
    6    12  2   0.0%   0.007 AU:33   +
    5    90  2   0.0%   0.008 GC:33   +
  104   115  2   0.0%   0.021 GC:33   +
   98   127  2   0.0%   0.432 UA:33   +
    5    87  2   0.0%   0.008 GC:33   +
  105   117  2   0.0%   0.104 CG:33   +
    5    93  2   0.0%   0.008 GC:33   +
    5   107  2   0.0%   0.242 GC:33   +
   95   127  2   0.0%   0.478 UA:33   +
    5    77  2   0.0%   0.007 GC:33   +
   12   121  2   0.0%   0.459 UA:33   +
   12   122  2   0.0%   0.459 UA:33   +
    5    32  2   0.0%   0.007 GC:33   +
   12   108  2   0.0%   0.459 UA:33   +
   12   120  2   0.0%   0.459 UA:33   +
   12    25  2   0.0%   0.053 UA:33   +
.......(((...((.(((.((((((((..................((((....(((.((((......)))).).)).))))))))))))))).))..))).(((.......)))..............
