13 sequence; length of alignment 101
alifold output
   14    57  0  99.7%   0.010 UG:1    UA:12  
    5    67  0  99.9%   0.004 GC:13  
    6    66  0  99.8%   0.006 UA:13  
    8    64  0  99.8%   0.007 AU:13  
    7    65  0  99.8%   0.007 UA:13  
   13    58  0  99.7%   0.008 GC:13  
   12    59  0  99.6%   0.011 UA:13  
   84    92  0  99.6%   0.014 GC:13  
   82    94  0  99.6%   0.017 GC:13  
   83    93  0  99.6%   0.018 AU:13  
   15    56  0  99.6%   0.020 GC:13  
    9    63  0  99.6%   0.018 GC:13  
   11    60  0  99.4%   0.018 CG:13  
   85    91  0  97.6%   0.073 AU:13  
   81    95  1  97.1%   0.103 AU:12  
   16    55  0  95.4%   0.218 UA:13  
    4    68  0  94.0%   0.181 UA:13  
   80    96  0  80.1%   0.630 UG:13  
   21    42  0  67.6%   0.935 CG:13  
   22    41  0  67.5%   0.798 GC:13  
   28    35  0  67.3%   0.951 GC:13  
   27    36  1  67.1%   0.950 GC:11   GU:1   
   20    43  1  67.0%   0.938 CG:12  
   23    40  0  65.0%   0.844 AU:13  
    3    69  0  58.3%   0.952 UG:13  
   29    34  0  54.6%   1.012 AU:13  
   36    42  0  31.2%   1.664 CG:12   UG:1    +
   35    43  0  31.3%   1.694 CG:13   +
   34    44  0  26.1%   1.457 UA:13   +
   19    52  0  20.1%   1.262 AU:13   +
   76    99  0  20.0%   1.532 UA:13   +
   75   100  0  19.2%   1.435 UA:13   +
   18    53  0  16.4%   1.453 GU:13   +
   33    45  0  16.4%   0.936 UA:13   +
   18    47  0  15.6%   0.982 GC:13  
   17    48  0  15.2%   1.096 GU:13  
   32    47  0  14.3%   1.517 GC:13   +
    2    70  0  14.1%   0.859 GU:13   +
   25    49  0  12.6%   1.043 GU:2    AU:11   +
   24    50  0  12.8%   1.042 CG:13   +
   46    51  0  12.5%   1.889 GC:13   +
   45    52  0  12.5%   2.060 AU:13   +
   26    48  0  12.0%   1.137 AU:13   +
   44    53  0  11.1%   1.752 AU:13   +
   31    48  1  11.5%   1.423 AU:12   +
   27    47  1  11.3%   1.508 GC:12   +
   74   101  0  10.7%   1.025 UA:13   +
   33    46  0   9.6%   1.125 UG:13   +
   22    51  0   8.8%   1.209 GC:13   +
   76   100  0   8.5%   1.714 UA:13   +
    1    71  0   8.0%   0.635 AU:13   +
   27    52  0   6.7%   2.043 GU:12   AU:1    +
   28    51  0   7.1%   1.617 GC:13   +
   75    99  0   5.2%   0.757 UA:13   +
   75   101  0   4.8%   1.336 UA:13   +
   26    52  0   4.8%   1.224 AU:13   +
   34    45  0   4.8%   1.456 UA:13   +
   76    98  0   4.5%   0.731 UA:13   +
   27    51  1   5.0%   1.584 GC:12   +
   25    53  0   3.2%   1.019 GU:2    AU:11   +
   17    24  0   4.2%   0.406 GC:13   +
   74   100  0   4.1%   0.583 UA:13   +
   30    50  0   4.0%   0.896 CG:13   +
   26    53  0   3.9%   1.313 AU:13   +
   29    49  0   3.7%   1.233 AU:13   +
   18    51  0   3.6%   0.815 GC:13   +
   19    49  0   3.5%   0.406 AU:13   +
   76    97  0   3.4%   0.425 UG:13   +
   75    98  0   3.4%   0.446 UA:13   +
   21    27  1   3.8%   0.388 CG:12   +
   71    78  0   2.3%   0.537 UG:3    UA:10   +
   17    52  0   3.2%   0.964 GU:13   +
   20    28  1   3.7%   0.378 CG:12   +
   72    77  0   2.0%   0.310 UG:7    UA:6    +
   17    51  0   2.7%   0.829 GC:13   +
   74    99  0   2.6%   0.380 UA:13   +
   30    46  0   2.4%   0.353 CG:13   +
   21    50  0   2.2%   0.665 CG:13   +
   70    79  0   2.1%   0.572 UA:13   +
   22    49  0   2.0%   0.651 GU:13   +
   31    49  1   2.5%   1.171 AU:12   +
   27    48  0   0.9%   1.415 GU:12   AU:1    +
   16    25  0   0.6%   0.100 UG:2    UA:11   +
   17    47  0   1.6%   0.371 GC:13   +
   69    80  0   1.4%   0.509 GU:13   +
   72    78  0   0.4%   0.300 UG:3    UA:10   +
   71    77  0   0.4%   0.308 UG:7    UA:6    +
   70    78  0   0.3%   0.371 UG:3    UA:10   +
   28    47  0   1.3%   1.184 GC:13   +
   23    48  0   1.3%   0.766 AU:13   +
   16    57  0   0.2%   0.172 UG:1    UA:12   +
   73    80  0   0.1%   0.094 GU:10   AU:3    +
   17    53  0   1.1%   0.889 GU:13   +
   70    77  0   0.1%   0.322 UG:7    UA:6    +
   36    43  0   0.1%   1.314 CG:12   UG:1    +
   17    36  0   0.1%   0.179 GC:12   GU:1    +
   18    62  0   0.0%   0.824 GC:1    GU:12   +
   28    36  0   0.0%   0.687 GC:12   GU:1    +
    9    62  0   0.0%   0.011 GC:1    GU:12   +
    7    73  0   0.0%   0.010 UG:10   UA:3    +
    3    73  0   0.0%   0.328 UG:10   UA:3    +
   27    53  0   0.0%   1.664 GU:12   AU:1    +
   16    37  0   0.0%   0.042 UG:1    UA:12   +
   74    78  0   0.0%   0.139 UG:3    UA:10   +
   27    49  0   0.0%   1.221 GU:12   AU:1    +
   25    52  0   0.0%   0.797 GU:2    AU:11   +
   14    25  0   0.0%   0.002 UG:2    UA:11   +
    4    78  0   0.0%   0.063 UG:3    UA:10   +
    3    78  0   0.0%   0.326 UG:3    UA:10   +
    4    77  0   0.0%   0.062 UG:7    UA:6    +
   25    40  0   0.0%   0.315 GU:2    AU:11   +
    3    77  0   0.0%   0.325 UG:7    UA:6    +
   12    27  0   0.0%   0.001 UG:12   UA:1    +
   27    33  0   0.0%   0.137 GU:12   AU:1    +
   25    34  0   0.0%   0.039 GU:2    AU:11   +
    4    25  0   0.0%   0.001 UG:2    UA:11   +
   25    48  0   0.0%   0.405 GU:2    AU:11   +
   27    34  0   0.0%   0.140 GU:12   AU:1    +
   37    49  0   0.0%   0.738 GU:1    AU:12   +
   49    57  0   0.0%   0.764 UG:1    UA:12   +
   36    50  0   0.0%   1.131 CG:12   UG:1    +
    4    73  0   0.0%   0.062 UG:10   UA:3    +
    4    57  0   0.0%   0.000 UG:1    UA:12   +
   28    62  0   0.0%   0.668 GC:1    GU:12   +
    7    77  0   0.0%   0.005 UG:7    UA:6    +
    6    73  0   0.0%   0.004 UG:10   UA:3    +
    6    78  0   0.0%   0.003 UG:3    UA:10   +
   12    57  0   0.0%   0.001 UG:1    UA:12   +
   32    36  0   0.0%   0.279 GC:12   GU:1    +
   37    53  0   0.0%   0.633 GU:1    AU:12   +
   33    37  0   0.0%   0.013 UG:1    UA:12   +
    3    57  0   0.0%   0.000 UG:1    UA:12   +
   36    46  0   0.0%   0.976 CG:12   UG:1    +
   36    96  0   0.0%   0.643 CG:12   UG:1    +
    7    25  0   0.0%   0.000 UG:2    UA:11   +
   57    70  0   0.0%   0.323 GU:1    AU:12   +
   18    52  0   0.8%   0.702 GU:13   +
   16    54  0   0.7%   0.155 UA:13   +
   32    48  0   0.7%   1.326 GU:13   +
   19    53  0   0.7%   0.918 AU:13   +
   75    97  0   0.7%   0.137 UG:13   +
    1    72  0   0.6%   0.327 AU:13   +
   26    49  0   0.6%   0.837 AU:13   +
   33    44  0   0.6%   0.110 UA:13   +
    2    71  0   0.6%   0.572 GU:13   +
   74    98  0   0.6%   0.144 UA:13   +
    1    70  0   0.6%   0.086 AU:13   +
   17    30  0   0.5%   0.222 GC:13   +
   34    43  0   0.5%   0.699 UG:13   +
   35    42  0   0.5%   0.631 CG:13   +
   18    30  0   0.5%   0.122 GC:13   +
   19    48  0   0.4%   0.367 AU:13   +
   76   101  0   0.3%   1.279 UA:13   +
   71    79  0   0.3%   0.482 UA:13   +
   71   100  0   0.3%   0.459 UA:13   +
   72    99  0   0.3%   0.263 UA:13   +
   22    52  0   0.3%   1.085 GU:13   +
   18    49  0   0.3%   0.400 GU:13   +
   72    97  0   0.3%   0.219 UG:13   +
   71    98  0   0.3%   0.426 UA:13   +
   76    96  0   0.3%   0.063 UG:13   +
   72   100  0   0.3%   0.278 UA:13   +
   84    94  0   0.2%   0.050 GC:13   +
   85    93  0   0.2%   0.072 AU:13   +
   17    56  0   0.2%   0.837 GC:13   +
   15    58  0   0.2%   0.055 GC:13   +
   86    92  0   0.2%   0.048 GC:13   +
   14    59  0   0.2%   0.047 UA:13   +
   70    99  0   0.2%   0.458 UA:13   +
   18    24  0   0.2%   0.173 GC:13   +
   32    41  0   0.2%   0.310 GC:13   +
   23    52  0   0.2%   0.864 AU:13   +
   24    46  0   0.2%   0.189 CG:13   +
   17    49  0   0.2%   0.555 GU:13   +
   70   101  0   0.2%   0.471 UA:13   +
   71   101  0   0.2%   0.456 UA:13   +
   21    28  0   0.1%   0.280 CG:13   +
   71    99  0   0.1%   0.429 UA:13   +
   74    79  0   0.1%   0.142 UA:13   +
    2    72  0   0.1%   0.367 GU:13   +
   22    53  0   0.1%   0.986 GU:13   +
   29    33  0   0.1%   0.028 AU:13   +
   72    98  0   0.1%   0.225 UA:13   +
   72   101  0   0.1%   0.264 UA:13   +
   72    79  0   0.1%   0.269 UA:13   +
   70   100  0   0.1%   0.455 UA:13   +
   28    34  0   0.1%   0.160 GU:13   +
    3    68  0   0.1%   0.022 UA:13   +
   89    94  0   0.1%   0.038 GC:13   +
   87    96  0   0.1%   0.224 CG:13   +
   72    81  0   0.1%   0.173 UA:13   +
   80    97  0   0.1%   0.440 UG:13   +
   18    48  0   0.1%   0.637 GU:13   +
   30    42  0   0.1%   0.337 CG:13   +
   71    97  0   0.1%   0.384 UG:13   +
   17    21  0   0.1%   0.015 GC:13   +
   44    49  0   0.1%   1.134 AU:13   +
   16    46  0   0.1%   0.054 UG:13   +
   70    98  0   0.1%   0.429 UA:13   +
   74    96  0   0.1%   0.033 UG:13   +
   18    35  0   0.1%   0.053 GC:13   +
   45    53  0   0.1%   1.591 AU:13   +
   33    39  0   0.1%   0.023 UA:13   +
   19    34  0   0.1%   0.013 AU:13   +
    2    74  0   0.1%   0.330 GU:13   +
   48    54  0   0.1%   1.007 UA:13   +
   74    97  0   0.0%   0.056 UG:13   +
   32    40  0   0.0%   0.297 GU:13   +
   46    52  0   0.0%   1.702 GU:13   +
   29    52  0   0.0%   1.305 AU:13   +
   32    51  0   0.0%   1.115 GC:13   +
   77    95  1   0.0%   0.119 GU:6    AU:6    +
   13    67  0   0.0%   0.015 GC:13   +
   15    47  0   0.0%   0.012 GC:13   +
   12    68  0   0.0%   0.079 UA:13   +
   14    66  0   0.0%   0.030 UA:13   +
   71    82  0   0.0%   0.372 UG:13   +
   19    61  0   0.0%   0.514 AU:13   +
   11    69  0   0.0%   0.332 CG:13   +
   17    63  0   0.0%   0.819 GC:13   +
   78    95  1   0.0%   0.145 GU:3    AU:9    +
   80    98  0   0.0%   0.577 UA:13   +
   33    50  0   0.0%   1.062 UG:13   +
   34    38  0   0.0%   0.352 UA:13   +
    2    75  0   0.0%   0.331 GU:13   +
   28    49  0   0.0%   0.994 GU:13   +
   49    54  0   0.0%   0.791 UA:13   +
   16    50  0   0.0%   0.052 UG:13   +
   29    48  0   0.0%   1.018 AU:13   +
   72    96  0   0.0%   0.169 UG:13   +
   30    43  0   0.0%   0.337 CG:13   +
   28    53  0   0.0%   1.295 GU:13   +
   16    23  0   0.0%   0.007 UA:13   +
   70    83  0   0.0%   0.417 UA:13   +
    1    76  0   0.0%   0.272 AU:13   +
   75    96  0   0.0%   0.023 UG:13   +
    1    75  0   0.0%   0.270 AU:13   +
   69    76  0   0.0%   0.332 GU:13   +
    8    72  0   0.0%   0.049 AU:13   +
   23    49  0   0.0%   0.569 AU:13   +
   46    53  0   0.0%   1.483 GU:13   +
   15    51  0   0.0%   0.011 GC:13   +
   15    24  0   0.0%   0.006 GC:13   +
   69    75  0   0.0%   0.331 GU:13   +
   24    32  0   0.0%   0.156 CG:13   +
   28    52  0   0.0%   1.491 GU:13   +
   21    32  0   0.0%   0.144 CG:13   +
   22    58  0   0.0%   0.610 GC:13   +
    4    69  0   0.0%   0.378 UG:13   +
   80    99  0   0.0%   0.873 UA:13   +
    9    61  0   0.0%   0.005 GU:13   +
   44    52  0   0.0%   1.228 AU:13   +
   23    33  0   0.0%   0.007 AU:13   +
   45    49  0   0.0%   1.187 AU:13   +
    9    71  0   0.0%   0.246 GU:13   +
   82    92  0   0.0%   0.008 GC:13   +
   83    91  0   0.0%   0.007 AU:13   +
   81    93  0   0.0%   0.012 AU:13   +
    1    74  0   0.0%   0.266 AU:13   +
   22    30  0   0.0%   0.059 GC:13   +
   42    47  0   0.0%   1.605 GC:13   +
   42    51  0   0.0%   1.441 GC:13   +
   70    86  0   0.0%   0.416 UG:13   +
   71    85  0   0.0%   0.369 UA:13   +
   69    87  0   0.0%   0.388 GC:13   +
   72    84  0   0.0%   0.163 UG:13   +
    3    79  0   0.0%   0.328 UA:13   +
    2    67  0   0.0%   0.003 GC:13   +
   86    91  0   0.0%   0.029 GU:13   +
    3    66  0   0.0%   0.003 UA:13   +
    2    80  0   0.0%   0.327 GU:13   +
   28    48  0   0.0%   1.139 GU:13   +
   44    48  0   0.0%   1.343 AU:13   +
   80   100  0   0.0%   0.959 UA:13   +
    4    65  0   0.0%   0.002 UA:13   +
   19    33  0   0.0%   0.002 AU:13   +
   68    76  0   0.0%   0.074 AU:13   +
   28    41  0   0.0%   0.676 GC:13   +
   49    55  0   0.0%   0.793 UA:13   +
   69    74  0   0.0%   0.327 GU:13   +
   75    79  0   0.0%   0.126 UA:13   +
   34    39  0   0.0%   0.352 UA:13   +
   22    56  0   0.0%   0.608 GC:13   +
   29    40  0   0.0%   0.622 AU:13   +
   41    50  0   0.0%   0.768 CG:13   +
   75    81  0   0.0%   0.017 UA:13   +
   70    97  0   0.0%   0.417 UG:13   +
   75    82  0   0.0%   0.014 UG:13   +
   16    22  0   0.0%   0.002 UG:13   +
    5    64  0   0.0%   0.002 GU:13   +
   43    51  0   0.0%   1.445 GC:13   +
   74    83  0   0.0%   0.021 UA:13   +
   42    49  0   0.0%   1.401 GU:13   +
   22    34  0   0.0%   0.008 GU:13   +
   41    46  0   0.0%   0.612 CG:13   +
   12    60  0   0.0%   0.012 UG:13   +
    2    76  0   0.0%   0.328 GU:13   +
   48    55  0   0.0%   1.009 UA:13   +
   24    28  0   0.0%   0.281 CG:13   +
   33    42  0   0.0%   0.287 UG:13   +
   76    81  0   0.0%   0.015 UA:13   +
   74    81  0   0.0%   0.024 UA:13   +
   18    34  0   0.0%   0.041 GU:13   +
   16    45  0   0.0%   0.041 UA:13   +
   22    47  0   0.0%   0.627 GC:13   +
   43    53  0   0.0%   1.301 GU:13   +
   23    53  0   0.0%   0.743 AU:13   +
   17    35  0   0.0%   0.167 GC:13   +
    3    99  0   0.0%   0.328 UA:13   +
   43    48  0   0.0%   1.626 GU:13   +
    3    98  0   0.0%   0.328 UA:13   +
    3   100  0   0.0%   0.328 UA:13   +
   71    96  0   0.0%   0.369 UG:13   +
    5    76  0   0.0%   0.006 GU:13   +
   68    74  0   0.0%   0.074 AU:13   +
    4    98  0   0.0%   0.063 UA:13   +
   75    84  0   0.0%   0.011 UG:13   +
   76    83  0   0.0%   0.011 UA:13   +
   42    52  0   0.0%   1.502 GU:13   +
   74    82  0   0.0%   0.021 UG:13   +
   68    75  0   0.0%   0.074 AU:13   +
   73    95  1   0.0%   0.014 GU:9    AU:3    +
   72    85  0   0.0%   0.163 UA:13   +
   26    33  0   0.0%   0.003 AU:13   +
    4    97  0   0.0%   0.063 UG:13   +
   74    85  0   0.0%   0.020 UA:13   +
   72    83  0   0.0%   0.163 UA:13   +
    4    99  0   0.0%   0.063 UA:13   +
   43    47  0   0.0%   1.609 GC:13   +
   71    84  0   0.0%   0.367 UG:13   +
   11    28  0   0.0%   0.001 CG:13   +
   10    29  0   0.0%   0.001 UA:13   +
   33    43  0   0.0%   0.287 UG:13   +
   39    52  0   0.0%   0.842 AU:13   +
   29    53  0   0.0%   1.100 AU:13   +
   22    48  0   0.0%   0.584 GU:13   +
   38    53  0   0.0%   0.635 AU:13   +
    9    70  0   0.0%   0.315 GU:13   +
    9    30  0   0.0%   0.001 GC:13   +
   70    85  0   0.0%   0.414 UA:13   +
   11    18  0   0.0%   0.001 CG:13   +
   10    19  0   0.0%   0.001 UA:13   +
    5    24  0   0.0%   0.001 GC:13   +
    6    23  0   0.0%   0.001 UA:13   +
   39    48  0   0.0%   0.963 AU:13   +
   80   101  0   0.0%   0.694 UA:13   +
   34    42  0   0.0%   0.618 UG:13   +
   12    17  0   0.0%   0.001 UG:13   +
    3    97  0   0.0%   0.327 UG:13   +
   38    49  0   0.0%   0.740 AU:13   +
   43    49  0   0.0%   1.405 GU:13   +
   21    43  0   0.0%   0.674 CG:13   +
    7    22  0   0.0%   0.001 UG:13   +
   28    33  0   0.0%   0.136 GU:13   +
   71    86  0   0.0%   0.369 UG:13   +
   76    82  0   0.0%   0.011 UG:13   +
    8    71  0   0.0%   0.236 AU:13   +
   50    56  0   0.0%   0.507 GC:13   +
   26    34  0   0.0%   0.006 AU:13   +
    3   101  0   0.0%   0.328 UA:13   +
   75    83  0   0.0%   0.013 UA:13   +
    5    75  0   0.0%   0.007 GU:13   +
    4   100  0   0.0%   0.063 UA:13   +
   21    46  0   0.0%   0.412 CG:13   +
   42    48  0   0.0%   1.621 GU:13   +
   16    44  0   0.0%   0.040 UA:13   +
   24    43  0   0.0%   0.419 CG:13   +
   92    97  0   0.0%   0.198 CG:13   +
   10    60  0   0.0%   0.001 UG:13   +
   51    60  0   0.0%   1.047 CG:13   +
   91    98  0   0.0%   0.342 UA:13   +
   24    42  0   0.0%   0.415 CG:13   +
   38    48  0   0.0%   0.961 AU:13   +
   50    61  0   0.0%   0.494 GU:13   +
   52    59  0   0.0%   1.119 UA:13   +
   71    81  0   0.0%   0.363 UA:13   +
   26    40  0   0.0%   0.282 AU:13   +
   47    60  0   0.0%   0.952 CG:13   +
   68    80  0   0.0%   0.071 AU:13   +
   74    84  0   0.0%   0.019 UG:13   +
   76    84  0   0.0%   0.009 UG:13   +
   75    85  0   0.0%   0.012 UA:13   +
   46    61  0   0.0%   0.604 GU:13   +
   70    96  0   0.0%   0.415 UG:13   +
    3    26  0   0.0%   0.000 UA:13   +
   33    38  0   0.0%   0.011 UA:13   +
   48    59  0   0.0%   0.980 UA:13   +
   70    81  0   0.0%   0.411 UA:13   +
   32    49  0   0.0%   1.070 GU:13   +
    5    56  0   0.0%   0.000 GC:13   +
    6    55  0   0.0%   0.000 UA:13   +
   34    46  0   0.0%   1.202 UG:13   +
    7    54  0   0.0%   0.000 UA:13   +
   13    61  0   0.0%   0.005 GU:13   +
   71    89  0   0.0%   0.368 UG:13   +
   70    90  0   0.0%   0.414 UA:13   +
   68    72  0   0.0%   0.111 AU:13   +
   16    26  0   0.0%   0.035 UA:13   +
   72    88  0   0.0%   0.162 UA:13   +
   72    82  0   0.0%   0.164 UG:13   +
   74    86  0   0.0%   0.019 UG:13   +
   71    83  0   0.0%   0.368 UA:13   +
   43    52  0   0.0%   1.505 GU:13   +
    8    53  0   0.0%   0.000 AU:13   +
   18    56  0   0.0%   0.829 GC:13   +
    3    96  0   0.0%   0.326 UG:13   +
   69    91  0   0.0%   0.387 GU:13   +
    1    80  0   0.0%   0.268 AU:13   +
   29    61  0   0.0%   0.474 AU:13   +
   30    60  0   0.0%   0.293 CG:13   +
   14    55  0   0.0%   0.001 UA:13   +
    4    96  0   0.0%   0.062 UG:13   +
    9    64  0   0.0%   0.012 GU:13   +
   13    56  0   0.0%   0.000 GC:13   +
   18    63  0   0.0%   0.822 GC:13   +
   17    64  0   0.0%   0.811 GU:13   +
   15    53  0   0.0%   0.007 GU:13   +
    8    76  0   0.0%   0.008 AU:13   +
    2    58  0   0.0%   0.000 GC:13   +
   16    32  0   0.0%   0.038 UG:13   +
   70    84  0   0.0%   0.413 UG:13   +
   15    49  0   0.0%   0.005 GU:13   +
   26    64  0   0.0%   0.562 AU:13   +
   21    60  0   0.0%   0.498 CG:13   +
   16    65  0   0.0%   0.145 UA:13   +
   50    58  0   0.0%   0.507 GC:13   +
   14    19  0   0.0%   0.000 UA:13   +
    9    51  0   0.0%   0.001 GC:13   +
   11    22  0   0.0%   0.001 CG:13   +
    6    65  0   0.0%   0.001 UA:13   +
   10    23  0   0.0%   0.001 UA:13   +
   76    85  0   0.0%   0.009 UA:13   +
   10    50  0   0.0%   0.001 UG:13   +
    9    24  0   0.0%   0.001 GC:13   +
    5    63  0   0.0%   0.000 GC:13   +
    9    72  0   0.0%   0.054 GU:13   +
   16    29  0   0.0%   0.035 UA:13   +
   15    52  0   0.0%   0.007 GU:13   +
   60    67  0   0.0%   0.015 GC:13   +
    8    74  0   0.0%   0.010 AU:13   +
   87    97  0   0.0%   0.187 CG:13   +
   13    47  0   0.0%   0.000 GC:13   +
   14    46  0   0.0%   0.001 UG:13   +
   49    59  0   0.0%   0.764 UA:13   +
    4   101  0   0.0%   0.063 UA:13   +
   38    52  0   0.0%   0.840 AU:13   +
   39    53  0   0.0%   0.637 AU:13   +
    8    61  0   0.0%   0.000 AU:13   +
   40    54  0   0.0%   0.322 UA:13   +
   61    66  0   0.0%   0.011 UA:13   +
   28    40  0   0.0%   0.690 GU:13   +
    9    75  0   0.0%   0.016 GU:13   +
   22    40  0   0.0%   0.002 GU:13   +
   42    53  0   0.0%   1.296 GU:13   +
   39    49  0   0.0%   0.742 AU:13   +
   15    30  0   0.0%   0.002 GC:13   +
   70    82  0   0.0%   0.411 UG:13   +
   32    52  0   0.0%   1.173 GU:13   +
   75    86  0   0.0%   0.011 UG:13   +
   56    60  0   0.0%   0.029 CG:13   +
   55    61  0   0.0%   0.051 AU:13   +
   51    86  0   0.0%   1.037 CG:13   +
   50    87  0   0.0%   0.489 GC:13   +
   35    97  0   0.0%   0.669 CG:13   +
   52    85  0   0.0%   1.102 UA:13   +
   34    98  0   0.0%   0.870 UA:13   +
   17    33  0   0.0%   0.166 GU:13   +
    8    52  0   0.0%   0.000 AU:13   +
   49    88  0   0.0%   0.747 UA:13   +
   15    21  0   0.0%   0.000 GC:13   +
   63    97  0   0.0%   0.008 CG:13   +
   18    41  0   0.0%   0.045 GC:13   +
   19    40  0   0.0%   0.005 AU:13   +
   15    48  0   0.0%   0.005 GU:13   +
    5    74  0   0.0%   0.007 GU:13   +
   14    50  0   0.0%   0.001 UG:13   +
   53    84  0   0.0%   0.882 UG:13   +
   86    94  0   0.0%   0.033 GC:13   +
    2    87  0   0.0%   0.325 GC:13   +
   64    96  0   0.0%   0.003 UG:13   +
    2    30  0   0.0%   0.000 GC:13   +
    3    29  0   0.0%   0.000 UA:13   +
   43    94  0   0.0%   0.668 GC:13   +
   46    56  0   0.0%   0.617 GC:13   +
    3    86  0   0.0%   0.326 UG:13   +
   48    89  0   0.0%   0.963 UG:13   +
   33    99  0   0.0%   0.572 UA:13   +
    7    66  0   0.0%   0.005 UA:13   +
    2    94  0   0.0%   0.325 GC:13   +
    4    28  0   0.0%   0.000 UG:13   +
   40    45  0   0.0%   0.727 UA:13   +
   58    69  0   0.0%   0.338 CG:13   +
   44    93  0   0.0%   0.633 AU:13   +
   13    51  0   0.0%   0.000 GC:13   +
    4    79  0   0.0%   0.062 UA:13   +
   43    63  0   0.0%   0.676 GC:13   +
   61    99  0   0.0%   0.006 UA:13   +
   41    96  0   0.0%   0.279 CG:13   +
   63    82  0   0.0%   0.008 CG:13   +
   14    54  0   0.0%   0.001 UA:13   +
   64    81  0   0.0%   0.003 UA:13   +
    6    26  0   0.0%   0.000 UA:13   +
   71    88  0   0.0%   0.367 UA:13   +
   22    35  0   0.0%   0.007 GC:13   +
   82    87  0   0.0%   0.006 GC:13   +
   74    90  0   0.0%   0.018 UA:13   +
   75    89  0   0.0%   0.010 UG:13   +
   40    46  0   0.0%   0.618 UG:13   +
   83    95  1   0.2%   0.083 AU:12   +
   20    50  1   0.1%   0.429 CG:12   +
   27    35  1   0.1%   0.161 GC:12   +
   88    95  1   0.1%   0.070 AU:12   +
   20    60  1   0.0%   0.427 CG:12   +
   16    31  1   0.0%   0.044 UA:12   +
   31    52  1   0.0%   1.186 AU:12   +
   20    46  1   0.0%   0.410 CG:12   +
   79    95  1   0.0%   0.128 AU:12   +
   20    32  1   0.0%   0.135 CG:12   +
   95   100  1   0.0%   0.756 UA:12   +
   31    40  1   0.0%   0.286 AU:12   +
    8    62  1   0.0%   0.001 AU:12   +
    9    20  1   0.0%   0.001 GC:12   +
   20    42  1   0.0%   0.134 CG:12   +
   95   101  1   0.0%   0.490 UA:12   +
   27    63  1   0.0%   1.042 GC:12   +
   27    41  1   0.0%   0.675 GC:12   +
   82    95  1   0.0%   0.046 GU:12   +
   45    62  1   0.0%   0.713 AU:12   +
   19    62  1   0.0%   0.513 AU:12   +
   13    20  1   0.0%   0.000 GC:12   +
   95    99  1   0.0%   0.669 UA:12   +
   31    53  1   0.0%   0.978 AU:12   +
    1    95  1   0.0%   0.268 AU:12   +
   62    98  1   0.0%   0.007 UA:12   +
   85    95  1   0.0%   0.088 AU:12   +
   54    62  1   0.0%   0.049 AU:12   +
   42    95  1   0.0%   0.665 GU:12   +
   62    83  1   0.0%   0.007 UA:12   +
   20    27  2   0.1%   0.030 CG:11   +
..(((((((.((((((((.((((...(((....)))...))))...))......))))))..)))))))..........((((((.....)))))).....
