6 sequence; length of alignment 107
alifold output
   25    39  0  99.9%   0.006 CG:6   
   24    40  0  99.9%   0.009 AU:6   
   21    43  0  99.9%   0.009 CG:6   
   22    42  0  99.7%   0.009 AU:6   
   23    41  0  99.7%   0.014 GU:6   
   93    98  0  99.4%   0.027 CG:6   
   92    99  0  99.3%   0.032 AU:6   
   90   101  0  99.3%   0.055 AU:6   
   89   102  0  99.2%   0.070 GC:6   
   91   100  0  99.1%   0.049 AU:6   
   26    38  0  99.1%   0.034 UA:6   
   29    36  0  98.2%   0.075 GC:6   
   28    37  0  97.6%   0.108 CG:6   
    8    66  1  96.9%   0.158 GC:5   
   12    61  0  96.2%   0.163 UA:6   
    7    67  1  96.5%   0.182 UA:5   
    9    65  1  96.5%   0.107 AU:5   
    5    69  1  96.0%   0.203 GC:5   
    6    68  1  96.0%   0.201 UA:5   
   13    60  1  96.0%   0.203 GC:5   
   11    62  1  96.0%   0.170 CG:5   
   10    64  0  90.8%   0.279 UA:6   
    4    70  1  90.9%   0.345 UA:5   
   46    53  0  89.9%   0.311 GC:6   
   47    52  0  89.9%   0.428 CG:6   
   20    44  0  88.2%   0.337 UA:6   
   88   103  0  87.2%   0.469 GU:6   
   45    54  0  83.3%   0.533 AU:6   
   30    35  0  79.6%   0.578 AU:6   
   14    59  1  78.2%   0.877 UA:5   
    3    71  0  75.7%   0.713 CG:1    UG:5   
   84   106  0  51.6%   1.370 AU:6    +
   83   107  0  50.4%   1.412 GC:6    +
   87   104  0  50.2%   1.477 UG:6    +
   85   105  0  39.3%   1.364 UG:6    +
   17    57  0  35.7%   1.562 GC:6    +
   16    58  0  31.9%   1.707 UA:6    +
   86   105  0  26.5%   1.901 UG:6    +
    1    73  1  20.4%   0.973 GU:1    AU:4    +
   86   104  0  18.8%   1.112 UG:6    +
   15    57  1  14.7%   0.944 GC:5    +
   16    56  0  12.1%   0.928 UG:6    +
   74    83  0   9.7%   0.758 UG:6    +
   73    84  0   9.7%   1.077 UA:6    +
   72    85  0   9.2%   0.779 GU:6    +
   75    82  0   8.8%   0.706 UG:6    +
   47    56  0   7.3%   1.089 CG:6    +
   46    57  0   7.2%   1.411 GC:6    +
   14    58  1   7.1%   0.677 UA:5    +
   71    86  0   4.1%   0.711 GU:6    +
    6    56  0   1.7%   0.206 CG:1    UG:5    +
   70    87  0   2.4%   0.444 AU:6    +
    8    54  0   1.1%   0.155 GU:5    AU:1    +
   14    19  0   0.1%   0.022 GC:1    UG:1    UA:4    +
   17    47  0   2.0%   0.264 GC:6    +
    3     8  0   0.0%   0.000 CG:1    UG:4    UA:1    +
    8    74  0   0.8%   0.235 GU:5    AU:1    +
   69    88  0   1.6%   0.327 CG:6    +
   16    48  0   1.4%   0.204 UG:6    +
    5    57  1   1.7%   0.207 GC:5    +
    4    58  1   1.7%   0.206 UA:5    +
    3    59  1   1.7%   0.205 UA:5    +
    2    60  1   1.6%   0.203 GC:5    +
    3    72  0   0.1%   0.317 CG:1    UG:5    +
    3    62  0   0.1%   0.093 CG:1    UG:5    +
   12    70  0   1.0%   0.312 UA:6    +
    7    55  1   1.5%   0.191 UA:5    +
    8    63  0   0.0%   0.069 GU:5    AU:1    +
    8    86  0   0.0%   0.138 GU:5    AU:1    +
    8    76  0   0.0%   0.145 GU:5    AU:1    +
    8    75  0   0.0%   0.147 GU:5    AU:1    +
    3   105  0   0.0%   0.304 CG:1    UG:5    +
    6    27  0   0.0%   0.001 CG:1    UG:5    +
    3    82  0   0.0%   0.303 CG:1    UG:5    +
   11    15  0   0.0%   0.001 CG:5    GC:1    +
    7    29  0   0.0%   0.001 CG:1    UG:5    +
    3   104  0   0.0%   0.303 CG:1    UG:5    +
    9    14  0   0.0%   0.001 CG:1    AU:5    +
    7    83  0   0.0%   0.112 CG:1    UG:5    +
    7    82  0   0.0%   0.112 CG:1    UG:5    +
    7    56  0   0.0%   0.133 CG:1    UG:5    +
    3    56  0   0.0%   0.001 CG:1    UG:5    +
    3    33  0   0.0%   0.001 CG:1    UG:5    +
    3    83  0   0.0%   0.303 CG:1    UG:5    +
    6    83  0   0.0%   0.122 CG:1    UG:5    +
    7   104  0   0.0%   0.112 CG:1    UG:5    +
    6   105  0   0.0%   0.122 CG:1    UG:5    +
    8    65  0   0.0%   0.065 GU:5    AU:1    +
    8    81  0   0.0%   0.138 GU:5    AU:1    +
    6    62  0   0.0%   0.089 CG:1    UG:5    +
    8    16  0   0.0%   0.000 GU:5    AU:1    +
    7    17  0   0.0%   0.000 CG:1    UG:5    +
    6    52  0   0.0%   0.001 CG:1    UG:5    +
    8   103  0   0.0%   0.137 GU:5    AU:1    +
    6    46  0   0.0%   0.001 CG:1    UG:5    +
    8    20  0   0.0%   0.000 GU:5    AU:1    +
    6    71  0   0.0%   0.333 CG:1    UG:5    +
    8    79  0   0.0%   0.138 GU:5    AU:1    +
    3    52  0   0.0%   0.001 CG:1    UG:5    +
    8    12  0   0.0%   0.000 GU:5    AU:1    +
    6   104  0   0.0%   0.122 CG:1    UG:5    +
    7   105  0   0.0%   0.112 CG:1    UG:5    +
    8    26  0   0.0%   0.000 GU:5    AU:1    +
    7    48  0   0.0%   0.001 CG:1    UG:5    +
    6    82  0   0.0%   0.122 CG:1    UG:5    +
   10    72  0   1.0%   0.249 UG:6    +
   17    66  0   0.9%   0.629 GC:6    +
   76    82  0   0.8%   0.395 UG:6    +
   16    67  0   0.8%   0.885 UA:6    +
   18    65  0   0.8%   0.171 AU:6    +
   82   107  0   0.8%   0.428 GC:6    +
   75    83  0   0.8%   0.576 UG:6    +
   71    80  0   0.7%   0.392 GU:6    +
   72    79  0   0.7%   0.186 GU:6    +
   70    81  0   0.7%   0.253 AU:6    +
   69    82  0   0.7%   0.198 CG:6    +
   83   106  0   0.7%   0.419 GU:6    +
   74    84  0   0.6%   0.624 UA:6    +
   28    33  0   0.6%   0.101 CG:6    +
   27    34  0   0.6%   0.102 GU:6    +
   77    81  0   0.6%   0.155 AU:6    +
   12    51  0   0.6%   0.094 UA:6    +
   11    71  1   1.0%   0.437 CG:5    +
   13    69  1   1.0%   0.229 GC:5    +
   57    62  0   0.5%   1.058 CG:6    +
   56    63  0   0.5%   0.602 GU:6    +
    9    73  1   1.0%   0.501 AU:5    +
   14    68  1   0.9%   0.603 UA:5    +
   88   102  0   0.4%   0.138 GC:6    +
   96   102  0   0.3%   0.096 GC:6    +
   95   103  0   0.3%   0.199 AU:6    +
   93   105  0   0.3%   0.810 CG:6    +
   16    59  0   0.3%   1.034 UA:6    +
   92   106  0   0.3%   0.453 AU:6    +
   97   101  0   0.3%   0.074 AU:6    +
   30    34  0   0.2%   0.081 AU:6    +
   16    46  0   0.2%   0.045 UG:6    +
   76    83  0   0.2%   0.370 UG:6    +
   29    35  0   0.2%   0.047 GU:6    +
   66   104  0   0.2%   0.133 CG:6    +
   75    84  0   0.2%   0.569 UA:6    +
   89   101  0   0.2%   0.049 GU:6    +
    1    74  1   0.2%   0.363 GU:1    AU:4    +
   65   105  0   0.2%   0.124 UG:6    +
   78    84  0   0.2%   0.333 UA:6    +
   67   103  0   0.2%   0.117 AU:6    +
   64   106  0   0.2%   0.135 AU:6    +
   16    55  0   0.2%   0.177 UA:6    +
   77    85  0   0.2%   0.303 AU:6    +
   79    83  0   0.2%   0.364 UG:6    +
   90   100  0   0.1%   0.039 AU:6    +
   72    78  0   0.1%   0.098 GU:6    +
   18    54  0   0.1%   0.097 AU:6    +
   10    18  0   0.1%   0.027 UA:6    +
   73    77  0   0.1%   0.412 UA:6    +
   11    52  1   0.6%   0.107 CG:5    +
   91    99  0   0.1%   0.026 AU:6    +
   74    82  0   0.1%   0.123 UG:6    +
    1    75  1   0.1%   0.353 GU:1    AU:4    +
   72    81  0   0.1%   0.166 GU:6    +
   71    79  0   0.1%   0.291 GU:6    +
   27    36  0   0.1%   0.051 GC:6    +
   12    62  0   0.1%   0.140 UG:6    +
   17    54  0   0.1%   0.161 GU:6    +
   12    52  0   0.1%   0.082 UG:6    +
   73    82  0   0.1%   0.439 UG:6    +
   66    83  0   0.1%   0.101 CG:6    +
   65    84  0   0.1%   0.095 UA:6    +
   10    52  0   0.1%   0.024 UG:6    +
   72    86  0   0.1%   0.480 GU:6    +
    1    76  1   0.1%   0.355 GU:1    AU:4    +
   85   104  0   0.1%   0.273 UG:6    +
   64    85  0   0.1%   0.108 AU:6    +
   49    54  0   0.1%   0.243 AU:6    +
   66    71  0   0.0%   0.350 CG:6    +
   26    32  0   0.0%   0.011 UA:6    +
   25    33  0   0.0%   0.011 CG:6    +
   27    31  0   0.0%   0.012 GC:6    +
   24    34  0   0.0%   0.011 AU:6    +
   65    72  0   0.0%   0.140 UG:6    +
   23    35  0   0.0%   0.010 GU:6    +
   19    54  1   0.0%   0.086 GU:1    AU:4    +
   64    73  0   0.0%   0.474 AU:6    +
   66    82  0   0.0%   0.093 CG:6    +
   67    81  0   0.0%   0.090 AU:6    +
   71    78  0   0.0%   0.282 GU:6    +
   21    37  0   0.0%   0.010 CG:6    +
   72    80  0   0.0%   0.158 GU:6    +
   48    53  0   0.0%   0.184 GC:6    +
   20    38  0   0.0%   0.009 UA:6    +
   68    80  0   0.0%   0.100 AU:6    +
   87   105  0   0.0%   1.192 UG:6    +
   77    87  0   0.0%   0.158 AU:6    +
   62    69  0   0.0%   0.178 GC:6    +
   20    55  0   0.0%   0.201 UA:6    +
   20    45  0   0.0%   0.123 UA:6    +
   73    83  0   0.0%   0.406 UG:6    +
   63    68  0   0.0%   0.126 UA:6    +
   76    88  0   0.0%   0.143 UG:6    +
   16    52  0   0.0%   0.126 UG:6    +
   70    80  0   0.0%   0.152 AU:6    +
   78   105  0   0.0%   0.059 UG:6    +
   12    50  0   0.0%   0.008 UA:6    +
   53    62  0   0.0%   0.167 CG:6    +
   44    54  0   0.0%   0.189 AU:6    +
   77   106  0   0.0%   0.082 AU:6    +
   52    63  0   0.0%   0.155 GU:6    +
   75    89  0   0.0%   0.286 UG:6    +
   70    79  0   0.0%   0.147 AU:6    +
   82    93  0   0.0%   0.311 GC:6    +
   77    86  0   0.0%   0.201 AU:6    +
   54    61  0   0.0%   0.303 UA:6    +
   81    94  0   0.0%   0.087 UG:6    +
   52    57  0   0.0%   1.070 GC:6    +
   80    95  0   0.0%   0.059 UA:6    +
   74    90  0   0.0%   0.334 UA:6    +
   79    96  0   0.0%   0.066 UG:6    +
   62   107  0   0.0%   0.095 GC:6    +
   79   104  0   0.0%   0.086 UG:6    +
   88    93  0   0.0%   0.081 GC:6    +
   78    97  0   0.0%   0.040 UA:6    +
   82   106  0   0.0%   0.330 GU:6    +
   87    94  0   0.0%   0.104 UG:6    +
   26    37  0   0.0%   0.012 UG:6    +
   48    57  0   0.0%   1.000 GC:6    +
   86    95  0   0.0%   0.150 UA:6    +
    1    81  1   0.0%   0.353 GU:1    AU:4    +
   54   104  0   0.0%   0.240 UG:6    +
   53   105  0   0.0%   0.116 CG:6    +
   55   103  0   0.0%   0.085 AU:6    +
   56   102  0   0.0%   0.549 GC:6    +
   17    60  0   0.0%   0.606 GC:6    +
   59    99  0   0.0%   0.294 AU:6    +
   60    98  0   0.0%   0.144 CG:6    +
   52   106  0   0.0%   0.151 GU:6    +
   73    91  0   0.0%   0.624 UA:6    +
   16    61  0   0.0%   0.796 UA:6    +
   80    90  0   0.0%   0.059 UA:6    +
   81    89  0   0.0%   0.088 UG:6    +
   81   104  0   0.0%   0.108 UG:6    +
   83   102  0   0.0%   0.308 GC:6    +
   58   100  0   0.0%   0.638 AU:6    +
   82   103  0   0.0%   0.326 GU:6    +
   79    91  0   0.0%   0.065 UA:6    +
   71   102  0   0.0%   0.451 GC:6    +
   63    77  0   0.0%   0.045 UA:6    +
   84   101  0   0.0%   0.299 AU:6    +
   85    96  0   0.0%   0.244 UG:6    +
   70   103  0   0.0%   0.283 AU:6    +
   65    83  0   0.0%   0.083 UG:6    +
   62    78  0   0.0%   0.093 GU:6    +
   69   104  0   0.0%   0.212 CG:6    +
   72    76  0   0.0%   0.076 GU:6    +
   71    87  0   0.0%   0.538 GU:6    +
   72   101  0   0.0%   0.342 GU:6    +
   74    91  0   0.0%   0.334 UA:6    +
   64    76  0   0.0%   0.107 AU:6    +
   72    93  0   0.0%   0.341 GC:6    +
   75    90  0   0.0%   0.287 UA:6    +
   73    92  0   0.0%   0.624 UA:6    +
   71    81  0   0.0%   0.355 GU:6    +
   85    98  0   0.0%   0.243 UG:6    +
   84    99  0   0.0%   0.297 AU:6    +
   76    89  0   0.0%   0.077 UG:6    +
   86    97  0   0.0%   0.149 UA:6    +
   80    89  0   0.0%   0.056 UG:6    +
   16    45  0   0.0%   0.004 UA:6    +
   79    90  0   0.0%   0.064 UA:6    +
   87    96  0   0.0%   0.105 UG:6    +
   70    78  0   0.0%   0.145 AU:6    +
   83   100  0   0.0%   0.304 GU:6    +
   81    88  0   0.0%   0.152 UG:6    +
   79    84  0   0.0%   0.349 UA:6    +
   16    49  0   0.0%   0.082 UA:6    +
   62    75  0   0.0%   0.100 GU:6    +
    1    79  1   0.0%   0.349 GU:1    AU:4    +
   82    87  0   0.0%   0.400 GU:6    +
   17    53  0   0.0%   0.102 GC:6    +
   71    76  0   0.0%   0.280 GU:6    +
   61    76  0   0.0%   0.080 AU:6    +
   61    79  0   0.0%   0.074 AU:6    +
   12    55  0   0.0%   0.105 UA:6    +
   80   105  0   0.0%   0.075 UG:6    +
   63    95  0   0.0%   0.040 UA:6    +
   10    84  0   0.0%   0.152 UA:6    +
   10   105  0   0.0%   0.153 UG:6    +
   78    92  0   0.0%   0.037 UA:6    +
   78    82  0   0.0%   0.324 UG:6    +
   76    84  0   0.0%   0.348 UA:6    +
   78    91  0   0.0%   0.037 UA:6    +
   66    89  0   0.0%   0.092 CG:6    +
   80    84  0   0.0%   0.341 UA:6    +
   18    41  0   0.0%   0.013 AU:6    +
   43    57  0   0.0%   0.735 GC:6    +
   83    87  0   0.0%   0.395 GU:6    +
   65    90  0   0.0%   0.086 UA:6    +
   10    51  0   0.0%   0.012 UA:6    +
   56    60  0   0.0%   0.659 GC:6    +
   63    84  0   0.0%   0.040 UA:6    +
   62    85  0   0.0%   0.090 GU:6    +
   17    42  0   0.0%   0.013 GU:6    +
   75    95  0   0.0%   0.285 UA:6    +
   12    82  0   0.0%   0.132 UG:6    +
   12    58  0   0.0%   0.120 UA:6    +
   39    57  0   0.0%   0.733 GC:6    +
   74    96  0   0.0%   0.332 UG:6    +
   48    54  0   0.0%   0.301 GU:6    +
   40    56  0   0.0%   0.332 UG:6    +
   19    40  1   0.0%   0.010 GU:1    AU:4    +
   29    34  0   0.0%   0.037 GU:6    +
   82   101  0   0.0%   0.309 GU:6    +
   76    94  0   0.0%   0.074 UG:6    +
   73    97  0   0.0%   0.624 UA:6    +
   41    55  0   0.0%   0.085 UA:6    +
   18    40  0   0.0%   0.011 AU:6    +
   17    76  0   0.0%   0.520 GU:6    +
   16    77  0   0.0%   0.776 UA:6    +
   42    58  0   0.0%   0.639 UA:6    +
   71    85  0   0.0%   0.320 GU:6    +
   18    75  0   0.0%   0.072 AU:6    +
   20    56  0   0.0%   0.448 UG:6    +
   12    22  0   0.0%   0.003 UA:6    +
   72    87  0   0.0%   0.429 GU:6    +
   79    97  0   0.0%   0.065 UA:6    +
    1    80  1   0.0%   0.349 GU:1    AU:4    +
   80    96  0   0.0%   0.057 UG:6    +
   17    41  0   0.0%   0.012 GU:6    +
   10    24  0   0.0%   0.011 UA:6    +
   78    98  0   0.0%   0.038 UG:6    +
   81    95  0   0.0%   0.088 UA:6    +
   16    64  0   0.0%   0.819 UA:6    +
   80   104  0   0.0%   0.075 UG:6    +
   50    54  0   0.0%   0.239 AU:6    +
   78    83  0   0.0%   0.309 UG:6    +
   83    93  0   0.0%   0.303 GC:6    +
   77    99  0   0.0%   0.064 AU:6    +
   10    55  0   0.0%   0.080 UA:6    +
   82   102  0   0.0%   0.311 GC:6    +
   61    86  0   0.0%   0.072 AU:6    +
   83   101  0   0.0%   0.303 GU:6    +
   19    63  1   0.0%   0.017 GU:1    AU:4    +
   17    63  0   0.0%   0.471 GU:6    +
   12    18  0   0.0%   0.010 UA:6    +
   26    39  0   0.0%   0.016 UG:6    +
   62    86  0   0.0%   0.090 GU:6    +
   79   105  0   0.0%   0.083 UG:6    +
   12    19  1   0.0%   0.002 UG:1    UA:4    +
   84   100  0   0.0%   0.296 AU:6    +
   19    74  1   0.0%   0.074 GU:1    AU:4    +
   71    99  0   0.0%   0.448 GU:6    +
   60    72  0   0.0%   0.196 CG:6    +
   61    87  0   0.0%   0.072 AU:6    +
   81    90  0   0.0%   0.088 UA:6    +
   55    63  0   0.0%   0.087 AU:6    +
   40    84  0   0.0%   0.006 UA:6    +
   59    73  0   0.0%   0.665 AU:6    +
   39    85  0   0.0%   0.005 GU:6    +
   67    87  0   0.0%   0.082 AU:6    +
   41    83  0   0.0%   0.008 UG:6    +
   66    88  0   0.0%   0.090 CG:6    +
   12    49  0   0.0%   0.003 UA:6    +
   44    80  0   0.0%   0.117 AU:6    +
   38    86  0   0.0%   0.014 AU:6    +
   76   104  0   0.0%   0.092 UG:6    +
   43    81  0   0.0%   0.007 GU:6    +
   37    87  0   0.0%   0.030 GU:6    +
   27    35  0   0.0%   0.040 GU:6    +
   45    79  0   0.0%   0.159 AU:6    +
   42    82  0   0.0%   0.007 UG:6    +
   62    66  0   0.0%   0.159 GC:6    +
   36    88  0   0.0%   0.025 CG:6    +
   94   102  0   0.0%   0.038 GC:6    +
   70    76  0   0.0%   0.149 AU:6    +
   31    37  0   0.0%   0.033 CG:6    +
   71    75  0   0.0%   0.280 GU:6    +
   80    91  0   0.0%   0.056 UA:6    +
   89   107  0   0.0%   0.416 GC:6    +
   71   107  0   0.0%   0.451 GC:6    +
   72   106  0   0.0%   0.355 GU:6    +
   95   101  0   0.0%   0.031 AU:6    +
   46    78  0   0.0%   0.306 GU:6    +
   68    86  0   0.0%   0.094 AU:6    +
   23    36  0   0.0%   0.005 GC:6    +
   62    93  0   0.0%   0.088 GC:6    +
   39    53  0   0.0%   0.011 GC:6    +
   40    52  0   0.0%   0.049 UG:6    +
   97   106  0   0.0%   0.431 AU:6    +
   81   105  0   0.0%   0.105 UG:6    +
   63    92  0   0.0%   0.038 UA:6    +
   41    51  0   0.0%   0.037 UA:6    +
   96   107  0   0.0%   0.413 GC:6    +
   10    56  0   0.0%   0.085 UG:6    +
   70    86  0   0.0%   0.180 AU:6    +
   42    50  0   0.0%   0.012 UA:6    +
   16    43  0   0.0%   0.001 UG:6    +
   54    58  0   0.0%   0.865 UA:6    +
   12    64  0   0.0%   0.171 UA:6    +
   79    88  0   0.0%   0.128 UG:6    +
    1    63  1   0.0%   0.001 GU:1    AU:4    +
   58    74  0   0.0%   0.696 AU:6    +
   49    75  0   0.0%   0.022 AU:6    +
   50    74  0   0.0%   0.070 AU:6    +
   53    71  0   0.0%   0.371 CG:6    +
   51    73  0   0.0%   0.407 AU:6    +
   70   100  0   0.0%   0.267 AU:6    +
   48    76  0   0.0%   0.086 GU:6    +
   75   105  0   0.0%   0.299 UG:6    +
   72   102  0   0.0%   0.343 GC:6    +
   53    72  0   0.0%   0.166 CG:6    +
   52    73  0   0.0%   0.520 GU:6    +
   54    70  0   0.0%   0.370 UA:6    +
   48    66  0   0.0%   0.153 GC:6    +
   38    54  0   0.0%   0.084 AU:6    +
   51    74  0   0.0%   0.094 AU:6    +
   80    88  0   0.0%   0.120 UG:6    +
   50    75  0   0.0%   0.022 AU:6    +
   74   104  0   0.0%   0.349 UG:6    +
   75   104  0   0.0%   0.301 UG:6    +
   49    65  0   0.0%   0.083 AU:6    +
   62    74  0   0.0%   0.147 GU:6    +
   54    71  0   0.0%   0.495 UG:6    +
   85    90  0   0.0%   0.244 UA:6    +
   90   106  0   0.0%   0.418 AU:6    +
   49    76  0   0.0%   0.019 AU:6    +
    1   106  1   0.0%   0.351 GU:1    AU:4    +
   66    94  0   0.0%   0.090 CG:6    +
   65    95  0   0.0%   0.086 UA:6    +
   16    50  0   0.0%   0.084 UA:6    +
   60    88  0   0.0%   0.141 CG:6    +
   46    54  0   0.0%   0.336 GU:6    +
   82    86  0   0.0%   0.444 GU:6    +
   99   104  0   0.0%   0.703 UG:6    +
   35    89  0   0.0%   0.200 UG:6    +
   36    82  0   0.0%   0.025 CG:6    +
   37    81  0   0.0%   0.032 GU:6    +
   35    83  0   0.0%   0.202 UG:6    +
   34    84  0   0.0%   0.052 UA:6    +
   38    80  0   0.0%   0.015 AU:6    +
   73   105  0   0.0%   0.639 UG:6    +
   16    44  0   0.0%   0.001 UA:6    +
   58    81  0   0.0%   0.638 AU:6    +
   57    82  0   0.0%   0.953 CG:6    +
   61    75  0   0.0%   0.081 AU:6    +
   46    73  0   0.0%   0.675 GU:6    +
   44    75  0   0.0%   0.126 AU:6    +
   47    72  0   0.0%   0.436 CG:6    +
   45    74  0   0.0%   0.217 AU:6    +
   43    76  0   0.0%   0.013 GU:6    +
   33    85  0   0.0%   0.038 GU:6    +
   36    43  0   0.0%   0.026 CG:6    +
   28    46  0   0.0%   0.071 CG:6    +
   27    47  0   0.0%   0.135 GC:6    +
   54    64  0   0.0%   0.323 UA:6    +
   20    39  0   0.0%   0.004 UG:6    +
   31    43  0   0.0%   0.007 CG:6    +
   74   105  0   0.0%   0.347 UG:6    +
   34    90  0   0.0%   0.051 UA:6    +
   32    42  0   0.0%   0.008 AU:6    +
   59    80  0   0.0%   0.293 AU:6    +
   87    95  0   0.0%   0.104 UA:6    +
   69   105  0   0.0%   0.209 CG:6    +
   85    97  0   0.0%   0.242 UA:6    +
   86    96  0   0.0%   0.148 UG:6    +
   88   107  0   0.0%   0.601 GC:6    +
   39    79  0   0.0%   0.005 GU:6    +
   68   106  0   0.0%   0.106 AU:6    +
   42    77  0   0.0%   0.011 UA:6    +
   24    35  0   0.0%   0.008 AU:6    +
   96   100  0   0.0%   0.027 GU:6    +
   33    41  0   0.0%   0.041 GU:6    +
   19    65  1   0.0%   0.086 GU:1    AU:4    +
   20    64  0   0.0%   0.210 UA:6    +
   18    63  0   0.0%   0.025 AU:6    +
   79    89  0   0.0%   0.062 UG:6    +
   71   103  0   0.0%   0.462 GU:6    +
   62    87  0   0.0%   0.089 GU:6    +
   93   104  0   0.0%   0.698 CG:6    +
   85    91  0   0.0%   0.242 UA:6    +
   66    72  0   0.0%   0.140 CG:6    +
   70    75  0   0.0%   0.151 AU:6    +
   57    72  0   0.0%   1.006 CG:6    +
   72   107  0   0.0%   0.344 GC:6    +
   89   103  0   0.0%   0.164 GU:6    +
   56    73  0   0.0%   0.919 GU:6    +
   20    62  0   0.0%   0.174 UG:6    +
   12    17  0   0.0%   0.011 UG:6    +
   12    48  0   0.0%   0.002 UG:6    +
   64    87  0   0.0%   0.099 AU:6    +
   41    59  0   0.0%   0.295 UA:6    +
   17    21  0   0.0%   0.012 GC:6    +
   78    90  0   0.0%   0.036 UA:6    +
   75    88  0   0.0%   0.347 UG:6    +
   10    49  0   0.0%   0.010 UA:6    +
   79    92  0   0.0%   0.062 UA:6    +
   26    48  0   0.0%   0.085 UG:6    +
   84   103  0   0.0%   0.311 AU:6    +
   85    92  0   0.0%   0.239 UA:6    +
   61    81  0   0.0%   0.073 AU:6    +
   77   103  0   0.0%   0.076 AU:6    +
   58    63  0   0.0%   0.667 AU:6    +
    1    78  1   0.0%   0.347 GU:1    AU:4    +
   89    93  0   0.0%   0.013 GC:6    +
   39    60  0   0.0%   0.141 GC:6    +
   35    44  0   0.0%   0.311 UA:6    +
   75    96  0   0.0%   0.283 UG:6    +
   68    81  0   0.0%   0.098 AU:6    +
   86    90  0   0.0%   0.148 UA:6    +
   60    82  0   0.0%   0.142 CG:6    +
   74    88  0   0.0%   0.395 UG:6    +
   74    97  0   0.0%   0.332 UA:6    +
   60   104  0   0.0%   0.145 CG:6    +
   76    95  0   0.0%   0.074 UA:6    +
   61   103  0   0.0%   0.073 AU:6    +
   40    59  0   0.0%   0.292 UA:6    +
   16    68  0   0.0%   0.855 UA:6    +
   54    59  0   0.0%   0.520 UA:6    +
   27    57  0   0.0%   0.771 GC:6    +
   28    56  0   0.0%   0.384 CG:6    +
   49    80  0   0.0%   0.013 AU:6    +
   83   103  0   0.0%   0.318 GU:6    +
   63   104  0   0.0%   0.041 UG:6    +
   48    81  0   0.0%   0.079 GU:6    +
   55    74  0   0.0%   0.142 AU:6    +
   50    79  0   0.0%   0.011 AU:6    +
   37    42  0   0.0%   0.033 GU:6    +
   86    91  0   0.0%   0.146 UA:6    +
   26    58  0   0.0%   0.648 UA:6    +
   51    78  0   0.0%   0.037 AU:6    +
   47    82  0   0.0%   0.383 CG:6    +
   10    62  0   0.0%   0.024 UG:6    +
   36    48  0   0.0%   0.094 CG:6    +
   32    86  0   0.0%   0.005 AU:6    +
   88   106  0   0.0%   0.606 GU:6    +
   16    51  0   0.0%   0.108 UA:6    +
   41    58  0   0.0%   0.638 UA:6    +
   35    49  0   0.0%   0.205 UA:6    +
   37    47  0   0.0%   0.123 GC:6    +
   62    80  0   0.0%   0.090 GU:6    +
   10    19  1   0.0%   0.009 UG:1    UA:4    +
   64   103  0   0.0%   0.100 AU:6    +
   78   104  0   0.0%   0.054 UG:6    +
   20    58  0   0.0%   0.753 UA:6    +
    1    86  1   0.0%   0.350 GU:1    AU:4    +
   47    62  0   0.0%   0.434 CG:6    +
   67    85  0   0.0%   0.087 AU:6    +
   16    22  0   0.0%   0.001 UA:6    +
   66   105  0   0.0%   0.119 CG:6    +
   74    89  0   0.0%   0.328 UG:6    +
   67    74  0   0.0%   0.139 AU:6    +
   34    50  0   0.0%   0.058 UA:6    +
   46    63  0   0.0%   0.306 GU:6    +
   18    42  0   0.0%   0.012 AU:6    +
   56    69  0   0.0%   0.633 GC:6    +
   69    83  0   0.0%   0.133 CG:6    +
   61   106  0   0.0%   0.074 AU:6    +
   73   104  0   0.0%   0.640 UG:6    +
   67    73  0   0.0%   0.455 AU:6    +
   21    62  0   0.0%   0.059 CG:6    +
   73    98  0   0.0%   0.624 UG:6    +
   91   106  0   0.0%   0.413 AU:6    +
    1    65  1   0.0%   0.001 GU:1    AU:4    +
   17   107  0   0.0%   0.511 GC:6    +
    1    87  1   0.0%   0.350 GU:1    AU:4    +
   73    90  0   0.0%   0.620 UA:6    +
   60    71  0   0.0%   0.401 CG:6    +
   20    51  0   0.0%   0.149 UA:6    +
   67    76  0   0.0%   0.089 AU:6    +
   17    65  0   0.0%   0.502 GU:6    +
    1   103  1   0.0%   0.350 GU:1    AU:4    +
   59    63  0   0.0%   0.322 AU:6    +
   19    41  1   0.0%   0.009 GU:1    AU:4    +
   68    75  0   0.0%   0.103 AU:6    +
   76   105  0   0.0%   0.089 UG:6    +
   18   106  0   0.0%   0.061 AU:6    +
   10    50  0   0.0%   0.010 UA:6    +
   71   106  0   0.0%   0.462 GU:6    +
   64    86  0   0.0%   0.100 AU:6    +
   68    73  0   0.0%   0.467 AU:6    +
   62    76  0   0.0%   0.096 GU:6    +
   68    74  0   0.0%   0.151 AU:6    +
   67    75  0   0.0%   0.091 AU:6    +
    1     6  1   0.0%   0.000 GU:1    AU:4    +
   64    78  0   0.0%   0.100 AU:6    +
   94   103  0   0.0%   0.141 GU:6    +
   12    72  0   0.0%   0.184 UG:6    +
   65    77  0   0.0%   0.086 UA:6    +
   55    65  0   0.0%   0.154 AU:6    +
   20    52  0   0.0%   0.163 UG:6    +
   63    88  0   0.0%   0.038 UG:6    +
   20    43  0   0.0%   0.004 UG:6    +
   98   102  0   0.0%   0.062 GC:6    +
    1     7  1   0.0%   0.000 GU:1    AU:4    +
   78    88  0   0.0%   0.102 UG:6    +
   97   103  0   0.0%   0.175 AU:6    +
   61    78  0   0.0%   0.074 AU:6    +
   42    56  0   0.0%   0.332 UG:6    +
   12    71  0   0.0%   0.390 UG:6    +
   68    85  0   0.0%   0.098 AU:6    +
   65    92  0   0.0%   0.085 UA:6    +
   43    60  0   0.0%   0.142 GC:6    +
   23    53  0   0.0%   0.016 GC:6    +
   65    91  0   0.0%   0.084 UA:6    +
   62   102  0   0.0%   0.090 GC:6    +
   56    66  0   0.0%   0.621 GC:6    +
   70    85  0   0.0%   0.183 AU:6    +
   22    54  0   0.0%   0.075 AU:6    +
   21    56  0   0.0%   0.333 CG:6    +
   87    97  0   0.0%   0.103 UA:6    +
   56    75  0   0.0%   0.557 GU:6    +
   55    76  0   0.0%   0.090 AU:6    +
   42    61  0   0.0%   0.070 UA:6    +
   68   103  0   0.0%   0.105 AU:6    +
   12   104  0   0.0%   0.132 UG:6    +
   67    86  0   0.0%   0.083 AU:6    +
   58    65  0   0.0%   0.708 AU:6    +
   86    98  0   0.0%   0.147 UG:6    +
   70    74  0   0.0%   0.198 AU:6    +
   50    65  0   0.0%   0.082 AU:6    +
   94   107  0   0.0%   0.392 GC:6    +
   34    45  0   0.0%   0.054 UA:6    +
   92   100  0   0.0%   0.030 AU:6    +
   42    55  0   0.0%   0.083 UA:6    +
   95   106  0   0.0%   0.436 AU:6    +
   91   101  0   0.0%   0.043 AU:6    +
   54    77  0   0.0%   0.240 UA:6    +
   78    89  0   0.0%   0.036 UG:6    +
   60   105  0   0.0%   0.145 CG:6    +
   37    66  0   0.0%   0.106 GC:6    +
   38    65  0   0.0%   0.086 AU:6    +
   65    89  0   0.0%   0.084 UG:6    +
   41    62  0   0.0%   0.059 UG:6    +
   12    59  0   0.0%   0.119 UA:6    +
   10    17  0   0.0%   0.000 UG:6    +
   21   104  0   0.0%   0.007 CG:6    +
   22    41  0   0.0%   0.002 AU:6    +
   28    52  0   0.0%   0.102 CG:6    +
   71    93  0   0.0%   0.446 GC:6    +
   59   106  0   0.0%   0.294 AU:6    +
   33    53  0   0.0%   0.045 GC:6    +
   22   103  0   0.0%   0.004 AU:6    +
   63    67  0   0.0%   0.110 UA:6    +
   27    53  0   0.0%   0.050 GC:6    +
   23    40  0   0.0%   0.005 GU:6    +
    1    12  1   0.0%   0.000 GU:1    AU:4    +
   24    41  0   0.0%   0.010 AU:6    +
   57   104  0   0.0%   0.954 CG:6    +
   34    52  0   0.0%   0.096 UG:6    +
   68    79  0   0.0%   0.092 AU:6    +
   32    54  0   0.0%   0.076 AU:6    +
   23   102  0   0.0%   0.007 GC:6    +
   64    74  0   0.0%   0.155 AU:6    +
   21    39  0   0.0%   0.004 CG:6    +
   20   105  0   0.0%   0.122 UG:6    +
   55    81  0   0.0%   0.083 AU:6    +
   54    82  0   0.0%   0.236 UG:6    +
   69    89  0   0.0%   0.193 CG:6    +
   20    50  0   0.0%   0.124 UA:6    +
   23    42  0   0.0%   0.010 GU:6    +
   40    46  0   0.0%   0.017 UG:6    +
   39    47  0   0.0%   0.096 GC:6    +
   53    83  0   0.0%   0.112 CG:6    +
   25    52  0   0.0%   0.050 CG:6    +
   89   106  0   0.0%   0.421 GU:6    +
   58   103  0   0.0%   0.637 AU:6    +
   36    56  0   0.0%   0.351 CG:6    +
   73    88  0   0.0%   0.687 UG:6    +
   61    65  0   0.0%   0.142 AU:6    +
   57   105  0   0.0%   0.954 CG:6    +
   17    36  0   0.0%   0.011 GC:6    +
   20    61  0   0.0%   0.186 UA:6    +
   89   100  0   0.0%   0.010 GU:6    +
   56    80  0   0.0%   0.548 GU:6    +
    7    13  1   0.0%   0.000 CG:1    UG:4    +
   33    47  0   0.0%   0.130 GC:6    +
   24   101  0   0.0%   0.006 AU:6    +
   67    80  0   0.0%   0.081 AU:6    +
   90    99  0   0.0%   0.010 AU:6    +
   41    56  0   0.0%   0.333 UG:6    +
   76    90  0   0.0%   0.076 UA:6    +
   26    51  0   0.0%   0.046 UA:6    +
   56   106  0   0.0%   0.549 GU:6    +
   64    81  0   0.0%   0.097 AU:6    +
   67   106  0   0.0%   0.106 AU:6    +
   75    91  0   0.0%   0.284 UA:6    +
    1    54  1   0.0%   0.000 GU:1    AU:4    +
   74    98  0   0.0%   0.333 UG:6    +
   75    97  0   0.0%   0.283 UA:6    +
   72    99  0   0.0%   0.340 GU:6    +
    1    85  1   0.0%   0.350 GU:1    AU:4    +
   16    24  0   0.0%   0.001 UA:6    +
   52   107  0   0.0%   0.149 GC:6    +
   81    91  0   0.0%   0.086 UA:6    +
   50    80  0   0.0%   0.012 AU:6    +
   51    79  0   0.0%   0.035 AU:6    +
   34    68  0   0.0%   0.137 UA:6    +
   63    82  0   0.0%   0.039 UG:6    +
   20    49  0   0.0%   0.122 UA:6    +
   61    74  0   0.0%   0.130 AU:6    +
   33    69  0   0.0%   0.125 GC:6    +
   52    60  0   0.0%   0.282 GC:6    +
   35    67  0   0.0%   0.276 UA:6    +
   10    77  0   0.0%   0.155 UA:6    +
   56    65  0   0.0%   0.618 GU:6    +
   18    35  0   0.0%   0.010 AU:6    +
   49    81  0   0.0%   0.013 AU:6    +
   59    78  0   0.0%   0.294 AU:6    +
   59    65  0   0.0%   0.363 AU:6    +
   40    44  0   0.0%   0.114 UA:6    +
   88   101  0   0.0%   0.077 GU:6    +
   76    96  0   0.0%   0.073 UG:6    +
   52    78  0   0.0%   0.151 GU:6    +
   68    87  0   0.0%   0.093 AU:6    +
   76    98  0   0.0%   0.074 UG:6    +
   58    79  0   0.0%   0.637 AU:6    +
   63    71  0   0.0%   0.296 UG:6    +
   19   106  1   0.0%   0.014 GU:1    AU:4    +
   35    51  0   0.0%   0.231 UA:6    +
   41    45  0   0.0%   0.008 UA:6    +
   61    73  0   0.0%   0.443 AU:6    +
   68    78  0   0.0%   0.095 AU:6    +
   73    89  0   0.0%   0.620 UG:6    +
   34    46  0   0.0%   0.065 UG:6    +
   63    72  0   0.0%   0.091 UG:6    +
   87    92  0   0.0%   0.098 UA:6    +
   63    70  0   0.0%   0.171 UA:6    +
   52    66  0   0.0%   0.223 GC:6    +
   25    62  0   0.0%   0.058 CG:6    +
   62   106  0   0.0%   0.091 GU:6    +
   64    75  0   0.0%   0.107 AU:6    +
   55   106  0   0.0%   0.084 AU:6    +
   25    56  0   0.0%   0.332 CG:6    +
   26    61  0   0.0%   0.080 UA:6    +
   10    61  0   0.0%   0.026 UA:6    +
   26    55  0   0.0%   0.093 UA:6    +
   15    60  1   0.3%   0.476 GC:5    +
   14    61  1   0.3%   0.510 UA:5    +
   15    47  1   0.2%   0.045 GC:5    +
   14    48  1   0.2%   0.041 UG:5    +
    5    60  1   0.2%   0.170 GC:5    +
    6    59  1   0.2%   0.170 UA:5    +
    7    58  1   0.2%   0.165 UA:5    +
    8    57  1   0.2%   0.154 GC:5    +
   11    17  1   0.2%   0.032 CG:5    +
    4    61  1   0.2%   0.100 UA:5    +
    2    74  1   0.1%   0.114 GU:5    +
    2    75  1   0.1%   0.108 GU:5    +
    2    73  1   0.1%   0.413 GU:5    +
   14    50  1   0.1%   0.038 UA:5    +
   13    53  1   0.1%   0.014 GC:5    +
   14    52  1   0.0%   0.078 UG:5    +
   14    49  1   0.0%   0.029 UA:5    +
    4    71  1   0.0%   0.390 UG:5    +
    3    68  1   0.0%   0.086 UA:5    +
    4    67  1   0.0%   0.088 UA:5    +
    5    66  1   0.0%   0.089 GC:5    +
    2    69  1   0.0%   0.079 GC:5    +
   15    53  1   0.0%   0.030 GC:5    +
    9    54  1   0.0%   0.059 AU:5    +
    2    63  1   0.0%   0.076 GU:5    +
    2    76  1   0.0%   0.102 GU:5    +
    2    78  1   0.0%   0.100 GU:5    +
    2    80  1   0.0%   0.104 GU:5    +
    5    76  1   0.0%   0.134 GU:5    +
    3    77  1   0.0%   0.306 UA:5    +
    6    77  1   0.0%   0.128 UA:5    +
    4    77  1   0.0%   0.180 UA:5    +
    8    53  1   0.0%   0.005 GC:5    +
    5    78  1   0.0%   0.131 GU:5    +
    3    70  1   0.0%   0.084 UA:5    +
    2    79  1   0.0%   0.100 GU:5    +
   14    51  1   0.0%   0.060 UA:5    +
   14    56  1   0.0%   0.104 UG:5    +
   13    57  1   0.0%   0.088 GC:5    +
   11    56  1   0.0%   0.113 CG:5    +
   11    83  1   0.0%   0.132 CG:5    +
    9   106  1   0.0%   0.087 AU:5    +
    7    64  1   0.0%   0.077 UA:5    +
    9    85  1   0.0%   0.086 AU:5    +
   11   104  1   0.0%   0.133 CG:5    +
    8   107  1   0.0%   0.139 GC:5    +
    7    77  1   0.0%   0.117 UA:5    +
   11    23  1   0.0%   0.012 CG:5    +
   13    21  1   0.0%   0.002 GC:5    +
   15    78  1   0.0%   0.326 GU:5    +
   15    66  1   0.0%   0.355 GC:5    +
   13    54  1   0.0%   0.060 GU:5    +
    2    81  1   0.0%   0.102 GU:5    +
   15    65  1   0.0%   0.356 GU:5    +
    2   107  1   0.0%   0.101 GC:5    +
   15    54  1   0.0%   0.074 GU:5    +
   13    63  1   0.0%   0.050 GU:5    +
    9    75  1   0.0%   0.095 AU:5    +
   13    81  1   0.0%   0.096 GU:5    +
    9    74  1   0.0%   0.144 AU:5    +
    5    28  1   0.0%   0.001 GC:5    +
    4    29  1   0.0%   0.001 UG:5    +
    3    30  1   0.0%   0.001 UA:5    +
    2    31  1   0.0%   0.001 GC:5    +
   14    55  1   0.0%   0.097 UA:5    +
    9    63  1   0.0%   0.007 AU:5    +
    9    16  1   0.0%   0.001 AU:5    +
   14    18  1   0.0%   0.010 UA:5    +
   14    67  1   0.0%   0.468 UA:5    +
   13    20  1   0.0%   0.001 GU:5    +
   15    20  1   0.0%   0.002 GU:5    +
    2   106  1   0.0%   0.101 GU:5    +
    5    79  1   0.0%   0.128 GU:5    +
    2    85  1   0.0%   0.100 GU:5    +
   10    15  1   0.0%   0.001 UG:5    +
    5    31  1   0.0%   0.001 GC:5    +
    6    30  1   0.0%   0.001 UA:5    +
    4    72  1   0.0%   0.182 UG:5    +
    8    28  1   0.0%   0.001 GC:5    +
    8    25  1   0.0%   0.001 GC:5    +
    4   104  1   0.0%   0.176 UG:5    +
    4    32  1   0.0%   0.001 UA:5    +
    5    75  1   0.0%   0.133 GU:5    +
    3    84  1   0.0%   0.303 UA:5    +
    6    84  1   0.0%   0.122 UA:5    +
   13    47  1   0.0%   0.001 GC:5    +
   15    21  1   0.0%   0.002 GC:5    +
    2    57  1   0.0%   0.001 GC:5    +
   15    69  1   0.0%   0.410 GC:5    +
   14    46  1   0.0%   0.008 UG:5    +
    5    85  1   0.0%   0.127 GU:5    +
    4    83  1   0.0%   0.175 UG:5    +
   11    48  1   0.0%   0.012 CG:5    +
    2    66  1   0.0%   0.071 GC:5    +
    4    82  1   0.0%   0.175 UG:5    +
    6    67  1   0.0%   0.083 UA:5    +
    4    55  1   0.0%   0.001 UA:5    +
   14    70  1   0.0%   0.609 UA:5    +
    7    68  1   0.0%   0.153 UA:5    +
    2    86  1   0.0%   0.100 GU:5    +
    5    80  1   0.0%   0.129 GU:5    +
    8    60  1   0.0%   0.143 GC:5    +
   14    62  1   0.0%   0.482 UG:5    +
    7    61  1   0.0%   0.086 UA:5    +
    5    81  1   0.0%   0.128 GU:5    +
    4    68  1   0.0%   0.086 UA:5    +
    7    18  1   0.0%   0.000 UA:5    +
    2     7  1   0.0%   0.000 GU:5    +
    9    20  1   0.0%   0.001 AU:5    +
   14    45  1   0.0%   0.008 UA:5    +
   11    72  1   0.0%   0.184 CG:5    +
    5    53  1   0.0%   0.001 GC:5    +
    5    47  1   0.0%   0.001 GC:5    +
    7    51  1   0.0%   0.001 UA:5    +
    9    80  1   0.0%   0.086 AU:5    +
    7    45  1   0.0%   0.001 UA:5    +
   11   105  1   0.0%   0.132 CG:5    +
    5   103  1   0.0%   0.127 GU:5    +
   15    63  1   0.0%   0.324 GU:5    +
    4   105  1   0.0%   0.176 UG:5    +
    2    65  1   0.0%   0.071 GU:5    +
    4    48  1   0.0%   0.001 UG:5    +
    5    63  1   0.0%   0.083 GU:5    +
    2     6  1   0.0%   0.000 GU:5    +
    8    21  1   0.0%   0.000 GC:5    +
    9    78  1   0.0%   0.087 AU:5    +
    5   107  1   0.0%   0.127 GC:5    +
    3    49  1   0.0%   0.001 UA:5    +
    2    87  1   0.0%   0.100 GU:5    +
    5   106  1   0.0%   0.127 GU:5    +
    4    64  1   0.0%   0.080 UA:5    +
    5    54  1   0.0%   0.001 GU:5    +
    8    14  1   0.0%   0.000 GU:5    +
   14    64  1   0.0%   0.518 UA:5    +
    2    53  1   0.0%   0.001 GC:5    +
    7    70  1   0.0%   0.199 UA:5    +
    3    64  1   0.0%   0.077 UA:5    +
   14    22  1   0.0%   0.008 UA:5    +
    2    34  1   0.0%   0.001 GU:5    +
    2   103  1   0.0%   0.100 GU:5    +
    8    69  1   0.0%   0.137 GC:5    +
    6    70  1   0.0%   0.208 UA:5    +
    4    51  1   0.0%   0.001 UA:5    +
   13    80  1   0.0%   0.096 GU:5    +
   11    82  1   0.0%   0.130 CG:5    +
   15    25  1   0.0%   0.001 GC:5    +
    6    18  1   0.0%   0.000 UA:5    +
    3    61  1   0.0%   0.069 UA:5    +
   13   103  1   0.0%   0.094 GU:5    +
   14    24  1   0.0%   0.008 UA:5    +
   13    25  1   0.0%   0.001 GC:5    +
   15    79  1   0.0%   0.324 GU:5    +
    4    84  1   0.0%   0.175 UA:5    +
   13    66  1   0.0%   0.079 GC:5    +
    6    49  1   0.0%   0.001 UA:5    +
    8    47  1   0.0%   0.001 GC:5    +
    7    22  1   0.0%   0.000 UA:5    +
    9    26  1   0.0%   0.001 AU:5    +
    5    74  1   0.0%   0.143 GU:5    +
    2    11  2   0.0%   0.000 GC:4    +
..((((((((((((.....(((((((.(((....))))))))))(((....)))....)))).))))))))................((((((....))))))....
