127 sequence; length of alignment 161
alifold output
  142   155  0  96.3%   0.337 GC:126  GU:1   
  141   156  0  96.3%   0.321 CG:127 
  143   154  1  96.1%   0.337 GC:126 
  140   157  1  95.7%   0.350 AU:126 
   58   130  0  93.7%   0.419 CG:127 
   57   131  0  93.7%   0.421 GC:127 
   56   132  0  93.4%   0.414 GC:127 
   59   129  0  93.1%   0.277 CG:127 
   62   126  1  92.0%   0.303 AU:126 
   61   127  0  91.2%   0.309 GC:127 
  137   159  0  91.2%   0.625 GC:127 
   63   125  1  89.8%   0.343 UG:126 
  136   160  0  85.5%   0.623 AU:127 
  105   114  0  72.8%   0.976 GC:126  AU:1   
  106   113  0  72.8%   1.060 UA:127 
  107   112  0  72.5%   1.488 CG:127 
   64   124  1  72.2%   0.792 UA:126 
  104   115  0  69.5%   0.966 CG:127 
   73    85  0  68.9%   0.787 GC:127 
   72    86  0  68.9%   0.780 AU:127 
   71    87  0  68.8%   0.781 UA:127 
   74    84  0  67.2%   0.819 CG:12   UG:115 
   70    88  0  68.1%   0.786 AU:127 
   67    90  0  63.2%   1.020 GC:127 
  145   153  0  58.2%   1.291 CG:1    UG:40   UA:86  
  146   152  0  57.9%   1.579 UG:1    UA:126 
   66    91  0  58.7%   0.967 AU:127 
  139   158  0  49.9%   1.686 CG:127  +
  138   158  0  45.8%   1.439 CG:127 
   69    89  0  36.3%   1.608 CG:127  +
   68    89  0  31.9%   1.249 CG:127 
   92   101  0  29.8%   2.242 GC:125  GU:2   
   93   100  0  29.8%   1.913 CG:127 
   67   101  0  24.9%   1.608 GC:125  GU:2    +
   69    98  0  25.4%   1.610 CG:127  +
   70    97  0  25.3%   1.369 AU:127  +
   68   100  0  25.0%   1.689 CG:127  +
   71    96  0  24.9%   1.398 UG:127  +
   72    95  0  24.1%   1.458 AU:127  +
   94   111  0  23.2%   1.599 CG:127  +
   93   112  0  23.1%   1.733 CG:127  +
   95   110  0  22.8%   1.571 UA:127  +
   98   107  0  22.7%   1.602 GC:127  +
   99   106  0  21.9%   1.120 AU:127  +
   73    94  0  21.6%   1.474 GC:127  +
  145   152  1  16.1%   0.920 UG:1    UA:125  +
  146   151  0  14.4%   0.949 UA:127  +
   77    91  0  13.1%   1.549 GU:127  +
   78    90  0  13.1%   1.335 GC:127  +
   76    92  0  13.0%   1.197 CG:127  +
   92   114  0  10.0%   1.757 GC:126  GU:1    +
   74    92  0   4.2%   0.913 CG:12   UG:115  +
   53   135  0   5.0%   0.704 UA:127  +
   75    91  0   3.7%   0.841 GU:1    AU:126  +
   77   155  0   3.5%   0.913 GC:126  GU:1    +
   74   158  0   3.5%   0.894 CG:12   UG:115  +
   84    90  0   4.2%   1.380 GC:127  +
   85    89  0   4.1%   1.646 CG:127  +
   83    91  0   3.9%   1.177 AU:127  +
   85    92  0   3.8%   1.419 CG:127  +
   84    93  0   3.7%   1.013 GC:127  +
   57    68  0   3.6%   0.358 GC:127  +
   56    69  0   3.6%   0.357 GC:127  +
   58    67  0   3.6%   0.356 CG:127  +
   76   156  0   3.5%   0.779 CG:127  +
   73   159  0   3.5%   1.136 GC:127  +
   75   157  1   3.5%   0.601 GU:1    AU:125  +
   78   154  0   3.5%   0.800 GC:127  +
   72   160  0   3.4%   1.051 AU:127  +
   14    23  0   1.0%   0.197 CG:85   UG:39   UA:3    +
   74    89  0   1.9%   1.235 CG:12   UG:115  +
   81    88  0   2.9%   0.773 AU:127  +
   75    88  0   1.8%   0.483 GU:1    AU:126  +
  114   125  0   1.7%   0.836 CG:126  UG:1    +
   94    98  0   2.5%   1.193 CG:127  +
   46    52  0   1.4%   0.287 CG:89   UG:38   +
  101   137  0   1.4%   1.209 CG:125  UG:2    +
   71   161  0   2.3%   0.952 UG:127  +
   76    89  0   2.3%   1.089 CG:127  +
   78    85  0   2.3%   0.551 GC:127  +
   41    52  0   1.2%   0.229 CG:108  UG:19   +
   23    29  0   0.2%   0.151 GC:10   GU:114  AU:3    +
   77    86  0   2.1%   0.536 GU:127  +
   23    46  0   0.1%   0.177 GC:89   GU:35   AU:3    +
   57   101  0   1.1%   0.327 GC:125  GU:2    +
   73    93  0   2.1%   0.705 GC:127  +
  104   111  0   2.1%   0.632 CG:127  +
  103   112  0   2.1%   0.642 CG:127  +
   24    29  0   0.0%   0.094 GC:10   GU:115  AU:2    +
   29    49  0   0.0%   0.053 CG:10   UG:115  UA:2    +
   74    82  0   0.0%   0.012 CG:12   UG:106  UA:9    +
   12    49  0   0.0%   0.046 CG:54   UG:71   UA:2    +
   10    49  0   0.0%   0.036 CG:47   UG:78   UA:2    +
   82   145  0   0.0%   0.023 GC:1    GU:117  AU:9    +
   64    82  0   0.0%   0.020 CG:1    UG:117  UA:9    +
   49    64  0   0.0%   0.088 GC:1    GU:124  AU:2    +
   34   145  0   0.0%   0.011 GC:1    GU:39   AU:87   +
   31   145  0   0.0%   0.026 GC:1    GU:61   AU:65   +
   10   143  0   0.0%   0.033 CG:47   UG:79   UA:1    +
   37   143  0   0.0%   0.054 CG:99   UG:27   UA:1    +
   49   108  0   0.0%   0.093 GC:50   GU:75   AU:2    +
   75    97  0   1.0%   0.739 GU:1    AU:126  +
  146   153  0   1.0%   1.116 UG:41   UA:86   +
   80    88  0   0.9%   0.555 GU:2    AU:125  +
  101   130  0   0.9%   1.190 CG:125  UG:2    +
   68    92  0   1.8%   0.798 CG:127  +
   94   129  0   1.8%   1.235 CG:127  +
   93   130  0   1.8%   1.350 CG:127  +
   74    98  0   0.8%   1.002 CG:12   UG:115  +
   95   128  0   1.8%   1.135 UA:127  +
   77    88  0   1.8%   0.657 GU:127  +
   89   101  0   0.8%   1.607 GC:125  GU:2    +
   96   127  0   1.8%   0.866 GC:127  +
   73    90  0   1.8%   0.783 GC:127  +
   92   131  0   1.8%   1.590 GC:127  +
   67    93  0   1.8%   0.699 GC:127  +
  113   126  0   1.7%   0.540 AU:127  +
   96   108  0   0.6%   0.612 GC:50   GU:77   +
   53   134  0   0.6%   0.316 UG:1    UA:126  +
  108   129  0   0.6%   0.357 CG:50   UG:77   +
  112   127  0   1.6%   1.046 GC:127  +
   84   101  0   0.6%   1.046 GC:125  GU:2    +
   96   141  0   1.5%   0.823 GC:127  +
   85   149  0   1.5%   0.838 CG:127  +
   84   150  0   1.5%   0.774 GC:127  +
   97   140  0   1.5%   0.759 UA:127  +
   72    91  0   1.5%   0.785 AU:127  +
   25    53  0   0.4%   0.092 GU:2    AU:125  +
   98   139  0   1.4%   1.159 GC:127  +
   86   148  0   1.4%   0.601 UA:127  +
   95   142  0   1.4%   1.203 UG:127  +
  100   138  0   1.4%   1.238 GC:127  +
  101   122  0   0.3%   0.978 CG:125  UG:2    +
   95   109  0   0.3%   0.597 UG:2    UA:125  +
  130   138  0   1.3%   0.562 GC:127  +
  131   137  0   1.3%   0.517 CG:127  +
  114   122  0   0.3%   0.589 CG:126  UG:1    +
  129   139  0   1.3%   0.479 GC:127  +
   86   153  0   0.2%   0.522 UG:41   UA:86   +
   97   109  0   0.2%   0.546 UG:2    UA:125  +
   98   108  0   0.2%   0.991 GC:50   GU:77   +
   80    86  0   0.2%   0.386 GU:2    AU:125  +
  101   115  0   0.2%   0.984 CG:125  UG:2    +
   44    53  0   0.1%   0.137 GU:84   AU:43   +
   58   100  0   1.1%   0.320 CG:127  +
   82    86  0   0.1%   0.398 GU:118  AU:9    +
   57    93  0   1.1%   0.271 GC:127  +
   56    94  0   1.1%   0.271 GC:127  +
   56   102  0   1.1%   0.322 GC:127  +
   55    95  0   1.1%   0.152 AU:127  +
   91   115  0   1.1%   1.142 UG:127  +
   92   145  0   0.1%   1.423 GC:1    GU:126  +
   96   101  0   0.1%   1.348 GC:125  GU:2    +
   67    74  0   0.1%   0.142 GC:12   GU:115  +
   54    96  0   1.1%   0.249 CG:127  +
  101   158  0   0.1%   1.165 CG:125  UG:2    +
   64   122  0   0.1%   0.071 CG:1    UG:126  +
   41   161  0   0.1%   0.151 CG:108  UG:19   +
    6    52  0   0.1%   0.061 CG:105  UG:22   +
   59    98  0   1.1%   0.162 CG:127  +
    6   161  0   0.1%   0.075 CG:105  UG:22   +
   60    97  1   1.1%   0.169 GU:86   AU:40   +
   14    52  0   0.1%   0.103 CG:85   UG:42   +
  101   112  0   0.1%   1.235 CG:125  UG:2    +
    5    53  0   0.1%   0.017 GU:1    AU:126  +
  100   114  0   0.1%   1.167 GC:126  GU:1    +
    8    52  0   0.1%   0.076 CG:116  UG:11   +
    3   161  0   0.1%   0.046 CG:123  UG:4    +
   75   106  0   0.1%   0.260 GU:1    AU:126  +
   64   125  0   0.1%   0.421 CG:1    UG:126  +
   13    53  0   0.1%   0.026 GU:1    AU:126  +
    8   161  0   0.1%   0.089 CG:116  UG:11   +
   64    96  0   0.1%   0.095 CG:1    UG:126  +
   64    92  0   0.1%   0.091 CG:1    UG:126  +
   89   145  0   0.1%   1.165 GC:1    GU:126  +
   73   101  0   0.1%   1.165 GC:125  GU:2    +
   14   161  0   0.1%   0.113 CG:85   UG:42   +
  101   125  0   0.1%   1.054 CG:125  UG:2    +
   74   100  0   0.0%   0.936 CG:12   UG:115  +
   97   134  0   0.0%   0.605 UG:1    UA:126  +
   37   161  0   0.0%   0.091 CG:99   UG:28   +
   46   161  0   0.0%   0.139 CG:89   UG:38   +
   67   114  0   0.0%   0.876 GC:126  GU:1    +
   82    88  0   0.0%   0.579 GU:118  AU:9    +
   40    53  0   1.0%   0.192 AU:127  +
  116   120  0   0.0%   0.052 UG:1    UA:126  +
   37    52  0   0.0%   0.080 CG:99   UG:28   +
   42   160  0   0.0%   0.028 GU:1    AU:126  +
   23   160  0   0.0%   0.174 GU:124  AU:3    +
  129   145  0   0.0%   0.338 GC:1    GU:126  +
    4   160  0   0.0%   0.011 GU:1    AU:126  +
   82   146  0   0.0%   0.031 GU:118  AU:9    +
   29    52  0   0.0%   0.068 CG:10   UG:117  +
    3   147  0   0.0%   0.035 CG:123  UG:4    +
    4   146  0   0.0%   0.008 GU:1    AU:126  +
   35    53  0   0.0%   0.056 GU:2    AU:125  +
   28    53  0   0.0%   0.072 GU:4    AU:123  +
   96   114  0   0.0%   0.788 GC:126  GU:1    +
   41   147  0   0.0%   0.111 CG:108  UG:19   +
   42   146  0   0.0%   0.011 GU:1    AU:126  +
   52   101  0   0.0%   0.173 GC:125  GU:2    +
   58    92  0   1.0%   0.260 CG:127  +
   15   160  0   0.0%   0.027 GU:42   AU:85   +
   90   149  0   1.0%   1.171 CG:127  +
   89   150  0   1.0%   1.350 GC:127  +
   12   161  0   0.0%   0.065 CG:54   UG:73   +
   97   105  0   0.0%   0.500 UG:126  UA:1    +
   64    98  0   0.0%   0.088 CG:1    UG:126  +
   47   160  0   0.0%   0.030 GU:4    AU:123  +
   76    96  0   1.0%   0.923 CG:127  +
   97   120  0   0.0%   0.520 UG:1    UA:126  +
    8   142  0   0.0%   0.066 CG:116  UG:11   +
   84   145  0   0.0%   0.598 GC:1    GU:126  +
   82    91  0   0.0%   0.811 GU:118  AU:9    +
   71   109  0   0.0%   0.647 UG:2    UA:125  +
  134   160  0   0.0%   0.208 GU:1    AU:126  +
   77    95  0   1.0%   1.095 GU:127  +
   47    53  0   0.0%   0.163 GU:4    AU:123  +
   43    53  0   0.0%   0.101 GU:1    AU:126  +
  108   130  0   0.0%   0.326 CG:50   UG:77   +
   78    94  0   1.0%   0.931 GC:127  +
   46   142  0   0.0%   0.097 CG:89   UG:38   +
   46   130  0   0.0%   0.093 CG:89   UG:38   +
   78   101  0   0.0%   0.847 GC:125  GU:2    +
  126   143  0   0.0%   0.278 UG:126  UA:1    +
   37   147  0   0.0%   0.060 CG:99   UG:28   +
   73   108  0   0.0%   0.761 GC:50   GU:77   +
   41   125  0   0.0%   0.103 CG:108  UG:19   +
   10   161  0   0.0%   0.052 CG:47   UG:80   +
   46   147  0   0.0%   0.101 CG:89   UG:38   +
   47   146  0   0.0%   0.013 GU:4    AU:123  +
   89   114  0   0.0%   1.102 GC:126  GU:1    +
   25   126  0   0.0%   0.031 GU:2    AU:125  +
   95   120  0   0.0%   0.906 UG:1    UA:126  +
   49    53  0   0.0%   0.202 GU:125  AU:2    +
   29   161  0   0.0%   0.071 CG:10   UG:117  +
   13   160  0   0.0%   0.013 GU:1    AU:126  +
   88   134  0   0.0%   0.625 UG:1    UA:126  +
   86   152  0   0.0%   0.482 UG:1    UA:126  +
    6   125  0   0.0%   0.051 CG:105  UG:22   +
   37   129  0   0.0%   0.054 CG:99   UG:28   +
   80    91  0   0.0%   0.849 GU:2    AU:125  +
   18    53  0   0.0%   0.046 GU:15   AU:112  +
    5   126  0   0.0%   0.008 GU:1    AU:126  +
    8   125  0   0.0%   0.062 CG:116  UG:11   +
    3    52  0   0.0%   0.025 CG:123  UG:4    +
   98   114  0   0.0%   1.171 GC:126  GU:1    +
  108   112  0   0.0%   0.720 CG:50   UG:77   +
   46    98  0   0.0%   0.089 CG:89   UG:38   +
   47    97  0   0.0%   0.005 GU:4    AU:123  +
  145   149  0   0.0%   0.177 CG:1    UG:126  +
   31    53  0   0.0%   0.069 GU:62   AU:65   +
   71    75  0   0.0%   0.005 UG:1    UA:126  +
    3   129  0   0.0%   0.026 CG:123  UG:4    +
   30   160  0   0.0%   0.025 GU:9    AU:118  +
   77    90  0   1.0%   0.691 GC:127  +
   42    53  0   0.0%   0.098 GU:1    AU:126  +
    6   158  0   0.0%   0.053 CG:105  UG:22   +
    8   158  0   0.0%   0.065 CG:116  UG:11   +
   33    53  0   0.0%   0.047 GU:3    AU:124  +
  101   149  0   0.0%   1.130 CG:125  UG:2    +
   82    95  0   0.0%   0.516 GU:118  AU:9    +
  101   147  0   0.0%   1.037 CG:125  UG:2    +
   77   114  0   0.0%   0.563 GC:126  GU:1    +
   34    53  0   0.0%   0.055 GU:40   AU:87   +
   75   116  0   0.0%   0.252 GU:1    AU:126  +
   32    53  0   0.0%   0.074 GU:82   AU:45   +
   14   125  0   0.0%   0.082 CG:85   UG:42   +
   23    53  0   0.0%   0.174 GU:124  AU:3    +
   74    78  0   0.0%   0.028 CG:12   UG:115  +
  120   126  0   0.0%   0.178 GU:1    AU:126  +
   41   158  0   0.0%   0.106 CG:108  UG:19   +
   37    56  0   0.0%   0.051 CG:99   UG:28   +
  100   145  0   0.0%   1.060 GC:1    GU:126  +
   12    52  0   0.0%   0.054 CG:54   UG:73   +
   13   126  0   0.0%   0.007 GU:1    AU:126  +
  114   130  0   0.0%   0.806 CG:126  UG:1    +
  106   134  0   0.0%   0.645 UG:1    UA:126  +
   22    53  0   0.0%   0.017 GU:1    AU:126  +
   30    53  0   0.0%   0.055 GU:9    AU:118  +
  114   142  0   0.0%   0.660 CG:126  UG:1    +
   15   146  0   0.0%   0.019 GU:42   AU:85   +
   14   147  0   0.0%   0.084 CG:85   UG:42   +
   25   160  0   0.0%   0.041 GU:2    AU:125  +
   75    95  0   0.0%   0.649 GU:1    AU:126  +
   22   160  0   0.0%   0.010 GU:1    AU:126  +
   41    98  0   0.0%   0.099 CG:108  UG:19   +
   33   160  0   0.0%   0.016 GU:3    AU:124  +
   26    53  0   0.0%   0.042 GU:1    AU:126  +
   42    97  0   0.0%   0.002 GU:1    AU:126  +
   46   129  0   0.0%   0.090 CG:89   UG:38   +
   14   158  0   0.0%   0.083 CG:85   UG:42   +
   12   158  0   0.0%   0.043 CG:54   UG:73   +
   37    98  0   0.0%   0.052 CG:99   UG:28   +
   34   160  0   0.0%   0.023 GU:40   AU:87   +
   46   158  0   0.0%   0.096 CG:89   UG:38   +
    3   158  0   0.0%   0.030 CG:123  UG:4    +
   26   160  0   0.0%   0.013 GU:1    AU:126  +
   88   143  0   0.0%   0.602 UG:126  UA:1    +
   61   101  0   0.0%   0.097 GC:125  GU:2    +
   43   160  0   0.0%   0.023 GU:1    AU:126  +
   46   125  0   0.0%   0.091 CG:89   UG:38   +
   31   160  0   0.0%   0.038 GU:62   AU:65   +
   71    80  0   0.0%   0.005 UG:2    UA:125  +
  114   129  0   0.0%   0.807 CG:126  UG:1    +
   32   160  0   0.0%   0.043 GU:82   AU:45   +
   10    52  0   0.0%   0.044 CG:47   UG:80   +
    3   122  0   0.0%   0.024 CG:123  UG:4    +
   91   148  0   1.0%   1.267 UA:127  +
   35   160  0   0.0%   0.020 GU:2    AU:125  +
    8   129  0   0.0%   0.061 CG:116  UG:11   +
    5   160  0   0.0%   0.012 GU:1    AU:126  +
   18   160  0   0.0%   0.037 GU:15   AU:112  +
   14   156  0   0.0%   0.081 CG:85   UG:42   +
   44   160  0   0.0%   0.040 GU:84   AU:43   +
    6   129  0   0.0%   0.050 CG:105  UG:22   +
   28   160  0   0.0%   0.039 GU:4    AU:123  +
   37   158  0   0.0%   0.057 CG:99   UG:28   +
   88   152  0   0.0%   0.644 UG:1    UA:126  +
   82    97  0   0.0%   0.470 GU:118  AU:9    +
   41   142  0   0.0%   0.103 CG:108  UG:19   +
   41   129  0   0.0%   0.102 CG:108  UG:19   +
  120   146  0   0.0%   0.032 GU:1    AU:126  +
   24   160  0   0.0%   0.126 GU:125  AU:2    +
   74    96  0   0.0%   0.896 CG:12   UG:115  +
   14   122  0   0.0%   0.080 CG:85   UG:42   +
   86   143  0   0.0%   0.423 UG:126  UA:1    +
    1   160  0   0.0%   0.094 GU:122  AU:5    +
   24    53  0   0.0%   0.100 GU:125  AU:2    +
  134   146  0   0.0%   0.068 GU:1    AU:126  +
   12   129  0   0.0%   0.042 CG:54   UG:73   +
   95   105  0   0.0%   0.550 UG:126  UA:1    +
   64   100  0   0.0%   0.087 CG:1    UG:126  +
    3   142  0   0.0%   0.027 CG:123  UG:4    +
   37   122  0   0.0%   0.052 CG:99   UG:28   +
    6   147  0   0.0%   0.054 CG:105  UG:22   +
    6    98  0   0.0%   0.049 CG:105  UG:22   +
   80    97  0   0.0%   0.509 GU:2    AU:125  +
   29   122  0   0.0%   0.045 CG:10   UG:117  +
  125   145  0   0.0%   0.245 GC:1    GU:126  +
   53    75  0   0.0%   0.188 UG:1    UA:126  +
    6   130  0   0.0%   0.050 CG:105  UG:22   +
   88   153  0   0.0%   0.657 UG:41   UA:86   +
    8   122  0   0.0%   0.060 CG:116  UG:11   +
   91   134  0   0.0%   1.056 UG:1    UA:126  +
    8    96  0   0.0%   0.059 CG:116  UG:11   +
   41    56  0   0.0%   0.098 CG:108  UG:19   +
  137   145  0   0.0%   0.226 GC:1    GU:126  +
   71    82  0   0.0%   0.007 UG:118  UA:9    +
   91   143  0   0.0%   1.088 UG:126  UA:1    +
   52   114  0   0.0%   0.168 GC:126  GU:1    +
   13    97  0   0.0%   0.006 GU:1    AU:126  +
   46   137  0   0.0%   0.091 CG:89   UG:38   +
   15    53  0   0.0%   0.031 GU:42   AU:85   +
   37   142  0   0.0%   0.056 CG:99   UG:28   +
   12    98  0   0.0%   0.041 CG:54   UG:73   +
    8   130  0   0.0%   0.061 CG:116  UG:11   +
   75    86  0   0.0%   0.267 GU:1    AU:126  +
   14    96  0   0.0%   0.079 CG:85   UG:42   +
   25   106  0   0.0%   0.027 GU:2    AU:125  +
    6   115  0   0.0%   0.049 CG:105  UG:22   +
    5   116  0   0.0%   0.006 GU:1    AU:126  +
    3   130  0   0.0%   0.025 CG:123  UG:4    +
   73   114  0   0.0%   0.763 GC:126  GU:1    +
   41   130  0   0.0%   0.101 CG:108  UG:19   +
   46    56  0   0.0%   0.087 CG:89   UG:38   +
    4    53  0   0.0%   0.000 GU:1    AU:126  +
   41   115  0   0.0%   0.099 CG:108  UG:19   +
   46   122  0   0.0%   0.088 CG:89   UG:38   +
   41   137  0   0.0%   0.101 CG:108  UG:19   +
   49   160  0   0.0%   0.148 GU:125  AU:2    +
   88   105  0   0.0%   0.590 UG:126  UA:1    +
    6   122  0   0.0%   0.049 CG:105  UG:22   +
   77   101  0   0.0%   0.956 GC:125  GU:2    +
  108   115  0   0.0%   0.396 CG:50   UG:77   +
    8   115  0   0.0%   0.059 CG:116  UG:11   +
   64   115  0   0.0%   0.034 CG:1    UG:126  +
   10   130  0   0.0%   0.033 CG:47   UG:80   +
   14   129  0   0.0%   0.081 CG:85   UG:42   +
   41   122  0   0.0%   0.099 CG:108  UG:19   +
    3    98  0   0.0%   0.024 CG:123  UG:4    +
    8   137  0   0.0%   0.061 CG:116  UG:11   +
   29   125  0   0.0%   0.046 CG:10   UG:117  +
    6   142  0   0.0%   0.051 CG:105  UG:22   +
   12   147  0   0.0%   0.044 CG:54   UG:73   +
    3   125  0   0.0%   0.024 CG:123  UG:4    +
    6   137  0   0.0%   0.051 CG:105  UG:22   +
   53   143  0   0.0%   0.445 UG:126  UA:1    +
   28   126  0   0.0%   0.028 GU:4    AU:123  +
   43   146  0   0.0%   0.010 GU:1    AU:126  +
   15    95  0   0.0%   0.016 GU:42   AU:85   +
  130   145  0   0.0%   0.335 GC:1    GU:126  +
   10   129  0   0.0%   0.033 CG:47   UG:80   +
    4    97  0   0.0%   0.000 GU:1    AU:126  +
   13   146  0   0.0%   0.008 GU:1    AU:126  +
   53   105  0   0.0%   0.192 UG:126  UA:1    +
   77   108  0   0.0%   0.560 GC:50   GU:77   +
   12   122  0   0.0%   0.041 CG:54   UG:73   +
   10   158  0   0.0%   0.033 CG:47   UG:80   +
   71   120  0   0.0%   0.647 UG:1    UA:126  +
   14   130  0   0.0%   0.081 CG:85   UG:42   +
   14   115  0   0.0%   0.079 CG:85   UG:42   +
   13   116  0   0.0%   0.005 GU:1    AU:126  +
   49    97  0   0.0%   0.090 GU:125  AU:2    +
   46    61  0   0.0%   0.087 CG:89   UG:38   +
   37   125  0   0.0%   0.053 CG:99   UG:28   +
   64    73  0   0.0%   0.019 CG:1    UG:126  +
   33   146  0   0.0%   0.004 GU:3    AU:124  +
   18   126  0   0.0%   0.030 GU:15   AU:112  +
   52    64  0   0.0%   0.179 GC:1    GU:126  +
   30   146  0   0.0%   0.014 GU:9    AU:118  +
  149   157  0   0.0%   0.307 GC:1    GU:126  +
  101   111  0   0.0%   1.220 CG:125  UG:2    +
   37   130  0   0.0%   0.053 CG:99   UG:28   +
   56   145  0   0.0%   0.292 GC:1    GU:126  +
   80    95  0   0.0%   0.556 GU:2    AU:125  +
   41    57  0   0.0%   0.098 CG:108  UG:19   +
   97   153  0   0.0%   0.647 UG:41   UA:86   +
    3   137  0   0.0%   0.027 CG:123  UG:4    +
   35   126  0   0.0%   0.007 GU:2    AU:125  +
    6   156  0   0.0%   0.051 CG:105  UG:22   +
  126   134  0   0.0%   0.210 UG:1    UA:126  +
   64    89  0   0.0%   0.023 CG:1    UG:126  +
   12   125  0   0.0%   0.042 CG:54   UG:73   +
   91   120  0   0.0%   1.022 UG:1    UA:126  +
   46   100  0   0.0%   0.087 CG:89   UG:38   +
   12   142  0   0.0%   0.043 CG:54   UG:73   +
   41   156  0   0.0%   0.103 CG:108  UG:19   +
   37   137  0   0.0%   0.054 CG:99   UG:28   +
   29   147  0   0.0%   0.048 CG:10   UG:117  +
  100   108  0   0.0%   0.959 GC:50   GU:77   +
    1    53  0   0.0%   0.094 GU:122  AU:5    +
   64    77  0   0.0%   0.019 CG:1    UG:126  +
   34   146  0   0.0%   0.011 GU:40   AU:87   +
   46    57  0   0.0%   0.087 CG:89   UG:38   +
    8   147  0   0.0%   0.065 CG:116  UG:11   +
  108   147  0   0.0%   0.102 CG:50   UG:77   +
  109   146  0   0.0%   0.056 GU:2    AU:125  +
   46   156  0   0.0%   0.094 CG:89   UG:38   +
   14   137  0   0.0%   0.080 CG:85   UG:42   +
   29   158  0   0.0%   0.046 CG:10   UG:117  +
  122   145  0   0.0%   0.131 GC:1    GU:126  +
   46    67  0   0.0%   0.087 CG:89   UG:38   +
   46   115  0   0.0%   0.088 CG:89   UG:38   +
  147   155  0   0.0%   0.215 GC:126  GU:1    +
   41    96  0   0.0%   0.098 CG:108  UG:19   +
  105   126  0   0.0%   0.371 GU:126  AU:1    +
   37    61  0   0.0%   0.051 CG:99   UG:28   +
   23    91  0   0.0%   0.156 GU:124  AU:3    +
   80   146  0   0.0%   0.064 GU:2    AU:125  +
   14   142  0   0.0%   0.082 CG:85   UG:42   +
   46   111  0   0.0%   0.087 CG:89   UG:38   +
  108   142  0   0.0%   0.179 CG:50   UG:77   +
   12   130  0   0.0%   0.042 CG:54   UG:73   +
   95   153  0   0.0%   1.071 UG:41   UA:86   +
   44    71  0   0.0%   0.020 GU:84   AU:43   +
   32   146  0   0.0%   0.032 GU:82   AU:45   +
  114   156  0   0.0%   0.677 CG:126  UG:1    +
   95   152  0   0.0%   1.058 UG:1    UA:126  +
   56   101  0   0.0%   0.175 GC:125  GU:2    +
   10   142  0   0.0%   0.034 CG:47   UG:80   +
   44   146  0   0.0%   0.026 GU:84   AU:43   +
   25   146  0   0.0%   0.031 GU:2    AU:125  +
   31   146  0   0.0%   0.027 GU:62   AU:65   +
  115   155  0   0.0%   0.469 GC:126  GU:1    +
   86   134  0   0.0%   0.441 UG:1    UA:126  +
   10   122  0   0.0%   0.032 CG:47   UG:80   +
   95   134  0   0.0%   1.021 UG:1    UA:126  +
  108   122  0   0.0%   0.114 CG:50   UG:77   +
   10   125  0   0.0%   0.033 CG:47   UG:80   +
   86   120  0   0.0%   0.412 UG:1    UA:126  +
   35   116  0   0.0%   0.005 GU:2    AU:125  +
    3    56  0   0.0%   0.024 CG:123  UG:4    +
   24   146  0   0.0%   0.113 GU:125  AU:2    +
   12   137  0   0.0%   0.042 CG:54   UG:73   +
   26   146  0   0.0%   0.003 GU:1    AU:126  +
  116   134  0   0.0%   0.108 UG:1    UA:126  +
   90   100  0   1.0%   1.420 CG:127  +
   91    99  0   1.0%   1.086 UA:127  +
   88   151  0   1.0%   0.732 UA:127  +
  100   131  0   0.9%   1.209 GC:127  +
   94   143  1   1.4%   1.222 CG:126  +
  102   129  0   0.9%   0.386 CG:127  +
   52   138  0   0.8%   0.309 GC:127  +
   53   137  0   0.8%   0.519 UG:127  +
   45    53  2   1.1%   0.280 GU:123  AU:2    +
   95    99  0   0.7%   0.687 UA:127  +
   94   100  0   0.7%   1.486 CG:127  +
   37    49  1   0.2%   0.079 CG:98   UG:27   UA:1    +
   24    36  1   0.2%   0.091 GC:4    GU:120  AU:2    +
  107   130  0   0.6%   0.903 CG:127  +
   14    24  1   0.1%   0.120 CG:84   UG:41   UA:1    +
    1     6  2   0.6%   0.092 GC:103  GU:19   AU:3    +
   90   137  0   0.6%   1.050 CG:127  +
   90    96  0   0.6%   1.369 CG:127  +
   71    92  0   0.6%   0.487 UG:127  +
   98   132  0   0.6%   1.098 GC:127  +
   91   136  0   0.6%   1.119 UA:127  +
  101   105  1   0.6%   0.943 CG:124  UG:2    +
    1    10  1   0.1%   0.084 GC:46   GU:76   AU:4    +
   10    24  1   0.1%   0.057 CG:46   UG:79   UA:1    +
   89   138  0   0.6%   1.249 GC:127  +
   85   100  0   0.6%   1.104 CG:127  +
   11    23  1   0.1%   0.052 CG:4    UG:119  UA:3    +
   89    97  0   0.6%   1.570 GU:127  +
   86    99  0   0.6%   0.468 UA:127  +
  139   147  0   0.5%   0.234 CG:127  +
   24    46  1   0.0%   0.099 GC:88   GU:37   AU:1    +
   23    36  1   0.0%   0.116 GC:4    GU:119  AU:3    +
  138   149  0   0.5%   0.399 CG:127  +
  137   150  0   0.5%   0.396 GC:127  +
    6    49  1   0.0%   0.046 CG:104  UG:21   UA:1    +
   49    54  2   1.2%   0.218 GC:125  +
    1    11  1   0.0%   0.076 GC:4    GU:117  AU:5    +
   60    64  1   0.0%   0.020 GC:1    GU:85   AU:40   +
   36    49  1   0.0%   0.039 CG:4    UG:120  UA:2    +
    2    23  1   0.0%   0.003 CG:6    UG:118  UA:2    +
    1    29  1   0.0%   0.087 GC:9    GU:113  AU:4    +
   11    49  1   0.0%   0.044 CG:4    UG:120  UA:2    +
    2   143  1   0.0%   0.016 CG:6    UG:119  UA:1    +
    1    36  1   0.0%   0.087 GC:4    GU:117  AU:5    +
   36   143  1   0.0%   0.034 CG:4    UG:121  UA:1    +
    2    49  1   0.0%   0.016 CG:6    UG:118  UA:2    +
   11   143  1   0.0%   0.040 CG:4    UG:121  UA:1    +
  140   146  0   0.5%   0.185 AU:127  +
   54    61  0   0.4%   0.143 CG:127  +
   23    41  2   0.4%   0.190 GC:106  GU:18   AU:1    +
   90   115  0   0.4%   0.958 CG:127  +
   69    77  0   0.3%   0.177 CG:127  +
   68    78  0   0.3%   0.185 CG:127  +
   76    84  0   0.3%   0.331 CG:127  +
  100   106  0   0.3%   1.290 GU:127  +
   97   125  0   0.3%   0.690 UG:127  +
  100   104  0   0.3%   0.938 GC:127  +
   53   130  0   0.2%   0.248 UG:127  +
   52   131  0   0.2%   0.212 GC:127  +
   54   129  0   0.2%   0.206 CG:127  +
   92   102  0   0.2%   1.150 GC:127  +
   98   103  0   0.2%   0.630 GC:127  +
  122   127  0   0.2%   0.376 GC:127  +
   88    98  0   0.2%   1.051 UG:127  +
   91   142  0   0.2%   1.105 UG:127  +
  106   130  0   0.2%   0.834 UG:127  +
   52   159  0   0.2%   0.270 GC:127  +
   60    91  1   0.2%   0.039 GU:86   AU:40   +
   61    90  0   0.2%   0.060 GC:127  +
   51   160  0   0.2%   0.083 AU:127  +
  107   129  0   0.2%   0.825 CG:127  +
   89   116  0   0.2%   1.139 GU:127  +
   93    98  0   0.2%   0.834 CG:127  +
  135   160  0   0.2%   0.356 AU:127  +
   95   124  0   0.2%   1.192 UA:127  +
  150   158  0   0.2%   1.025 CG:127  +
  149   159  0   0.2%   0.414 GC:127  +
   94   125  0   0.2%   1.063 CG:127  +
  100   116  0   0.2%   0.979 GU:127  +
  148   160  0   0.2%   0.465 AU:127  +
    2    24  2   0.2%   0.034 CG:5    UG:119  UA:1    +
   11    24  2   0.2%   0.071 CG:3    UG:121  UA:1    +
   92   141  0   0.2%   1.406 GC:127  +
  103   122  0   0.2%   0.219 CG:127  +
   54   122  0   0.1%   0.180 CG:127  +
   66    95  0   0.1%   0.446 AU:127  +
   50   126  0   0.1%   0.033 AU:127  +
  103   115  0   0.1%   0.239 CG:127  +
  137   160  0   0.1%   0.650 GU:127  +
  104   142  0   0.1%   0.483 CG:127  +
   81    86  0   0.1%   0.392 AU:127  +
   96   103  0   0.1%   0.543 GC:127  +
   53   158  0   0.1%   0.474 UG:127  +
   65    95  0   0.1%   0.124 AU:127  +
   67    85  0   0.1%   0.154 GC:127  +
   68    84  0   0.1%   0.173 CG:127  +
   78    93  0   0.1%   0.616 GC:127  +
   62    95  1   0.6%   0.173 AU:126  +
  106   140  0   0.1%   0.701 UA:127  +
    1     8  5   0.8%   0.145 GC:111  GU:11   +
  116   122  0   0.1%   0.149 UG:127  +
   65    91  0   0.1%   0.039 AU:127  +
   68    73  0   0.1%   0.143 CG:127  +
  102   112  0   0.1%   0.464 CG:127  +
  103   111  0   0.1%   0.411 CG:127  +
   66    86  0   0.1%   0.024 AU:127  +
   59    92  0   0.1%   0.070 CG:127  +
   67    94  0   0.1%   0.582 GC:127  +
  103   129  0   0.1%   0.365 CG:127  +
   77    94  0   0.1%   0.910 GC:127  +
   67    91  0   0.1%   0.782 GU:127  +
  102   130  0   0.1%   0.360 CG:127  +
  100   159  0   0.1%   1.200 GC:127  +
    1    12  2   0.1%   0.094 GC:52   GU:70   AU:3    +
   94   142  0   0.1%   1.053 CG:127  +
   99   160  0   0.1%   0.627 AU:127  +
   78    88  0   0.1%   0.536 GU:127  +
   87   146  0   0.1%   0.293 AU:127  +
   96   102  0   0.1%   0.590 GC:127  +
   48    53  0   0.1%   0.176 AU:127  +
   48   160  0   0.1%   0.046 AU:127  +
   94   122  0   0.1%   0.959 CG:127  +
  102   111  0   0.1%   0.449 CG:127  +
   31    36  2   0.1%   0.052 GC:3    GU:58   AU:64   +
   77   104  0   0.1%   0.571 GC:127  +
   14    44  2   0.1%   0.083 CG:83   UG:1    UA:41   +
   78   103  0   0.1%   0.463 GC:127  +
   90   147  0   0.1%   0.991 CG:127  +
   68   122  0   0.1%   0.981 CG:127  +
   61    94  0   0.1%   0.100 GC:127  +
   69   111  0   0.1%   0.875 CG:127  +
   68   112  0   0.1%   0.957 CG:127  +
   60    95  1   0.1%   0.078 GU:86   AU:40   +
   98   116  0   0.1%   0.969 GU:127  +
   67   102  0   0.1%   0.925 GC:127  +
  125   141  0   0.1%   0.312 GC:127  +
  127   147  0   0.1%   0.295 CG:127  +
   94   137  0   0.1%   1.093 CG:127  +
  128   146  0   0.1%   0.114 AU:127  +
   95   136  0   0.1%   1.038 UA:127  +
   93   147  0   0.1%   1.166 CG:127  +
  102   122  0   0.1%   0.164 CG:127  +
   96   150  0   0.1%   0.810 GC:127  +
   92   127  0   0.1%   1.403 GC:127  +
   97   149  0   0.1%   0.753 UG:127  +
   98   104  0   0.1%   0.600 GC:127  +
   83    88  0   0.1%   0.574 AU:127  +
   69    96  0   0.1%   0.580 CG:127  +
   97   119  0   0.1%   0.523 UA:127  +
  100   126  0   0.1%   1.038 GU:127  +
   86   142  0   0.1%   0.429 UG:127  +
   77    85  0   0.1%   0.297 GC:127  +
   77    93  0   0.1%   0.707 GC:127  +
  126   140  0   0.1%   0.261 UA:127  +
   54   161  0   0.0%   0.227 CG:127  +
   70    95  0   0.0%   0.380 AU:127  +
  132   142  0   0.0%   0.232 CG:127  +
   95   151  0   0.0%   1.110 UA:127  +
   65   116  0   0.0%   0.032 AU:127  +
   85   137  0   0.0%   0.690 CG:127  +
   84   138  0   0.0%   0.640 GC:127  +
   88   140  0   0.0%   0.603 UA:127  +
  125   131  0   0.0%   0.430 GC:127  +
   86   136  0   0.0%   0.423 UA:127  +
   59    96  0   0.0%   0.069 CG:127  +
  126   148  0   0.0%   0.295 UA:127  +
   98   102  0   0.0%   0.653 GC:127  +
   61   107  0   0.0%   0.051 GC:127  +
   73   107  0   0.0%   0.768 GC:127  +
   53   136  0   0.0%   0.412 UA:127  +
   78   102  0   0.0%   0.505 GC:127  +
  126   130  0   0.0%   0.426 UG:127  +
   99   126  0   0.0%   0.548 AU:127  +
   77   103  0   0.0%   0.562 GC:127  +
   63   105  1   0.0%   0.034 UG:125  UA:1    +
   98   127  0   0.0%   1.120 GC:127  +
  116   124  0   0.0%   0.342 UA:127  +
  141   147  0   0.0%   0.155 CG:127  +
  132   137  0   0.0%   0.317 CG:127  +
   97   122  0   0.0%   0.553 UG:127  +
   86   147  0   0.0%   0.433 UG:127  +
   95   100  0   0.0%   1.422 UG:127  +
   97   124  0   0.0%   0.792 UA:127  +
   36    52  1   0.0%   0.059 CG:4    UG:122  +
   88   147  0   0.0%   0.614 UG:127  +
  107   111  0   0.0%   0.795 CG:127  +
   91   113  0   0.0%   0.974 UA:127  +
   94   112  0   0.0%   1.265 CG:127  +
    5   145  1   0.0%   0.013 GU:1    AU:125  +
   71    81  0   0.0%   0.011 UA:127  +
   97   113  0   0.0%   0.510 UA:127  +
   95   111  0   0.0%   1.248 UG:127  +
   97   128  0   0.0%   0.621 UA:127  +
   91   128  0   0.0%   1.027 UA:127  +
   92   103  0   0.0%   1.077 GC:127  +
   65    97  0   0.0%   0.080 AU:127  +
  100   146  0   0.0%   1.063 GU:127  +
   52    97  0   0.0%   0.171 GU:127  +
  103   125  0   0.0%   0.287 CG:127  +
   55   160  0   0.0%   0.099 AU:127  +
   89   139  0   0.0%   1.146 GC:127  +
  102   115  0   0.0%   0.189 CG:127  +
   92   116  0   0.0%   1.317 GU:127  +
   92   150  0   0.0%   1.508 GC:127  +
   53   100  0   0.0%   0.195 UG:127  +
   93   149  0   0.0%   1.255 CG:127  +
   96   104  0   0.0%   0.525 GC:127  +
   43   145  1   0.0%   0.011 GU:1    AU:125  +
  100   107  0   0.0%   1.262 GC:127  +
   90    98  0   0.0%   1.311 CG:127  +
   83    95  0   0.0%   0.636 AU:127  +
   38   160  0   0.0%   0.021 AU:127  +
   68    96  0   0.0%   0.657 CG:127  +
   78    86  0   0.0%   0.460 GU:127  +
  127   142  0   0.0%   0.363 CG:127  +
   67    97  0   0.0%   0.575 GU:127  +
   99   116  0   0.0%   0.476 AU:127  +
   65    86  0   0.0%   0.005 AU:127  +
   59    67  0   0.0%   0.123 CG:127  +
   54   158  0   0.0%   0.192 CG:127  +
  132   147  0   0.0%   0.155 CG:127  +
   83   146  0   0.0%   0.150 AU:127  +
  142   150  0   0.0%   0.258 GC:127  +
  125   150  0   0.0%   0.341 GC:127  +
   64   120  1   0.0%   0.044 UG:1    UA:125  +
  134   145  1   0.0%   0.069 GU:1    AU:125  +
   81    97  0   0.0%   0.571 AU:127  +
   10    45  2   0.0%   0.039 CG:45   UG:78   UA:2    +
  138   161  0   0.0%   0.721 CG:127  +
   96   107  0   0.0%   0.525 GC:127  +
   93   137  0   0.0%   1.203 CG:127  +
   89   146  0   0.0%   1.167 GU:127  +
   11    44  2   0.0%   0.041 CG:3    UG:80   UA:42   +
    1    19  2   0.0%   0.089 GC:1    GU:119  AU:5    +
   92   138  0   0.0%   1.457 GC:127  +
   95   115  0   0.0%   0.976 UG:127  +
  125   132  0   0.0%   0.332 GC:127  +
   68    98  0   0.0%   0.651 CG:127  +
   77   102  0   0.0%   0.609 GC:127  +
  142   146  0   0.0%   0.166 GU:127  +
   93   115  0   0.0%   1.127 CG:127  +
   71   100  0   0.0%   1.045 UG:127  +
   93   122  0   0.0%   1.080 CG:127  +
   92   132  0   0.0%   1.440 GC:127  +
   38   146  0   0.0%   0.007 AU:127  +
   52    71  0   0.0%   0.164 GU:127  +
   53    70  0   0.0%   0.190 UA:127  +
   92    97  0   0.0%   1.172 GU:127  +
   84    94  0   0.0%   1.001 GC:127  +
   55    71  0   0.0%   0.004 AU:127  +
    6   133  2   0.0%   0.055 CG:103  UG:20   UA:2    +
  111   127  0   0.0%   0.621 GC:127  +
   19    23  2   0.0%   0.103 CG:1    UG:121  UA:3    +
   92   146  0   0.0%   1.414 GU:127  +
  103   142  0   0.0%   0.245 CG:127  +
  116   125  0   0.0%   0.283 UG:127  +
  141   149  0   0.0%   0.239 CG:127  +
   40   126  0   0.0%   0.053 AU:127  +
  125   159  0   0.0%   0.372 GC:127  +
   90   142  0   0.0%   0.959 CG:127  +
   97   133  2   0.3%   0.617 UG:123  UA:2    +
   88   115  0   0.0%   0.585 UG:127  +
   87   116  0   0.0%   0.270 AU:127  +
   97   118  0   0.0%   0.512 UA:127  +
  124   160  0   0.0%   0.436 AU:127  +
   96   116  0   0.0%   0.573 GU:127  +
   29    44  2   0.0%   0.048 CG:8    UG:76   UA:41   +
  115   127  0   0.0%   0.594 GC:127  +
  107   122  0   0.0%   0.651 CG:127  +
   76    98  0   0.0%   0.861 CG:127  +
  122   132  0   0.0%   0.222 GC:127  +
   92   139  0   0.0%   1.379 GC:127  +
   91   140  0   0.0%   1.060 UA:127  +
   77    97  0   0.0%   1.003 GU:127  +
   72   116  0   0.0%   0.669 AU:127  +
  106   112  0   0.0%   0.802 UG:127  +
   66    71  0   0.0%   0.005 AU:127  +
   19    30  2   0.0%   0.037 CG:1    UG:8    UA:116  +
  126   158  0   0.0%   0.323 UG:127  +
   61    97  0   0.0%   0.095 GU:127  +
   91   151  0   0.0%   1.161 UA:127  +
  122   131  0   0.0%   0.316 GC:127  +
   98   126  0   0.0%   1.033 GU:127  +
   67   103  0   0.0%   0.868 GC:127  +
   88   135  0   0.0%   0.744 UA:127  +
   89   132  0   0.0%   1.176 GC:127  +
   78    91  0   0.0%   1.175 GU:127  +
   71    99  0   0.0%   0.644 UA:127  +
   88    96  0   0.0%   1.026 UG:127  +
   87    97  0   0.0%   0.718 AU:127  +
  119   126  0   0.0%   0.177 AU:127  +
   69   122  0   0.0%   0.889 CG:127  +
   93   125  0   0.0%   1.162 CG:127  +
   56   159  0   0.0%   0.310 GC:127  +
   90   129  0   0.0%   1.002 CG:127  +
   95   119  0   0.0%   0.905 UA:127  +
   12    45  2   0.0%   0.047 CG:52   UG:71   UA:2    +
   52   141  0   0.0%   0.224 GC:127  +
   98   106  0   0.0%   0.594 GU:127  +
   29    45  2   0.0%   0.049 CG:10   UG:113  UA:2    +
   56   127  0   0.0%   0.234 GC:127  +
   39    53  0   0.0%   0.050 AU:127  +
   69    78  0   0.0%   0.159 CG:127  +
   69    92  0   0.0%   0.641 CG:127  +
   12   133  2   0.0%   0.047 CG:53   UG:70   UA:2    +
   57   126  0   0.0%   0.236 GU:127  +
   85   147  0   0.0%   0.658 CG:127  +
   58   125  0   0.0%   0.222 CG:127  +
   81    91  0   0.0%   0.908 AU:127  +
   92   126  0   0.0%   1.388 GU:127  +
  104   112  0   0.0%   0.550 CG:127  +
   57   138  0   0.0%   0.333 GC:127  +
   58   137  0   0.0%   0.318 CG:127  +
   53   140  0   0.0%   0.445 UA:127  +
  104   125  0   0.0%   0.505 CG:127  +
   53    98  0   0.0%   0.191 UG:127  +
   93   111  0   0.0%   0.719 CG:127  +
   71   110  0   0.0%   0.645 UA:127  +
   56   139  0   0.0%   0.287 GC:127  +
  126   149  0   0.0%   0.300 UG:127  +
   56   103  0   0.0%   0.223 GC:127  +
   50   106  0   0.0%   0.002 AU:127  +
   52   104  0   0.0%   0.169 GC:127  +
  102   142  0   0.0%   0.244 CG:127  +
  101   143  1   0.0%   1.100 CG:124  UG:2    +
   63   120  1   0.0%   0.030 UG:1    UA:125  +
   61   126  0   0.0%   0.059 GU:127  +
   73   102  0   0.0%   0.811 GC:127  +
   53    99  0   0.0%   0.190 UA:127  +
  111   132  0   0.0%   0.559 GC:127  +
  100   132  0   0.0%   1.074 GC:127  +
   54    98  0   0.0%   0.153 CG:127  +
  112   131  0   0.0%   0.948 GC:127  +
   85    96  0   0.0%   1.071 CG:127  +
  128   160  0   0.0%   0.248 AU:127  +
   84    97  0   0.0%   1.007 GU:127  +
   36   130  1   0.0%   0.035 CG:4    UG:122  +
   87    91  0   0.0%   1.182 AU:127  +
   97   115  0   0.0%   0.579 UG:127  +
   67    76  0   0.0%   0.129 GC:127  +
  127   161  0   0.0%   0.395 CG:127  +
  129   159  0   0.0%   0.457 GC:127  +
   68   115  0   0.0%   0.949 CG:127  +
   65    71  0   0.0%   0.003 AU:127  +
   85   142  0   0.0%   0.649 CG:127  +
   67   116  0   0.0%   0.874 GU:127  +
   88   142  0   0.0%   0.605 UG:127  +
   91    98  0   0.0%   1.380 UG:127  +
   66    97  0   0.0%   0.388 AU:127  +
  102   137  0   0.0%   0.291 CG:127  +
  100   150  0   0.0%   1.155 GC:127  +
   76   115  0   0.0%   0.426 CG:127  +
   19    44  2   0.0%   0.043 CG:1    UG:81   UA:43   +
   91   147  0   0.0%   1.087 UG:127  +
  112   126  0   0.0%   0.775 GU:127  +
   52   132  0   0.0%   0.185 GC:127  +
   54   137  0   0.0%   0.214 CG:127  +
   91   100  0   0.0%   1.446 UG:127  +
  132   161  0   0.0%   0.256 CG:127  +
   70    91  0   0.0%   0.605 AU:127  +
    6   143  1   0.0%   0.052 CG:104  UG:22   +
   41   143  1   0.0%   0.102 CG:107  UG:19   +
   89    95  0   0.0%   1.530 GU:127  +
   98   150  0   0.0%   1.150 GC:127  +
   92   104  0   0.0%   1.070 GC:127  +
   54   147  0   0.0%   0.183 CG:127  +
   95   122  0   0.0%   0.934 UG:127  +
  131   149  0   0.0%   0.389 CG:127  +
  130   150  0   0.0%   0.426 GC:127  +
   54   125  0   0.0%   0.164 CG:127  +
   52   127  0   0.0%   0.179 GC:127  +
   95   118  0   0.0%   0.904 UA:127  +
    2   130  1   0.0%   0.017 CG:6    UG:120  +
   99   146  0   0.0%   0.471 AU:127  +
   69   100  0   0.0%   1.260 CG:127  +
  102   147  0   0.0%   0.179 CG:127  +
   69    73  0   0.0%   0.128 CG:127  +
  104   122  0   0.0%   0.430 CG:127  +
   97   135  0   0.0%   0.718 UA:127  +
  122   146  0   0.0%   0.132 GU:127  +
   52   103  0   0.0%   0.168 GC:127  +
   57   102  0   0.0%   0.273 GC:127  +
  135   146  0   0.0%   0.183 AU:127  +
   95   135  0   0.0%   1.141 UA:127  +
   52    90  0   0.0%   0.163 GC:127  +
   55   146  0   0.0%   0.060 AU:127  +
   86    98  0   0.0%   0.822 UG:127  +
  118   126  0   0.0%   0.173 AU:127  +
   68    77  0   0.0%   0.128 CG:127  +
  106   110  0   0.0%   0.699 UA:127  +
  115   141  0   0.0%   0.436 GC:127  +
   38    53  0   0.0%   0.049 AU:127  +
   96   106  0   0.0%   0.524 GU:127  +
  116   140  0   0.0%   0.149 UA:127  +
   89   141  0   0.0%   1.142 GC:127  +
   51    91  0   0.0%   0.019 AU:127  +
   91   135  0   0.0%   1.175 UA:127  +
  126   142  0   0.0%   0.279 UG:127  +
   97   151  0   0.0%   0.683 UA:127  +
  119   146  0   0.0%   0.031 AU:127  +
   51    97  0   0.0%   0.020 AU:127  +
  120   145  1   0.0%   0.032 GU:1    AU:125  +
   73   103  0   0.0%   0.757 GC:127  +
    2   161  1   0.0%   0.017 CG:6    UG:120  +
   50   160  0   0.0%   0.039 AU:127  +
  116   128  0   0.0%   0.149 UA:127  +
  116   130  0   0.0%   0.319 UG:127  +
  139   156  0   0.0%   0.268 CG:127  +
   36   161  1   0.0%   0.059 CG:4    UG:122  +
  115   131  0   0.0%   0.560 GC:127  +
   53    89  0   0.0%   0.189 UG:127  +
   97   137  0   0.0%   0.644 UG:127  +
   55    97  0   0.0%   0.056 AU:127  +
   96   138  0   0.0%   0.706 GC:127  +
   61    68  0   0.0%   0.142 GC:127  +
   16   160  1   0.0%   0.009 GU:1    AU:125  +
  103   130  0   0.0%   0.353 CG:127  +
   39   160  0   0.0%   0.018 AU:127  +
   98   146  0   0.0%   1.054 GU:127  +
   81   146  0   0.0%   0.124 AU:127  +
   90   125  0   0.0%   1.023 CG:127  +
   89   102  0   0.0%   1.156 GC:127  +
   11   161  1   0.0%   0.058 CG:4    UG:122  +
   91   124  0   0.0%   1.273 UA:127  +
   17   160  0   0.0%   0.009 AU:127  +
   60   160  1   0.0%   0.110 GU:86   AU:40   +
   84    88  0   0.0%   0.861 GU:127  +
   52    58  0   0.0%   0.140 GC:127  +
   21   160  0   0.0%   0.010 AU:127  +
   59   161  0   0.0%   0.171 CG:127  +
  104   129  0   0.0%   0.570 CG:127  +
   61   159  0   0.0%   0.152 GC:127  +
   38    97  0   0.0%   0.001 AU:127  +
   10   133  2   0.0%   0.037 CG:47   UG:76   UA:2    +
   27   160  1   0.0%   0.013 GU:1    AU:125  +
   86   119  0   0.0%   0.412 UA:127  +
  115   150  0   0.0%   0.468 GC:127  +
  116   149  0   0.0%   0.189 UG:127  +
   90   122  0   0.0%   0.940 CG:127  +
   53    57  0   0.0%   0.166 UG:127  +
  129   138  0   0.0%   0.392 GC:127  +
  147   154  0   0.0%   0.217 GC:127  +
  142   154  0   0.0%   0.227 GC:127  +
   13   157  1   0.0%   0.006 GU:1    AU:125  +
   60   126  1   0.0%   0.081 GU:86   AU:40   +
   84   102  0   0.0%   0.642 GC:127  +
   27    53  1   0.0%   0.042 GU:1    AU:125  +
  138   142  0   0.0%   0.306 CG:127  +
   52   107  0   0.0%   0.169 GC:127  +
  137   141  0   0.0%   0.285 GC:127  +
   50    97  0   0.0%   0.002 AU:127  +
  122   150  0   0.0%   0.225 GC:127  +
   91    96  0   0.0%   1.411 UG:127  +
  143   155  1   0.0%   0.297 GC:125  GU:1    +
  122   126  0   0.0%   0.262 GU:127  +
   89    94  0   0.0%   1.476 GC:127  +
   57   132  0   0.0%   0.349 GC:127  +
   88   148  0   0.0%   0.659 UA:127  +
   53   161  0   0.0%   0.492 UG:127  +
   89   104  0   0.0%   1.102 GC:127  +
   40   160  0   0.0%   0.065 AU:127  +
  127   158  0   0.0%   0.402 CG:127  +
   89   126  0   0.0%   1.200 GU:127  +
  102   125  0   0.0%   0.243 CG:127  +
   95   140  0   0.0%   0.999 UA:127  +
  139   149  0   0.0%   0.293 CG:127  +
   46   143  1   0.0%   0.094 CG:88   UG:38   +
   67   104  0   0.0%   0.866 GC:127  +
   89   131  0   0.0%   1.185 GC:127  +
   53    72  0   0.0%   0.188 UA:127  +
   71    98  0   0.0%   1.043 UG:127  +
   96   139  0   0.0%   0.627 GC:127  +
   17    53  0   0.0%   0.016 AU:127  +
  132   149  0   0.0%   0.241 CG:127  +
   53   148  0   0.0%   0.444 UA:127  +
  138   147  0   0.0%   0.230 CG:127  +
   19    49  2   0.0%   0.042 CG:1    UG:122  UA:2    +
   66   116  0   0.0%   0.335 AU:127  +
   42   157  1   0.0%   0.004 GU:1    AU:125  +
   61   102  0   0.0%   0.092 GC:127  +
  124   146  0   0.0%   0.294 AU:127  +
   97   148  0   0.0%   0.736 UA:127  +
   85   130  0   0.0%   0.720 CG:127  +
   84   131  0   0.0%   0.658 GC:127  +
   16    53  1   0.0%   0.016 GU:1    AU:125  +
   52    76  0   0.0%   0.163 GC:127  +
   61    95  0   0.0%   0.096 GU:127  +
   69   112  0   0.0%   0.870 CG:127  +
   36    57  1   0.0%   0.033 CG:4    UG:122  +
   90   130  0   0.0%   0.997 CG:127  +
   97   147  0   0.0%   0.652 UG:127  +
   54    73  0   0.0%   0.100 CG:127  +
   68   125  0   0.0%   1.059 CG:127  +
   94   147  0   0.0%   1.100 CG:127  +
   21    53  0   0.0%   0.017 AU:127  +
   53   113  0   0.0%   0.192 UA:127  +
   61    85  0   0.0%   0.022 GC:127  +
   84   146  0   0.0%   0.598 GU:127  +
   89   103  0   0.0%   1.106 GC:127  +
   52    59  0   0.0%   0.140 GC:127  +
   54   142  0   0.0%   0.179 CG:127  +
  136   146  0   0.0%   0.072 AU:127  +
   71   118  0   0.0%   0.647 UA:127  +
  107   125  0   0.0%   0.724 CG:127  +
   86   129  0   0.0%   0.493 UG:127  +
   52   139  0   0.0%   0.223 GC:127  +
   60    86  1   0.0%   0.001 GU:86   AU:40   +
   94   115  0   0.0%   0.991 CG:127  +
   86    92  0   0.0%   1.064 UG:127  +
   61    69  0   0.0%   0.141 GC:127  +
   65    88  0   0.0%   0.002 AU:127  +
  125   138  0   0.0%   0.358 GC:127  +
   67    71  0   0.0%   0.124 GU:127  +
   91   118  0   0.0%   1.023 UA:127  +
   85   122  0   0.0%   0.664 CG:127  +
   11   130  1   0.0%   0.040 CG:4    UG:122  +
   93   142  0   0.0%   1.151 CG:127  +
   40   116  0   0.0%   0.048 AU:127  +
   47   157  1   0.0%   0.005 GU:4    AU:122  +
   98   141  0   0.0%   1.107 GC:127  +
   69    84  0   0.0%   0.148 CG:127  +
   84   154  0   0.0%   0.767 GC:127  +
   95   113  0   0.0%   0.901 UA:127  +
  106   128  0   0.0%   0.671 UA:127  +
   85   125  0   0.0%   0.747 CG:127  +
   54   112  0   0.0%   0.150 CG:127  +
   95   148  0   0.0%   1.160 UA:127  +
   97   142  0   0.0%   0.718 UG:127  +
    4   157  1   0.0%   0.003 GU:1    AU:125  +
  126   137  0   0.0%   0.311 UG:127  +
  152   157  1   0.0%   0.783 GU:1    AU:125  +
   29   133  2   0.0%   0.051 CG:10   UG:113  UA:2    +
   71   119  0   0.0%   0.647 UA:127  +
   11    52  1   0.0%   0.052 CG:4    UG:122  +
   54   130  0   0.0%   0.192 CG:127  +
   86   124  0   0.0%   0.661 UA:127  +
   87   106  0   0.0%   0.271 AU:127  +
  126   135  0   0.0%   0.326 UA:127  +
   57   159  0   0.0%   0.307 GC:127  +
  110   126  0   0.0%   0.438 AU:127  +
   56   131  0   0.0%   0.237 GC:127  +
   88   136  0   0.0%   0.599 UA:127  +
   61    93  0   0.0%   0.086 GC:127  +
   58   158  0   0.0%   0.292 CG:127  +
   15   157  1   0.0%   0.016 GU:42   AU:84   +
   84   126  0   0.0%   0.673 GU:127  +
   67   126  0   0.0%   0.961 GU:127  +
  107   115  0   0.0%   0.932 CG:127  +
  130   159  0   0.0%   0.456 GC:127  +
   44   145  1   0.0%   0.025 GU:84   AU:42   +
   61   132  0   0.0%   0.194 GC:127  +
   11   129  1   0.0%   0.040 CG:4    UG:122  +
   95   125  0   0.0%   1.035 UG:127  +
   91   129  0   0.0%   1.107 UG:127  +
   58    98  0   0.0%   0.168 CG:127  +
   84    91  0   0.0%   1.348 GU:127  +
   71    78  0   0.0%   0.024 UG:127  +
   88   118  0   0.0%   0.592 UA:127  +
    8   143  1   0.0%   0.063 CG:115  UG:11   +
   57    85  0   0.0%   0.120 GC:127  +
   73    95  0   0.0%   1.202 GU:127  +
   72    97  0   0.0%   1.070 AU:127  +
   89    93  0   0.0%   1.367 GC:127  +
   58    84  0   0.0%   0.119 CG:127  +
   56   160  0   0.0%   0.328 GU:127  +
   56    86  0   0.0%   0.120 GU:127  +
   59   130  0   0.0%   0.207 CG:127  +
  131   158  0   0.0%   0.411 CG:127  +
   52   160  0   0.0%   0.276 GU:127  +
   59   122  0   0.0%   0.072 CG:127  +
  111   159  0   0.0%   0.593 GC:127  +
   89   127  0   0.0%   1.204 GC:127  +
  129   160  0   0.0%   0.473 GU:127  +
  108   133  2   0.0%   0.116 CG:50   UG:73   UA:2    +
   61    91  0   0.0%   0.048 GU:127  +
   91   119  0   0.0%   1.022 UA:127  +
   84   106  0   0.0%   0.590 GU:127  +
  149   154  0   0.0%   0.303 GC:127  +
   48    91  0   0.0%   0.006 AU:127  +
   61   103  0   0.0%   0.042 GC:127  +
   68   130  0   0.0%   1.032 CG:127  +
   94   149  0   0.0%   1.188 CG:127  +
  110   160  0   0.0%   0.502 AU:127  +
   67   131  0   0.0%   0.946 GC:127  +
   97   110  0   0.0%   0.838 UA:127  +
   86   118  0   0.0%   0.412 UA:127  +
   78   107  0   0.0%   0.454 GC:127  +
   64    80  1   0.0%   0.019 UG:2    UA:124  +
  102   156  0   0.0%   0.273 CG:127  +
   71    83  0   0.0%   0.007 UA:127  +
   53   124  0   0.0%   0.201 UA:127  +
   48    97  0   0.0%   0.007 AU:127  +
   69   129  0   0.0%   0.949 CG:127  +
  111   116  0   0.0%   0.482 GU:127  +
   65   126  0   0.0%   0.116 AU:127  +
   88   128  0   0.0%   0.591 UA:127  +
   51   126  0   0.0%   0.032 AU:127  +
  118   146  0   0.0%   0.027 AU:127  +
   54    89  0   0.0%   0.100 CG:127  +
  131   161  0   0.0%   0.403 CG:127  +
   97   111  0   0.0%   0.848 UG:127  +
  129   146  0   0.0%   0.336 GU:127  +
   92   106  0   0.0%   1.072 GU:127  +
    2    52  1   0.0%   0.016 CG:6    UG:120  +
  139   161  0   0.0%   0.629 CG:127  +
   97   136  0   0.0%   0.606 UA:127  +
  150   156  0   0.0%   0.303 CG:127  +
  103   156  0   0.0%   0.281 CG:127  +
   59   142  0   0.0%   0.131 CG:127  +
  110   116  0   0.0%   0.376 AU:127  +
   96   126  0   0.0%   0.643 GU:127  +
   86   140  0   0.0%   0.414 UA:127  +
   71    77  0   0.0%   0.024 UG:127  +
   70   116  0   0.0%   0.619 AU:127  +
   58   129  0   0.0%   0.234 CG:127  +
  103   147  0   0.0%   0.186 CG:127  +
   86   135  0   0.0%   0.560 UA:127  +
   84   141  0   0.0%   0.585 GC:127  +
   81    95  0   0.0%   0.614 AU:127  +
   77   160  0   0.0%   0.835 GU:127  +
  116   147  0   0.0%   0.096 UG:127  +
   78   159  0   0.0%   0.706 GC:127  +
   83    97  0   0.0%   0.587 AU:127  +
   76   100  0   0.0%   0.824 CG:127  +
  115   159  0   0.0%   0.500 GC:127  +
  116   158  0   0.0%   0.210 UG:127  +
   76   161  0   0.0%   0.673 CG:127  +
   50   146  0   0.0%   0.018 AU:127  +
   47    64  1   0.0%   0.003 GU:4    AU:122  +
   76   111  0   0.0%   0.429 CG:127  +
   46   105  1   0.0%   0.087 CG:88   UG:38   +
   36   125  1   0.0%   0.035 CG:4    UG:122  +
   70   160  0   0.0%   0.657 AU:127  +
    5   157  1   0.0%   0.009 GU:1    AU:125  +
   98   138  0   0.0%   1.055 GC:127  +
  106   111  0   0.0%   0.802 UG:127  +
   45   157  2   0.0%   0.075 GC:1    GU:122  AU:2    +
   73    97  0   0.0%   1.157 GU:127  +
  102   158  0   0.0%   0.293 CG:127  +
   52   102  0   0.0%   0.167 GC:127  +
  104   130  0   0.0%   0.565 CG:127  +
   67   159  0   0.0%   0.893 GC:127  +
   97   161  0   0.0%   0.764 UG:127  +
   54   156  0   0.0%   0.176 CG:127  +
  115   126  0   0.0%   0.518 GU:127  +
   35   145  1   0.0%   0.008 GU:2    AU:124  +
   66   160  0   0.0%   0.373 AU:127  +
  100   127  0   0.0%   1.109 GC:127  +
   40    97  0   0.0%   0.048 AU:127  +
  130   139  0   0.0%   0.427 GC:127  +
   59   100  0   0.0%   0.114 CG:127  +
  116   129  0   0.0%   0.321 UG:127  +
  106   136  0   0.0%   0.649 UA:127  +
   73   116  0   0.0%   0.764 GU:127  +
    2   129  1   0.0%   0.016 CG:6    UG:120  +
   68   158  0   0.0%   0.966 CG:127  +
  146   161  0   0.0%   0.830 UG:127  +
   69   161  0   0.0%   0.908 CG:127  +
   95   112  0   0.0%   1.244 UG:127  +
   90   111  0   0.0%   0.901 CG:127  +
   84   103  0   0.0%   0.591 GC:127  +
   91   110  0   0.0%   0.967 UA:127  +
   11   142  1   0.0%   0.041 CG:4    UG:122  +
   84   139  0   0.0%   0.586 GC:127  +
   71   115  0   0.0%   0.645 UG:127  +
  112   116  0   0.0%   0.712 GU:127  +
   57    90  0   0.0%   0.120 GC:127  +
  140   160  0   0.0%   0.470 AU:127  +
   51   106  0   0.0%   0.019 AU:127  +
   55   126  0   0.0%   0.065 AU:127  +
   51    71  0   0.0%   0.018 AU:127  +
   58    89  0   0.0%   0.119 CG:127  +
   55    88  0   0.0%   0.001 AU:127  +
   86   151  0   0.0%   0.480 UA:127  +
   43    64  1   0.0%   0.001 GU:1    AU:125  +
   96   132  0   0.0%   0.690 GC:127  +
  106   135  0   0.0%   0.761 UA:127  +
  106   137  0   0.0%   0.747 UG:127  +
   90   112  0   0.0%   0.902 CG:127  +
   44    63  1   0.0%   0.020 GU:83   AU:43   +
  106   149  0   0.0%   0.733 UG:127  +
   96   154  0   0.0%   0.807 GC:127  +
   67    95  0   0.0%   0.618 GU:127  +
   56    91  0   0.0%   0.120 GU:127  +
   78    95  0   0.0%   0.937 GU:127  +
   52    68  0   0.0%   0.161 GC:127  +
   53    96  0   0.0%   0.189 UG:127  +
   91   111  0   0.0%   0.972 UG:127  +
   88   119  0   0.0%   0.592 UA:127  +
  141   161  0   0.0%   0.262 CG:127  +
  142   160  0   0.0%   0.469 GU:127  +
   91   122  0   0.0%   1.044 UG:127  +
   91   137  0   0.0%   1.126 UG:127  +
   33   145  1   0.0%   0.004 GU:3    AU:123  +
   73   104  0   0.0%   0.756 GC:127  +
   53    67  0   0.0%   0.187 UG:127  +
   98   160  0   0.0%   1.191 GU:127  +
  103   161  0   0.0%   0.294 CG:127  +
   59    89  0   0.0%   0.002 CG:127  +
   88    99  0   0.0%   0.612 UA:127  +
   52   150  0   0.0%   0.222 GC:127  +
   45   145  2   0.0%   0.080 GC:1    GU:122  AU:2    +
  106   158  0   0.0%   0.755 UG:127  +
   69   115  0   0.0%   0.866 CG:127  +
   16   146  1   0.0%   0.003 GU:1    AU:125  +
   32   145  1   0.0%   0.031 GU:82   AU:44   +
   72    88  0   0.0%   0.519 AU:127  +
  147   160  0   0.0%   0.384 GU:127  +
   69   125  0   0.0%   0.971 CG:127  +
  111   131  0   0.0%   0.652 GC:127  +
   39   146  0   0.0%   0.006 AU:127  +
   95   147  0   0.0%   1.076 UG:127  +
  146   156  0   0.0%   0.852 UG:127  +
  122   159  0   0.0%   0.256 GC:127  +
   60    88  1   0.0%   0.001 GU:86   AU:40   +
  127   137  0   0.0%   0.394 CG:127  +
   26   145  1   0.0%   0.003 GU:1    AU:125  +
  115   132  0   0.0%   0.465 GC:127  +
  126   136  0   0.0%   0.214 UA:127  +
   21   146  0   0.0%   0.003 AU:127  +
   66    88  0   0.0%   0.008 AU:127  +
   25   145  1   0.0%   0.030 GU:2    AU:124  +
   57    69  0   0.0%   0.238 GC:127  +
   52   106  0   0.0%   0.168 GU:127  +
   41    49  2   0.2%   0.096 CG:106  UG:19   +
   19    28  3   0.4%   0.073 UG:3    UA:121  +
   53    62  1   0.4%   0.230 UA:126  +
   52    63  1   0.4%   0.204 GU:126  +
   11    32  3   0.1%   0.054 CG:2    UG:79   UA:43   +
   11    30  3   0.1%   0.041 CG:2    UG:7    UA:115  +
   24    54  2   0.5%   0.159 GC:125  +
  116   123  1   0.3%   0.148 UA:126  +
   51    64  1   0.3%   0.054 AU:126  +
   24    37  2   0.1%   0.113 GC:97   GU:28   +
  105   131  1   0.3%   0.514 GC:126  +
   88   117  2   0.1%   0.612 UG:3    UA:122  +
   63   124  1   0.3%   0.083 UA:126  +
    2    45  3   0.0%   0.020 CG:5    UG:117  UA:2    +
   36    45  3   0.0%   0.043 CG:4    UG:118  UA:2    +
   36    44  3   0.0%   0.039 CG:2    UG:82   UA:40   +
   37   133  3   0.0%   0.063 CG:98   UG:25   UA:1    +
   12    24  2   0.1%   0.081 CG:52   UG:73   +
   64   123  2   0.4%   0.131 UA:125  +
  105   132  1   0.3%   0.433 GC:126  +
   23    37  3   0.3%   0.161 GC:96   GU:28   +
   32    36  3   0.0%   0.043 GC:2    GU:80   AU:42   +
   15    36  3   0.0%   0.016 GC:2    GU:39   AU:83   +
    2    44  3   0.0%   0.014 CG:4    UG:80   UA:40   +
   11   133  3   0.0%   0.044 CG:4    UG:118  UA:2    +
   11    45  3   0.0%   0.045 CG:4    UG:118  UA:2    +
    2   133  3   0.0%   0.016 CG:6    UG:116  UA:2    +
   36   133  3   0.0%   0.039 CG:4    UG:118  UA:2    +
    3    23  3   0.3%   0.045 CG:120  UG:4    +
    3    24  2   0.1%   0.043 CG:121  UG:4    +
   53   133  2   0.1%   0.241 UG:123  UA:2    +
   90   143  1   0.2%   0.996 CG:126  +
    8    24  2   0.1%   0.080 CG:114  UG:11   +
   97   117  2   0.1%   0.531 UG:3    UA:122  +
   12    23  3   0.2%   0.084 CG:51   UG:73   +
   24    41  2   0.0%   0.109 GC:106  GU:19   +
    6    24  2   0.0%   0.064 CG:103  UG:22   +
   49   101  2   0.0%   0.097 GC:123  GU:2    +
    3    49  2   0.0%   0.027 CG:121  UG:4    +
  133   146  2   0.0%   0.070 GU:123  AU:2    +
  106   133  2   0.0%   0.647 UG:123  UA:2    +
    8    49  2   0.0%   0.058 CG:114  UG:11   +
   14    49  2   0.0%   0.080 CG:83   UG:42   +
   91   117  2   0.0%   1.035 UG:3    UA:122  +
   95   117  2   0.0%   0.916 UG:3    UA:122  +
   71   117  2   0.0%   0.650 UG:3    UA:122  +
   19    52  2   0.0%   0.056 CG:1    UG:124  +
   86   117  2   0.0%   0.415 UG:3    UA:122  +
   19   161  2   0.0%   0.062 CG:1    UG:124  +
   91   133  2   0.0%   1.040 UG:123  UA:2    +
  133   160  2   0.0%   0.206 GU:123  AU:2    +
  117   126  2   0.0%   0.189 GU:3    AU:122  +
   88   133  2   0.0%   0.607 UG:123  UA:2    +
   16   145  2   0.0%   0.003 GU:1    AU:124  +
   45   126  2   0.0%   0.078 GU:123  AU:2    +
   45   160  2   0.0%   0.094 GU:123  AU:2    +
  126   133  2   0.0%   0.211 UG:123  UA:2    +
  117   146  2   0.0%   0.043 GU:3    AU:122  +
   19   125  2   0.0%   0.038 CG:1    UG:124  +
   45   106  2   0.0%   0.074 GU:123  AU:2    +
   45   116  2   0.0%   0.074 GU:123  AU:2    +
   19   147  2   0.0%   0.039 CG:1    UG:124  +
   19   158  2   0.0%   0.038 CG:1    UG:124  +
  106   117  2   0.0%   0.612 UG:3    UA:122  +
   45    97  2   0.0%   0.075 GU:123  AU:2    +
  151   157  1   0.2%   0.526 AU:126  +
    1    14  4   0.1%   0.093 GC:81   GU:41   AU:1    +
   53   123  1   0.1%   0.220 UA:126  +
   11    18  4   0.0%   0.014 CG:1    UG:14   UA:108  +
  103   143  1   0.1%   0.269 CG:126  +
  105   141  1   0.1%   0.407 GC:126  +
    1    37  4   0.0%   0.097 GC:95   GU:27   AU:1    +
    1    46  4   0.0%   0.100 GC:85   GU:37   AU:1    +
   18    36  4   0.0%   0.033 GC:1    GU:14   AU:108  +
    8    23  3   0.1%   0.086 CG:113  UG:11   +
   11    15  4   0.0%   0.018 CG:1    UG:41   UA:81   +
    1    41  4   0.0%   0.093 GC:104  GU:18   AU:1    +
   11    31  4   0.0%   0.036 CG:1    UG:61   UA:61   +
   11    34  4   0.0%   0.039 CG:1    UG:39   UA:83   +
   19    45  4   0.0%   0.044 CG:1    UG:120  UA:2    +
   10    15  6   0.2%   0.038 CG:41   UG:1    UA:79   +
   19   133  4   0.0%   0.042 CG:1    UG:120  UA:2    +
   93   143  1   0.1%   1.168 CG:126  +
  145   151  1   0.1%   0.100 UA:126  +
   14    32  3   0.1%   0.087 CG:82   UA:42   +
    6    23  3   0.1%   0.065 CG:102  UG:22   +
   76   105  1   0.1%   0.438 CG:126  +
   97   123  1   0.1%   0.570 UA:126  +
   85   143  1   0.1%   0.659 CG:126  +
   18    29 10   0.4%   0.068 GU:15   AU:102  +
  131   143  1   0.0%   0.377 CG:126  +
   64   117  3   0.0%   0.044 UG:3    UA:121  +
   62   106  1   0.0%   0.065 AU:126  +
   64    87  1   0.0%   0.028 UA:126  +
   19    25  3   0.0%   0.012 UG:2    UA:122  +
   19    35  3   0.0%   0.040 UG:2    UA:122  +
   83   145  1   0.0%   0.146 AU:126  +
   95   123  1   0.0%   0.946 UA:126  +
   10    31  6   0.1%   0.042 CG:41   UG:21   UA:59   +
   37    45  4   0.1%   0.064 CG:95   UG:28   +
   10    23  3   0.0%   0.051 CG:44   UG:80   +
   15    19  3   0.0%   0.019 GU:42   AU:82   +
   63   118  1   0.0%   0.031 UA:126  +
   63    96  1   0.0%   0.079 UG:126  +
   64   119  1   0.0%   0.041 UA:126  +
   62    97  1   0.0%   0.111 AU:126  +
  102   143  1   0.0%   0.243 CG:126  +
   39   145  1   0.0%   0.006 AU:126  +
  138   143  1   0.0%   0.304 CG:126  +
   63    99  1   0.0%   0.027 UA:126  +
   32    46  8   0.2%   0.065 GC:81   GU:1    AU:37   +
   19    31  3   0.0%   0.048 UG:62   UA:62   +
  143   150  1   0.0%   0.252 GC:126  +
   48   145  1   0.0%   0.014 AU:126  +
  106   123  1   0.0%   0.639 UA:126  +
   64   118  1   0.0%   0.040 UA:126  +
   19    33  3   0.0%   0.033 UG:3    UA:121  +
  124   145  1   0.0%   0.295 AU:126  +
   19    34  3   0.0%   0.037 UG:40   UA:84   +
   19    32  3   0.0%   0.047 UG:80   UA:44   +
  123   146  1   0.0%   0.088 AU:126  +
   55   157  1   0.0%   0.054 AU:126  +
    2    15  5   0.0%   0.001 CG:2    UG:39   UA:81   +
   20   160  1   0.0%   0.010 AU:126  +
   63    92  1   0.0%   0.077 UG:126  +
   64    72  1   0.0%   0.020 UA:126  +
   87   145  1   0.0%   0.274 AU:126  +
  136   145  1   0.0%   0.071 AU:126  +
  127   143  1   0.0%   0.357 CG:126  +
   63   119  1   0.0%   0.030 UA:126  +
   99   145  1   0.0%   0.473 AU:126  +
    2    34  5   0.0%   0.014 CG:2    UG:37   UA:83   +
   19    47  3   0.0%   0.036 UG:4    UA:120  +
  140   145  1   0.0%   0.111 AU:126  +
   50    64  1   0.0%   0.001 AU:126  +
   63   122  1   0.0%   0.041 UG:126  +
    2    31  5   0.0%   0.013 CG:2    UG:59   UA:61   +
    2    32  5   0.0%   0.014 CG:2    UG:80   UA:40   +
   62    88  1   0.0%   0.022 AU:126  +
   54   105  1   0.0%   0.150 CG:126  +
   63    87  1   0.0%   0.022 UA:126  +
  132   143  1   0.0%   0.224 CG:126  +
   51    63  1   0.0%   0.000 AU:126  +
  135   145  1   0.0%   0.182 AU:126  +
  105   127  1   0.0%   0.447 GC:126  +
  139   143  1   0.0%   0.223 CG:126  +
   64    99  1   0.0%   0.035 UA:126  +
   23   108  3   0.0%   0.157 GC:47   GU:77   +
   63    83  1   0.0%   0.022 UA:126  +
   63    89  1   0.0%   0.022 UG:126  +
   20    53  1   0.0%   0.017 AU:126  +
   64    83  1   0.0%   0.020 UA:126  +
   63    73  1   0.0%   0.022 UG:126  +
   85   105  1   0.0%   0.650 CG:126  +
   62    91  1   0.0%   0.035 AU:126  +
   91   123  1   0.0%   1.057 UA:126  +
   38   157  1   0.0%   0.002 AU:126  +
   93   105  1   0.0%   0.722 CG:126  +
   56    63  1   0.0%   0.022 GU:126  +
  128   157  1   0.0%   0.200 AU:126  +
   50    63  1   0.0%   0.000 AU:126  +
  119   145  1   0.0%   0.031 AU:126  +
   55    64  1   0.0%   0.018 AU:126  +
   63   128  1   0.0%   0.146 UA:126  +
   64   113  1   0.0%   0.034 UA:126  +
   58   143  1   0.0%   0.280 CG:126  +
   64    70  1   0.0%   0.020 UA:126  +
  118   145  1   0.0%   0.028 AU:126  +
   51   145  1   0.0%   0.025 AU:126  +
   63   100  1   0.0%   0.077 UG:126  +
   48    63  1   0.0%   0.006 AU:126  +
   63    70  1   0.0%   0.023 UA:126  +
   63   117  3   0.0%   0.028 UG:3    UA:121  +
   62    71  1   0.0%   0.024 AU:126  +
   40   157  1   0.0%   0.049 AU:126  +
   64   128  1   0.0%   0.311 UA:126  +
   63    98  1   0.0%   0.075 UG:126  +
   20   146  1   0.0%   0.003 AU:126  +
   94   105  1   0.0%   0.584 CG:126  +
   63    81  1   0.0%   0.022 UA:126  +
   48    64  1   0.0%   0.006 AU:126  +
   21   145  1   0.0%   0.003 AU:126  +
   81   145  1   0.0%   0.122 AU:126  +
  110   145  1   0.0%   0.362 AU:126  +
  105   138  1   0.0%   0.447 GC:126  +
  105   150  1   0.0%   0.430 GC:126  +
  107   143  1   0.0%   0.723 CG:126  +
   64    81  1   0.0%   0.019 UA:126  +
   71   123  1   0.0%   0.682 UA:126  +
  117   157  3   0.0%   0.139 GU:3    AU:121  +
  105   159  1   0.0%   0.462 GC:126  +
  143   159  1   0.0%   0.376 GC:126  +
  113   157  1   0.0%   0.423 AU:126  +
   63   115  1   0.0%   0.028 UG:126  +
   63    72  1   0.0%   0.022 UA:126  +
   62   116  1   0.0%   0.058 AU:126  +
   17   145  1   0.0%   0.003 AU:126  +
   63    67  1   0.0%   0.142 UG:126  +
   40   145  1   0.0%   0.052 AU:126  +
   90   105  1   0.0%   0.905 CG:126  +
   68   105  1   0.0%   0.946 CG:126  +
   49   138  2   0.2%   0.133 GC:125  +
   49   127  2   0.1%   0.123 GC:125  +
   41    45  4   0.1%   0.061 CG:104  UG:19   +
    2    30  6   0.0%   0.013 CG:1    UG:8    UA:112  +
    3   133  4   0.0%   0.032 CG:120  UG:3    +
   46   133  4   0.0%   0.103 CG:85   UG:38   +
   49   159  2   0.1%   0.135 GC:125  +
   14    45  4   0.0%   0.082 CG:83   UG:40   +
    8   133  4   0.0%   0.067 CG:112  UG:11   +
    8    45  4   0.0%   0.058 CG:112  UG:11   +
   41   133  4   0.0%   0.110 CG:104  UG:19   +
    3    45  4   0.0%   0.026 CG:119  UG:4    +
    6    45  4   0.0%   0.046 CG:101  UG:22   +
   14   133  4   0.0%   0.086 CG:81   UG:42   +
    7    53  2   0.1%   0.020 AU:125  +
   12    31 11   0.1%   0.063 CG:43   UG:19   UA:54   +
   63   123  2   0.0%   0.050 UA:125  +
  121   153  7   0.0%   0.015 CG:1    UG:39   UA:80   +
   15   121  7   0.0%   0.016 GC:1    GU:40   AU:79   +
   24   159  2   0.0%   0.120 GC:125  +
   31   121  7   0.0%   0.024 GC:1    GU:60   AU:59   +
   46    60  7   0.0%   0.087 CG:82   UG:4    UA:34   +
   30    36  5   0.0%   0.031 GU:9    AU:113  +
    7   160  2   0.0%   0.015 AU:125  +
   28    36  5   0.0%   0.040 GU:4    AU:118  +
   29    34  9   0.0%   0.049 CG:1    UG:39   UA:78   +
   10    34  8   0.0%   0.032 CG:39   UG:1    UA:79   +
   24   127  2   0.0%   0.111 GC:125  +
   49   132  2   0.0%   0.106 GC:125  +
   36    47  5   0.0%   0.032 UG:4    UA:118  +
   49   139  2   0.0%   0.115 GC:125  +
   24   132  2   0.0%   0.111 GC:125  +
    7   126  2   0.0%   0.007 AU:125  +
   49   107  2   0.0%   0.093 GC:125  +
   11    47  5   0.0%   0.040 UG:4    UA:118  +
   11    28  5   0.0%   0.022 UG:4    UA:118  +
   49   102  2   0.0%   0.092 GC:125  +
  123   145  2   0.0%   0.088 AU:125  +
   49   103  2   0.0%   0.092 GC:125  +
   49   141  2   0.0%   0.114 GC:125  +
   49    68  2   0.0%   0.089 GC:125  +
    7    97  2   0.0%   0.005 AU:125  +
   24   107  2   0.0%   0.108 GC:125  +
    7   146  2   0.0%   0.008 AU:125  +
   49   104  2   0.0%   0.092 GC:125  +
   49    58  2   0.0%   0.088 GC:125  +
    7   116  2   0.0%   0.005 AU:125  +
   24   131  2   0.0%   0.109 GC:125  +
   49    90  2   0.0%   0.089 GC:125  +
   49   131  2   0.0%   0.102 GC:125  +
   49    59  2   0.0%   0.088 GC:125  +
   24   138  2   0.0%   0.110 GC:125  +
   24    90  2   0.0%   0.108 GC:125  +
   24   141  2   0.0%   0.110 GC:125  +
   49    69  2   0.0%   0.088 GC:125  +
   49    76  2   0.0%   0.088 GC:125  +
   15    29  9   0.0%   0.016 GC:1    GU:41   AU:76   +
    2    18  7   0.0%   0.004 UG:14   UA:106  +
   30   121  8   0.0%   0.011 GU:9    AU:110  +
   12    34 15   0.0%   0.045 CG:39   UG:1    UA:72   +
   60   121  9   0.0%   0.068 GU:80   AU:38   +
.......................................................((((.((((.(((.(((((.........))))))))((......))..((((....))))........)))).))))...(((.((((.((.....))))))))).
