44 sequence; length of alignment 139
alifold output
  121   136  0  99.7%   0.021 CG:42   UG:2   
  123   134  0  99.7%   0.036 GC:44  
  122   135  0  99.7%   0.036 GC:44  
  124   133  1  99.3%   0.043 UG:1    UA:42  
  120   137  0  98.5%   0.066 AU:44  
   81    90  0  95.5%   0.141 GC:44  
   82    89  0  95.4%   0.241 UA:44  
   83    88  0  95.4%   0.306 CG:44  
  125   132  0  94.7%   0.178 UA:44  
   80    91  0  90.9%   0.400 CG:44  
  119   138  0  77.2%   1.200 CG:44  
   51    64  0  74.6%   0.999 GU:1    AU:43  
   52    63  0  74.9%   1.004 CG:44  
   53    62  0  74.8%   1.001 GU:44  
   54    61  0  74.3%   1.006 GC:44  
  126   131  1  74.0%   0.695 UA:43  
   50    65  0  70.4%   1.713 UG:44  
   47    72  0  58.4%   1.944 CG:44  
   45    74  0  58.3%   1.916 CG:44  
   46    73  1  58.3%   1.989 AU:43  
   48    71  0  57.6%   1.825 AU:44  
   34   109  0  57.4%   2.031 CG:44  
   33   110  0  57.3%   2.056 GC:44  
   35   108  0  57.3%   1.643 CG:44  
   44    76  0  57.0%   2.053 CG:44  
   32   111  0  56.8%   2.217 GC:44  
   43    77  0  56.6%   2.184 GC:44  
   49    66  0  50.6%   1.825 GC:44  
  117   139  0  23.8%   1.776 GC:44   +
   37    72  0  22.3%   1.082 CG:27   UG:17   +
   34    76  0  22.7%   1.485 CG:44   +
   33    77  0  22.7%   1.475 GC:44   +
   35    74  0  22.6%   1.060 CG:44   +
   36    73  0  22.6%   1.181 AU:44   +
   32    78  0  22.5%   1.446 GC:44   +
   47    63  0  22.1%   1.232 CG:44   +
   48    62  0  22.1%   1.221 AU:44   +
   49    61  0  22.1%   1.176 GC:44   +
   22   109  0  20.7%   1.329 CG:18   UG:26   +
   46    64  1  22.0%   1.214 AU:43   +
   50    60  0  21.1%   1.150 UG:44   +
   20   111  0  20.9%   1.802 GC:44   +
   49    70  0  20.5%   2.122 GC:44   +
   21   110  1  21.0%   1.509 GC:43   +
   10    26  0  17.3%   1.125 GC:42   GU:2    +
   33    44  0  17.4%   0.943 GC:44   +
   34    43  0  17.3%   0.941 CG:44   +
   32    45  0  17.2%   0.921 GC:44   +
   11    25  1  16.9%   1.126 UA:43   +
   26   108  0  15.2%   1.922 CG:42   UG:2    +
    9    27  1  16.6%   0.921 AU:43   +
   98   106  0  15.8%   1.746 GC:44   +
   20    26  0  14.3%   1.189 GC:42   GU:2    +
   28   106  0  15.2%   1.225 GC:44   +
   45    65  0  14.9%   1.356 CG:44   +
   27   107  1  15.3%   2.031 UA:43   +
   99   105  0  14.4%   1.395 AU:44   +
   43    66  0  13.8%   1.145 GC:44   +
   19    27  1  13.6%   1.166 AU:43   +
   30   104  0  13.1%   1.822 CG:44   +
  118   138  0  12.2%   1.308 CG:44   +
   70   108  0  10.8%   1.980 CG:44   +
   69   109  0  10.8%   1.838 CG:44   +
   71   107  0  10.8%   1.671 UA:44   +
   68   110  0  10.7%   1.908 GC:44   +
   72   106  0  10.6%   1.766 GC:44   +
   26   117  0   9.4%   2.166 CG:42   UG:2   
   28    47  0   9.7%   0.790 GC:44   +
    6    30  0   9.5%   0.711 GC:44   +
   27   116  1   9.7%   2.148 UA:43  
   17    29  0   7.9%   0.950 GU:2    AU:42   +
   18   112  0   7.6%   0.975 GC:43   GU:1    +
    1    11  0   6.5%   0.534 GC:1    GU:1    AU:42   +
   27    48  1   8.9%   1.422 UA:43   +
    2    10  0   7.2%   0.630 CG:43   UG:1    +
   29    46  1   8.4%   1.411 UA:43   +
    7    29  0   6.6%   0.607 GU:43   AU:1    +
   26    49  0   6.1%   1.192 CG:42   UG:2    +
   44    65  0   6.9%   0.878 CG:44   +
  109   118  0   6.9%   1.818 GC:44   +
  110   117  0   6.8%   2.040 CG:44   +
  108   119  0   6.1%   1.568 GC:44   +
   22    68  0   5.0%   0.594 CG:18   UG:26   +
   26   104  0   4.9%   1.350 CG:42   UG:2    +
   44    68  0   5.7%   1.202 CG:44   +
    6   112  0   4.7%   0.852 GC:43   GU:1    +
   18    30  0   5.7%   0.890 GC:44   +
   43    69  0   5.6%   1.291 GC:44   +
   19    29  0   5.4%   1.275 AU:44   +
   25    50  0   5.2%   0.762 AU:44   +
   20    70  0   5.1%   0.927 GC:44   +
   19    71  0   5.1%   0.899 AU:44   +
   17    73  0   4.0%   0.630 GU:2    AU:42   +
   21    69  1   5.1%   0.776 GC:43   +
   25   105  0   4.6%   0.911 AU:44   +
   30   101  0   4.3%   1.137 CG:44   +
   27   103  1   4.7%   1.454 UA:43   +
    7   111  1   4.6%   0.973 GC:43   +
   29   102  0   4.0%   1.436 UA:44   +
   22   117  0   2.9%   1.046 CG:18   UG:26   +
    8    29  0   3.9%   0.570 AU:44   +
    7    30  1   4.3%   0.865 GC:43   +
   22    28  0   2.6%   0.307 CG:18   UG:26   +
   37   104  0   2.6%   1.072 CG:27   UG:17   +
    6    84  0   2.6%   0.597 GC:43   GU:1    +
   90   104  0   3.1%   1.009 CG:44   +
   89   105  0   3.1%   0.671 AU:44   +
   88   106  0   3.0%   0.983 GC:44   +
   20   119  0   2.8%   1.363 GC:44   +
   20    30  0   2.7%   1.148 GC:44   +
   21   118  1   3.2%   1.288 GC:43   +
  101   106  0   2.5%   1.576 GC:44   +
    8    82  0   2.5%   0.404 AU:44   +
   61   117  0   2.5%   1.261 CG:44   +
   60   118  0   2.5%   0.832 GC:44   +
   21    27  2   3.1%   1.044 GU:42   +
   62   116  0   2.4%   1.063 UA:44   +
   36   105  0   2.3%   0.770 AU:44   +
   20   112  0   1.2%   1.495 GC:43   GU:1    +
   21    29  1   2.6%   1.139 GU:43   +
   11   117  0   1.1%   0.744 CG:1    UG:43   +
    7    83  1   2.6%   0.707 GC:43   +
    3    11  0   0.0%   0.182 GC:1    GU:32   AU:11   +
    7    11  0   0.0%   0.246 GC:1    GU:42   AU:1    +
   12    40  0   0.0%   0.001 GC:1    GU:32   AU:11   +
    7    92  0   0.0%   0.519 GC:1    GU:42   AU:1    +
   22    76  0   0.8%   0.447 CG:18   UG:26   +
   92   101  0   0.7%   0.523 CG:1    UG:43   +
   11    76  0   0.7%   0.639 CG:1    UG:43   +
   76    92  0   0.6%   0.918 GC:1    GU:43   +
   77   101  0   1.6%   1.186 CG:44   +
   22    33  0   0.4%   0.179 CG:18   UG:26   +
   39   104  0   0.4%   0.607 CG:3    UG:41   +
   18    26  0   0.4%   0.402 GC:42   GU:2    +
   26    76  0   0.4%   1.011 CG:42   UG:2    +
    6    26  0   0.3%   0.074 GC:42   GU:2    +
   11   138  0   0.3%   0.704 CG:1    UG:43   +
   28   112  0   0.3%   1.109 GC:43   GU:1    +
    2   138  0   0.3%   0.369 CG:43   UG:1    +
   74   112  0   0.3%   1.240 GC:43   GU:1    +
   32   112  0   0.3%   1.503 GC:43   GU:1    +
   42    71  0   1.3%   0.431 AU:44   +
   26    72  0   0.3%   0.899 CG:42   UG:2    +
    2     7  1   1.2%   0.174 CG:42   UG:1    +
  125   133  0   0.2%   0.123 UG:1    UA:43   +
   80    87  0   1.2%   0.225 CG:44   +
   22   108  0   0.2%   0.374 CG:18   UG:26   +
   33   124  0   0.2%   1.103 GC:1    GU:43   +
   92    98  0   0.2%   0.245 CG:1    UG:43   +
    2   117  0   0.2%   0.338 CG:43   UG:1    +
   32    70  0   1.2%   0.636 GC:44   +
   33    69  0   1.2%   0.655 GC:44   +
   31    71  0   1.2%   0.324 AU:44   +
   34    68  0   1.2%   0.640 CG:44   +
    2    87  0   0.2%   0.318 CG:43   UG:1    +
   26    74  0   0.1%   0.905 CG:42   UG:2    +
    2     6  0   0.1%   0.028 CG:43   UG:1    +
   10   118  0   1.1%   0.754 GC:44   +
   40    72  0   0.1%   0.437 CG:1    UG:43   +
   77   109  0   1.1%   1.985 CG:44   +
    2    28  0   0.1%   0.296 CG:43   UG:1    +
   76   110  0   1.1%   1.937 GC:44   +
   78   108  0   1.1%   1.489 CG:44   +
    2    74  0   0.1%   0.305 CG:43   UG:1    +
    3    73  0   0.1%   0.036 GU:33   AU:11   +
   11    65  0   0.1%   0.556 CG:1    UG:43   +
   21    26  1   1.1%   0.782 GC:41   GU:2    +
   79    88  0   1.1%   0.237 CG:44   +
    2    18  0   0.1%   0.275 CG:43   UG:1    +
    1    29  0   0.1%   0.200 GU:2    AU:42   +
  112   117  0   0.1%   1.174 CG:43   UG:1    +
   93    98  0   1.1%   0.373 UG:44   +
   30    72  0   1.1%   0.798 CG:44   +
   22    53  0   0.1%   0.151 CG:18   UG:26   +
    2    20  0   0.1%   0.277 CG:43   UG:1    +
   65   112  0   0.1%   1.195 GC:43   GU:1    +
   40   104  0   0.1%   0.620 CG:1    UG:43   +
   11    18  0   0.1%   0.229 CG:1    UG:43   +
   41    71  0   1.1%   0.363 AU:44   +
   53    84  0   0.1%   0.350 GC:43   GU:1    +
   22   138  0   0.1%   0.829 CG:18   UG:26   +
   10    22  0   0.1%   0.208 GC:18   GU:26   +
   18    37  0   0.1%   0.217 GC:27   GU:17   +
   39    68  0   0.1%   0.224 CG:3    UG:41   +
   43    70  0   1.1%   1.114 GC:44   +
    6    11  0   0.1%   0.206 GC:1    GU:43   +
   92   104  0   0.1%   1.024 CG:1    UG:43   +
   11    20  0   0.1%   0.233 CG:1    UG:43   +
    3   137  0   0.1%   0.030 GU:33   AU:11   +
   26    32  0   0.0%   0.685 CG:42   UG:2    +
   22    43  0   0.0%   0.142 CG:18   UG:26   +
   12    64  0   0.0%   0.012 GU:33   AU:11   +
   16    29  0   0.0%   0.337 GU:1    AU:43   +
   12   137  0   0.0%   0.022 GU:33   AU:11   +
   40    68  0   0.0%   0.227 CG:1    UG:43   +
   39   101  0   0.0%   0.159 CG:3    UG:41   +
    2   104  0   0.0%   0.310 CG:43   UG:1    +
   11   109  0   0.0%   0.586 CG:1    UG:43   +
   51   137  0   0.0%   0.246 GU:1    AU:43   +
   63   121  0   0.0%   0.561 GC:42   GU:2    +
   60   124  0   0.0%   0.469 GC:1    GU:43   +
   26    54  0   0.0%   0.859 CG:42   UG:2    +
   29    51  0   0.0%   1.005 UG:1    UA:43   +
   84   108  0   0.0%   1.044 CG:43   UG:1    +
   40   101  0   0.0%   0.178 CG:1    UG:43   +
   72    84  0   0.0%   0.844 GC:43   GU:1    +
   72   112  0   0.0%   1.425 GC:43   GU:1    +
   10   112  0   0.0%   0.735 GC:43   GU:1    +
    6    22  0   0.0%   0.021 GC:18   GU:26   +
    1   105  0   0.0%   0.194 GU:2    AU:42   +
   28    37  0   0.0%   0.118 GC:27   GU:17   +
   32    37  0   0.0%   0.019 GC:27   GU:17   +
    7   105  0   0.0%   0.527 GU:43   AU:1    +
  104   121  0   0.0%   0.758 GC:42   GU:2    +
   26   101  0   0.0%   0.905 CG:42   UG:2    +
   37    43  0   0.0%   0.327 CG:27   UG:17   +
   18    22  0   0.0%   0.027 GC:18   GU:26   +
   16    73  0   0.0%   0.028 GU:1    AU:43   +
   22    54  0   0.0%   0.145 CG:18   UG:26   +
  109   124  0   0.0%   1.173 GC:1    GU:43   +
   12    93  0   0.0%   0.011 GU:33   AU:11   +
   22    65  0   0.0%   0.154 CG:18   UG:26   +
   71    85  0   0.0%   0.646 UG:1    UA:43   +
   51    73  0   0.0%   1.044 GU:1    AU:43   +
    2    88  0   0.0%   0.302 CG:43   UG:1    +
    2    72  0   0.0%   0.282 CG:43   UG:1    +
    3    29  0   0.0%   0.018 GU:33   AU:11   +
   87   112  0   0.0%   0.542 GC:43   GU:1    +
    1    73  0   0.0%   0.189 GU:2    AU:42   +
   37   101  0   0.0%   0.494 CG:27   UG:17   +
   11    43  0   0.0%   0.530 CG:1    UG:43   +
   22   104  0   0.0%   0.340 CG:18   UG:26   +
    2   136  0   0.0%   0.319 CG:43   UG:1    +
    1   137  0   0.0%   0.192 GU:2    AU:42   +
   37    63  0   0.0%   0.015 CG:27   UG:17   +
   51    82  0   0.0%   0.321 GU:1    AU:43   +
   26    98  0   0.0%   0.901 CG:42   UG:2    +
    2    98  0   0.0%   0.302 CG:43   UG:1    +
   26    33  0   0.0%   0.704 CG:42   UG:2    +
   74    84  0   0.0%   0.801 GC:43   GU:1    +
   11    33  0   0.0%   0.528 CG:1    UG:43   +
    2   101  0   0.0%   0.303 CG:43   UG:1    +
   32    39  0   0.0%   0.011 GC:3    GU:41   +
   92   109  0   0.0%   1.242 CG:1    UG:43   +
   84    88  0   0.0%   0.213 CG:43   UG:1    +
    2   108  0   0.0%   0.306 CG:43   UG:1    +
   73    85  0   0.0%   0.831 UG:1    UA:43   +
   28   121  0   0.0%   0.695 GC:42   GU:2    +
   26   123  0   0.0%   1.559 CG:42   UG:2    +
   14    73  0   0.0%   0.012 GU:1    AU:43   +
   12    50  0   0.0%   0.002 GU:33   AU:11   +
   37    81  0   0.0%   0.350 CG:27   UG:17   +
   37    74  0   0.0%   0.706 CG:27   UG:17   +
   26   138  0   0.0%   1.601 CG:42   UG:2    +
   39    72  0   0.0%   0.409 CG:3    UG:41   +
    3    71  0   0.0%   0.010 GU:33   AU:11   +
   22   129  0   0.0%   0.779 CG:18   UG:26   +
   11    60  0   0.0%   0.532 CG:1    UG:43   +
   65    92  0   0.0%   0.749 GC:1    GU:43   +
    7    93  0   0.0%   0.520 GU:43   AU:1    +
   11   129  0   0.0%   0.633 CG:1    UG:43   +
   11    28  0   0.0%   0.535 CG:1    UG:43   +
   14    29  0   0.0%   0.318 GU:1    AU:43   +
   26   136  0   0.0%   1.561 CG:42   UG:2    +
   18   121  0   0.0%   0.436 GC:42   GU:2    +
   85    93  0   0.0%   0.066 GU:1    AU:43   +
   37    98  0   0.0%   0.395 CG:27   UG:17   +
   76   124  0   0.0%   0.931 GC:1    GU:43   +
   53   112  0   0.0%   0.679 GC:43   GU:1    +
    2    91  0   0.0%   0.300 CG:43   UG:1    +
   74   126  0   0.0%   0.781 GC:1    GU:43   +
   11    74  0   0.0%   0.549 CG:1    UG:43   +
    2   109  0   0.0%   0.306 CG:43   UG:1    +
   13    93  0   0.0%   0.006 GU:2    AU:42   +
   26   129  0   0.0%   1.560 CG:42   UG:2    +
    2    32  0   0.0%   0.278 CG:43   UG:1    +
   39    98  0   0.0%   0.055 CG:3    UG:41   +
   37    65  0   0.0%   0.024 CG:27   UG:17   +
   74    92  0   0.0%   0.705 GC:1    GU:43   +
   20    84  0   0.0%   0.751 GC:43   GU:1    +
   18    39  0   0.0%   0.209 GC:3    GU:41   +
   87    92  0   0.0%   0.139 GC:1    GU:43   +
   37    91  0   0.0%   0.350 CG:27   UG:17   +
   14    93  0   0.0%   0.006 GU:1    AU:43   +
   26    91  0   0.0%   0.898 CG:42   UG:2    +
   32    40  0   0.0%   0.011 GC:1    GU:43   +
   33    39  0   0.0%   0.029 GC:3    GU:41   +
   10    37  0   0.0%   0.503 GC:27   GU:17   +
   16    93  0   0.0%   0.018 GU:1    AU:43   +
   63   112  0   0.0%   0.985 GC:43   GU:1    +
   22    60  0   0.0%   0.142 CG:18   UG:26   +
   17   137  0   0.0%   0.368 GU:2    AU:42   +
   22    32  0   0.0%   0.107 CG:18   UG:26   +
   92   108  0   0.0%   1.211 CG:1    UG:43   +
   13    29  0   0.0%   0.317 GU:2    AU:42   +
   14    62  0   0.0%   0.002 GU:1    AU:43   +
   17    71  0   0.0%   0.242 GU:2    AU:42   +
   37   108  0   0.0%   1.083 CG:27   UG:17   +
   26   109  0   0.0%   1.665 CG:42   UG:2    +
  101   112  0   0.0%   0.896 GC:43   GU:1    +
   26    87  0   0.0%   0.908 CG:42   UG:2    +
   13   137  0   0.0%   0.012 GU:2    AU:42   +
   39    81  0   0.0%   0.010 CG:3    UG:41   +
   40    98  0   0.0%   0.068 CG:1    UG:43   +
   40    74  0   0.0%   0.376 CG:1    UG:43   +
   39    43  0   0.0%   0.316 CG:3    UG:41   +
   33    37  0   0.0%   0.036 GC:27   GU:17   +
   92   138  0   0.0%   0.331 CG:1    UG:43   +
    6    92  0   0.0%   0.409 GC:1    GU:43   +
   11   101  0   0.0%   0.576 CG:1    UG:43   +
   26    81  0   0.0%   0.898 CG:42   UG:2    +
   10   121  0   0.0%   0.635 GC:42   GU:2    +
  104   112  0   0.0%   1.209 GC:43   GU:1    +
   17    93  0   0.0%   0.362 GU:2    AU:42   +
  108   112  0   0.0%   1.397 GC:43   GU:1    +
   16   137  0   0.0%   0.024 GU:1    AU:43   +
   12   105  0   0.0%   0.016 GU:33   AU:11   +
   14   137  0   0.0%   0.012 GU:1    AU:43   +
   39    76  0   0.0%   0.439 CG:3    UG:41   +
   33    40  0   0.0%   0.029 GC:1    GU:43   +
    2    76  0   0.0%   0.288 CG:43   UG:1    +
   92   117  0   0.0%   0.784 CG:1    UG:43   +
   17    62  0   0.0%   0.229 GU:2    AU:42   +
   37   138  0   0.0%   0.490 CG:27   UG:17   +
    7    82  0   0.0%   0.424 GU:43   AU:1    +
   84    91  0   0.0%   0.234 CG:43   UG:1    +
   28    84  0   0.0%   0.445 GC:43   GU:1    +
   17    64  0   0.0%   0.232 GU:2    AU:42   +
   10    92  0   0.0%   0.579 GC:1    GU:43   +
   39    74  0   0.0%   0.366 CG:3    UG:41   +
    2    81  0   0.0%   0.288 CG:43   UG:1    +
   12    29  0   0.0%   0.317 GU:33   AU:11   +
   18    92  0   0.0%   0.233 GC:1    GU:43   +
   22   127  0   0.0%   0.777 CG:18   UG:26   +
   81   112  0   0.0%   0.509 GC:43   GU:1    +
   98   112  0   0.0%   0.958 GC:43   GU:1    +
   22   136  0   0.0%   0.779 CG:18   UG:26   +
   13    62  0   0.0%   0.001 GU:2    AU:42   +
   37   136  0   0.0%   0.447 CG:27   UG:17   +
   11   108  0   0.0%   0.578 CG:1    UG:43   +
   14   125  0   0.0%   0.002 GU:1    AU:43   +
   37    76  0   0.0%   0.779 CG:27   UG:17   +
   22    81  0   0.0%   0.334 CG:18   UG:26   +
    1    82  0   0.0%   0.187 GU:2    AU:42   +
   72   121  0   0.0%   0.985 GC:42   GU:2    +
   13   105  0   0.0%   0.013 GU:2    AU:42   +
   26    43  0   0.0%   0.683 CG:42   UG:2    +
    2    65  0   0.0%   0.278 CG:43   UG:1    +
    7   137  0   0.0%   0.704 GU:43   AU:1    +
   13    73  0   0.0%   0.011 GU:2    AU:42   +
   68   124  0   0.0%   0.764 GC:1    GU:43   +
   11   104  0   0.0%   0.579 CG:1    UG:43   +
   43    92  0   0.0%   1.135 GC:1    GU:43   +
   14   105  0   0.0%   0.012 GU:1    AU:43   +
   40    76  0   0.0%   0.450 CG:1    UG:43   +
    3    93  0   0.0%   0.018 GU:33   AU:11   +
   26    65  0   0.0%   0.862 CG:42   UG:2    +
   39    60  0   0.0%   0.003 CG:3    UG:41   +
    2    33  0   0.0%   0.278 CG:43   UG:1    +
   11    81  0   0.0%   0.573 CG:1    UG:43   +
   16    71  0   0.0%   0.025 GU:1    AU:43   +
   84   109  0   0.0%   1.070 CG:43   UG:1    +
   40    81  0   0.0%   0.020 CG:1    UG:43   +
   32    84  0   0.0%   0.803 GC:43   GU:1    +
  112   138  0   0.0%   0.523 CG:43   UG:1    +
  117   124  0   0.0%   0.718 GC:1    GU:43   +
   16   105  0   0.0%   0.025 GU:1    AU:43   +
   22   101  0   0.0%   0.335 CG:18   UG:26   +
    1    93  0   0.0%   0.187 GU:2    AU:42   +
   11    68  0   0.0%   0.540 CG:1    UG:43   +
    6    37  0   0.0%   0.263 GC:27   GU:17   +
   28    40  0   0.0%   0.111 GC:1    GU:43   +
  124   129  0   0.0%   0.022 CG:1    UG:43   +
   16    82  0   0.0%   0.107 GU:1    AU:43   +
    3   105  0   0.0%   0.020 GU:33   AU:11   +
   51    62  0   0.0%   0.340 GU:1    AU:43   +
   84    98  0   0.0%   0.241 CG:43   UG:1    +
   11    98  0   0.0%   0.576 CG:1    UG:43   +
    2    54  0   0.0%   0.278 CG:43   UG:1    +
   29   133  0   0.0%   1.285 UG:1    UA:43   +
   12    73  0   0.0%   0.015 GU:33   AU:11   +
   33    92  0   0.0%   0.729 GC:1    GU:43   +
    6   121  0   0.0%   0.582 GC:42   GU:2    +
   39   108  0   0.0%   0.669 CG:3    UG:41   +
   68   112  0   0.0%   1.185 GC:43   GU:1    +
  101   126  0   0.0%   0.451 GC:1    GU:43   +
   20    92  0   0.0%   0.661 GC:1    GU:43   +
   84   138  0   0.0%   0.161 CG:43   UG:1    +
   40   138  0   0.0%   0.101 CG:1    UG:43   +
   18    84  0   0.0%   0.324 GC:43   GU:1    +
   13    64  0   0.0%   0.004 GU:2    AU:42   +
    2    53  0   0.0%   0.278 CG:43   UG:1    +
   22    98  0   0.0%   0.334 CG:18   UG:26   +
   76   112  0   0.0%   1.372 GC:43   GU:1    +
   88    92  0   0.0%   0.170 GC:1    GU:43   +
  121   138  0   0.0%   0.521 CG:42   UG:2    +
   17    82  0   0.0%   0.451 GU:2    AU:42   +
   17   105  0   0.0%   0.368 GU:2    AU:42   +
   26    68  0   0.0%   1.003 CG:42   UG:2    +
    3    82  0   0.0%   0.018 GU:33   AU:11   +
   11    32  0   0.0%   0.526 CG:1    UG:43   +
   26    63  0   0.0%   0.852 CG:42   UG:2    +
    3    64  0   0.0%   0.009 GU:33   AU:11   +
   11    72  0   0.0%   0.541 CG:1    UG:43   +
   16   125  0   0.0%   0.015 GU:1    AU:43   +
   39    65  0   0.0%   0.014 CG:3    UG:41   +
    2    49  0   0.0%   0.278 CG:43   UG:1    +
   73   133  0   0.0%   0.945 UG:1    UA:43   +
    6    39  0   0.0%   0.263 GC:3    GU:41   +
    1    50  0   0.0%   0.185 GU:2    AU:42   +
  112   122  0   0.0%   0.486 CG:43   UG:1    +
   85   137  0   0.0%   0.017 GU:1    AU:43   +
   40    63  0   0.0%   0.007 CG:1    UG:43   +
   84   101  0   0.0%   0.362 CG:43   UG:1    +
   37    68  0   0.0%   0.220 CG:27   UG:17   +
   14    71  0   0.0%   0.014 GU:1    AU:43   +
   39   138  0   0.0%   0.077 CG:3    UG:41   +
    2    63  0   0.0%   0.278 CG:43   UG:1    +
   20    37  0   0.0%   0.458 GC:27   GU:17   +
   93   102  0   1.0%   0.554 UA:44   +
   93   101  0   1.0%   0.626 UG:44   +
   30    98  0   0.9%   0.816 CG:44   +
   20    78  0   0.9%   0.767 GC:44   +
   93   100  0   0.9%   0.327 UA:44   +
   79    98  0   0.9%   0.353 CG:44   +
   29    99  0   0.9%   1.125 UA:44   +
   50    68  0   0.8%   1.287 UG:44   +
   73   104  0   0.7%   1.572 UG:44   +
   10    77  0   0.7%   0.622 GC:44   +
   77   104  0   0.7%   1.588 CG:44   +
   21   111  1   1.1%   1.472 GC:43   +
   76   105  0   0.6%   1.197 GU:44   +
   93    99  0   0.6%   0.313 UA:44   +
   75    93  0   0.6%   0.180 AU:44   +
   68    77  0   0.6%   1.312 GC:44   +
   69    76  0   0.6%   1.262 CG:44   +
   29   114  1   1.0%   1.348 UA:43   +
   77    91  0   0.5%   0.867 CG:44   +
   92    99  1   1.0%   0.272 UA:43   +
   47    68  0   0.5%   1.045 CG:44   +
   49    69  0   0.5%   1.314 GC:44   +
   10    80  0   0.5%   0.634 GC:44   +
   20    35  0   0.4%   0.501 GC:44   +
   74    93  0   0.4%   0.773 GU:44   +
    6    79  0   0.4%   0.352 GC:44   +
   21    77  1   0.9%   0.626 GC:43   +
   73    94  0   0.4%   0.898 UA:44   +
   20    27  1   0.9%   1.033 GU:43   +
   45    68  0   0.4%   1.035 CG:44   +
   92   102  1   0.9%   0.453 UA:43   +
   17    27  1   0.3%   0.393 GU:2    AU:41   +
   10   139  0   0.3%   0.704 GC:44   +
   28   118  0   0.3%   0.912 GC:44   +
   29   117  0   0.3%   1.697 UG:44   +
   25    73  0   0.3%   0.652 AU:44   +
  100   105  0   0.3%   0.852 AU:44   +
   79   101  0   0.3%   0.470 CG:44   +
   29   109  0   0.3%   1.564 UG:44   +
   30   108  0   0.3%   1.480 CG:44   +
   28   110  0   0.3%   1.036 GC:44   +
   92   103  1   0.8%   0.514 UA:43   +
   77    98  0   0.3%   0.925 CG:44   +
   73    98  0   0.3%   0.963 UG:44   +
   18    79  0   0.3%   0.288 GC:44   +
    6   119  0   0.2%   0.609 GC:44   +
    6    70  0   0.2%   0.303 GC:44   +
   34   123  0   0.2%   1.087 CG:44   +
   30   127  0   0.2%   1.185 CG:44   +
   35   122  0   0.2%   0.726 CG:44   +
   32   125  0   0.2%   1.094 GU:44   +
    5    71  0   0.2%   0.059 AU:44   +
   79    91  0   0.2%   0.192 CG:44   +
   78   101  0   0.2%   0.708 CG:44   +
   74   111  0   0.2%   1.638 GC:44   +
    6   111  0   0.2%   0.446 GC:44   +
   29   128  0   0.2%   1.304 UA:44   +
   93    97  0   0.2%   0.114 UA:44   +
   75   105  0   0.2%   0.383 AU:44   +
   33   105  0   0.2%   0.911 GU:44   +
   34   104  0   0.2%   1.175 CG:44   +
   32   106  0   0.1%   1.038 GC:44   +
   52    60  0   0.1%   0.370 CG:44   +
   70   101  0   0.1%   0.787 CG:44   +
   71   100  0   0.1%   0.688 UA:44   +
   78    98  0   0.1%   0.547 CG:44   +
   33   111  0   0.1%   1.937 GC:44   +
   43    78  0   0.1%   1.563 GC:44   +
   10    66  0   0.1%   0.534 GC:44   +
   74   106  0   0.1%   1.302 GC:44   +
   32    79  0   0.1%   0.778 GC:44   +
   66    72  0   0.1%   1.386 CG:44   +
   65    73  0   0.1%   1.577 GU:44   +
   61    76  0   0.1%   1.344 CG:44   +
   60    77  0   0.1%   1.115 GC:44   +
   62    75  0   0.1%   0.605 UA:44   +
   11    16  1   0.1%   0.215 UG:1    UA:42   +
   50    59  0   0.1%   0.180 UA:44   +
   73    99  0   0.1%   0.944 UA:44   +
    6    80  0   0.1%   0.329 GC:44   +
   74    79  0   0.1%   0.769 GC:44   +
   73    97  0   0.1%   0.885 UA:44   +
    6    78  0   0.1%   0.298 GC:44   +
   11    17  1   0.1%   0.219 UG:2    UA:41   +
   74   105  0   0.1%   0.995 GU:44   +
   97   105  0   0.1%   0.468 AU:44   +
   93   103  0   0.1%   0.510 UA:44   +
   77   138  0   0.1%   1.043 CG:44   +
   28   130  0   0.1%   0.713 GC:44   +
   76   139  0   0.1%   0.976 GC:44   +
    6   139  0   0.1%   0.602 GC:44   +
    3    27  1   0.1%   0.019 GU:32   AU:11   +
   20   110  0   0.1%   0.689 GC:44   +
   33    78  0   0.1%   1.148 GC:44   +
   54    83  0   0.1%   0.342 GC:44   +
   29   104  0   0.1%   1.349 UG:44   +
   55    82  0   0.1%   0.116 AU:44   +
   70    87  0   0.1%   0.626 CG:44   +
   74    83  0   0.1%   0.808 GC:44   +
   61    68  0   0.1%   1.046 CG:44   +
   60    69  0   0.1%   0.766 GC:44   +
   75    82  0   0.1%   0.150 AU:44   +
   11    21  1   0.1%   0.237 CG:1    UG:42   +
    8   105  0   0.1%   0.240 AU:44   +
   73   100  0   0.1%   0.919 UA:44   +
   70    98  0   0.1%   0.667 CG:44   +
   69    88  0   0.1%   0.460 CG:44   +
   71    97  0   0.1%   0.664 UA:44   +
   98   105  0   0.1%   0.640 GU:44   +
   20   135  0   0.1%   1.163 GC:44   +
   73   107  0   0.1%   1.482 UA:44   +
   71    86  0   0.1%   0.656 UA:44   +
   96   105  0   0.1%   0.434 AU:44   +
    7   112  1   0.1%   0.833 GC:42   GU:1    +
   10    30  0   0.1%   0.868 GC:44   +
   28    73  0   0.1%   0.517 GU:44   +
   73    96  0   0.1%   0.865 UA:44   +
   18    29  0   0.1%   0.570 GU:44   +
   73   101  0   0.1%   1.062 UG:44   +
   64    74  0   0.0%   1.246 UG:44   +
   70    74  0   0.0%   1.284 CG:44   +
  130   138  0   0.0%   0.530 CG:44   +
   20    45  0   0.0%   0.464 GC:44   +
  129   139  0   0.0%   0.408 GC:44   +
   53    61  0   0.0%   0.355 GC:44   +
   18   106  0   0.0%   0.249 GC:44   +
   73   102  0   0.0%   1.040 UA:44   +
  125   131  0   0.0%   0.034 UA:44   +
   29   115  0   0.0%   1.269 UA:44   +
   35    43  0   0.0%   0.344 CG:44   +
   18    80  0   0.0%   0.268 GC:44   +
   79    87  0   0.0%   0.100 CG:44   +
   80    98  0   0.0%   0.326 CG:44   +
   76    93  0   0.0%   0.895 GU:44   +
   90    98  0   0.0%   0.196 CG:44   +
   73    95  0   0.0%   0.860 UA:44   +
  131   137  0   0.0%   0.271 AU:44   +
   78    88  0   0.0%   0.450 CG:44   +
   19   105  0   0.0%   0.604 AU:44   +
   28    69  0   0.0%   0.512 GC:44   +
   20    79  0   0.0%   0.709 GC:44   +
   10   110  0   0.0%   0.597 GC:44   +
   28    70  0   0.0%   0.515 GC:44   +
   53   135  0   0.0%   0.261 GC:44   +
   52   136  0   0.0%   0.253 CG:44   +
   54   134  0   0.0%   0.252 GC:44   +
   18   139  0   0.0%   0.474 GC:44   +
    6   118  0   0.0%   0.574 GC:44   +
    6   106  0   0.0%   0.417 GC:44   +
    2    21  1   0.0%   0.274 CG:42   UG:1    +
   61   123  0   0.0%   0.690 CG:44   +
   62   122  0   0.0%   0.676 UG:44   +
   64   120  0   0.0%   0.582 UA:44   +
   29   101  0   0.0%   1.057 UG:44   +
   59   125  0   0.0%   0.030 AU:44   +
   28    52  0   0.0%   0.352 GC:44   +
   18   111  0   0.0%   0.396 GC:44   +
   73   103  0   0.0%   1.073 UA:44   +
   78    87  0   0.0%   0.453 CG:44   +
   60    66  0   0.0%   0.978 GC:44   +
   61    65  0   0.0%   1.297 CG:44   +
   29    68  0   0.0%   1.156 UG:44   +
   83   109  0   0.0%   1.122 CG:44   +
   66   117  0   0.0%   1.153 CG:44   +
    6    29  0   0.0%   0.053 GU:44   +
   53    66  0   0.0%   0.868 GC:44   +
  104   110  0   0.0%   1.731 GC:44   +
   52    65  0   0.0%   0.972 CG:44   +
   29   100  0   0.0%   1.052 UA:44   +
   53    64  0   0.0%   0.794 GU:44   +
   30    49  0   0.0%   0.809 CG:44   +
   79   104  0   0.0%   0.833 CG:44   +
   41    93  0   0.0%   0.060 AU:44   +
  105   109  0   0.0%   1.700 UG:44   +
   55    62  0   0.0%   0.560 AU:44   +
   30    68  0   0.0%   0.792 CG:44   +
   29    36  0   0.0%   0.790 UA:44   +
   65   119  0   0.0%   0.874 GC:44   +
   29   129  0   0.0%   1.290 UG:44   +
   55    64  0   0.0%   0.567 AU:44   +
   91   106  0   0.0%   0.800 GC:44   +
   77    88  0   0.0%   0.794 CG:44   +
   90   101  0   0.0%   0.316 CG:44   +
   29    48  0   0.0%   1.215 UA:44   +
   65   118  0   0.0%   1.049 GC:44   +
   76    90  0   0.0%   0.800 GC:44   +
   20   118  0   0.0%   1.119 GC:44   +
   50   138  0   0.0%   0.830 UG:44   +
   68    90  0   0.0%   0.509 GC:44   +
   18   118  0   0.0%   0.506 GC:44   +
   78    91  0   0.0%   0.469 CG:44   +
   10    79  0   0.0%   0.586 GC:44   +
  105   120  0   0.0%   0.740 UA:44   +
  101   105  0   0.0%   1.072 GU:44   +
   28   139  0   0.0%   0.744 GC:44   +
   81   110  0   0.0%   1.027 GC:44   +
    7    26  1   0.0%   0.081 GC:41   GU:2    +
  106   127  0   0.0%   1.068 CG:44   +
  110   123  0   0.0%   1.186 CG:44   +
  108   125  0   0.0%   1.129 GU:44   +
  111   122  0   0.0%   0.906 CG:44   +
   10    52  0   0.0%   0.510 GC:44   +
   11    51  1   0.0%   0.534 UG:1    UA:42   +
    6   135  0   0.0%   0.587 GC:44   +
   49   139  0   0.0%   1.250 GC:44   +
   79   108  0   0.0%   1.132 CG:44   +
   68   118  0   0.0%   1.046 GC:44   +
   69   117  0   0.0%   1.199 CG:44   +
   20    29  0   0.0%   1.018 GU:44   +
   93   107  0   0.0%   0.832 UA:44   +
   52    72  0   0.0%   0.969 CG:44   +
   15    29  0   0.0%   0.323 AU:44   +
   65   111  0   0.0%   1.613 GC:44   +
   20   139  0   0.0%   1.188 GC:44   +
   10    47  0   0.0%   0.509 GC:44   +
   53    71  0   0.0%   0.878 GU:44   +
   54    70  0   0.0%   0.824 GC:44   +
  105   128  0   0.0%   0.748 UA:44   +
   20   106  0   0.0%   0.673 GC:44   +
   64   115  0   0.0%   0.590 UA:44   +
   29   116  0   0.0%   1.482 UA:44   +
   13    92  1   0.0%   0.006 GU:2    AU:41   +
   20    80  0   0.0%   0.695 GC:44   +
   80   101  0   0.0%   0.447 CG:44   +
   90   109  0   0.0%   1.128 CG:44   +
   71    75  0   0.0%   0.677 UA:44   +
  111   117  0   0.0%   1.579 CG:44   +
   95   105  0   0.0%   0.420 AU:44   +
   70    76  0   0.0%   1.392 CG:44   +
    7    22  1   0.0%   0.062 GC:17   GU:26   +
   93   104  0   0.0%   1.040 UG:44   +
   74    80  0   0.0%   0.734 GC:44   +
   74    78  0   0.0%   1.113 GC:44   +
   88   111  0   0.0%   1.101 GC:44   +
   87   111  0   0.0%   0.963 GC:44   +
   29   138  0   0.0%   1.329 UG:44   +
   78   109  0   0.0%   1.470 CG:44   +
   88   110  0   0.0%   1.193 GC:44   +
   21   112  1   0.0%   1.288 GC:42   GU:1    +
   53    80  0   0.0%   0.280 GC:44   +
   54    79  0   0.0%   0.295 GC:44   +
   87   106  0   0.0%   0.638 GC:44   +
   83    87  0   0.0%   0.185 CG:44   +
   30   138  0   0.0%   1.205 CG:44   +
   52    81  0   0.0%   0.246 CG:44   +
   30   117  0   0.0%   1.556 CG:44   +
   33   118  0   0.0%   1.266 GC:44   +
   34   117  0   0.0%   1.459 CG:44   +
   10    44  0   0.0%   0.507 GC:44   +
   36    64  0   0.0%   0.013 AU:44   +
   35    65  0   0.0%   0.042 CG:44   +
   28    79  0   0.0%   0.404 GC:44   +
   28    77  0   0.0%   0.433 GC:44   +
   28    35  0   0.0%   0.133 GC:44   +
   29    76  0   0.0%   1.098 UG:44   +
   32   119  0   0.0%   1.173 GC:44   +
   68   111  0   0.0%   1.615 GC:44   +
   10    78  0   0.0%   0.582 GC:44   +
   78   104  0   0.0%   1.089 CG:44   +
   28   111  0   0.0%   1.192 GC:44   +
   18    47  0   0.0%   0.212 GC:44   +
   20    52  0   0.0%   0.461 GC:44   +
   94   105  0   0.0%   0.440 AU:44   +
   54    78  0   0.0%   0.657 GC:44   +
   53    79  0   0.0%   0.302 GC:44   +
   28    80  0   0.0%   0.390 GC:44   +
   81   111  0   0.0%   0.932 GC:44   +
   18   137  0   0.0%   0.447 GU:44   +
   29   103  0   0.0%   1.323 UA:44   +
   10   111  0   0.0%   0.736 GC:44   +
   77    81  0   0.0%   0.786 CG:44   +
   43    61  0   0.0%   0.317 GC:44   +
   44    60  0   0.0%   0.313 CG:44   +
   42    62  0   0.0%   0.003 AU:44   +
   10    34  0   0.0%   0.505 GC:44   +
   82   109  0   0.0%   1.114 UG:44   +
   34   138  0   0.0%   1.106 CG:44   +
   33   139  0   0.0%   1.119 GC:44   +
   72   118  0   0.0%   1.279 GC:44   +
   18    73  0   0.0%   0.354 GU:44   +
   73   117  0   0.0%   1.452 UG:44   +
   16    40  1   0.0%   0.014 GU:1    AU:42   +
   18    83  0   0.0%   0.325 GC:44   +
   15    73  0   0.0%   0.015 AU:44   +
   83   108  0   0.0%   1.086 CG:44   +
   19    82  0   0.0%   0.679 AU:44   +
   91   110  0   0.0%   1.111 GC:44   +
   76    82  0   0.0%   0.899 GU:44   +
  101   110  0   0.0%   1.414 GC:44   +
   83    98  0   0.0%   0.291 CG:44   +
   93   108  0   0.0%   1.232 UG:44   +
   29    75  0   0.0%   1.026 UA:44   +
   82    99  0   0.0%   0.202 UA:44   +
   71    99  0   0.0%   0.695 UA:44   +
   90   108  0   0.0%   1.097 CG:44   +
   29   120  0   0.0%   1.273 UA:44   +
  104   139  0   0.0%   0.804 GC:44   +
   45    53  0   0.0%   0.317 CG:44   +
   30    74  0   0.0%   0.706 CG:44   +
   72    79  0   0.0%   0.802 GC:44   +
   44    54  0   0.0%   0.315 CG:44   +
   66    91  0   0.0%   0.646 CG:44   +
   88   105  0   0.0%   0.414 GU:44   +
   43    47  0   0.0%   0.544 GC:44   +
   71   115  0   0.0%   0.921 UA:44   +
  126   133  1   0.0%   0.287 UG:1    UA:42   +
   36    82  0   0.0%   0.438 AU:44   +
    8   137  0   0.0%   0.232 AU:44   +
   35   101  0   0.0%   0.509 CG:44   +
    5    29  0   0.0%   0.032 AU:44   +
  104   130  0   0.0%   0.760 GC:44   +
   76   118  0   0.0%   1.211 GC:44   +
   77   117  0   0.0%   1.484 CG:44   +
   10    61  0   0.0%   0.509 GC:44   +
   72    77  0   0.0%   1.517 GC:44   +
  105   138  0   0.0%   0.790 UG:44   +
   10   130  0   0.0%   0.636 GC:44   +
   66    76  0   0.0%   1.404 CG:44   +
   65    77  0   0.0%   1.493 GC:44   +
    9    62  0   0.0%   0.299 AU:44   +
   44   109  0   0.0%   1.648 CG:44   +
   43   110  0   0.0%   1.813 GC:44   +
  108   118  0   0.0%   1.235 GC:44   +
   44    98  0   0.0%   1.028 CG:44   +
   68    78  0   0.0%   0.931 GC:44   +
   45   108  0   0.0%   1.567 CG:44   +
   50    74  0   0.0%   1.453 UG:44   +
   28    34  0   0.0%   0.132 GC:44   +
   45    72  0   0.0%   1.025 CG:44   +
   34   101  0   0.0%   0.860 CG:44   +
   69   101  0   0.0%   0.598 CG:44   +
   10   106  0   0.0%   0.587 GC:44   +
   76   111  0   0.0%   1.793 GC:44   +
   52    68  0   0.0%   0.709 CG:44   +
   25    29  0   0.0%   1.084 AU:44   +
   43   118  0   0.0%   1.332 GC:44   +
   31   137  0   0.0%   0.082 AU:44   +
   44   117  0   0.0%   1.393 CG:44   +
   29    33  0   0.0%   0.809 UG:44   +
   12    27  1   0.0%   0.327 GU:32   AU:11   +
   69   104  0   0.0%   1.009 CG:44   +
   25   137  0   0.0%   0.626 AU:44   +
   19   137  0   0.0%   0.600 AU:44   +
   31    73  0   0.0%   0.223 AU:44   +
   31   105  0   0.0%   0.215 AU:44   +
   69    74  0   0.0%   1.092 CG:44   +
   16    27  1   0.0%   0.336 GU:1    AU:42   +
   43    79  0   0.0%   1.191 GC:44   +
   53    78  0   0.0%   0.664 GC:44   +
   54    77  0   0.0%   0.971 GC:44   +
   50    58  0   0.0%   0.156 UA:44   +
   13    27  1   0.0%   0.327 GU:2    AU:41   +
   66   104  0   0.0%   1.204 CG:44   +
   77   123  0   0.0%   0.994 CG:44   +
   78   122  0   0.0%   0.527 CG:44   +
   72    78  0   0.0%   1.164 GC:44   +
   35    98  0   0.0%   0.413 CG:44   +
   80    88  0   0.0%   0.158 CG:44   +
   54   111  0   0.0%   1.102 GC:44   +
   75   125  0   0.0%   0.118 AU:44   +
   68   105  0   0.0%   0.760 GU:44   +
    9    82  0   0.0%   0.392 AU:44   +
   82    88  0   0.0%   0.169 UG:44   +
   41   105  0   0.0%   0.306 AU:44   +
   79   138  0   0.0%   0.254 CG:44   +
  104   118  0   0.0%   1.047 GC:44   +
   44    72  0   0.0%   1.070 CG:44   +
   71   116  0   0.0%   1.223 UA:44   +
   76    80  0   0.0%   0.833 GC:44   +
    6    45  0   0.0%   0.264 GC:44   +
   65   105  0   0.0%   0.997 GU:44   +
   87   139  0   0.0%   0.132 GC:44   +
  106   138  0   0.0%   1.107 CG:44   +
    6    35  0   0.0%   0.264 GC:44   +
   43    73  0   0.0%   1.300 GU:44   +
   35    68  0   0.0%   0.238 CG:44   +
    6    47  0   0.0%   0.264 GC:44   +
  105   117  0   0.0%   1.239 UG:44   +
   44    74  0   0.0%   1.019 CG:44   +
   43    71  0   0.0%   1.118 GU:44   +
   29    74  0   0.0%   1.021 UG:44   +
   34    98  0   0.0%   0.763 CG:44   +
   62   115  0   0.0%   0.579 UA:44   +
    8    93  0   0.0%   0.222 AU:44   +
   14    92  1   0.0%   0.005 GU:1    AU:42   +
    1    92  1   0.0%   0.187 GU:2    AU:41   +
   32    77  0   0.0%   0.448 GC:44   +
  104   111  0   0.0%   1.632 GC:44   +
   86    93  0   0.0%   0.069 AU:44   +
   17    40  1   0.0%   0.230 GU:2    AU:41   +
   54    69  0   0.0%   0.635 GC:44   +
   72   139  0   0.0%   1.025 GC:44   +
   61    72  0   0.0%   1.294 CG:44   +
   60    73  0   0.0%   1.166 GU:44   +
   28    90  0   0.0%   0.352 GC:44   +
   29    89  0   0.0%   1.003 UA:44   +
   54    66  0   0.0%   0.857 GC:44   +
   14    27  1   0.0%   0.327 GU:1    AU:42   +
   70   117  0   0.0%   1.367 CG:44   +
   73   138  0   0.0%   0.992 UG:44   +
   15    93  0   0.0%   0.008 AU:44   +
    7    27  1   0.0%   0.084 GU:42   AU:1    +
   10    90  0   0.0%   0.577 GC:44   +
   44   101  0   0.0%   1.130 CG:44   +
   47    74  0   0.0%   1.578 CG:44   +
   56    64  0   0.0%   0.562 AU:44   +
   48    73  0   0.0%   1.687 AU:44   +
   53    70  0   0.0%   0.829 GC:44   +
   43   139  0   0.0%   1.172 GC:44   +
   44   138  0   0.0%   1.027 CG:44   +
    9    29  0   0.0%   0.615 AU:44   +
   14   126  1   0.0%   0.003 GU:1    AU:42   +
   30    88  0   0.0%   0.686 CG:44   +
  130   136  0   0.0%   0.017 CG:44   +
   15   125  0   0.0%   0.005 AU:44   +
   63   106  0   0.0%   0.862 GC:44   +
   80   104  0   0.0%   0.821 CG:44   +
  125   129  0   0.0%   0.023 UG:44   +
    9   105  0   0.0%   0.309 AU:44   +
   62   107  0   0.0%   0.853 UA:44   +
   71   103  0   0.0%   0.828 UA:44   +
   70   104  0   0.0%   1.180 CG:44   +
   16    92  1   0.0%   0.018 GU:1    AU:42   +
   10   119  0   0.0%   0.649 GC:44   +
   50    56  0   0.0%   0.155 UA:44   +
   82    86  0   0.0%   0.111 UA:44   +
   61   108  0   0.0%   1.214 CG:44   +
   30    81  0   0.0%   0.685 CG:44   +
   18    71  0   0.0%   0.223 GU:44   +
  129   137  0   0.0%   0.035 GU:44   +
   60   110  0   0.0%   1.040 GC:44   +
   16   124  1   0.0%   0.015 GU:1    AU:42   +
    6    66  0   0.0%   0.264 GC:44   +
    6    93  0   0.0%   0.409 GU:44   +
   18   119  0   0.0%   0.449 GC:44   +
   61   109  0   0.0%   1.243 CG:44   +
   71   102  0   0.0%   0.796 UA:44   +
   47    65  0   0.0%   1.044 CG:44   +
    5    93  0   0.0%   0.035 AU:44   +
   18    93  0   0.0%   0.234 GU:44   +
    5   137  0   0.0%   0.040 AU:44   +
   78   138  0   0.0%   0.564 CG:44   +
   62   108  0   0.0%   1.202 UG:44   +
   35   104  0   0.0%   0.805 CG:44   +
   41    73  0   0.0%   0.551 AU:44   +
   17    92  1   0.0%   0.362 GU:2    AU:41   +
  105   129  0   0.0%   0.738 UG:44   +
   50    55  0   0.0%   0.155 UA:44   +
   44   104  0   0.0%   1.541 CG:44   +
   31    93  0   0.0%   0.061 AU:44   +
   58    71  0   0.0%   0.641 AU:44   +
   47   117  0   0.0%   1.315 CG:44   +
   59    71  0   0.0%   0.649 AU:44   +
   91   139  0   0.0%   0.184 GC:44   +
   20    62  0   0.0%   0.459 GU:44   +
   69    98  0   0.0%   0.495 CG:44   +
   98   110  0   0.0%   1.475 GC:44   +
   28   105  0   0.0%   0.508 GU:44   +
   43   105  0   0.0%   1.383 GU:44   +
   32    80  0   0.0%   0.747 GC:44   +
    9    93  0   0.0%   0.301 AU:44   +
    6   110  0   0.0%   0.412 GC:44   +
   69    87  0   0.0%   0.454 CG:44   +
   64   117  0   0.0%   1.075 UG:44   +
   63   118  0   0.0%   0.845 GC:44   +
   42   105  0   0.0%   0.312 AU:44   +
   18    70  0   0.0%   0.222 GC:44   +
   33    79  0   0.0%   0.786 GC:44   +
  101   111  0   0.0%   1.319 GC:44   +
   66    74  0   0.0%   1.320 CG:44   +
   42    93  0   0.0%   0.065 AU:44   +
   56    62  0   0.0%   0.556 AU:44   +
   72    80  0   0.0%   0.777 GC:44   +
   18   110  0   0.0%   0.247 GC:44   +
   35   138  0   0.0%   0.744 CG:44   +
   35   109  0   0.0%   1.353 CG:44   +
   19    62  0   0.0%   0.435 AU:44   +
   20    61  0   0.0%   0.458 GC:44   +
   91   105  0   0.0%   0.542 GU:44   +
   30   109  0   0.0%   1.493 CG:44   +
   63    69  0   0.0%   0.965 GC:44   +
   18    61  0   0.0%   0.210 GC:44   +
   25    82  0   0.0%   0.566 AU:44   +
   74    90  0   0.0%   0.700 GC:44   +
   45    63  0   0.0%   0.309 CG:44   +
   35    76  0   0.0%   0.798 CG:44   +
   58    62  0   0.0%   0.556 AU:44   +
   28    83  0   0.0%   0.446 GC:44   +
   72   105  0   0.0%   0.994 GU:44   +
   52    87  0   0.0%   0.253 CG:44   +
    6    83  0   0.0%   0.315 GC:44   +
   18    52  0   0.0%   0.211 GC:44   +
   91   118  0   0.0%   0.431 GC:44   +
   15   137  0   0.0%   0.014 AU:44   +
   79   109  0   0.0%   1.159 CG:44   +
   68   106  0   0.0%   0.816 GC:44   +
   64    68  0   0.0%   1.035 UG:44   +
   73    91  0   0.0%   0.830 UG:44   +
   80   108  0   0.0%   1.119 CG:44   +
   76    83  0   0.0%   0.899 GC:44   +
    9   137  0   0.0%   0.306 AU:44   +
  107   137  0   0.0%   0.552 AU:44   +
   87   110  0   0.0%   1.054 GC:44   +
   59    64  0   0.0%   0.570 AU:44   +
   76   106  0   0.0%   1.419 GC:44   +
   83   101  0   0.0%   0.412 CG:44   +
   36   137  0   0.0%   0.443 AU:44   +
   53   139  0   0.0%   0.292 GC:44   +
   71    96  0   0.0%   0.648 UA:44   +
   53    69  0   0.0%   0.643 GC:44   +
   32    44  0   0.0%   0.014 GC:44   +
   93   116  0   0.0%   0.614 UA:44   +
   56    73  0   0.0%   0.819 AU:44   +
   82   102  0   0.0%   0.289 UA:44   +
   14    40  1   0.0%   0.001 GU:1    AU:42   +
   88    93  0   0.0%   0.172 GU:44   +
   98   139  0   0.0%   0.548 GC:44   +
   48    64  0   0.0%   0.890 AU:44   +
   47    53  0   0.0%   0.239 CG:44   +
  101   139  0   0.0%   0.486 GC:44   +
   98   111  0   0.0%   1.381 GC:44   +
   47   104  0   0.0%   1.464 CG:44   +
   71    76  0   0.0%   1.433 UG:44   +
   35    72  0   0.0%   0.096 CG:44   +
   74   139  0   0.0%   0.809 GC:44   +
   32   110  0   0.0%   1.082 GC:44   +
    5    82  0   0.0%   0.035 AU:44   +
   61   129  0   0.0%   0.674 CG:44   +
   60   130  0   0.0%   0.458 GC:44   +
   89    93  0   0.0%   0.108 AU:44   +
   65   139  0   0.0%   0.797 GC:44   +
   60    70  0   0.0%   0.942 GC:44   +
   20    66  0   0.0%   0.467 GC:44   +
   66   138  0   0.0%   0.693 CG:44   +
   62   128  0   0.0%   0.669 UA:44   +
   73   115  0   0.0%   0.961 UA:44   +
   36    71  0   0.0%   0.223 AU:44   +
   63    70  0   0.0%   1.146 GC:44   +
   28   119  0   0.0%   0.808 GC:44   +
   13   126  1   0.0%   0.003 GU:2    AU:41   +
   54    62  0   0.0%   0.779 GU:44   +
   92   100  1   0.5%   0.230 UA:43   +
   74   119  0   0.0%   0.883 GC:44   +
   32    47  0   0.0%   0.540 GC:44   +
    6    77  0   0.0%   0.277 GC:44   +
   27    85  1   0.0%   1.019 UG:1    UA:42   +
   73   120  0   0.0%   0.948 UA:44   +
   18    66  0   0.0%   0.218 GC:44   +
   36    93  0   0.0%   0.349 AU:44   +
   80   138  0   0.0%   0.242 CG:44   +
   15   105  0   0.0%   0.014 AU:44   +
    8    64  0   0.0%   0.128 AU:44   +
   72   111  0   0.0%   1.846 GC:44   +
   29    98  0   0.0%   1.004 UG:44   +
  119   136  0   0.0%   0.295 CG:44   +
   29    97  0   0.0%   1.004 UA:44   +
   20   134  0   0.0%   1.149 GC:44   +
   19    93  0   0.0%   0.589 AU:44   +
   73   127  0   0.0%   0.958 UG:44   +
   69   138  0   0.0%   0.739 CG:44   +
   69   123  0   0.0%   0.708 CG:44   +
   68   139  0   0.0%   0.791 GC:44   +
   73    81  0   0.0%   0.830 UG:44   +
   70   122  0   0.0%   0.877 CG:44   +
   71   109  0   0.0%   1.810 UG:44   +
   65    70  0   0.0%   1.328 GC:44   +
   10    29  0   0.0%   0.815 GU:44   +
   44    91  0   0.0%   0.982 CG:44   +
   28   134  0   0.0%   0.706 GC:44   +
   47   138  0   0.0%   0.950 CG:44   +
   65    69  0   0.0%   1.146 GC:44   +
   72   130  0   0.0%   0.989 GC:44   +
   20    34  0   0.0%   0.430 GC:44   +
   10   134  0   0.0%   0.637 GC:44   +
   68    79  0   0.0%   0.567 GC:44   +
   54   139  0   0.0%   0.283 GC:44   +
   44    49  0   0.0%   0.483 CG:44   +
  106   117  0   0.0%   1.558 CG:44   +
  109   139  0   0.0%   1.204 GC:44   +
   11   133  1   0.0%   0.633 UG:1    UA:42   +
   90   136  0   0.0%   0.168 CG:44   +
   89   137  0   0.0%   0.167 AU:44   +
   65    80  0   0.0%   0.782 GC:44   +
   73   129  0   0.0%   0.948 UG:44   +
   82    96  0   0.0%   0.156 UA:44   +
   18    82  0   0.0%   0.322 GU:44   +
   65    79  0   0.0%   0.806 GC:44   +
   71   101  0   0.0%   0.821 UG:44   +
   29    95  0   0.0%   1.003 UA:44   +
   82    87  0   0.0%   0.182 UG:44   +
   18    78  0   0.0%   0.241 GC:44   +
   47    54  0   0.0%   0.235 CG:44   +
   65   106  0   0.0%   1.053 GC:44   +
   43    50  0   0.0%   0.469 GU:44   +
   34   108  0   0.0%   1.046 CG:44   +
   18   135  0   0.0%   0.437 GC:44   +
   10    45  0   0.0%   0.505 GC:44   +
   63   111  0   0.0%   1.417 GC:44   +
   81   139  0   0.0%   0.101 GC:44   +
   90   138  0   0.0%   0.217 CG:44   +
  110   138  0   0.0%   1.221 CG:44   +
   71    98  0   0.0%   0.705 UG:44   +
  101   130  0   0.0%   0.443 GC:44   +
   33    83  0   0.0%   0.820 GC:44   +
    6   137  0   0.0%   0.589 GU:44   +
   87    93  0   0.0%   0.140 GU:44   +
   28    71  0   0.0%   0.508 GU:44   +
   33   106  0   0.0%   1.045 GC:44   +
  118   123  0   0.0%   0.501 CG:44   +
   18    69  0   0.0%   0.222 GC:44   +
  116   125  0   0.0%   0.337 AU:44   +
   52   138  0   0.0%   0.292 CG:44   +
   82   138  0   0.0%   0.207 UG:44   +
    5   105  0   0.0%   0.037 AU:44   +
    6   134  0   0.0%   0.582 GC:44   +
   54   130  0   0.0%   0.244 GC:44   +
   28    66  0   0.0%   0.348 GC:44   +
   29    81  0   0.0%   1.003 UG:44   +
   20   130  0   0.0%   1.147 GC:44   +
   76   130  0   0.0%   0.921 GC:44   +
   58    73  0   0.0%   0.819 AU:44   +
   77   129  0   0.0%   0.981 CG:44   +
   10    69  0   0.0%   0.529 GC:44   +
   45    54  0   0.0%   0.313 CG:44   +
   42    73  0   0.0%   0.558 AU:44   +
   91   135  0   0.0%   0.143 GC:44   +
   45    98  0   0.0%   0.975 CG:44   +
   20    77  0   0.0%   0.650 GC:44   +
   33    45  0   0.0%   0.637 GC:44   +
   81   118  0   0.0%   0.348 GC:44   +
   78   136  0   0.0%   0.515 CG:44   +
   73    89  0   0.0%   0.828 UA:44   +
   93   138  0   0.0%   0.350 UG:44   +
   50    54  0   0.0%   0.160 UG:44   +
   25    64  0   0.0%   0.458 AU:44   +
   82   117  0   0.0%   0.660 UG:44   +
   71    87  0   0.0%   0.663 UG:44   +
   70    88  0   0.0%   0.612 CG:44   +
   72    90  0   0.0%   0.741 GC:44   +
   54    64  0   0.0%   0.785 GU:44   +
   81   106  0   0.0%   0.606 GC:44   +
   18    35  0   0.0%   0.203 GC:44   +
   79   136  0   0.0%   0.204 CG:44   +
   18    77  0   0.0%   0.250 GC:44   +
   54   106  0   0.0%   0.546 GC:44   +
   98   135  0   0.0%   0.507 GC:44   +
   65   110  0   0.0%   1.426 GC:44   +
   20   137  0   0.0%   1.163 GU:44   +
   73   116  0   0.0%   1.263 UA:44   +
    6   105  0   0.0%   0.411 GU:44   +
    3    92  1   0.0%   0.018 GU:33   AU:10   +
   61    98  0   0.0%   0.623 CG:44   +
   10   105  0   0.0%   0.587 GU:44   +
   64   116  0   0.0%   0.891 UA:44   +
   62    97  0   0.0%   0.565 UA:44   +
    7    37  1   0.0%   0.373 GC:26   GU:17   +
   55   105  0   0.0%   0.264 AU:44   +
   10    35  0   0.0%   0.503 GC:44   +
  102   125  0   0.0%   0.240 AU:44   +
  108   139  0   0.0%   1.160 GC:44   +
   31    50  0   0.0%   0.159 AU:44   +
   32   139  0   0.0%   1.109 GC:44   +
   28    45  0   0.0%   0.113 GC:44   +
   29    96  0   0.0%   1.003 UA:44   +
   29    65  0   0.0%   1.008 UG:44   +
   66   109  0   0.0%   1.310 CG:44   +
   34    91  0   0.0%   0.718 CG:44   +
   47    98  0   0.0%   0.952 CG:44   +
   20    83  0   0.0%   0.751 GC:44   +
   10    93  0   0.0%   0.578 GU:44   +
   72   110  0   0.0%   1.901 GC:44   +
   60   119  0   0.0%   0.564 GC:44   +
    1    27  1   0.0%   0.178 GU:2    AU:41   +
   71   131  0   0.0%   0.909 UA:44   +
   93   109  0   0.0%   1.260 UG:44   +
   53   119  0   0.0%   0.361 GC:44   +
   12    92  1   0.0%   0.006 GU:33   AU:10   +
   64   107  0   0.0%   0.854 UA:44   +
   10   137  0   0.0%   0.641 GU:44   +
   28    93  0   0.0%   0.355 GU:44   +
    6    52  0   0.0%   0.264 GC:44   +
    6    71  0   0.0%   0.290 GU:44   +
   65    78  0   0.0%   1.169 GC:44   +
   68   130  0   0.0%   0.755 GC:44   +
   28    44  0   0.0%   0.114 GC:44   +
   73   109  0   0.0%   1.851 UG:44   +
   60    78  0   0.0%   0.783 GC:44   +
   83   104  0   0.0%   0.786 CG:44   +
   32    93  0   0.0%   0.713 GU:44   +
   98   118  0   0.0%   0.796 GC:44   +
   30    91  0   0.0%   0.685 CG:44   +
  101   118  0   0.0%   0.734 GC:44   +
   50    63  0   0.0%   0.827 UG:44   +
  105   122  0   0.0%   0.749 UG:44   +
   29    43  0   0.0%   0.789 UG:44   +
   45    76  0   0.0%   1.680 CG:44   +
  123   130  0   0.0%   0.026 GC:44   +
   68    73  0   0.0%   1.301 GU:44   +
   47   101  0   0.0%   1.053 CG:44   +
   69   129  0   0.0%   0.695 CG:44   +
   58    64  0   0.0%   0.562 AU:44   +
   47    91  0   0.0%   0.906 CG:44   +
   47    60  0   0.0%   0.231 CG:44   +
   13    40  1   0.0%   0.001 GU:2    AU:41   +
   20    69  0   0.0%   0.471 GC:44   +
   35    63  0   0.0%   0.029 CG:44   +
   29    94  0   0.0%   1.004 UA:44   +
   85    92  1   0.0%   0.064 GU:1    AU:42   +
   54   118  0   0.0%   0.438 GC:44   +
   15    82  0   0.0%   0.096 AU:44   +
   36    62  0   0.0%   0.007 AU:44   +
   43    80  0   0.0%   1.167 GC:44   +
   52   108  0   0.0%   0.880 CG:44   +
   20    93  0   0.0%   0.661 GU:44   +
   29    72  0   0.0%   1.017 UG:44   +
   10    70  0   0.0%   0.529 GC:44   +
  118   129  0   0.0%   0.487 CG:44   +
  117   130  0   0.0%   0.708 GC:44   +
    9    71  0   0.0%   0.311 AU:44   +
   72    83  0   0.0%   0.838 GC:44   +
  119   127  0   0.0%   0.304 CG:44   +
   48   137  0   0.0%   0.881 AU:44   +
  117   137  0   0.0%   0.714 GU:44   +
  132   137  0   0.0%   0.111 AU:44   +
   18   130  0   0.0%   0.436 GC:44   +
   15    71  0   0.0%   0.016 AU:44   +
   53   111  0   0.0%   1.110 GC:44   +
   77   136  0   0.0%   0.982 CG:44   +
   28    78  0   0.0%   0.424 GC:44   +
   88   118  0   0.0%   0.514 GC:44   +
   66   101  0   0.0%   0.792 CG:44   +
   76   137  0   0.0%   0.928 GU:44   +
   87   119  0   0.0%   0.199 GC:44   +
   54   119  0   0.0%   0.352 GC:44   +
    6    90  0   0.0%   0.409 GC:44   +
    7   121  1   0.0%   0.697 GC:41   GU:2    +
    7    84  1   0.0%   0.612 GC:42   GU:1    +
   94   137  0   0.0%   0.041 AU:44   +
   83    91  0   0.0%   0.283 CG:44   +
   54   110  0   0.0%   0.919 GC:44   +
   82   107  0   0.0%   0.685 UA:44   +
   30    43  0   0.0%   0.635 CG:44   +
   71    95  0   0.0%   0.648 UA:44   +
   52    74  0   0.0%   0.915 CG:44   +
   72   134  0   0.0%   0.991 GC:44   +
   82    95  0   0.0%   0.155 UA:44   +
   74   137  0   0.0%   0.779 GU:44   +
   21    92  1   0.0%   0.510 GC:1    GU:42   +
   17   124  1   0.0%   0.359 GU:2    AU:41   +
   53    73  0   0.0%   1.055 GU:44   +
   18   105  0   0.0%   0.240 GU:44   +
  118   136  0   0.0%   0.488 CG:44   +
   28   135  0   0.0%   0.706 GC:44   +
   90   117  0   0.0%   0.670 CG:44   +
   15    62  0   0.0%   0.004 AU:44   +
  129   134  0   0.0%   0.016 GC:44   +
  109   119  0   0.0%   1.441 GC:44   +
   77    87  0   0.0%   0.797 CG:44   +
   82    97  0   0.0%   0.165 UA:44   +
   71   108  0   0.0%   1.782 UG:44   +
   20    47  0   0.0%   0.459 GC:44   +
   77   108  0   0.0%   1.804 CG:44   +
   64    72  0   0.0%   1.288 UG:44   +
   32   118  0   0.0%   1.255 GC:44   +
   42    82  0   0.0%   0.150 AU:44   +
   29   108  0   0.0%   1.483 UG:44   +
   18   134  0   0.0%   0.437 GC:44   +
   71    91  0   0.0%   0.649 UG:44   +
   49    71  0   0.0%   1.842 GU:44   +
   86   105  0   0.0%   0.309 AU:44   +
   53   106  0   0.0%   0.555 GC:44   +
   72    93  0   0.0%   0.746 GU:44   +
   93   115  0   0.0%   0.312 UA:44   +
    6    61  0   0.0%   0.264 GC:44   +
  106   122  0   0.0%   1.066 CG:44   +
   74    82  0   0.0%   0.791 GU:44   +
   21    34  1   0.4%   0.344 GC:43   +
  126   132  1   0.4%   0.366 UA:43   +
   27    75  1   0.4%   1.067 UA:43   +
   75    92  1   0.4%   0.114 AU:43   +
    7    78  1   0.4%   0.467 GC:43   +
   40   103  1   0.4%   0.235 UA:43   +
    5    27  1   0.3%   0.062 AU:43   +
    7   118  1   0.2%   0.728 GC:43   +
    7    69  1   0.2%   0.412 GC:43   +
   31   126  1   0.2%   0.095 AU:43   +
   27   115  1   0.2%   1.492 UA:43   +
    7   110  1   0.2%   0.557 GC:43   +
   21    30  1   0.1%   0.909 GC:43   +
    7    79  1   0.1%   0.461 GC:43   +
    7    77  1   0.1%   0.407 GC:43   +
   21    52  1   0.1%   0.320 GC:43   +
   92    97  1   0.1%   0.098 UA:43   +
   64   114  1   0.1%   0.635 UA:43   +
   21   139  1   0.1%   1.053 GC:43   +
    7   106  1   0.1%   0.540 GC:43   +
   27   131  1   0.1%   1.715 UA:43   +
   21   134  1   0.1%   1.014 GC:43   +
    5    11  1   0.1%   0.193 AU:43   +
   11    19  1   0.1%   0.223 UA:43   +
   21    44  1   0.0%   0.307 GC:43   +
   27    31  1   0.0%   0.780 UA:43   +
    7   139  1   0.0%   0.714 GC:43   +
   92    96  1   0.0%   0.076 UA:43   +
   36    40  1   0.0%   0.015 AU:43   +
   21    78  1   0.0%   0.583 GC:43   +
   40   100  1   0.0%   0.034 UA:43   +
   27    53  1   0.0%   1.005 UG:43   +
   58   126  1   0.0%   0.022 AU:43   +
   27   117  1   0.0%   2.090 UG:43   +
   27   104  1   0.0%   1.327 UG:43   +
   40   102  1   0.0%   0.165 UA:43   +
  124   132  1   0.0%   0.025 UA:43   +
    8    27  1   0.0%   0.031 AU:43   +
   40    94  1   0.0%   0.026 UA:43   +
   27   100  1   0.0%   1.026 UA:43   +
   27   102  1   0.0%   1.028 UA:43   +
   42    92  1   0.0%   0.066 AU:43   +
  107   126  1   0.0%   0.557 AU:43   +
   27    74  1   0.0%   1.017 UG:43   +
    7   134  1   0.0%   0.702 GC:43   +
   21    66  1   0.0%   0.319 GC:43   +
   11    94  1   0.0%   0.578 UA:43   +
   21    79  1   0.0%   0.559 GC:43   +
    6    27  1   0.0%   0.063 GU:43   +
   21   105  1   0.0%   0.523 GU:43   +
   92   107  1   0.0%   0.811 UA:43   +
   40   107  1   0.0%   0.346 UA:43   +
   11    15  1   0.0%   0.192 UA:43   +
   27    32  1   0.0%   0.780 UG:43   +
   27    36  1   0.0%   0.776 UA:43   +
   18    27  1   0.0%   0.385 GU:43   +
   27    97  1   0.0%   1.022 UA:43   +
   17    39  3   0.0%   0.229 GU:2    AU:39   +
   11   116  1   0.0%   0.583 UA:43   +
   27   122  1   0.0%   1.700 UG:43   +
   25   124  1   0.0%   0.616 AU:43   +
   31    40  1   0.0%   0.007 AU:43   +
   11   102  1   0.0%   0.577 UA:43   +
   10    27  1   0.0%   0.824 GU:43   +
   21   130  1   0.0%   0.999 GC:43   +
    7    80  1   0.0%   0.432 GC:43   +
   11   115  1   0.0%   0.582 UA:43   +
   46    71  1   0.0%   0.865 AU:43   +
    8    92  1   0.0%   0.222 AU:43   +
   27   101  1   0.0%   1.026 UG:43   +
   86    92  1   0.0%   0.067 AU:43   +
   21    80  1   0.0%   0.544 GC:43   +
   11   103  1   0.0%   0.577 UA:43   +
   40    97  1   0.0%   0.023 UA:43   +
    7    44  1   0.0%   0.373 GC:43   +
    7    34  1   0.0%   0.373 GC:43   +
   25    40  1   0.0%   0.304 AU:43   +
   40    99  1   0.0%   0.063 UA:43   +
   36    92  1   0.0%   0.349 AU:43   +
   21   135  1   0.0%   1.010 GC:43   +
   11   107  1   0.0%   0.577 UA:43   +
   21    83  1   0.0%   0.602 GC:43   +
   73   114  1   0.0%   1.002 UA:43   +
   15    27  1   0.0%   0.328 AU:43   +
   21   106  1   0.0%   0.522 GC:43   +
   25    92  1   0.0%   0.477 AU:43   +
   11    31  1   0.0%   0.526 UA:43   +
    9    92  1   0.0%   0.301 AU:43   +
   11    75  1   0.0%   0.540 UA:43   +
   15    40  1   0.0%   0.004 AU:43   +
   11    89  1   0.0%   0.574 UA:43   +
   11   100  1   0.0%   0.576 UA:43   +
   15    92  1   0.0%   0.007 AU:43   +
   13    39  3   0.0%   0.001 GU:2    AU:39   +
   11    36  1   0.0%   0.527 UA:43   +
    7   119  1   0.0%   0.711 GC:43   +
   11    41  1   0.0%   0.527 UA:43   +
   40    75  1   0.0%   0.044 UA:43   +
   21    61  1   0.0%   0.306 GC:43   +
   19    92  1   0.0%   0.589 AU:43   +
    7    47  1   0.0%   0.374 GC:43   +
   27    86  1   0.0%   1.020 UA:43   +
   27   108  1   0.0%   1.757 UG:43   +
   11   120  1   0.0%   0.632 UA:43   +
   27   128  1   0.0%   1.700 UA:43   +
   27    81  1   0.0%   1.020 UG:43   +
   40    95  1   0.0%   0.021 UA:43   +
   11    99  1   0.0%   0.575 UA:43   +
   21   119  1   0.0%   1.112 GC:43   +
   27    42  1   0.0%   0.775 UA:43   +
   40    96  1   0.0%   0.021 UA:43   +
   15   124  1   0.0%   0.004 AU:43   +
   11    95  1   0.0%   0.575 UA:43   +
   46    62  1   0.0%   0.212 AU:43   +
   27    76  1   0.0%   1.113 UG:43   +
   40    48  1   0.0%   0.224 UA:43   +
   46   105  1   0.0%   1.112 AU:43   +
   31    92  1   0.0%   0.061 AU:43   +
   27    91  1   0.0%   1.020 UG:43   +
  124   131  1   0.0%   0.024 UA:43   +
   11    96  1   0.0%   0.575 UA:43   +
   21   137  1   0.0%   1.014 GU:43   +
   11    97  1   0.0%   0.575 UA:43   +
   41    92  1   0.0%   0.054 AU:43   +
    7    66  1   0.0%   0.373 GC:43   +
   27    99  1   0.0%   1.020 UA:43   +
   40    59  1   0.0%   0.006 UA:43   +
   71   114  1   0.0%   0.961 UA:43   +
    7   135  1   0.0%   0.700 GC:43   +
   27   138  1   0.0%   1.746 UG:43   +
    5    92  1   0.0%   0.035 AU:43   +
  115   126  1   0.0%   0.034 AU:43   +
   27   129  1   0.0%   1.701 UG:43   +
   27    41  1   0.0%   0.775 UA:43   +
  103   124  1   0.0%   0.228 AU:43   +
   40    58  1   0.0%   0.006 UA:43   +
    7    70  1   0.0%   0.399 GC:43   +
   21    82  1   0.0%   0.599 GU:43   +
    7    52  1   0.0%   0.373 GC:43   +
   11   128  1   0.0%   0.632 UA:43   +
   27   132  1   0.0%   1.705 UA:43   +
  105   114  1   0.0%   0.789 UA:43   +
   27    94  1   0.0%   1.021 UA:43   +
   21    50  1   0.0%   0.299 GU:43   +
   11    42  1   0.0%   0.527 UA:43   +
   21    90  1   0.0%   0.506 GC:43   +
   15   126  1   0.0%   0.005 AU:43   +
   19    40  1   0.0%   0.435 AU:43   +
  120   126  1   0.0%   0.023 AU:43   +
   27   120  1   0.0%   1.699 UA:43   +
    7    90  1   0.0%   0.518 GC:43   +
   27    72  1   0.0%   1.010 UG:43   +
    7    45  1   0.0%   0.373 GC:43   +
    5    40  1   0.0%   0.022 AU:43   +
   93   114  1   0.0%   0.353 UA:43   +
   27   114  2   0.0%   1.467 UA:42   +
   24   105  2   0.0%   0.021 AU:42   +
   11    46  2   0.0%   0.532 UA:42   +
   11   114  2   0.0%   0.582 UA:42   +
   24    29  2   0.0%   0.784 AU:42   +
   24    50  2   0.0%   0.004 AU:42   +
   24   125  2   0.0%   0.006 AU:42   +
   24    73  2   0.0%   0.145 AU:42   +
   24    93  2   0.0%   0.007 AU:42   +
   40    46  2   0.0%   0.216 UA:42   +
   27    46  2   0.0%   0.776 UA:42   +
   22    57  5   0.0%   0.141 CG:14   UG:25   +
   24    64  2   0.0%   0.005 AU:42   +
   24   137  2   0.0%   0.015 AU:42   +
   46    92  2   0.0%   0.864 AU:42   +
.........................((....((((.......((((((((((((......))))))....)))).))..((((....))))................))))....)).((((((((....)))))))).
