microRNA: ggo-miR-455
	position: 3 23
	>Target: IIIIIiIIIIIHhhhhhhhh	Occurrences:2
microRNA: ggo-miR-515-5p
	position: 61 84
	 Target: IIIIIIeeeeeeeeeeIIIIHhh	Occurrences:2
	 Target: IIIIIIeeeeeeeeeeIIIHhhh	Occurrences:1
microRNA: ggo-miR-519e-5p
	position: 63 84
	 Target: IIIIeeeeeeeeeeIIIHhhh	Occurrences:1
	 Target: IIIIeeeeeeeeeeIIIIHhh	Occurrences:2
microRNA: ggo-miR-548d
	position: 52 75
	>Target: hHIIIIIiiIIIIIIeeeeeeee	Occurrences:22
	>Target: hHiIIIIiiIIIIIIeeeeeeee	Occurrences:1
	position: 55 75
	>Target: IIIIiiIIiIIIeeeeeeee	Occurrences:1
microRNA: ggo-miR-548e
	position: 52 74
	>Target: hHiIIIIiiIIIIIIeeeeeee	Occurrences:1
	>Target: hHIIIIIiiIIIIIIeeeeeee	Occurrences:24
	>Target: hHIIIIIiiIIiIIIeeeeeee	Occurrences:1
microRNA: hsa-miR-3194-3p
	position: 70 91
	>Target: eeeeeeeIIIHhhhhhhhHII	Occurrences:1
microRNA: hsa-miR-3655
	position: 8 28
	>Target: iIIIIiHhhhhhhhhhhhhh	Occurrences:1
microRNA: hsa-miR-4503
	position: 35 56
	>Target: hhhhhhhhhhhhhhhhhhHII	Occurrences:1
microRNA: hsa-miR-455-3p
	position: 3 23
	>Target: IIIIIiIIIIIHhhhhhhhh	Occurrences:2
microRNA: hsa-miR-4677-5p
	position: 8 32
	>Target: iIIIIIHhhhhhhhhhhhhhhhhh	Occurrences:7
	position: 12 32
	>Target: IiHhhhhhhhhhhhhhhhhh	Occurrences:1
microRNA: hsa-miR-4756-3p
	position: 76 94
	 Target: eIIIIHhhhhhHIIIIe	Occurrences:24
microRNA: hsa-miR-515-5p
	position: 61 84
	 Target: IIIIIIeeeeeeeeeeIIIIHhh	Occurrences:2
	 Target: IIIIIIeeeeeeeeeeIIIHhhh	Occurrences:1
microRNA: hsa-miR-519e-5p
	position: 63 84
	 Target: IIIIeeeeeeeeeeIIIHhhh	Occurrences:1
	 Target: IIIIeeeeeeeeeeIIIIHhh	Occurrences:2
microRNA: hsa-miR-548a-3p
	position: 51 74
	>Target: hhHIIIIIiiIIiIIIeeeeeee	Occurrences:1
	>Target: hhHiIIIIiiIIIIIIeeeeeee	Occurrences:1
	>Target: hhHIIIIIiiIIIIIIeeeeeee	Occurrences:24
microRNA: hsa-miR-548ae-3p
	position: 52 75
	>Target: hHIIIIIiiIIIIIIeeeeeeee	Occurrences:22
	>Target: hHiIIIIiiIIIIIIeeeeeeee	Occurrences:1
	position: 55 75
	>Target: IIIIiiIIiIIIeeeeeeee	Occurrences:1
microRNA: hsa-miR-548ah-3p
	position: 51 75
	>Target: hhHIIIIIiiIIIIIIeeeeeeee	Occurrences:22
	>Target: hhHiIIIIiiIIIIIIeeeeeeee	Occurrences:1
	position: 54 75
	>Target: IIIIIiiIIiIIIeeeeeeee	Occurrences:1
microRNA: hsa-miR-548aj-3p
	position: 52 75
	>Target: hHIIIIIiiIIIIIIeeeeeeee	Occurrences:22
	>Target: hHiIIIIiiIIIIIIeeeeeeee	Occurrences:1
	position: 55 75
	>Target: IIIIiiIIiIIIeeeeeeee	Occurrences:1
microRNA: hsa-miR-548am-3p
	position: 51 75
	>Target: hhHIIIIIiiIIIIIIeeeeeeee	Occurrences:22
	>Target: hhHiIIIIiiIIIIIIeeeeeeee	Occurrences:1
	position: 54 75
	>Target: IIIIIiiIIiIIIeeeeeeee	Occurrences:1
microRNA: hsa-miR-548aq-3p
	position: 51 75
	>Target: hhHiIIIIiiIIIIIIeeeeeeee	Occurrences:1
	>Target: hhHIIIIIiiIIIIIIeeeeeeee	Occurrences:22
	position: 54 75
	>Target: IIIIIiiIIiIIIeeeeeeee	Occurrences:1
microRNA: hsa-miR-548ar-3p
	position: 51 74
	>Target: hhHIIIIIiiIIIIIIeeeeeee	Occurrences:2
microRNA: hsa-miR-548az-3p
	position: 54 74
	>Target: IIIIIiiIIiIIIeeeeeee	Occurrences:1
microRNA: hsa-miR-548e-3p
	position: 50 74
	>Target: hhhHiIIIIiiIIIIIIeeeeeee	Occurrences:1
	>Target: hhhHIIIIIiiIIiIIIeeeeeee	Occurrences:1
	>Target: hhhHIIIIIiiIIIIIIeeeeeee	Occurrences:24
microRNA: hsa-miR-548f-3p
	position: 56 74
	>Target: IIIiiIIIIIIeeeeeee	Occurrences:24
	>Target: IIIiiIIiIIIeeeeeee	Occurrences:1
microRNA: hsa-miR-548g-3p
	position: 49 73
	>Target: hhhhHIIIIIiiIIIIIIeeeeee	Occurrences:23
	>Target: hhhhHiIIIIiiIIIIIIeeeeee	Occurrences:1
	position: 52 73
	>Target: hHIIIIIiiIIiIIIeeeeee	Occurrences:1
microRNA: hsa-miR-548j-3p
	position: 54 75
	>Target: IIIIIiiIIIIIIeeeeeeee	Occurrences:2
microRNA: hsa-miR-548x-3p
	position: 56 75
	>Target: IIIiiIIIIIIeeeeeeee	Occurrences:19
	>Target: IIIiiIIiIIIeeeeeeee	Occurrences:1
	position: 53 75
	>Target: HIIIIIiiIIIIIIeeeeeeee	Occurrences:2
microRNA: hsa-miR-578
	position: 9 30
	>Target: IIIIIHhhhhhhhhhhhhhhh	Occurrences:18
	>Target: IIIIiHhhhhhhhhhhhhhhh	Occurrences:1
microRNA: hsa-miR-6728-3p
	position: 70 90
	>Target: eeeeeeeIIIHhhhhhhhHI	Occurrences:1
microRNA: hsa-miR-6828-3p
	position: 70 89
	>Target: eeeeeeeIIIHhhhhhhhH	Occurrences:1
	>Target: eeeeeeeIIIIHhhhhhHI	Occurrences:24
microRNA: hsa-miR-7152-5p
	position: 8 30
	>Target: iIIIIIHhhhhhhhhhhhhhhh	Occurrences:1
microRNA: hsa-miR-95-5p
	position: 59 80
	>Target: iiIIIIIIeeeeeeeeeeIII	Occurrences:3
microRNA: ptr-miR-455
	position: 3 23
	>Target: IIIIIiIIIIIHhhhhhhhh	Occurrences:2
microRNA: ptr-miR-548a
	position: 51 74
	>Target: hhHiIIIIiiIIIIIIeeeeeee	Occurrences:1
	>Target: hhHIIIIIiiIIIIIIeeeeeee	Occurrences:24
	>Target: hhHIIIIIiiIIiIIIeeeeeee	Occurrences:1
microRNA: ptr-miR-548e
	position: 52 74
	>Target: hHiIIIIiiIIIIIIeeeeeee	Occurrences:1
	>Target: hHIIIIIiiIIIIIIeeeeeee	Occurrences:24
	>Target: hHIIIIIiiIIiIIIeeeeeee	Occurrences:1
microRNA: ptr-miR-548f
	position: 56 74
	>Target: IIIiiIIiIIIeeeeeee	Occurrences:1
	>Target: IIIiiIIIIIIeeeeeee	Occurrences:24
microRNA: ptr-miR-570
	position: 54 75
	>Target: IIIIIiiIIIIIIeeeeeeee	Occurrences:2
