6 sequence; length of alignment 120
alifold output
   85    95  0  96.8%   0.144 GC:6   
   86    94  0  96.7%   0.109 UG:6   
   87    93  0  96.4%   0.118 UA:6   
   84    96  0  96.1%   0.248 CG:6   
   83    97  0  96.0%   0.252 UA:6   
   81    99  0  94.9%   0.290 GU:4    AU:2   
   82    98  0  95.8%   0.264 AU:6   
   88    92  0  94.8%   0.169 CG:6   
   80   100  0  87.9%   0.441 UA:6   
   28    39  0  79.1%   0.833 GC:6   
   29    38  0  79.1%   0.836 CG:6   
   23    44  0  78.8%   0.573 GC:6   
   24    43  0  78.4%   0.584 AU:6   
    9    71  0  78.2%   0.821 CG:6   
   27    40  0  78.2%   0.818 UA:6   
   10    70  0  78.1%   0.833 CG:6   
    7    72  0  77.5%   0.615 UA:6   
    6    73  0  75.4%   0.694 AU:6   
   22    45  0  72.7%   0.703 UG:6   
   50    56  0  71.1%   2.002 GC:6   
   49    57  0  70.7%   1.635 UA:6   
   51    55  0  70.1%   1.784 CG:6   
   48    58  0  68.7%   1.406 UA:6   
   30    37  0  66.0%   1.079 AU:6   
    5    74  0  65.6%   0.940 AU:6   
   47    59  0  64.7%   1.327 GU:6   
   21    46  0  63.5%   0.885 UA:6   
   14    65  0  57.3%   1.923 GC:6   
   15    64  0  57.2%   2.073 UA:6   
   16    63  0  56.4%   1.967 GC:6   
   13    66  1  56.1%   2.015 UA:5   
   12    67  0  52.3%   1.712 GU:6   
   79   101  0  47.4%   1.373 UG:6   
  102   111  0  37.2%   1.849 CG:6    +
  103   110  1  36.9%   1.806 AU:5    +
  104   109  0  34.8%   1.730 GC:4    GU:2    +
   12    65  0  25.3%   1.400 GC:6    +
   14    63  0  25.3%   1.313 GC:6    +
   13    64  1  25.3%   1.409 UA:5    +
   11    66  0  23.8%   1.180 UA:6    +
   15    62  0  22.9%   1.438 UA:6    +
    3    76  0  13.9%   0.942 UA:6    +
    2    77  0  12.8%   0.854 GU:5    --:1    +
   17    50  0  11.0%   1.027 CG:6    +
   16    51  0  10.9%   1.009 GC:6    +
   17    26  0  10.6%   0.727 CG:6    +
   16    27  0  10.5%   0.713 GU:6    +
   70   114  0  10.4%   1.247 GC:6    +
   71   113  0  10.4%   1.370 GC:6    +
   14    29  0  10.4%   0.708 GC:6    +
   15    28  0  10.3%   0.709 UG:6    +
   69   115  0  10.3%   1.155 UA:6    +
   18    25  0  10.0%   0.707 UG:6    +
   68   116  0   9.7%   1.053 UG:6    +
   13    30  1   9.8%   0.684 UA:5    +
   67   117  0   8.2%   1.104 UA:6    +
   10    33  0   7.8%   0.620 CG:6    +
   12    31  0   7.6%   0.591 GU:6    +
   38   102  0   7.2%   1.009 GC:6    +
   37   103  0   7.2%   1.071 UA:6    +
   22    57  0   7.2%   1.032 UA:6    +
   39   101  0   7.2%   1.015 CG:6    +
   23    56  0   7.2%   0.983 GC:6    +
   21    58  0   7.1%   0.945 UA:6    +
    9    34  0   7.1%   0.589 CG:6    +
   36   104  0   7.0%   0.763 CG:6    +
   20    59  0   6.5%   0.677 AU:6    +
   29    50  0   6.5%   1.310 CG:6    +
   28    51  0   6.5%   1.287 GC:6    +
   35   105  0   6.0%   0.933 UA:6    +
   73   112  0   5.9%   1.211 UA:6    +
   74   111  0   5.8%   1.222 UG:6    +
   33    44  0   5.7%   0.904 GC:6    +
   34    43  0   5.7%   0.882 GU:6    +
   30    49  0   5.6%   1.137 AU:6    +
   32    45  0   5.4%   0.722 UG:6    +
   35    42  0   5.3%   0.481 UA:6    +
   31    46  0   4.8%   1.011 UA:6    +
   39    50  0   4.8%   1.157 CG:6    +
   40    49  0   4.7%   0.907 AU:6    +
   38    51  0   4.6%   1.115 GC:6    +
   18    61  0   4.6%   0.844 UA:6    +
   75   110  1   4.9%   0.699 AU:5    +
   78   107  0   4.3%   0.984 UA:6    +
    1    78  0   4.1%   0.412 AU:5    --:1    +
  101   113  0   4.0%   1.492 GC:6    +
   77   108  0   4.0%   1.028 UA:6    +
   41    48  0   3.7%   0.568 AU:6    +
   79   106  0   3.5%   1.088 UG:6    +
   18    54  0   2.5%   0.608 UG:5    UA:1    +
   35    55  0   3.4%   0.870 UG:6    +
   37    53  0   3.4%   0.790 UA:6    +
   43    72  0   3.2%   1.004 UA:6    +
   42    73  0   3.2%   0.842 AU:6    +
   12    56  0   3.2%   0.559 GC:6    +
   44    71  0   3.1%   1.029 CG:6    +
   85   109  0   2.1%   0.317 GC:4    GU:2    +
   36    54  1   3.5%   0.592 CG:5    +
   16    56  0   2.9%   0.960 GC:6    +
   17    55  0   2.9%   0.995 CG:6    +
   34    56  0   2.9%   1.192 GC:6    +
   41    74  0   2.8%   0.875 AU:6    +
   11    57  0   2.7%   0.349 UA:6    +
   46    69  0   2.6%   1.040 AU:6    +
   19    49  0   2.6%   0.324 AU:6    +
   13    55  1   3.1%   0.592 UG:5    +
   74    81  0   1.6%   0.734 UG:4    UA:2    +
   20    48  0   2.5%   0.331 AU:6    +
   15    53  0   2.5%   0.562 UA:6    +
   78   104  0   2.4%   0.762 UG:6    +
   77   105  0   2.3%   0.894 UA:6    +
   87   107  0   2.3%   0.569 UA:6    +
   86   108  0   2.3%   0.471 UA:6    +
   88   106  0   2.3%   0.620 CG:6    +
   80   115  0   2.2%   0.930 UA:6    +
   79   116  0   2.2%   1.261 UG:6    +
   84   111  0   2.2%   0.601 CG:6    +
   83   112  0   2.1%   0.674 UA:6    +
   78   117  0   2.1%   1.072 UA:6    +
    3    75  0   2.1%   0.278 UA:6    +
   54   109  0   0.0%   0.401 GC:4    GU:1    AU:1    +
   35    54  0   0.9%   0.491 UG:5    UA:1    +
   32    57  0   1.8%   0.807 UA:6    +
   31    58  0   1.8%   0.822 UA:6    +
   21    47  0   1.8%   0.526 UG:6    +
   11   115  0   1.7%   0.761 UA:6    +
   30    59  0   1.7%   1.114 AU:6    +
   12   114  0   1.7%   1.309 GC:6    +
   10   116  0   1.7%   0.698 CG:6    +
   49    54  0   0.7%   0.829 UG:5    UA:1    +
   78   106  0   1.6%   0.702 UG:6    +
   73    82  0   1.6%   0.652 UA:6    +
    4    74  0   1.6%   0.215 AU:6    +
   72    83  0   1.6%   0.601 AU:6    +
   71    84  0   1.6%   0.632 GC:6    +
   78   105  0   1.5%   0.832 UA:6    +
   77   103  0   1.5%   0.762 UA:6    +
   81   114  2   2.2%   0.783 GC:4    +
   33    56  0   1.5%   1.026 GC:6    +
   77   107  0   1.4%   0.790 UA:6    +
  109   116  0   0.4%   0.974 CG:4    UG:2    +
   22    46  0   1.4%   0.715 UA:6    +
   79   104  0   1.4%   0.970 UG:6    +
   43    97  0   1.4%   0.694 UA:6    +
   18    62  0   1.4%   1.078 UA:6    +
   44    96  0   1.4%   0.694 CG:6    +
   42    98  0   1.4%   0.488 AU:6    +
   15    57  0   1.4%   0.632 UA:6    +
   34   113  0   1.3%   0.785 GC:6    +
   33   114  0   1.3%   0.757 GC:6    +
   75    80  0   1.3%   0.347 AU:6    +
   95   101  0   1.3%   0.899 CG:6    +
   77   118  1   1.3%   0.913 UG:1    UA:4    +
   78   103  0   1.3%   0.673 UA:6    +
   21    72  0   1.3%   0.932 UA:6    +
   20    73  0   1.3%   0.742 AU:6    +
   14   113  0   1.3%   1.153 GC:6    +
   22    71  0   1.2%   0.918 UG:6    +
   19    74  0   1.2%   0.694 AU:6    +
   94   102  0   1.2%   0.558 GC:6    +
    2   109  0   0.2%   0.374 GC:3    GU:2    --:1    +
   41    99  0   1.2%   0.437 AU:6    +
   15   112  0   1.2%   1.311 UA:6    +
   31    54  0   0.2%   0.561 UG:5    UA:1    +
   32   115  0   1.2%   0.552 UA:6    +
   35   112  0   1.2%   0.808 UA:6    +
   24    69  0   1.2%   0.405 AU:6    +
   79   105  0   1.1%   1.035 UA:6    +
   18    75  0   1.1%   0.878 UA:6    +
   79   103  0   1.1%   0.925 UA:6    +
   77   106  0   1.1%   0.710 UG:6    +
   47    68  0   1.1%   0.823 GU:6    +
   38   109  0   0.1%   0.592 GC:4    GU:2    +
   63    70  0   1.1%   1.242 CG:6    +
   25    68  0   1.1%   0.505 GU:6    +
   80   105  0   1.1%   0.829 UA:6    +
   71   109  0   0.1%   0.544 GC:4    GU:2    +
   54    59  0   0.0%   0.938 GU:5    AU:1    +
   69    81  0   0.0%   0.319 UG:4    UA:2    +
   47   109  0   0.0%   0.586 GC:4    GU:2    +
   54    68  0   0.0%   0.601 GU:5    AU:1    +
   11    54  0   0.0%   0.087 UG:5    UA:1    +
  101   109  0   0.0%   0.831 GC:4    GU:2    +
   36   111  0   1.0%   0.521 CG:6    +
   54    73  0   0.0%   0.810 GU:5    AU:1    +
   54    98  0   0.0%   0.449 GU:5    AU:1    +
   34   109  0   0.0%   0.530 GC:4    GU:2    +
   54    91  0   0.0%   0.377 GU:5    AU:1    +
   37    54  0   0.0%   0.724 UG:5    UA:1    +
   81    91  0   0.0%   0.089 GU:4    AU:2    +
   70   109  0   0.0%   0.409 GC:4    GU:2    +
   89   109  0   0.0%   0.162 GC:4    GU:2    +
   54    87  0   0.0%   0.375 GU:5    AU:1    +
   68    81  0   0.0%   0.268 UG:4    UA:2    +
   15    54  0   0.0%   0.386 UG:5    UA:1    +
   16   109  0   0.0%   1.008 GC:4    GU:2    +
   14   109  0   0.0%   0.966 GC:4    GU:2    +
   12   109  0   0.0%   1.111 GC:4    GU:2    +
   81    98  0   0.0%   0.142 GU:4    AU:2    +
   27    54  0   0.0%   0.605 UG:5    UA:1    +
   33   109  0   0.0%   0.514 GC:4    GU:2    +
    3    81  0   0.0%   0.393 UG:4    UA:2    +
   22    54  0   0.0%   0.433 UG:5    UA:1    +
   21    54  0   0.0%   0.504 UG:5    UA:1    +
   54    86  0   0.0%   0.374 GU:5    AU:1    +
   54    74  0   0.0%   0.892 GU:5    AU:1    +
   48    54  0   0.0%   0.626 UG:5    UA:1    +
   54    67  0   0.0%   0.808 GU:5    AU:1    +
   59    81  0   0.0%   0.605 UG:4    UA:2    +
   54    77  0   0.0%   0.665 GU:5    AU:1    +
   54    78  0   0.0%   0.523 GU:5    AU:1    +
   73    81  0   0.0%   0.458 UG:4    UA:2    +
   54    79  0   0.0%   0.384 GU:5    AU:1    +
   77    81  0   0.0%   0.378 UG:4    UA:2    +
   54    69  0   0.0%   0.612 GU:5    AU:1    +
   54    90  0   0.0%   0.376 GU:5    AU:1    +
   45   109  0   0.0%   0.543 GC:4    GU:2    +
   32    54  0   0.0%   0.366 UG:5    UA:1    +
   90   104  0   1.0%   0.625 UG:6    +
   26    67  0   1.0%   0.824 GU:6    +
   27    66  0   1.0%   1.377 UA:6    +
   28    65  0   1.0%   1.555 GC:6    +
   91   103  0   0.9%   0.638 UA:6    +
   36    45  0   0.9%   0.516 CG:6    +
   35    46  0   0.9%   0.830 UA:6    +
   50    65  0   0.9%   1.815 GC:6    +
   49    66  0   0.9%   1.622 UA:6    +
   64    69  0   0.8%   1.098 AU:6    +
    5    73  0   0.8%   0.121 AU:6    +
   80   103  0   0.8%   0.726 UA:6    +
   12    68  0   0.8%   1.147 GU:6    +
   47    56  0   0.7%   0.850 GC:6    +
   48    55  0   0.7%   0.810 UG:6    +
   45    95  0   0.7%   0.596 GC:6    +
   26    51  0   0.7%   0.601 GC:6    +
    2   113  0   0.7%   0.452 GC:5    --:1    +
   27    62  0   0.7%   0.996 UA:6    +
   26    63  0   0.7%   1.067 GC:6    +
   80   104  0   0.7%   0.728 UG:6    +
   27    50  0   0.7%   0.817 UG:6    +
   31    47  0   0.7%   0.558 UG:6    +
    3   112  0   0.7%   0.512 UA:6    +
   11    53  0   0.7%   0.112 UA:6    +
    9    55  0   0.7%   0.308 CG:6    +
   25    52  0   0.7%   0.410 GU:6    +
   18    70  0   0.6%   0.908 UG:6    +
   19    69  0   0.6%   0.253 AU:6    +
   77   104  0   0.6%   0.699 UG:6    +
   18    50  0   0.6%   0.603 UG:6    +
   32    46  0   0.6%   0.774 UA:6    +
   17    71  0   0.6%   0.932 CG:6    +
   23    65  0   0.6%   1.166 GC:6    +
   19    48  0   0.6%   0.108 AU:6    +
   12    52  0   0.6%   0.294 GU:6    +
   22    66  0   0.6%   1.260 UA:6    +
   92   102  0   0.6%   0.509 GC:6    +
   20    68  0   0.6%   0.420 AU:6    +
   18    60  0   0.6%   0.478 UA:6    +
   91   100  0   0.5%   0.247 UA:6    +
   90   101  0   0.5%   0.726 UG:6    +
   92    99  0   0.5%   0.269 GU:6    +
   89   102  0   0.5%   0.400 GC:6    +
   41    68  0   0.5%   0.338 AU:6    +
   42    67  0   0.5%   0.643 AU:6    +
   40    69  0   0.5%   0.517 AU:6    +
   93    98  0   0.5%   0.233 AU:6    +
   34    44  0   0.5%   0.796 GC:6    +
   39    70  0   0.5%   0.675 CG:6    +
   43    66  0   0.5%   1.187 UA:6    +
   11   103  0   0.5%   0.571 UA:6    +
   10   104  0   0.5%   0.520 CG:6    +
   12   102  0   0.5%   1.153 GC:6    +
   16   102  0   0.4%   1.089 GC:6    +
   17   101  0   0.4%   0.780 CG:6    +
   46    68  0   0.4%   0.811 AU:6    +
   91   104  0   0.4%   0.645 UG:6    +
  106   113  0   0.4%   0.995 GC:6    +
   17    28  0   0.4%   0.553 CG:6    +
   45    69  0   0.4%   0.646 GU:6    +
   16    29  0   0.4%   0.543 GC:6    +
   28    63  0   0.4%   1.445 GC:6    +
   27    64  0   0.4%   1.265 UA:6    +
   15   103  0   0.4%   1.205 UA:6    +
   26    65  0   0.4%   1.098 GC:6    +
   33    48  0   0.4%   0.616 GU:6    +
   90   105  0   0.4%   0.636 UA:6    +
   30    48  0   0.4%   0.723 AU:6    +
   65    70  0   0.4%   1.244 CG:6    +
  104   114  0   0.4%   1.436 GC:6    +
  106   114  0   0.4%   0.980 GC:6    +
   44    70  0   0.3%   0.704 CG:6    +
   74   106  0   0.3%   0.711 UG:6    +
   10   106  0   0.3%   0.545 CG:6    +
   11   105  0   0.3%   0.578 UA:6    +
   14   102  0   0.3%   1.019 GC:6    +
    9   106  0   0.3%   0.490 CG:6    +
   73   107  0   0.3%   0.607 UA:6    +
   16    52  0   0.3%   0.601 GU:6    +
   28    49  0   0.3%   0.603 GU:6    +
   19    59  0   0.3%   0.197 AU:6    +
   18   100  0   0.3%   0.743 UA:6    +
   53    59  0   0.3%   0.878 AU:6    +
   47    67  0   0.3%   0.954 GU:6    +
   15   101  0   0.2%   1.146 UG:6    +
   45    63  0   0.2%   1.221 GC:6    +
   52    60  0   0.2%   0.221 UA:6    +
    7   107  0   0.2%   0.263 UA:6    +
   17    47  0   0.2%   0.320 CG:6    +
   31   116  0   0.2%   0.613 UG:6    +
   19    99  0   0.2%   0.279 AU:6    +
   11   107  0   0.2%   0.595 UA:6    +
    2    39  0   0.2%   0.063 GC:5    --:1    +
    3    38  0   0.2%   0.042 UG:6    +
   29    47  0   0.2%   0.574 CG:6    +
   74   107  0   0.2%   0.714 UA:6    +
  101   114  0   0.2%   1.350 GC:6    +
   29    55  0   0.2%   0.929 CG:6    +
   33    52  0   0.2%   0.546 GU:6    +
   28    56  0   0.2%   1.092 GC:6    +
   32    53  0   0.2%   0.377 UA:6    +
   34    51  0   0.2%   0.890 GC:6    +
   36   116  0   0.2%   0.535 CG:6    +
   37   115  0   0.2%   0.786 UA:6    +
   48    66  0   0.2%   1.435 UA:6    +
   38   114  0   0.2%   0.740 GC:6    +
    3   108  0   0.2%   0.435 UA:6    +
   67    76  0   0.2%   0.780 UA:6    +
   68    75  0   0.2%   0.437 UA:6    +
   37    72  0   0.2%   0.723 UA:6    +
   78   101  0   0.2%   0.464 UG:6    +
   27    57  0   0.2%   0.859 UA:6    +
    4    37  0   0.2%   0.036 AU:6    +
    2    65  0   0.2%   0.079 GC:5    --:1    +
   79   100  0   0.2%   0.084 UA:6    +
   35   117  0   0.2%   0.647 UA:6    +
   72    78  0   0.2%   0.580 AU:6    +
    2    10  0   0.2%   0.043 GC:5    --:1    +
   20    98  0   0.2%   0.410 AU:6    +
   35    50  0   0.2%   0.736 UG:6    +
   10    54  1   0.7%   0.316 CG:5    +
   66    77  0   0.2%   1.156 AU:6    +
   61    68  0   0.2%   0.448 AU:6    +
    3    64  0   0.2%   0.058 UA:6    +
  104   113  0   0.2%   1.432 GC:6    +
   73   111  0   0.2%   0.649 UG:6    +
   73   108  0   0.2%   0.590 UA:6    +
   20    52  0   0.2%   0.189 AU:6    +
   32    60  0   0.2%   0.370 UA:6    +
   18    46  0   0.2%   0.274 UA:6    +
   43    71  0   0.2%   0.709 UG:6    +
   60    69  0   0.2%   0.349 AU:6    +
   71    79  0   0.2%   0.469 GU:6    +
    2     9  0   0.1%   0.030 GC:5    --:1    +
    9    33  0   0.1%   0.039 CG:6    +
   57    69  0   0.1%   0.957 AU:6    +
   56    70  0   0.1%   1.176 CG:6    +
   21    97  0   0.1%   0.648 UA:6    +
   62    73  0   0.1%   0.941 AU:6    +
   31    61  0   0.1%   0.658 UA:6    +
   16    48  0   0.1%   0.292 GU:6    +
   38    52  0   0.1%   0.493 GU:6    +
   58    68  0   0.1%   0.793 AU:6    +
   47    63  0   0.1%   1.255 GC:6    +
   28    48  0   0.1%   0.604 GU:6    +
   33    59  0   0.1%   0.786 GU:6    +
   35    72  0   0.1%   0.657 UA:6    +
   36    71  0   0.1%   0.476 CG:6    +
   34    73  0   0.1%   0.840 GU:6    +
   44   104  0   0.1%   0.807 CG:6    +
   43   105  0   0.1%   0.801 UA:6    +
   33    74  0   0.1%   0.918 GU:6    +
   61    74  0   0.1%   0.745 AU:6    +
   32    75  0   0.1%   0.469 UA:6    +
  102   116  0   0.1%   1.222 CG:6    +
   48    62  0   0.1%   1.091 UA:6    +
    2    63  0   0.1%   0.061 GC:5    --:1    +
    1    77  0   0.1%   0.034 AU:5    --:1    +
   39    47  0   0.1%   0.373 CG:6    +
   38    48  0   0.1%   0.413 GU:6    +
   22    96  0   0.1%   0.605 UG:6    +
    2    78  0   0.1%   0.474 GU:5    --:1    +
    3    62  0   0.1%   0.042 UA:6    +
   26   113  0   0.1%   0.496 GC:6    +
   25   114  0   0.1%   0.431 GC:6    +
   15    30  0   0.1%   0.488 UA:6    +
   27   112  0   0.1%   0.694 UA:6    +
   18    24  0   0.1%   0.025 UA:6    +
   31    76  0   0.1%   0.790 UA:6    +
   62    67  0   0.1%   0.928 AU:6    +
    6    35  0   0.1%   0.023 AU:6    +
   14    51  0   0.1%   0.265 GC:6    +
   37    46  0   0.1%   0.895 UA:6    +
    1    11  0   0.1%   0.022 AU:5    --:1    +
   36    47  0   0.1%   0.198 CG:6    +
   74   108  0   0.1%   0.689 UA:6    +
   63    92  0   0.1%   0.880 CG:6    +
   17    25  0   0.1%   0.026 CG:6    +
   45    65  0   0.1%   1.253 GC:6    +
   15    50  0   0.1%   0.267 UG:6    +
   29   111  0   0.1%   0.679 CG:6    +
    6    59  0   0.1%   0.031 AU:6    +
    2   114  0   0.1%   0.401 GC:5    --:1    +
   14    56  0   0.1%   0.379 GC:6    +
    2   102  0   0.1%   0.348 GC:5    --:1    +
   15    55  0   0.1%   0.505 UG:6    +
   64    91  0   0.1%   0.788 AU:6    +
   50    63  0   0.1%   1.676 GC:6    +
   49    61  0   0.1%   0.888 UA:6    +
   30    77  0   0.1%   1.065 AU:6    +
    7    58  0   0.1%   0.028 UA:6    +
   37    70  0   0.1%   0.667 UG:6    +
   52    64  0   0.1%   0.872 UA:6    +
   63    71  0   0.1%   1.273 CG:6    +
   15    66  0   0.1%   1.754 UA:6    +
   16    65  0   0.1%   1.656 GC:6    +
   49    64  0   0.1%   1.433 UA:6    +
   31    62  0   0.1%   0.949 UA:6    +
   60    74  0   0.1%   0.617 AU:6    +
   14    67  0   0.1%   1.281 GU:6    +
   61    73  0   0.1%   0.644 AU:6    +
    3   101  0   0.1%   0.408 UG:6    +
   14    31  0   0.1%   0.448 GU:6    +
   70    80  0   0.1%   0.390 GU:6    +
   19    32  0   0.1%   0.017 AU:6    +
   43    47  0   0.1%   0.522 UG:6    +
   13    54  1   0.1%   0.282 UG:4    UA:1    +
   20    31  0   0.1%   0.219 AU:6    +
   18    33  0   0.1%   0.464 UG:6    +
    4    77  0   0.1%   0.367 AU:6    +
   78   108  0   0.1%   0.769 UA:6    +
   65    92  0   0.1%   0.886 CG:6    +
   32    58  0   0.1%   0.578 UA:6    +
   19    52  0   0.1%   0.193 AU:6    +
   21    62  0   0.1%   0.981 UA:6    +
   37    42  0   0.1%   0.461 UA:6    +
   65    89  0   0.1%   0.881 CG:6    +
   18    53  0   0.1%   0.426 UA:6    +
   22    61  0   0.1%   0.653 UA:6    +
   63    89  0   0.1%   0.871 CG:6    +
   62    90  0   0.1%   0.501 AU:6    +
  102   106  0   0.1%   0.811 CG:6    +
   66    91  0   0.1%   0.870 AU:6    +
   79   107  0   0.1%   0.944 UA:6    +
   33    39  0   0.1%   0.433 GC:6    +
   32    40  0   0.1%   0.216 UA:6    +
   74   105  0   0.1%   0.837 UA:6    +
   78   118  1   0.1%   0.756 UG:1    UA:4    +
   72    79  0   0.1%   0.438 AU:6    +
   42    48  0   0.1%   0.489 AU:6    +
   41    73  0   0.1%   0.491 AU:6    +
   15    61  0   0.1%   0.423 UA:6    +
   12    63  0   0.1%   0.362 GC:6    +
   21    30  0   0.1%   0.250 UA:6    +
   61    91  0   0.1%   0.222 AU:6    +
   59    70  0   0.1%   0.901 UG:6    +
   79   117  0   0.0%   1.084 UA:6    +
   31    41  0   0.0%   0.222 UA:6    +
   71    78  0   0.0%   0.585 GU:6    +
   40    74  0   0.0%   0.791 AU:6    +
   78   116  0   0.0%   0.935 UG:6    +
    4    78  0   0.0%   0.237 AU:6    +
    7    57  0   0.0%   0.018 UA:6    +
   48    76  0   0.0%   0.932 UA:6    +
   47    77  0   0.0%   0.849 GU:6    +
   17    34  0   0.0%   0.477 CG:6    +
   52    61  0   0.0%   0.323 UA:6    +
   23    29  0   0.0%   0.273 GC:6    +
   11    64  0   0.0%   0.171 UA:6    +
   49    75  0   0.0%   0.906 UA:6    +
   46    78  0   0.0%   0.865 AU:6    +
   16    49  0   0.0%   0.285 GU:6    +
    7    34  0   0.0%   0.014 UG:6    +
   32    47  0   0.0%   0.347 UG:6    +
   69   111  0   0.0%   0.391 UG:6    +
   24    68  0   0.0%   0.288 AU:6    +
   91   105  0   0.0%   0.623 UA:6    +
   64    90  0   0.0%   0.779 AU:6    +
   59    75  0   0.0%   0.755 UA:6    +
   77   117  0   0.0%   0.970 UA:6    +
   65    71  0   0.0%   1.282 CG:6    +
   32    61  0   0.0%   0.481 UA:6    +
   72    77  0   0.0%   0.702 AU:6    +
   23    95  0   0.0%   0.434 GC:6    +
   17   111  0   0.0%   0.711 CG:6    +
   77   101  0   0.0%   0.575 UG:6    +
   55   102  0   0.0%   0.949 GC:6    +
   56   101  0   0.0%   1.140 CG:6    +
   45    79  0   0.0%   0.498 GU:6    +
   52    70  0   0.0%   0.439 UG:6    +
   25    67  0   0.0%   0.638 GU:6    +
   53    69  0   0.0%   0.521 AU:6    +
   89    95  0   0.0%   0.100 GC:6    +
   48   108  0   0.0%   0.672 UA:6    +
   69    75  0   0.0%   0.472 UA:6    +
   51    71  0   0.0%   1.286 CG:6    +
   60    73  0   0.0%   0.524 AU:6    +
   50   102  0   0.0%   1.221 GC:6    +
   51   101  0   0.0%   1.134 CG:6    +
   52   105  0   0.0%   0.384 UA:6    +
   49   107  0   0.0%   0.804 UA:6    +
   51   106  0   0.0%   0.928 CG:6    +
    4    59  0   0.0%   0.023 AU:6    +
   49   103  0   0.0%   1.025 UA:6    +
   59    66  0   0.0%   1.427 UA:6    +
    7    60  0   0.0%   0.028 UA:6    +
   88    96  0   0.0%   0.168 CG:6    +
   50    74  0   0.0%   1.464 GU:6    +
   68   112  0   0.0%   0.432 UA:6    +
   68    82  0   0.0%   0.276 UA:6    +
   88   104  0   0.0%   0.505 CG:6    +
   58    67  0   0.0%   0.985 AU:6    +
    3    60  0   0.0%   0.025 UA:6    +
   90    94  0   0.0%   0.061 UG:6    +
   32   108  0   0.0%   0.344 UA:6    +
   87   105  0   0.0%   0.530 UA:6    +
   23    69  0   0.0%   0.466 GU:6    +
   80   106  0   0.0%   0.609 UG:6    +
   10    34  0   0.0%   0.412 CG:6    +
   46    59  0   0.0%   0.881 AU:6    +
    7   117  0   0.0%   0.246 UA:6    +
   25    44  0   0.0%   0.437 GC:6    +
   80   116  0   0.0%   0.811 UG:6    +
   22    60  0   0.0%   0.533 UA:6    +
   10    55  0   0.0%   0.290 CG:6    +
   17    23  0   0.0%   0.010 CG:6    +
    5    77  0   0.0%   0.603 AU:6    +
   52   100  0   0.0%   0.180 UA:6    +
    6    74  0   0.0%   0.580 AU:6    +
   68    76  0   0.0%   0.572 UA:6    +
    9   111  0   0.0%   0.463 CG:6    +
   37    41  0   0.0%   0.303 UA:6    +
   53    74  0   0.0%   0.802 AU:6    +
   87    97  0   0.0%   0.157 UA:6    +
   38    69  0   0.0%   0.462 GU:6    +
   16    35  0   0.0%   0.276 GU:6    +
   12    69  0   0.0%   1.079 GU:6    +
   11    33  0   0.0%   0.226 UG:6    +
   63    85  0   0.0%   0.859 CG:6    +
   21    61  0   0.0%   0.713 UA:6    +
   62    86  0   0.0%   0.489 AU:6    +
    1    79  0   0.0%   0.157 AU:5    --:1    +
   23    32  0   0.0%   0.021 GU:6    +
   22    30  0   0.0%   0.247 UA:6    +
   24    31  0   0.0%   0.223 AU:6    +
   71    80  0   0.0%   0.448 GU:6    +
   26    43  0   0.0%   0.441 GU:6    +
   41    49  0   0.0%   0.559 AU:6    +
   44   111  0   0.0%   0.650 CG:6    +
   52    75  0   0.0%   0.302 UA:6    +
   70    74  0   0.0%   0.909 GU:6    +
   79   115  0   0.0%   1.054 UA:6    +
   51    94  0   0.0%   0.879 CG:6    +
   61    69  0   0.0%   0.455 AU:6    +
    9   116  0   0.0%   0.464 CG:6    +
   69    76  0   0.0%   0.615 UA:6    +
   43   112  0   0.0%   0.733 UA:6    +
   61    87  0   0.0%   0.213 AU:6    +
   50    95  0   0.0%   0.992 GC:6    +
   48   104  0   0.0%   0.870 UG:6    +
   70    79  0   0.0%   0.391 GU:6    +
   58    90  0   0.0%   0.559 AU:6    +
   57    91  0   0.0%   0.708 AU:6    +
   70   102  0   0.0%   0.657 GC:6    +
   62    68  0   0.0%   0.723 AU:6    +
   78   100  0   0.0%   0.193 UA:6    +
   10    25  0   0.0%   0.018 CG:6    +
   52    93  0   0.0%   0.161 UA:6    +
   69   103  0   0.0%   0.577 UA:6    +
   86   106  0   0.0%   0.348 UG:6    +
   56    92  0   0.0%   0.882 CG:6    +
   53    99  0   0.0%   0.354 AU:6    +
   25    51  0   0.0%   0.499 GC:6    +
   24    52  0   0.0%   0.273 AU:6    +
   11    24  0   0.0%   0.014 UA:6    +
   22    33  0   0.0%   0.225 UG:6    +
   59    89  0   0.0%   0.614 UG:6    +
   15    20  0   0.0%   0.008 UA:6    +
   15    72  0   0.0%   1.281 UA:6    +
   68   104  0   0.0%   0.499 UG:6    +
   68   117  0   0.0%   0.731 UA:6    +
   23    59  0   0.0%   0.599 GU:6    +
   27    53  0   0.0%   0.604 UA:6    +
   14    52  0   0.0%   0.286 GU:6    +
    2    79  0   0.0%   0.336 GU:5    --:1    +
   17    38  0   0.0%   0.295 CG:6    +
   21    34  0   0.0%   0.210 UG:6    +
    9    26  0   0.0%   0.016 CG:6    +
   16    39  0   0.0%   0.283 GC:6    +
   20    35  0   0.0%   0.024 AU:6    +
   57    68  0   0.0%   0.921 AU:6    +
   55    67  0   0.0%   1.114 GU:6    +
    5    78  0   0.0%   0.470 AU:6    +
   38    44  0   0.0%   0.589 GC:6    +
   67   105  0   0.0%   0.694 UA:6    +
   14    73  0   0.0%   1.188 GU:6    +
   22   117  0   0.0%   0.601 UA:6    +
   67   118  1   0.0%   0.685 UG:1    UA:4    +
   47    65  0   0.0%   1.277 GC:6    +
   39    45  0   0.0%   0.645 CG:6    +
    7   112  0   0.0%   0.274 UA:6    +
    5    37  0   0.0%   0.017 AU:6    +
   36    50  0   0.0%   0.559 CG:6    +
   26    52  0   0.0%   0.384 GU:6    +
   16    77  0   0.0%   1.252 GU:6    +
   80   101  0   0.0%   0.811 UG:6    +
   73   106  0   0.0%   0.570 UG:6    +
   44   106  0   0.0%   0.623 CG:6    +
   88    94  0   0.0%   0.094 CG:6    +
    1     7  0   0.0%   0.005 AU:5    --:1    +
   43   107  0   0.0%   0.611 UA:6    +
    4    79  0   0.0%   0.100 AU:6    +
    3   111  0   0.0%   0.416 UG:6    +
   65    85  0   0.0%   0.866 CG:6    +
   49    96  0   0.0%   0.830 UG:6    +
   24    67  0   0.0%   0.556 AU:6    +
   12    32  0   0.0%   0.203 GU:6    +
    9    70  0   0.0%   0.247 CG:6    +
   48    97  0   0.0%   0.713 UA:6    +
    2    17  0   0.0%   0.026 GC:5    --:1    +
   14    21  0   0.0%   0.005 GU:6    +
   78   111  0   0.0%   0.844 UG:6    +
   48    64  0   0.0%   1.333 UA:6    +
   61    67  0   0.0%   0.626 AU:6    +
   23    68  0   0.0%   0.493 GU:6    +
    3    16  0   0.0%   0.004 UG:6    +
   47    98  0   0.0%   0.626 GU:6    +
    3   117  0   0.0%   0.452 UA:6    +
   64    86  0   0.0%   0.766 AU:6    +
   25    65  0   0.0%   0.999 GC:6    +
   14    74  0   0.0%   1.282 GU:6    +
   58    77  0   0.0%   0.843 AU:6    +
   22    70  0   0.0%   0.760 UG:6    +
   77   112  0   0.0%   1.058 UA:6    +
   67    89  0   0.0%   0.485 UG:6    +
   12    59  0   0.0%   0.355 GU:6    +
    7   118  1   0.0%   0.244 UG:1    UA:4    +
   74   104  0   0.0%   0.830 UG:6    +
   60    68  0   0.0%   0.310 AU:6    +
   59    76  0   0.0%   0.894 UA:6    +
   51    89  0   0.0%   0.876 CG:6    +
    4    15  0   0.0%   0.004 AU:6    +
    6    67  0   0.0%   0.018 AU:6    +
   50    90  0   0.0%   0.949 GU:6    +
   21   118  1   0.0%   0.637 UG:1    UA:4    +
   66    90  0   0.0%   0.860 AU:6    +
   11    60  0   0.0%   0.158 UA:6    +
   46    67  0   0.0%   1.015 AU:6    +
   39   106  0   0.0%   0.619 CG:6    +
   27    41  0   0.0%   0.436 UA:6    +
    6    77  0   0.0%   0.513 AU:6    +
   20    49  0   0.0%   0.206 AU:6    +
   11    70  0   0.0%   0.694 UG:6    +
   38    43  0   0.0%   0.561 GU:6    +
   33    63  0   0.0%   1.234 GC:6    +
   38    56  0   0.0%   0.951 GC:6    +
   39    55  0   0.0%   0.744 CG:6    +
    5    68  0   0.0%   0.007 AU:6    +
   10    71  0   0.0%   0.641 CG:6    +
   56    89  0   0.0%   0.880 CG:6    +
   55    90  0   0.0%   0.677 GU:6    +
    1    18  0   0.0%   0.012 AU:5    --:1    +
    2     7  0   0.0%   0.005 GU:5    --:1    +
   63    94  0   0.0%   0.870 CG:6    +
   15    58  0   0.0%   0.420 UA:6    +
   22    62  0   0.0%   0.909 UA:6    +
   25    63  0   0.0%   0.965 GC:6    +
   70    88  0   0.0%   0.383 GC:6    +
   32    64  0   0.0%   1.019 UA:6    +
   14    59  0   0.0%   0.272 GU:6    +
   27    42  0   0.0%   0.436 UA:6    +
   39   111  0   0.0%   0.643 CG:6    +
   31    60  0   0.0%   0.520 UA:6    +
    3   116  0   0.0%   0.450 UG:6    +
   18    47  0   0.0%   0.271 UG:6    +
   87    92  0   0.0%   0.024 UG:6    +
   57    78  0   0.0%   0.852 AU:6    +
   45    68  0   0.0%   0.610 GU:6    +
   73   105  0   0.0%   0.744 UA:6    +
   37    57  0   0.0%   0.861 UA:6    +
    4    69  0   0.0%   0.020 AU:6    +
   45   102  0   0.0%   0.786 GC:6    +
   66    73  0   0.0%   1.284 AU:6    +
   62    69  0   0.0%   0.735 AU:6    +
   55    63  0   0.0%   1.465 GC:6    +
   12    51  0   0.0%   0.203 GC:6    +
   67    72  0   0.0%   0.843 UA:6    +
   86    93  0   0.0%   0.014 UA:6    +
   74   112  0   0.0%   1.133 UA:6    +
   69   116  0   0.0%   0.880 UG:6    +
   94    99  0   0.0%   0.192 GU:6    +
   52    57  0   0.0%   0.812 UA:6    +
   46    99  0   0.0%   0.781 AU:6    +
   52    58  0   0.0%   0.660 UA:6    +
    3   115  0   0.0%   0.449 UA:6    +
   49    60  0   0.0%   0.758 UA:6    +
   41    78  0   0.0%   0.412 AU:6    +
   48    61  0   0.0%   0.784 UA:6    +
   12   113  0   0.0%   1.135 GC:6    +
    3   118  1   0.0%   0.452 UG:1    UA:4    +
   79   118  1   0.0%   0.836 UG:1    UA:4    +
   25    43  0   0.0%   0.433 GU:6    +
    2    74  0   0.0%   0.060 GU:5    --:1    +
   16    73  0   0.0%   1.224 GU:6    +
   50    59  0   0.0%   1.469 GU:6    +
   42    77  0   0.0%   0.592 AU:6    +
    7   108  0   0.0%   0.249 UA:6    +
   36    55  0   0.0%   0.551 CG:6    +
   47    51  0   0.0%   0.775 GC:6    +
   32   107  0   0.0%   0.352 UA:6    +
   34    48  0   0.0%   0.577 GU:6    +
   40    79  0   0.0%   0.383 AU:6    +
   35    41  0   0.0%   0.022 UA:6    +
   85    91  0   0.0%   0.028 GU:6    +
   78   112  0   0.0%   0.920 UA:6    +
   69    89  0   0.0%   0.329 UG:6    +
    3    70  0   0.0%   0.039 UG:6    +
   84    92  0   0.0%   0.082 CG:6    +
    7    71  0   0.0%   0.023 UG:6    +
   21    26  0   0.0%   0.245 UG:6    +
   20    27  0   0.0%   0.242 AU:6    +
   32   111  0   0.0%   0.341 UG:6    +
   55    59  0   0.0%   1.260 GU:6    +
    5    59  0   0.0%   0.008 AU:6    +
   71    87  0   0.0%   0.508 GU:6    +
   64    79  0   0.0%   0.771 AU:6    +
   46    52  0   0.0%   0.709 AU:6    +
   21    45  0   0.0%   0.012 UG:6    +
   60    67  0   0.0%   0.514 AU:6    +
   72    86  0   0.0%   0.479 AU:6    +
    3    58  0   0.0%   0.018 UA:6    +
   58    73  0   0.0%   0.983 AU:6    +
   99   111  0   0.0%   0.482 UG:6    +
   31   108  0   0.0%   0.515 UA:6    +
   56    85  0   0.0%   0.876 CG:6    +
   83    93  0   0.0%   0.071 UA:6    +
   29    34  0   0.0%   0.465 CG:6    +
   43    76  0   0.0%   0.794 UA:6    +
   44    50  0   0.0%   1.036 CG:6    +
    2    59  0   0.0%   0.039 GU:5    --:1    +
   10   111  0   0.0%   0.495 CG:6    +
   70    84  0   0.0%   0.380 GC:6    +
   66    79  0   0.0%   0.855 AU:6    +
   70    77  0   0.0%   0.677 GU:6    +
   55    86  0   0.0%   0.673 GU:6    +
   67    85  0   0.0%   0.474 UG:6    +
   59    72  0   0.0%   0.987 UA:6    +
   23    39  0   0.0%   0.026 GC:6    +
    7    66  0   0.0%   0.022 UA:6    +
   73    85  0   0.0%   0.527 UG:6    +
   78   115  0   0.0%   0.968 UA:6    +
   68    89  0   0.0%   0.286 UG:6    +
   25    36  0   0.0%   0.241 GC:6    +
   69    85  0   0.0%   0.318 UG:6    +
   61    78  0   0.0%   0.357 AU:6    +
   70    86  0   0.0%   0.386 GU:6    +
   24    59  0   0.0%   0.416 AU:6    +
   79   111  0   0.0%   0.925 UG:6    +
   66    86  0   0.0%   0.849 AU:6    +
   22    40  0   0.0%   0.008 UA:6    +
   24    37  0   0.0%   0.027 AU:6    +
    1    74  0   0.0%   0.012 AU:5    --:1    +
   82    90  0   0.0%   0.085 AU:6    +
    2    29  0   0.0%   0.025 GC:5    --:1    +
    3    28  0   0.0%   0.003 UG:6    +
    7    76  0   0.0%   0.495 UA:6    +
   28    35  0   0.0%   0.273 GU:6    +
   80    92  0   0.0%   0.083 UG:6    +
   21    60  0   0.0%   0.597 UA:6    +
   15    40  0   0.0%   0.248 UA:6    +
   30    35  0   0.0%   0.256 AU:6    +
   52    62  0   0.0%   0.604 UA:6    +
   53    73  0   0.0%   0.711 AU:6    +
   49    58  0   0.0%   1.238 UA:6    +
   57    74  0   0.0%   1.219 AU:6    +
   80   117  0   0.0%   0.707 UA:6    +
    4    27  0   0.0%   0.003 AU:6    +
   18    58  0   0.0%   0.393 UA:6    +
   79    93  0   0.0%   0.034 UA:6    +
   18    26  0   0.0%   0.480 UG:6    +
   90   108  0   0.0%   0.371 UA:6    +
   66    74  0   0.0%   1.364 AU:6    +
   11    58  0   0.0%   0.156 UA:6    +
   17    45  0   0.0%   0.279 CG:6    +
   66    78  0   0.0%   0.994 AU:6    +
    6    37  0   0.0%   0.023 AU:6    +
   43    61  0   0.0%   0.531 UA:6    +
   11    55  0   0.0%   0.086 UG:6    +
   83    89  0   0.0%   0.084 UG:6    +
   21    71  0   0.0%   0.794 UG:6    +
    7   105  0   0.0%   0.221 UA:6    +
   91   107  0   0.0%   0.465 UA:6    +
   26    35  0   0.0%   0.254 GU:6    +
   27    61  0   0.0%   0.637 UA:6    +
   31   112  0   0.0%   0.597 UA:6    +
   75    79  0   0.0%   0.194 AU:6    +
   66    87  0   0.0%   0.848 AU:6    +
   62    77  0   0.0%   0.775 AU:6    +
   29    89  0   0.0%   0.653 CG:6    +
   57    87  0   0.0%   0.702 AU:6    +
   58    86  0   0.0%   0.551 AU:6    +
   28    90  0   0.0%   0.729 GU:6    +
    1    80  0   0.0%   0.153 AU:5    --:1    +
   60    79  0   0.0%   0.100 AU:6    +
   43    64  0   0.0%   1.070 UA:6    +
   35   108  0   0.0%   0.574 UA:6    +
   12    29  0   0.0%   0.003 GC:6    +
   26    59  0   0.0%   0.493 GU:6    +
   21    41  0   0.0%   0.010 UA:6    +
   22   116  0   0.0%   0.663 UG:6    +
   22    55  0   0.0%   0.551 UG:6    +
   59    85  0   0.0%   0.607 UG:6    +
   37    45  0   0.0%   0.730 UG:6    +
   85   113  0   0.0%   0.525 GC:6    +
   36   106  0   0.0%   0.404 CG:6    +
   86   112  0   0.0%   0.534 UA:6    +
   83   111  0   0.0%   0.355 UG:6    +
   15    60  0   0.0%   0.419 UA:6    +
   90   106  0   0.0%   0.503 UG:6    +
   26    36  0   0.0%   0.244 GC:6    +
   40    99  0   0.0%   0.390 AU:6    +
   82    99  0   0.0%   0.231 AU:6    +
   35   107  0   0.0%   0.585 UA:6    +
   77   100  0   0.0%   0.329 UA:6    +
    7    61  0   0.0%   0.021 UA:6    +
    3   107  0   0.0%   0.400 UA:6    +
   68   118  1   0.0%   0.511 UG:1    UA:4    +
   25    59  0   0.0%   0.489 GU:6    +
   87   111  0   0.0%   0.466 UG:6    +
   79   108  0   0.0%   0.848 UA:6    +
   40    77  0   0.0%   0.662 AU:6    +
   19    27  0   0.0%   0.239 AU:6    +
   93    99  0   0.0%   0.216 AU:6    +
   21   117  0   0.0%   0.636 UA:6    +
   40    68  0   0.0%   0.467 AU:6    +
   12    39  0   0.0%   0.214 GC:6    +
   14   114  0   0.0%   1.083 GC:6    +
   61    79  0   0.0%   0.217 AU:6    +
    7    12  0   0.0%   0.004 UG:6    +
   62    78  0   0.0%   0.633 AU:6    +
   41    67  0   0.0%   0.530 AU:6    +
    2    73  0   0.0%   0.058 GU:5    --:1    +
   48    60  0   0.0%   0.667 UA:6    +
   11    30  0   0.0%   0.011 UA:6    +
   25    37  0   0.0%   0.255 GU:6    +
   67    82  0   0.0%   0.468 UA:6    +
   21    50  0   0.0%   0.653 UG:6    +
    5    79  0   0.0%   0.331 AU:6    +
   14    49  0   0.0%   0.244 GU:6    +
   40    78  0   0.0%   0.520 AU:6    +
   99   115  0   0.0%   0.607 UA:6    +
   47   102  0   0.0%   0.819 GC:6    +
   48    92  0   0.0%   0.642 UG:6    +
    4    11  0   0.0%   0.008 AU:6    +
   66    83  0   0.0%   0.843 AU:6    +
   77   116  0   0.0%   1.062 UG:6    +
   11   117  0   0.0%   0.628 UA:6    +
   15    76  0   0.0%   1.355 UA:6    +
   11    40  0   0.0%   0.014 UA:6    +
   78    94  0   0.0%   0.172 UG:6    +
    9   104  0   0.0%   0.437 CG:6    +
   14    77  0   0.0%   1.214 GU:6    +
   17    70  0   0.0%   0.838 CG:6    +
   12    21  0   0.0%   0.002 GU:6    +
   67    75  0   0.0%   0.605 UA:6    +
   40    67  0   0.0%   0.739 AU:6    +
   37   105  0   0.0%   0.835 UA:6    +
   22    58  0   0.0%   0.686 UA:6    +
    4    80  0   0.0%   0.094 AU:6    +
    3   105  0   0.0%   0.399 UA:6    +
   65   106  0   0.0%   0.913 CG:6    +
   28   102  0   0.0%   0.801 GC:6    +
   48    57  0   0.0%   0.798 UA:6    +
   29   101  0   0.0%   0.713 CG:6    +
   31    42  0   0.0%   0.215 UA:6    +
   35   106  0   0.0%   0.593 UG:6    +
   11    61  0   0.0%   0.151 UA:6    +
   87   108  0   0.0%   0.391 UA:6    +
    2    56  0   0.0%   0.038 GC:5    --:1    +
   27   103  0   0.0%   0.650 UA:6    +
   59    64  0   0.0%   1.311 UA:6    +
   94    98  0   0.0%   0.181 GU:6    +
   43    62  0   0.0%   0.816 UA:6    +
    5    35  0   0.0%   0.002 AU:6    +
   46    73  0   0.0%   1.140 AU:6    +
   14    37  0   0.0%   0.256 GU:6    +
   72    80  0   0.0%   0.415 AU:6    +
   31   117  0   0.0%   0.522 UA:6    +
    3   106  0   0.0%   0.400 UG:6    +
   87    94  0   0.0%   0.079 UG:6    +
    3    72  0   0.0%   0.039 UA:6    +
   45    74  0   0.0%   0.994 GU:6    +
   47    73  0   0.0%   0.981 GU:6    +
   32    41  0   0.0%   0.020 UA:6    +
   55    95  0   0.0%   0.715 GC:6    +
   58    69  0   0.0%   0.797 AU:6    +
    5    11  0   0.0%   0.008 AU:6    +
   45    49  0   0.0%   0.859 GU:6    +
   98   112  0   0.0%   0.545 UA:6    +
   46    74  0   0.0%   1.222 AU:6    +
   56    71  0   0.0%   1.286 CG:6    +
   48    72  0   0.0%   1.023 UA:6    +
   48   101  0   0.0%   0.893 UG:6    +
   27    58  0   0.0%   0.680 UA:6    +
   56    94  0   0.0%   0.881 CG:6    +
   17    33  0   0.0%   0.483 CG:6    +
   71    77  0   0.0%   0.727 GU:6    +
    4    73  0   0.0%   0.019 AU:6    +
   27    34  0   0.0%   0.439 UG:6    +
   65   116  0   0.0%   0.968 CG:6    +
   56    96  0   0.0%   0.946 CG:6    +
   68   115  0   0.0%   0.411 UA:6    +
   20    32  0   0.0%   0.015 AU:6    +
   70    78  0   0.0%   0.525 GU:6    +
   43    60  0   0.0%   0.415 UA:6    +
   26    44  0   0.0%   0.436 GC:6    +
   15   108  0   0.0%   1.131 UA:6    +
   64    68  0   0.0%   0.970 AU:6    +
   16    59  0   0.0%   0.652 GU:6    +
   79   112  0   0.0%   1.001 UA:6    +
   41    77  0   0.0%   0.552 AU:6    +
   76    80  0   0.0%   0.373 AU:6    +
   74   103  0   0.0%   0.862 UA:6    +
    3    61  0   0.0%   0.020 UA:6    +
   62    74  0   0.0%   1.013 AU:6    +
   55    65  0   0.0%   1.502 GC:6    +
   42    74  0   0.0%   0.815 AU:6    +
   45    51  0   0.0%   1.054 GC:6    +
   27    55  0   0.0%   0.722 UG:6    +
    3   104  0   0.0%   0.399 UG:6    +
    3    12  0   0.0%   0.001 UG:6    +
   64    73  0   0.0%   1.210 AU:6    +
   67   116  0   0.0%   0.571 UG:6    +
   20    67  0   0.0%   0.639 AU:6    +
   80   107  0   0.0%   0.569 UA:6    +
   21    25  0   0.0%   0.241 UG:6    +
   60    80  0   0.0%   0.090 AU:6    +
   10    23  0   0.0%   0.012 CG:6    +
   42    68  0   0.0%   0.343 AU:6    +
   10    16  0   0.0%   0.013 CG:6    +
   12    17  0   0.0%   0.003 GC:6    +
   26    56  0   0.0%   0.690 GC:6    +
   41    98  0   0.0%   0.276 AU:6    +
   33    65  0   0.0%   1.275 GC:6    +
   90   103  0   0.0%   0.513 UA:6    +
   17   106  0   0.0%   0.734 CG:6    +
   16   113  0   0.0%   1.085 GC:6    +
    6    78  0   0.0%   0.377 AU:6    +
   45    59  0   0.0%   0.723 GU:6    +
   71    83  0   0.0%   0.438 GU:6    +
   48    53  0   0.0%   0.579 UA:6    +
   30    43  0   0.0%   0.711 AU:6    +
   22    47  0   0.0%   0.384 UG:6    +
   18    76  0   0.0%   0.972 UA:6    +
   16    21  0   0.0%   0.004 GU:6    +
   41    69  0   0.0%   0.281 AU:6    +
   49    71  0   0.0%   1.164 UG:6    +
   64    78  0   0.0%   0.910 AU:6    +
   29    33  0   0.0%   0.481 CG:6    +
   42    49  0   0.0%   0.589 AU:6    +
   21    42  0   0.0%   0.010 UA:6    +
   42    52  0   0.0%   0.287 AU:6    +
    6    68  0   0.0%   0.018 AU:6    +
   32   116  0   0.0%   0.464 UG:6    +
   38   113  0   0.0%   0.720 GC:6    +
   22    41  0   0.0%   0.006 UA:6    +
   25    31  0   0.0%   0.448 GU:6    +
   18    23  0   0.0%   0.005 UG:6    +
   25    29  0   0.0%   0.502 GC:6    +
    3   103  0   0.0%   0.399 UA:6    +
   20    43  0   0.0%   0.011 AU:6    +
   84   106  0   0.0%   0.406 CG:6    +
   71   114  0   0.0%   1.132 GC:6    +
   21    66  0   0.0%   1.238 UA:6    +
   18    64  0   0.0%   1.295 UA:6    +
   82    87  0   0.0%   0.074 AU:6    +
   24    32  0   0.0%   0.022 AU:6    +
   32    66  0   0.0%   1.061 UA:6    +
   77   115  0   0.0%   1.105 UA:6    +
   28    44  0   0.0%   0.636 GC:6    +
   63   111  0   0.0%   0.931 CG:6    +
   16    74  0   0.0%   1.316 GU:6    +
    7   106  0   0.0%   0.221 UG:6    +
   18   105  0   0.0%   0.751 UA:6    +
   33    37  0   0.0%   0.507 GU:6    +
   68   111  0   0.0%   0.339 UG:6    +
   25    56  0   0.0%   0.686 GC:6    +
   87   104  0   0.0%   0.486 UG:6    +
   83   107  0   0.0%   0.370 UA:6    +
   39   104  0   0.0%   0.789 CG:6    +
   50    73  0   0.0%   1.374 GU:6    +
   23    67  0   0.0%   0.766 GU:6    +
   44   101  0   0.0%   0.820 CG:6    +
   21    57  0   0.0%   0.536 UA:6    +
   86   105  0   0.0%   0.518 UA:6    +
    7    62  0   0.0%   0.028 UA:6    +
   11   108  0   0.0%   0.567 UA:6    +
   35    40  0   0.0%   0.212 UA:6    +
   27    60  0   0.0%   0.522 UA:6    +
    9    23  0   0.0%   0.010 CG:6    +
   33    49  0   0.0%   0.686 GU:6    +
   80   111  0   0.0%   0.554 UG:6    +
   16   114  0   0.0%   1.069 GC:6    +
   67   112  0   0.0%   0.622 UA:6    +
    3    55  0   0.0%   0.016 UG:6    +
    5    69  0   0.0%   0.006 AU:6    +
   19    68  0   0.0%   0.191 AU:6    +
   62    79  0   0.0%   0.493 AU:6    +
   86    92  0   0.0%   0.023 UG:6    +
   15   115  0   0.0%   1.240 UA:6    +
   72    90  0   0.0%   0.486 AU:6    +
   32   106  0   0.0%   0.359 UG:6    +
   28    52  0   0.0%   0.748 GU:6    +
    2    11  0   0.0%   0.029 GU:5    --:1    +
   15    75  0   0.0%   1.160 UA:6    +
   85    99  0   0.0%   0.160 GU:6    +
   71    91  0   0.0%   0.520 GU:6    +
   61    77  0   0.0%   0.498 AU:6    +
   60    78  0   0.0%   0.239 AU:6    +
   53    87  0   0.0%   0.281 AU:6    +
   75    91  0   0.0%   0.240 AU:6    +
   76    90  0   0.0%   0.320 AU:6    +
   73    89  0   0.0%   0.536 UG:6    +
   74    92  0   0.0%   0.615 UG:6    +
   18    45  0   0.0%   0.245 UG:6    +
   21    76  0   0.0%   0.898 UA:6    +
    7    24  0   0.0%   0.004 UA:6    +
   48    93  0   0.0%   0.642 UA:6    +
   22    75  0   0.0%   0.714 UA:6    +
   22    53  0   0.0%   0.428 UA:6    +
   16    78  0   0.0%   1.115 GU:6    +
   76    86  0   0.0%   0.313 AU:6    +
   20    77  0   0.0%   0.659 AU:6    +
   69    82  0   0.0%   0.314 UA:6    +
   52    72  0   0.0%   0.537 UA:6    +
   31   107  0   0.0%   0.528 UA:6    +
   37   108  0   0.0%   0.644 UA:6    +
   69    93  0   0.0%   0.315 UA:6    +
   74   116  0   0.0%   1.138 UG:6    +
   69   117  0   0.0%   0.778 UA:6    +
   87   103  0   0.0%   0.513 UA:6    +
   35    53  0   0.0%   0.366 UA:6    +
   77    85  0   0.0%   0.316 UG:6    +
   15   111  0   0.0%   1.122 UG:6    +
   16    36  0   0.0%   0.264 GC:6    +
   11   106  0   0.0%   0.578 UG:6    +
   34    59  0   0.0%   0.792 GU:6    +
   26    39  0   0.0%   0.258 GC:6    +
   66    80  0   0.0%   0.844 AU:6    +
   14    79  0   0.0%   0.941 GU:6    +
   16    22  0   0.0%   0.002 GU:6    +
   49    55  0   0.0%   0.875 UG:6    +
   86   104  0   0.0%   0.481 UG:6    +
   44   116  0   0.0%   0.681 CG:6    +
   77    89  0   0.0%   0.326 UG:6    +
   38    65  0   0.0%   1.148 GC:6    +
   75    87  0   0.0%   0.228 AU:6    +
   35    58  0   0.0%   0.653 UA:6    +
   23    74  0   0.0%   0.826 GU:6    +
   27    38  0   0.0%   0.255 UG:6    +
   22    28  0   0.0%   0.259 UG:6    +
   68    72  0   0.0%   0.639 UA:6    +
   73    93  0   0.0%   0.522 UA:6    +
   21    55  0   0.0%   0.622 UG:6    +
   22   118  1   0.0%   0.596 UG:1    UA:4    +
   64    87  0   0.0%   0.764 AU:6    +
   58    74  0   0.0%   1.067 AU:6    +
   49    53  0   0.0%   0.683 UA:6    +
    3    66  0   0.0%   0.037 UA:6    +
    4    32  0   0.0%   0.003 AU:6    +
   74   117  0   0.0%   1.037 UA:6    +
   34    39  0   0.0%   0.407 GC:6    +
   31    45  0   0.0%   0.447 UG:6    +
   70   113  0   0.0%   0.544 GC:6    +
   28    59  0   0.0%   0.870 GU:6    +
   84   101  0   0.0%   0.731 CG:6    +
   64    80  0   0.0%   0.760 AU:6    +
   80   118  1   0.0%   0.460 UG:1    UA:4    +
   65   111  0   0.0%   0.934 CG:6    +
   22   106  0   0.0%   0.628 UG:6    +
   22    50  0   0.0%   0.581 UG:6    +
    7    14  0   0.0%   0.003 UG:6    +
   11    62  0   0.0%   0.158 UA:6    +
   43   117  0   0.0%   0.598 UA:6    +
    5    32  0   0.0%   0.001 AU:6    +
    6    15  0   0.0%   0.002 AU:6    +
   59    93  0   0.0%   0.610 UA:6    +
   41    79  0   0.0%   0.272 AU:6    +
   21   107  0   0.0%   0.659 UA:6    +
   63   116  0   0.0%   0.964 CG:6    +
   49    92  0   0.0%   0.760 UG:6    +
    6    11  0   0.0%   0.008 AU:6    +
   19    78  0   0.0%   0.384 AU:6    +
    4    35  0   0.0%   0.003 AU:6    +
   68    85  0   0.0%   0.275 UG:6    +
   57    77  0   0.0%   0.991 AU:6    +
    5    67  0   0.0%   0.004 AU:6    +
   71   102  0   0.0%   0.775 GC:6    +
   73   104  0   0.0%   0.744 UG:6    +
   27    45  0   0.0%   0.667 UG:6    +
   62    91  0   0.0%   0.495 AU:6    +
   60    91  0   0.0%   0.092 AU:6    +
    6    31  0   0.0%   0.001 AU:6    +
   37    66  0   0.0%   1.167 UA:6    +
   75    83  0   0.0%   0.288 AU:6    +
   24    73  0   0.0%   0.572 AU:6    +
    6    27  0   0.0%   0.002 AU:6    +
   49    62  0   0.0%   1.170 UA:6    +
   74   101  0   0.0%   0.857 UG:6    +
   17   116  0   0.0%   0.771 CG:6    +
   61    80  0   0.0%   0.207 AU:6    +
   47    52  0   0.0%   0.278 GU:6    +
    2    80  0   0.0%   0.331 GU:5    --:1    +
   74   100  0   0.0%   0.619 UA:6    +
   55    73  0   0.0%   1.106 GU:6    +
   71    88  0   0.0%   0.504 GC:6    +
   99   116  0   0.0%   0.567 UG:6    +
    3    33  0   0.0%   0.003 UG:6    +
   64    74  0   0.0%   1.291 AU:6    +
   76    83  0   0.0%   0.372 AU:6    +
   77    82  0   0.0%   0.378 UA:6    +
   43   103  0   0.0%   0.824 UA:6    +
   42    78  0   0.0%   0.449 AU:6    +
   40    48  0   0.0%   0.393 AU:6    +
   84   116  0   0.0%   0.604 CG:6    +
   72    87  0   0.0%   0.476 AU:6    +
   85   102  0   0.0%   0.338 GC:6    +
    2    67  0   0.0%   0.057 GU:5    --:1    +
   86   107  0   0.0%   0.306 UA:6    +
   86   101  0   0.0%   0.667 UG:6    +
   47    69  0   0.0%   0.787 GU:6    +
    6    69  0   0.0%   0.017 AU:6    +
   18   115  0   0.0%   0.783 UA:6    +
   46    77  0   0.0%   0.997 AU:6    +
   18    57  0   0.0%   0.548 UA:6    +
   37    71  0   0.0%   0.715 UG:6    +
   68    94  0   0.0%   0.274 UG:6    +
    2    51  0   0.0%   0.037 GC:5    --:1    +
    3    50  0   0.0%   0.016 UG:6    +
    9    14  0   0.0%   0.010 CG:6    +
   29    92  0   0.0%   0.652 CG:6    +
   11    20  0   0.0%   0.008 UA:6    +
    4    49  0   0.0%   0.014 AU:6    +
   74   118  1   0.0%   0.818 UG:1    UA:4    +
   45    78  0   0.0%   0.627 GU:6    +
   83   117  0   0.0%   0.501 UA:6    +
   61    90  0   0.0%   0.213 AU:6    +
   58    78  0   0.0%   0.700 AU:6    +
   30    91  0   0.0%   0.773 AU:6    +
   73   117  0   0.0%   0.950 UA:6    +
   85    98  0   0.0%   0.152 GU:6    +
   75    99  0   0.0%   0.292 AU:6    +
   35   111  0   0.0%   0.571 UG:6    +
   45    67  0   0.0%   0.880 GU:6    +
   39    71  0   0.0%   0.677 CG:6    +
    2    36  0   0.0%   0.024 GC:5    --:1    +
   14    27  0   0.0%   0.003 GU:6    +
   29    85  0   0.0%   0.652 CG:6    +
   35    57  0   0.0%   0.817 UA:6    +
    7    33  0   0.0%   0.004 UG:6    +
   23    49  0   0.0%   0.297 GU:6    +
   24    48  0   0.0%   0.337 AU:6    +
   23    52  0   0.0%   0.262 GU:6    +
   11    19  0   0.0%   0.008 UA:6    +
   68   107  0   0.0%   0.307 UA:6    +
   18    28  0   0.0%   0.498 UG:6    +
   51    70  0   0.0%   1.150 CG:6    +
   14    39  0   0.0%   0.256 GC:6    +
   28    86  0   0.0%   0.727 GU:6    +
   33    88  0   0.0%   0.501 GC:6    +
   16    79  0   0.0%   0.977 GU:6    +
   84    89  0   0.0%   0.082 CG:6    +
   37   107  0   0.0%   0.656 UA:6    +
   69   106  0   0.0%   0.359 UG:6    +
    5    31  0   0.0%   0.001 AU:6    +
   31    57  0   0.0%   0.770 UA:6    +
   99   117  0   0.0%   0.464 UA:6    +
   87   106  0   0.0%   0.351 UG:6    +
   43    55  0   0.0%   0.744 UG:6    +
   12    18  0   0.0%   0.002 GU:6    +
    6    32  0   0.0%   0.001 AU:6    +
   45    56  0   0.0%   1.021 GC:6    +
   15    19  0   0.0%   0.002 UA:6    +
   12    77  0   0.0%   1.352 GU:6    +
   80    89  0   0.0%   0.084 UG:6    +
   65    94  0   0.0%   0.872 CG:6    +
   21    28  0   0.0%   0.262 UG:6    +
   26    88  0   0.0%   0.383 GC:6    +
   15    38  0   0.0%   0.259 UG:6    +
   22   107  0   0.0%   0.618 UA:6    +
   69   112  0   0.0%   0.472 UA:6    +
    5    48  0   0.0%   0.003 AU:6    +
   58    87  0   0.0%   0.551 AU:6    +
   42    59  0   0.0%   0.453 AU:6    +
   21    53  0   0.0%   0.500 UA:6    +
   32    89  0   0.0%   0.322 UG:6    +
   46    79  0   0.0%   0.722 AU:6    +
   37    75  0   0.0%   0.576 UA:6    +
   74   115  0   0.0%   1.181 UA:6    +
    1    52  0   0.0%   0.010 AU:5    --:1    +
   35    45  0   0.0%   0.561 UG:6    +
    3    40  0   0.0%   0.016 UA:6    +
   40    73  0   0.0%   0.688 AU:6    +
   55   113  0   0.0%   0.832 GC:6    +
   23   102  0   0.0%   0.500 GC:6    +
    1    13  0   0.0%   0.009 AU:5    --:1    +
   12    74  0   0.0%   1.418 GU:6    +
   43   100  0   0.0%   0.584 UA:6    +
   57    79  0   0.0%   0.711 AU:6    +
   21   108  0   0.0%   0.644 UA:6    +
   22   103  0   0.0%   0.656 UA:6    +
    7    30  0   0.0%   0.004 UA:6    +
   38    74  0   0.0%   0.777 GU:6    +
   70    87  0   0.0%   0.384 GU:6    +
   43    58  0   0.0%   0.639 UA:6    +
    1    37  0   0.0%   0.010 AU:5    --:1    +
   11    75  0   0.0%   0.577 UA:6    +
   11   118  1   0.0%   0.625 UG:1    UA:4    +
    4    68  0   0.0%   0.017 AU:6    +
   45    80  0   0.0%   0.485 GU:6    +
   58    79  0   0.0%   0.560 AU:6    +
   83   100  0   0.0%   0.252 UA:6    +
    7   115  0   0.0%   0.238 UA:6    +
   15   100  0   0.0%   1.080 UA:6    +
   67   108  0   0.0%   0.492 UA:6    +
   98   116  0   0.0%   0.556 UG:6    +
   81   110  1   0.0%   0.328 GU:3    AU:2    +
   73   101  0   0.0%   0.776 UG:6    +
    6    21  0   0.0%   0.001 AU:6    +
   40    80  0   0.0%   0.376 AU:6    +
   53    68  0   0.0%   0.499 AU:6    +
   17   104  0   0.0%   0.722 CG:6    +
   14    22  0   0.0%   0.002 GU:6    +
    7    20  0   0.0%   0.003 UA:6    +
   91   106  0   0.0%   0.503 UG:6    +
   49    72  0   0.0%   1.141 UA:6    +
   67    71  0   0.0%   0.875 UG:6    +
   68    92  0   0.0%   0.284 UG:6    +
    1    59  0   0.0%   0.010 AU:5    --:1    +
   59    92  0   0.0%   0.610 UG:6    +
   15    24  0   0.0%   0.006 UA:6    +
   31   115  0   0.0%   0.571 UA:6    +
    3   100  0   0.0%   0.393 UA:6    +
    7   111  0   0.0%   0.237 UG:6    +
   49   100  0   0.0%   0.777 UA:6    +
   57    80  0   0.0%   0.701 AU:6    +
   28    37  0   0.0%   0.274 GU:6    +
    5    22  0   0.0%   0.001 AU:6    +
   88   111  0   0.0%   0.477 CG:6    +
   64    77  0   0.0%   1.052 AU:6    +
   77   111  0   0.0%   0.979 UG:6    +
   31   118  1   0.0%   0.518 UG:1    UA:4    +
   60    77  0   0.0%   0.381 AU:6    +
   67    93  0   0.0%   0.472 UA:6    +
   24    90  0   0.0%   0.263 AU:6    +
   48    94  0   0.0%   0.642 UG:6    +
   98   117  0   0.0%   0.453 UA:6    +
   86    97  0   0.0%   0.148 UA:6    +
   23    27  0   0.0%   0.242 GU:6    +
   68   106  0   0.0%   0.317 UG:6    +
   14    78  0   0.0%   1.078 GU:6    +
   68    93  0   0.0%   0.273 UA:6    +
    9    25  0   0.0%   0.010 CG:6    +
   21   104  0   0.0%   0.656 UG:6    +
   17    94  0   0.0%   0.673 CG:6    +
   68   105  0   0.0%   0.494 UA:6    +
   16    95  0   0.0%   0.970 GC:6    +
   99   106  0   0.0%   0.538 UG:6    +
   50    91  0   0.0%   0.946 GU:6    +
   80   112  0   0.0%   0.629 UA:6    +
   53    78  0   0.0%   0.430 AU:6    +
   49    93  0   0.0%   0.760 UA:6    +
   11    76  0   0.0%   0.772 UA:6    +
   90   107  0   0.0%   0.462 UA:6    +
   67   107  0   0.0%   0.505 UA:6    +
   55    77  0   0.0%   0.963 GU:6    +
    7    75  0   0.0%   0.299 UA:6    +
   69    92  0   0.0%   0.326 UG:6    +
   76    98  0   0.0%   0.378 AU:6    +
   18    93  0   0.0%   0.696 UA:6    +
    9    16  0   0.0%   0.011 CG:6    +
   69   104  0   0.0%   0.539 UG:6    +
   87   112  0   0.0%   0.539 UA:6    +
   69   105  0   0.0%   0.536 UA:6    +
   69   107  0   0.0%   0.349 UA:6    +
   29    45  0   0.0%   0.683 CG:6    +
   55    74  0   0.0%   1.190 GU:6    +
   47    78  0   0.0%   0.703 GU:6    +
    3    30  0   0.0%   0.002 UA:6    +
    2    31  0   0.0%   0.024 GU:5    --:1    +
   10    14  0   0.0%   0.011 CG:6    +
   47   113  0   0.0%   0.714 GC:6    +
    9    45  0   0.0%   0.209 CG:6    +
   46    91  0   0.0%   0.712 AU:6    +
   21   105  0   0.0%   0.670 UA:6    +
   68   108  0   0.0%   0.293 UA:6    +
   99   104  0   0.0%   0.661 UG:6    +
   31    53  0   0.0%   0.525 UA:6    +
   37    47  0   0.0%   0.446 UG:6    +
   26    32  0   0.0%   0.251 GU:6    +
   31    64  0   0.0%   1.196 UA:6    +
   73   118  1   0.0%   0.731 UG:1    UA:4    +
   55    78  0   0.0%   0.821 GU:6    +
    3    57  0   0.0%   0.016 UA:6    +
   57    73  0   0.0%   1.133 AU:6    +
   48   112  0   0.0%   0.799 UA:6    +
   18   111  0   0.0%   0.720 UG:6    +
    7    46  0   0.0%   0.007 UA:6    +
   47    95  0   0.0%   0.592 GC:6    +
   59   118  1   0.0%   0.611 UG:1    UA:4    +
   55    69  0   0.0%   0.911 GU:6    +
   18   103  0   0.0%   0.778 UA:6    +
   38    68  0   0.0%   0.487 GU:6    +
   46    87  0   0.0%   0.712 AU:6    +
   23    88  0   0.0%   0.425 GC:6    +
   45    88  0   0.0%   0.485 GC:6    +
   23    51  0   0.0%   0.447 GC:6    +
   43   104  0   0.0%   0.780 UG:6    +
    7   116  0   0.0%   0.238 UG:6    +
   24    87  0   0.0%   0.263 AU:6    +
    7    64  0   0.0%   0.030 UA:6    +
   19    43  0   0.0%   0.006 AU:6    +
   85    90  0   0.0%   0.022 GU:6    +
   51   104  0   0.0%   1.100 CG:6    +
   32    62  0   0.0%   0.763 UA:6    +
   32   117  0   0.0%   0.385 UA:6    +
   11    34  0   0.0%   0.207 UG:6    +
   33    51  0   0.0%   0.871 GC:6    +
   22   104  0   0.0%   0.616 UG:6    +
    4    99  0   0.0%   0.093 AU:6    +
   22   115  0   0.0%   0.661 UA:6    +
   14    18  0   0.0%   0.002 GU:6    +
   53    67  0   0.0%   0.714 AU:6    +
   84   104  0   0.0%   0.545 CG:6    +
   56   111  0   0.0%   0.947 CG:6    +
    2    44  0   0.0%   0.037 GC:5    --:1    +
   23    63  0   0.0%   1.071 GC:6    +
   44    55  0   0.0%   0.765 CG:6    +
   28   113  0   0.0%   0.826 GC:6    +
   52   103  0   0.0%   0.417 UA:6    +
   70    91  0   0.0%   0.398 GU:6    +
   57    67  0   0.0%   1.129 AU:6    +
   29    70  0   0.0%   0.883 CG:6    +
   35   118  1   0.0%   0.622 UG:1    UA:4    +
   21    70  0   0.0%   0.796 UG:6    +
    3    42  0   0.0%   0.016 UA:6    +
   24    49  0   0.0%   0.303 AU:6    +
   27    46  0   0.0%   0.792 UA:6    +
   22    89  0   0.0%   0.583 UG:6    +
   38    77  0   0.0%   0.654 GU:6    +
   67    94  0   0.0%   0.473 UG:6    +
   83   105  0   0.0%   0.583 UA:6    +
   37   104  0   0.0%   0.838 UG:6    +
   22    64  0   0.0%   1.178 UA:6    +
   34   114  0   0.0%   0.712 GC:6    +
   25    32  0   0.0%   0.249 GU:6    +
   43    82  0   0.0%   0.510 UA:6    +
    2    43  0   0.0%   0.037 GU:5    --:1    +
   38    63  0   0.0%   1.105 GC:6    +
   25    48  0   0.0%   0.377 GU:6    +
   60    87  0   0.0%   0.090 AU:6    +
   50    67  0   0.0%   1.382 GU:6    +
   32   112  0   0.0%   0.422 UA:6    +
   37    76  0   0.0%   0.720 UA:6    +
   37   106  0   0.0%   0.665 UG:6    +
   34    49  0   0.0%   0.667 GU:6    +
   53    79  0   0.0%   0.291 AU:6    +
   30    69  0   0.0%   0.858 AU:6    +
   11   116  0   0.0%   0.694 UG:6    +
   49   111  0   0.0%   0.832 UG:6    +
   18   108  0   0.0%   0.726 UA:6    +
   80   108  0   0.0%   0.476 UA:6    +
   98   115  0   0.0%   0.596 UA:6    +
   20    69  0   0.0%   0.359 AU:6    +
    5    15  0   0.0%   0.002 AU:6    +
    2    35  0   0.0%   0.024 GU:5    --:1    +
   12    22  0   0.0%   0.001 GU:6    +
   90    97  0   0.0%   0.128 UA:6    +
   55    88  0   0.0%   0.672 GC:6    +
    5    80  0   0.0%   0.326 AU:6    +
    7    26  0   0.0%   0.003 UG:6    +
   30    78  0   0.0%   0.917 AU:6    +
   98   107  0   0.0%   0.489 UA:6    +
   46    90  0   0.0%   0.713 AU:6    +
   73   103  0   0.0%   0.780 UA:6    +
   89    98  0   0.0%   0.133 GU:6    +
    2    13  0   0.0%   0.022 GU:5    --:1    +
   51    92  0   0.0%   0.873 CG:6    +
   55    87  0   0.0%   0.672 GU:6    +
    1    67  0   0.0%   0.010 AU:5    --:1    +
   67   115  0   0.0%   0.606 UA:6    +
   58    83  0   0.0%   0.549 AU:6    +
   26    49  0   0.0%   0.344 GU:6    +
   31    38  0   0.0%   0.410 UG:6    +
   67   106  0   0.0%   0.516 UG:6    +
   16    99  0   0.0%   0.970 GU:6    +
   26    31  0   0.0%   0.450 GU:6    +
   42    99  0   0.0%   0.428 AU:6    +
    6    79  0   0.0%   0.239 AU:6    +
   53    80  0   0.0%   0.282 AU:6    +
   27    72  0   0.0%   0.839 UA:6    +
   21   106  0   0.0%   0.668 UG:6    +
   59    71  0   0.0%   1.011 UG:6    +
   27    33  0   0.0%   0.456 UG:6    +
   91    96  0   0.0%   0.128 UG:6    +
   52    66  0   0.0%   0.974 UA:6    +
   44    89  0   0.0%   0.512 CG:6    +
    4    67  0   0.0%   0.017 AU:6    +
   22   105  0   0.0%   0.629 UA:6    +
   87   100  0   0.0%   0.190 UA:6    +
   25    86  0   0.0%   0.334 GU:6    +
    7    70  0   0.0%   0.021 UG:6    +
   33    43  0   0.0%   0.417 GU:6    +
   83   115  0   0.0%   0.644 UA:6    +
   69   118  1   0.0%   0.559 UG:1    UA:4    +
   83   101  0   0.0%   0.732 UG:6    +
   34    63  0   0.0%   1.246 GC:6    +
   37    64  0   0.0%   1.124 UA:6    +
   99   112  0   0.0%   0.555 UA:6    +
   52    76  0   0.0%   0.442 UA:6    +
   11   104  0   0.0%   0.547 UG:6    +
   32   118  1   0.0%   0.381 UG:1    UA:4    +
   33   102  0   0.0%   0.573 GC:6    +
    4    22  0   0.0%   0.002 AU:6    +
   76    99  0   0.0%   0.376 AU:6    +
   67    92  0   0.0%   0.483 UG:6    +
   18   107  0   0.0%   0.740 UA:6    +
   25    69  0   0.0%   0.424 GU:6    +
    4    18  0   0.0%   0.003 AU:6    +
    1    73  0   0.0%   0.010 AU:5    --:1    +
   83   103  0   0.0%   0.574 UA:6    +
   53    91  0   0.0%   0.281 AU:6    +
   45    52  0   0.0%   0.557 GU:6    +
   62    80  0   0.0%   0.482 AU:6    +
   98   105  0   0.0%   0.645 UA:6    +
   14    68  0   0.0%   0.970 GU:6    +
    7    28  0   0.0%   0.004 UG:6    +
   33    84  0   0.0%   0.500 GC:6    +
   26    73  0   0.0%   0.693 GU:6    +
   19    73  0   0.0%   0.439 AU:6    +
    3    19  0   0.0%   0.002 UA:6    +
   35    62  0   0.0%   0.829 UA:6    +
   43   108  0   0.0%   0.595 UA:6    +
   35    82  0   0.0%   0.385 UA:6    +
   34    83  0   0.0%   0.513 GU:6    +
   21   116  0   0.0%   0.702 UG:6    +
   45   114  0   0.0%   0.674 GC:6    +
   14    32  0   0.0%   0.244 GU:6    +
   32   103  0   0.0%   0.387 UA:6    +
   22    26  0   0.0%   0.241 UG:6    +
   28    36  0   0.0%   0.261 GC:6    +
    1    32  0   0.0%   0.010 AU:5    --:1    +
   42    79  0   0.0%   0.310 AU:6    +
   55    79  0   0.0%   0.681 GU:6    +
    1    15  0   0.0%   0.009 AU:5    --:1    +
   85   114  0   0.0%   0.603 GC:6    +
    3    14  0   0.0%   0.000 UG:6    +
   36    70  0   0.0%   0.401 CG:6    +
    5    21  0   0.0%   0.000 AU:6    +
   63   106  0   0.0%   0.909 CG:6    +
   32    85  0   0.0%   0.321 UG:6    +
    3    23  0   0.0%   0.002 UG:6    +
    3    41  0   0.0%   0.016 UA:6    +
   55    68  0   0.0%   0.898 GU:6    +
   99   105  0   0.0%   0.654 UA:6    +
   15    96  0   0.0%   1.079 UG:6    +
   59    82  0   0.0%   0.605 UA:6    +
   38    67  0   0.0%   0.760 GU:6    +
   20    74  0   0.0%   0.779 AU:6    +
   23    36  0   0.0%   0.009 GC:6    +
   24    35  0   0.0%   0.024 AU:6    +
   61    86  0   0.0%   0.206 AU:6    +
   15    26  0   0.0%   0.005 UG:6    +
   98   118  1   0.0%   0.207 UG:1    UA:4    +
   96   102  0   0.0%   0.518 GC:6    +
   18    55  0   0.0%   0.634 UG:6    +
    7    38  0   0.0%   0.020 UG:6    +
   64    83  0   0.0%   0.759 AU:6    +
   45   113  0   0.0%   0.678 GC:6    +
   25   102  0   0.0%   0.406 GC:6    +
   50    99  0   0.0%   1.016 GU:6    +
   23   114  0   0.0%   0.503 GC:6    +
   23    91  0   0.0%   0.425 GU:6    +
   39   116  0   0.0%   0.677 CG:6    +
   74    82  0   0.0%   0.669 UA:6    +
   45    99  0   0.0%   0.587 GU:6    +
    1    68  0   0.0%   0.010 AU:5    --:1    +
   41    52  0   0.0%   0.255 AU:6    +
   42    83  0   0.0%   0.303 AU:6    +
   28    32  0   0.0%   0.268 GU:6    +
   49    76  0   0.0%   1.047 UA:6    +
   29   116  0   0.0%   0.731 CG:6    +
   43    50  0   0.0%   1.014 UG:6    +
   74    85  0   0.0%   0.608 UG:6    +
   52    89  0   0.0%   0.156 UG:6    +
   69   108  0   0.0%   0.335 UA:6    +
   52   111  0   0.0%   0.227 UG:6    +
   77    97  0   0.0%   0.378 UA:6    +
   78    93  0   0.0%   0.170 UA:6    +
   60    90  0   0.0%   0.093 AU:6    +
   10    45  0   0.0%   0.215 CG:6    +
   22    34  0   0.0%   0.205 UG:6    +
   45    91  0   0.0%   0.484 GU:6    +
   50    88  0   0.0%   0.945 GC:6    +
   15   105  0   0.0%   1.156 UA:6    +
   49    89  0   0.0%   0.760 UG:6    +
   11    25  0   0.0%   0.012 UG:6    +
   14    36  0   0.0%   0.242 GC:6    +
   99   108  0   0.0%   0.406 UA:6    +
   28   114  0   0.0%   0.810 GC:6    +
    7    55  0   0.0%   0.007 UG:6    +
   41    80  0   0.0%   0.266 AU:6    +
   54    63  1   0.5%   1.187 GC:5    +
   13   105  1   0.3%   1.137 UA:5    +
   81   102  2   0.5%   0.471 GC:4    +
   13   103  1   0.3%   1.121 UA:5    +
  110   115  1   0.3%   1.074 UA:5    +
   13   101  1   0.3%   1.081 UG:5    +
  110   118  2   0.0%   0.666 UG:1    UA:3    +
   81   109  2   0.0%   0.177 GC:2    GU:2    +
   85   110  1   0.2%   0.334 GU:5    +
  110   117  1   0.1%   0.922 UA:5    +
    1   110  1   0.1%   0.175 AU:4    --:1    +
   30   110  1   0.1%   0.801 AU:5    +
   13    57  1   0.1%   0.459 UA:5    +
   70   110  1   0.1%   0.419 GU:5    +
   72   110  1   0.0%   0.510 AU:5    +
   13    62  1   0.0%   0.366 UA:5    +
   77   119  1   0.0%   0.805 UA:5    +
  110   116  1   0.0%   1.037 UG:5    +
   46   110  1   0.0%   0.740 AU:5    +
   17    54  1   0.0%   0.583 CG:5    +
  105   110  1   0.0%   1.074 AU:5    +
   76   110  1   0.0%   0.492 AU:5    +
    4   110  1   0.0%   0.106 AU:5    +
  100   110  1   0.0%   0.369 AU:5    +
   13   112  1   0.0%   1.118 UA:5    +
  104   110  1   0.0%   1.444 GU:5    +
   13    53  1   0.0%   0.267 UA:5    +
   40   110  1   0.0%   0.396 AU:5    +
   13    58  1   0.0%   0.357 UA:5    +
   13    50  1   0.0%   0.232 UG:5    +
   13    75  1   0.0%   1.107 UA:5    +
   33   110  1   0.0%   0.520 GU:5    +
   45   110  1   0.0%   0.543 GU:5    +
   78   119  1   0.0%   0.693 UA:5    +
    3   119  1   0.0%   0.452 UA:5    +
    5   110  1   0.0%   0.336 AU:5    +
   13    60  1   0.0%   0.357 UA:5    +
  106   110  1   0.0%   0.960 GU:5    +
    6    13  1   0.0%   0.002 AU:5    +
   67   119  1   0.0%   0.680 UA:5    +
   54    65  1   0.0%   1.201 GC:5    +
   13    28  1   0.0%   0.003 UG:5    +
   13    20  1   0.0%   0.002 UA:5    +
   13    38  1   0.0%   0.243 UG:5    +
   13   115  1   0.0%   1.152 UA:5    +
    6   110  1   0.0%   0.244 AU:5    +
  101   110  1   0.0%   0.907 GU:5    +
    7   119  1   0.0%   0.242 UA:5    +
   38   110  1   0.0%   0.582 GU:5    +
   42   110  1   0.0%   0.380 AU:5    +
   13   108  1   0.0%   1.093 UA:5    +
   64   110  1   0.0%   0.792 AU:5    +
   79   119  1   0.0%   0.774 UA:5    +
   13    76  1   0.0%   1.301 UA:5    +
   16   110  1   0.0%   1.005 GU:5    +
   44    54  1   0.0%   0.689 CG:5    +
   13   117  1   0.0%   1.086 UA:5    +
   66   110  1   0.0%   0.872 AU:5    +
   71   110  1   0.0%   0.535 GU:5    +
    2   110  1   0.0%   0.357 GU:4    --:1    +
   74   119  1   0.0%   0.814 UA:5    +
   21   119  1   0.0%   0.634 UA:5    +
   13   106  1   0.0%   1.117 UG:5    +
   13   104  1   0.0%   1.086 UG:5    +
    5    13  1   0.0%   0.001 AU:5    +
   54   114  1   0.0%   0.528 GC:5    +
   41   110  1   0.0%   0.337 AU:5    +
   68   119  1   0.0%   0.506 UA:5    +
   13    40  1   0.0%   0.230 UA:5    +
   19   110  1   0.0%   0.263 AU:5    +
   13    61  1   0.0%   0.350 UA:5    +
   11   119  1   0.0%   0.624 UA:5    +
   54    88  1   0.0%   0.374 GC:5    +
   13    19  1   0.0%   0.001 UA:5    +
   13   107  1   0.0%   1.107 UA:5    +
   14   110  1   0.0%   0.963 GU:5    +
   73   119  1   0.0%   0.727 UA:5    +
    9    54  1   0.0%   0.209 CG:5    +
    4    13  1   0.0%   0.001 AU:5    +
   53   110  1   0.0%   0.305 AU:5    +
   57   110  1   0.0%   0.725 AU:5    +
   13   111  1   0.0%   1.084 UG:5    +
   31   119  1   0.0%   0.516 UA:5    +
   13    23  1   0.0%   0.002 UG:5    +
   34   110  1   0.0%   0.532 GU:5    +
   82   110  1   0.0%   0.292 AU:5    +
   62   110  1   0.0%   0.510 AU:5    +
   80   119  1   0.0%   0.399 UA:5    +
   13    42  1   0.0%   0.229 UA:5    +
   13   100  1   0.0%   1.025 UA:5    +
  110   119  2   0.0%   0.608 UA:4    +
   81   113  2   0.0%   0.539 GC:4    +
   81    88  2   0.0%   0.071 GC:4    +
   65    81  2   0.0%   0.858 CG:4    +
   63    81  2   0.0%   0.851 CG:4    +
   44    81  2   0.0%   0.512 CG:4    +
   56    81  2   0.0%   0.874 CG:4    +
   36    81  2   0.0%   0.178 CG:4    +
....(((.((.(((((....((((..((((......))))..))))(((((...)))))...)))))..)))))....((((((((((...))))))))))...................
