88 sequence; length of alignment 152
alifold output
   86    95  0  96.5%   0.131 GC:88  
   88    93  0  96.4%   0.185 CG:88  
   87    94  1  96.5%   0.139 UA:87  
   54    66  0  94.3%   0.168 GC:88  
   53    67  0  94.3%   0.168 AU:88  
   52    68  0  94.2%   0.183 UA:88  
   51    69  0  93.3%   0.210 AU:88  
   85    96  0  92.7%   0.313 CG:88  
   48    71  0  91.2%   0.466 GC:88  
   55    65  0  88.9%   0.360 UG:1    UA:87  
   47    72  0  88.8%   0.346 AU:88  
   38    74  0  80.5%   0.693 GC:88  
   37    75  0  80.5%   0.686 GC:88  
   39    73  0  79.3%   0.710 UA:88  
   36    76  0  78.7%   0.571 AU:88  
   35    77  0  72.2%   0.766 CG:88  
  128   143  0  63.8%   1.339 CG:52   UG:5    UA:31  
  129   142  0  63.7%   1.398 GC:1    AU:87  
   27   148  0  62.0%   1.618 CG:87   UG:1   
  127   144  0  62.9%   1.417 AU:88  
  130   141  0  62.8%   1.393 GC:88  
   26   149  2  62.3%   1.627 GC:86  
   25   150  2  62.3%   1.535 GC:86  
   24   151  0  58.2%   0.974 AU:88  
   50    70  0  48.0%   1.558 CG:88   +
   49    70  0  46.1%   1.218 CG:88  
   81   112  0  42.8%   1.898 GC:88  
   82   111  0  42.7%   2.152 CG:88  
   83   110  0  42.3%   1.935 CG:88  
  124   146  0  41.4%   1.976 GC:88  
  126   145  0  38.3%   2.454 CG:88   +
   27    81  0  28.4%   1.188 CG:87   UG:1    +
  111   149  0  28.7%   2.485 GC:88   +
  110   150  0  28.7%   2.415 GC:88   +
   79   113  0  28.6%   1.739 GC:88  
  112   148  0  28.2%   2.372 CG:88   +
   26    82  2  28.4%   1.189 GC:86   +
   25    83  2  28.2%   1.153 GC:86   +
  109   151  0  25.9%   1.505 AU:88   +
  116   145  0  23.7%   1.404 CG:79   UG:9    +
  118   143  2  23.9%   1.296 CG:53   UG:4    UA:29   +
  117   144  0  23.9%   1.404 AU:88   +
  124   137  0  22.9%   1.596 GC:19   GU:69   +
  125   136  0  22.8%   1.429 CG:88   +
   78   114  0  22.7%   1.880 UA:88  
  125   145  0  20.9%   2.138 CG:88  
  120   142  2  20.8%   1.287 GU:6    AU:80   +
  123   138  0  19.8%   1.079 UA:88   +
  126   134  0  15.4%   1.346 CG:88   +
  111   125  0  13.8%   1.623 GC:88   +
  110   126  0  13.4%   1.580 GC:88   +
  112   124  0  13.0%   1.500 CG:88   +
  132   139  0  10.3%   1.029 UA:88   +
   30    78  0   8.6%   0.731 GU:36   AU:52   +
   79   116  0   8.2%   1.466 GC:79   GU:9    +
   40    79  0   9.1%   0.830 CG:88   +
   41    78  1   8.8%   1.263 GU:86   AU:1    +
   77   118  0   7.2%   1.118 GC:55   GU:33   +
   78   117  0   8.0%   1.840 UA:88   +
   39    80  0   7.4%   0.932 UA:88   +
   27   111  0   5.6%   0.984 CG:87   UG:1    +
   38    82  0   6.1%   1.382 GC:88   +
   37    83  0   6.1%   1.315 GC:88   +
   77   115  0   4.8%   0.800 GC:6    GU:82   +
  103   108  0   5.8%   0.889 GC:88   +
   28   110  1   5.4%   0.634 CG:3    UG:84   +
   56    69  0   4.3%   0.484 GU:1    AU:87   +
   33    78  0   5.3%   0.913 GU:88   +
   33   141  0   5.1%   0.799 GC:88   +
   26   112  2   5.6%   1.001 GC:86   +
   25   113  2   5.6%   0.963 GC:86   +
   43    76  0   4.9%   0.655 AU:88   +
   34   140  0   4.8%   0.746 UA:88   +
  137   145  0   3.6%   2.007 CG:19   UG:69   +
   32   142  1   5.0%   0.494 AU:87   +
   55    70  0   4.5%   1.278 UG:88   +
   54    71  0   4.4%   0.623 GC:88   +
   59    66  0   4.4%   0.487 GC:88   +
   53    72  0   4.3%   0.615 AU:88   +
   58    67  0   4.2%   0.476 GU:88   +
   76   120  1   4.2%   0.892 UG:6    UA:81   +
   38    49  0   4.0%   0.426 GC:88   +
   37    50  0   4.0%   0.417 GC:88   +
    5    11  1   3.9%   0.383 GC:85   GU:2    +
  136   146  0   3.6%   1.311 GC:88   +
   39    48  0   3.5%   0.393 UG:88   +
   52    73  0   3.5%   0.599 UA:88   +
   29    78  0   2.4%   0.278 GU:28   AU:60   +
   37   137  0   2.4%   0.942 GC:19   GU:69   +
   81   131  0   3.3%   1.341 GC:88   +
   82   130  0   3.3%   1.565 CG:88   +
   80   132  0   3.3%   0.619 AU:88   +
    4    12  5   3.7%   0.368 GC:1    GU:49   AU:33   +
  138   144  0   3.2%   1.433 AU:88   +
   35   103  0   3.2%   0.648 CG:88   +
   34   104  0   3.1%   0.495 UA:88   +
   79   133  2   3.1%   1.450 GC:4    GU:82   +
   37    82  0   2.7%   1.053 GC:88   +
   40   134  0   2.5%   0.611 CG:88   +
  125   148  0   2.5%   2.124 CG:88   +
   39   135  0   2.5%   0.932 UA:88   +
  124   149  0   2.5%   2.216 GC:88   +
   28    79  1   2.4%   0.339 CG:3    UG:84   +
   95   106  0   2.2%   0.491 CG:88   +
   94   107  0   2.2%   0.476 AU:88   +
   27    33  0   1.2%   0.192 CG:87   UG:1    +
   26    34  0   1.2%   0.193 GU:86   AU:2    +
   18   142  0   0.0%   0.022 GC:1    GU:52   AU:35   +
   26    87  0   0.0%   0.510 GC:1    GU:85   AU:2    +
  132   140  0   2.0%   0.922 UA:88   +
   93   108  0   2.0%   0.445 GC:88   +
   44   143  0   0.0%   0.059 CG:1    UG:56   UA:31   +
   17    92  0   0.0%   0.014 CG:4    UG:83   UA:1    +
   87    92  0   0.0%   0.108 CG:1    UG:86   UA:1    +
    4   142  0   0.0%   0.171 GC:1    GU:49   AU:38   +
   17    26  0   0.0%   0.045 CG:4    UG:82   UA:2    +
   17    25  0   0.0%   0.014 CG:4    UG:82   UA:2    +
   26   137  0   0.0%   0.675 GC:19   GU:67   AU:2    +
   18    44  0   0.0%   0.005 GC:1    GU:52   AU:35   +
   26   115  0   0.0%   0.670 GC:6    GU:80   AU:2    +
   30    87  0   0.0%   0.235 GC:1    GU:35   AU:52   +
   44    60  0   0.0%   0.010 CG:1    UG:22   UA:65   +
   18   115  0   0.0%   0.009 GC:6    GU:47   AU:35   +
   12    92  0   0.0%   0.139 CG:6    UG:81   UA:1    +
   25   118  0   0.0%   0.641 GC:55   GU:31   AU:2    +
  106   128  0   1.0%   0.515 GC:52   GU:36   +
  130   137  0   1.0%   0.879 GC:19   GU:69   +
   39    81  0   1.8%   1.183 UG:88   +
   30   144  0   0.8%   0.364 GU:36   AU:52   +
   77   128  0   0.7%   0.838 GC:52   GU:36   +
   76   129  0   0.7%   0.734 UG:1    UA:87   +
   33    82  0   1.7%   0.800 GC:88   +
  128   134  0   0.7%   0.646 CG:52   UG:36   +
    6   148  1   1.7%   0.324 CG:75   UG:12   +
   34    81  0   1.7%   0.668 UG:88   +
   77   116  0   0.7%   0.608 GC:79   GU:9    +
  116   124  0   0.6%   0.753 CG:79   UG:9    +
    5    27  0   0.6%   0.245 GC:87   GU:1    +
  124   131  0   1.6%   0.866 GC:88   +
    5   149  0   1.6%   0.466 GC:88   +
  125   130  0   1.6%   0.786 CG:88   +
  106   131  0   1.6%   0.749 GC:88   +
   56    72  0   0.6%   0.511 GU:1    AU:87   +
   27    38  0   0.5%   0.175 CG:87   UG:1    +
   26    39  0   0.5%   0.175 GU:86   AU:2    +
  131   136  0   1.5%   0.856 CG:88   +
  131   145  0   1.5%   1.665 CG:88   +
  130   146  0   1.5%   1.256 GC:88   +
  102   132  0   0.5%   0.254 GU:2    AU:86   +
  107   130  0   1.5%   0.749 UG:88   +
   41   133  3   1.7%   0.520 GC:4    GU:80   AU:1    +
  105   132  0   1.4%   0.368 AU:88   +
   22   106  0   0.4%   0.153 CG:87   UG:1    +
  110   116  0   0.4%   1.012 GC:79   GU:9    +
  102   107  0   0.4%   0.369 GU:2    AU:86   +
   15   106  0   0.4%   0.110 CG:85   UG:3    +
  114   123  0   1.4%   0.547 AU:88   +
   21   107  0   0.4%   0.133 GU:2    AU:86   +
   60    69  0   0.4%   0.290 GU:23   AU:65   +
    7   144  0   0.3%   0.071 GU:6    AU:82   +
   22    86  0   0.3%   0.067 CG:87   UG:1    +
   26   107  0   0.3%   0.607 GU:86   AU:2    +
   27   106  0   0.3%   0.595 CG:87   UG:1    +
   44   106  0   0.3%   0.172 CG:1    UG:87   +
   89   110  0   0.2%   0.735 CG:84   UG:4    +
  110   118  0   0.2%   0.976 GC:55   GU:33   +
  122   151  0   0.2%   0.775 GU:2    AU:86   +
   75   110  0   1.2%   0.611 CG:88   +
   76   109  0   1.2%   0.573 UA:88   +
  111   115  0   0.2%   0.910 GC:6    GU:82   +
   29   144  0   0.2%   0.159 GU:28   AU:60   +
   77   108  0   1.2%   0.490 GC:88   +
   74   111  0   1.2%   0.596 CG:88   +
  118   124  0   0.2%   0.682 CG:55   UG:33   +
    5    15  0   0.2%   0.165 GC:85   GU:3    +
    7   123  0   0.2%   0.036 GU:6    AU:82   +
  106   118  0   0.1%   0.563 GC:55   GU:33   +
    4   132  0   0.1%   0.190 GU:50   AU:38   +
   78   134  0   1.1%   1.694 UG:88   +
   84   106  0   1.1%   0.443 CG:88   +
    4   151  0   0.1%   0.206 GU:50   AU:38   +
   33   118  0   0.1%   0.357 GC:55   GU:33   +
  134   142  0   0.1%   1.306 GC:1    GU:87   +
   97   102  0   0.1%   0.057 UG:2    UA:86   +
  118   152  0   0.1%   0.626 CG:50   UG:31   --:7    +
   29    34  0   0.1%   0.078 GU:28   AU:60   +
    3   151  0   0.1%   0.024 GU:1    AU:87   +
   50    79  0   1.1%   0.981 CG:88   +
   51    78  0   1.1%   0.972 AU:88   +
   22    38  0   0.1%   0.025 CG:87   UG:1    +
  111   118  0   0.1%   0.980 GC:55   GU:33   +
   21    39  0   0.1%   0.018 GU:2    AU:86   +
   44    77  0   0.1%   0.281 CG:1    UG:87   +
  107   129  0   0.1%   0.444 UG:1    UA:87   +
   84    93  0   1.1%   0.214 CG:88   +
   49    81  0   1.1%   1.157 CG:88   +
   77    89  0   0.1%   0.318 GC:84   GU:4    +
    5    22  0   0.1%   0.159 GC:87   GU:1    +
  118   134  0   0.1%   0.424 CG:55   UG:33   +
    5    12  0   0.1%   0.265 GC:6    GU:82   +
  103   116  0   0.1%   0.630 GC:79   GU:9    +
   48    82  0   1.1%   1.094 GC:88   +
  106   116  0   0.1%   0.582 GC:79   GU:9    +
  106   115  0   0.1%   0.482 GC:6    GU:82   +
   27   124  0   0.1%   0.681 CG:87   UG:1    +
   38   112  0   1.1%   0.862 GC:88   +
  121   132  0   0.1%   0.255 GU:1    AU:87   +
   37   113  0   1.1%   0.932 GC:88   +
  111   116  0   0.1%   1.013 GC:79   GU:9    +
   78   102  0   0.1%   0.829 UG:2    UA:86   +
   15   103  0   0.0%   0.033 CG:85   UG:3    +
   76    90  0   0.0%   0.402 UG:8    UA:80   +
   79    89  0   0.0%   0.437 GC:84   GU:4    +
   99   107  0   0.0%   0.282 GU:1    AU:87   +
   87   111  0   0.0%   0.759 CG:1    UG:87   +
   22   103  0   0.0%   0.053 CG:87   UG:1    +
   15   145  0   0.0%   0.086 CG:85   UG:3    +
   38    44  0   0.0%   0.050 GC:1    GU:87   +
   86   118  0   0.0%   0.289 GC:55   GU:33   +
   89   134  0   0.0%   0.185 CG:84   UG:4    +
   76   102  0   0.0%   0.411 UG:2    UA:86   +
   39   111  0   1.0%   0.930 UG:88   +
   78    90  0   0.0%   0.821 UG:8    UA:80   +
   81    87  0   0.0%   0.604 GC:1    GU:87   +
   30    34  0   0.0%   0.071 GU:36   AU:52   +
   60    67  0   0.0%   0.202 GU:23   AU:65   +
   37    45  0   0.0%   0.040 GC:5    GU:83   +
  132   143  0   0.0%   1.267 UG:57   UA:31   +
   15   124  0   0.0%   0.061 CG:85   UG:3    +
   55    62  0   0.0%   0.010 UG:2    UA:86   +
   27    86  0   0.0%   0.496 CG:87   UG:1    +
  115   145  0   0.0%   0.260 CG:6    UG:82   +
    7   151  0   0.0%   0.059 GU:6    AU:82   +
   45    79  0   0.0%   0.352 CG:5    UG:83   +
   62    67  0   0.0%   0.206 GU:2    AU:86   +
   40   110  0   1.0%   0.595 CG:88   +
  110   115  0   0.0%   0.856 GC:6    GU:82   +
  107   122  0   0.0%   0.355 UG:2    UA:86   +
   33   116  0   0.0%   0.333 GC:79   GU:9    +
  116   152  0   0.0%   0.662 CG:72   UG:9    --:7    +
   22    96  0   0.0%   0.046 CG:87   UG:1    +
   21    97  0   0.0%   0.042 GU:2    AU:86   +
   79   118  0   0.0%   1.226 GC:55   GU:33   +
   15    96  0   0.0%   0.026 CG:85   UG:3    +
  122   132  0   0.0%   0.254 GU:2    AU:86   +
   37    89  0   0.0%   0.630 GC:84   GU:4    +
   33    44  0   0.0%   0.081 GC:1    GU:87   +
   15   136  0   0.0%   0.049 CG:85   UG:3    +
  124   128  0   0.0%   0.510 GC:52   GU:36   +
   52    77  0   1.0%   0.564 UG:88   +
   79   115  0   0.0%   0.965 GC:6    GU:82   +
  123   129  0   0.0%   0.160 UG:1    UA:87   +
   17   134  0   0.0%   0.022 CG:4    UG:84   +
   19    97  0   0.0%   0.015 GU:2    AU:86   +
   19   132  0   0.0%   0.017 GU:2    AU:86   +
    9    97  0   0.0%   0.012 GU:5    AU:83   +
   30   107  0   0.0%   0.305 GU:36   AU:52   +
  121   151  0   0.0%   0.743 GU:1    AU:87   +
   45    77  0   0.0%   0.257 CG:5    UG:83   +
   17   106  0   0.0%   0.066 CG:4    UG:84   +
   38    45  0   0.0%   0.047 GC:5    GU:83   +
   22    33  0   0.0%   0.010 CG:87   UG:1    +
  128   136  0   0.0%   0.482 CG:52   UG:36   +
  116   136  0   0.0%   0.320 CG:79   UG:9    +
   76   121  0   0.0%   0.627 UG:1    UA:87   +
   61    67  0   0.0%   0.200 GU:2    AU:86   +
   21    34  0   0.0%   0.005 GU:2    AU:86   +
   70   137  0   0.0%   0.968 GC:19   GU:69   +
   29   107  0   0.0%   0.184 GU:28   AU:60   +
   81   137  0   0.0%   1.191 GC:19   GU:69   +
  103   118  0   0.0%   0.588 GC:55   GU:33   +
   27    48  0   0.0%   0.116 CG:87   UG:1    +
  129   151  0   0.0%   1.077 GU:1    AU:87   +
   61    69  0   0.0%   0.252 GU:2    AU:86   +
   55    61  0   0.0%   0.004 UG:2    UA:86   +
  128   152  0   0.0%   0.425 CG:48   UG:33   --:7    +
   45   103  0   0.0%   0.137 CG:5    UG:83   +
   33   115  0   0.0%   0.329 GC:6    GU:82   +
   22   148  0   0.0%   0.133 CG:87   UG:1    +
   15   148  0   0.0%   0.121 CG:85   UG:3    +
   55    60  0   0.0%   0.003 UG:23   UA:65   +
   15    79  0   0.0%   0.016 CG:85   UG:3    +
   45   106  0   0.0%   0.121 CG:5    UG:83   +
   17    77  0   0.0%   0.016 CG:4    UG:84   +
   56    78  0   0.0%   0.973 GU:1    AU:87   +
   89    93  0   0.0%   0.108 CG:84   UG:4    +
   27   145  0   0.0%   0.694 CG:87   UG:1    +
   56    67  0   0.0%   0.060 GU:1    AU:87   +
   21   151  0   0.0%   0.071 GU:2    AU:86   +
   22    77  0   0.0%   0.018 CG:87   UG:1    +
  137   148  0   0.0%   1.470 CG:19   UG:69   +
    4    72  0   0.0%   0.158 GU:50   AU:38   +
   33   142  0   0.0%   0.651 GC:1    GU:87   +
   37   142  0   0.0%   0.922 GC:1    GU:87   +
   21    78  0   0.0%   0.012 GU:2    AU:86   +
   37   116  0   0.0%   0.677 GC:79   GU:9    +
   37    44  0   0.0%   0.036 GC:1    GU:87   +
   38   115  0   0.0%   0.588 GC:6    GU:82   +
  102   123  0   0.0%   0.058 GU:2    AU:86   +
   20   151  0   0.0%   0.025 GU:1    AU:87   +
  115   124  0   0.0%   0.555 CG:6    UG:82   +
    5    17  0   0.0%   0.147 GC:4    GU:84   +
   18    76  0   0.0%   0.008 GU:53   AU:35   +
   15    33  0   0.0%   0.014 CG:85   UG:3    +
   15    77  0   0.0%   0.015 CG:85   UG:3    +
   19   151  0   0.0%   0.027 GU:2    AU:86   +
  128   145  0   0.0%   1.515 CG:52   UG:36   +
  118   136  0   0.0%   0.263 CG:55   UG:33   +
  129   144  0   0.0%   1.071 GU:1    AU:87   +
   12   103  0   0.0%   0.146 CG:6    UG:82   +
   86   115  0   0.0%   0.227 GC:6    GU:82   +
   12   110  0   0.0%   0.142 CG:6    UG:82   +
  106   137  0   0.0%   0.547 GC:19   GU:69   +
   62    69  0   0.0%   0.253 GU:2    AU:86   +
   89   103  0   0.0%   0.197 CG:84   UG:4    +
   29   123  0   0.0%   0.114 GU:28   AU:60   +
  136   142  0   0.0%   1.300 GC:1    GU:87   +
   52   143  0   0.0%   0.229 UG:57   UA:31   +
   12   106  0   0.0%   0.168 CG:6    UG:82   +
    5   137  0   0.0%   0.234 GC:19   GU:69   +
   87    93  0   0.0%   0.094 CG:1    UG:87   +
   86   128  0   0.0%   0.118 GC:52   GU:36   +
   34   102  0   0.0%   0.170 UG:2    UA:86   +
    9   151  0   0.0%   0.026 GU:5    AU:83   +
   34   122  0   0.0%   0.304 UG:2    UA:86   +
    7    69  0   0.0%   0.006 GU:6    AU:82   +
   18   151  0   0.0%   0.038 GU:53   AU:35   +
   86   116  0   0.0%   0.319 GC:79   GU:9    +
    8   151  0   0.0%   0.031 GU:32   AU:56   +
   45   134  0   0.0%   0.111 CG:5    UG:83   +
   30    97  0   0.0%   0.232 GU:36   AU:52   +
   81   116  0   0.0%   1.193 GC:79   GU:9    +
    8   132  0   0.0%   0.020 GU:32   AU:56   +
    4   107  0   0.0%   0.162 GU:50   AU:38   +
  128   148  0   0.0%   1.277 CG:52   UG:36   +
    7   107  0   0.0%   0.019 GU:6    AU:82   +
   52    56  0   0.0%   0.002 UG:1    UA:87   +
  102   151  0   0.0%   0.431 GU:2    AU:86   +
  103   115  0   0.0%   0.525 GC:6    GU:82   +
   33   128  0   0.0%   0.340 GC:52   GU:36   +
   22   145  0   0.0%   0.095 CG:87   UG:1    +
   96   118  0   0.0%   0.317 GC:55   GU:33   +
   30    39  0   0.0%   0.037 GU:36   AU:52   +
   65    78  0   0.0%   0.913 GU:1    AU:87   +
    8   107  0   0.0%   0.023 GU:32   AU:56   +
   38   137  0   0.0%   0.676 GC:19   GU:69   +
   22    79  0   0.0%   0.016 CG:87   UG:1    +
   20   107  0   0.0%   0.047 GU:1    AU:87   +
    4    97  0   0.0%   0.158 GU:50   AU:38   +
    9   107  0   0.0%   0.018 GU:5    AU:83   +
   72   122  0   0.0%   0.327 UG:2    UA:86   +
    8    97  0   0.0%   0.013 GU:32   AU:56   +
  118   148  0   0.0%   1.369 CG:55   UG:33   +
   18   107  0   0.0%   0.055 GU:53   AU:35   +
   22   124  0   0.0%   0.075 CG:87   UG:1    +
   76   122  0   0.0%   0.626 UG:2    UA:86   +
    3    97  0   0.0%   0.001 GU:1    AU:87   +
  118   145  0   0.0%   1.007 CG:55   UG:33   +
    3   107  0   0.0%   0.001 GU:1    AU:87   +
   89   111  0   0.0%   0.722 CG:84   UG:4    +
  107   121  0   0.0%   0.349 UG:1    UA:87   +
   15    93  0   0.0%   0.015 CG:85   UG:3    +
   34    56  0   0.0%   0.070 UG:1    UA:87   +
   18    97  0   0.0%   0.017 GU:53   AU:35   +
   20    97  0   0.0%   0.013 GU:1    AU:87   +
   33    45  0   0.0%   0.076 GC:5    GU:83   +
  110   142  0   0.0%   1.172 GC:1    GU:87   +
   89    96  0   0.0%   0.116 CG:84   UG:4    +
   45   130  0   0.0%   0.027 CG:5    UG:83   +
   34   143  0   0.0%   0.458 UG:57   UA:31   +
   19   107  0   0.0%   0.049 GU:2    AU:86   +
   81   115  0   0.0%   1.101 GC:6    GU:82   +
   81   118  0   0.0%   1.154 GC:55   GU:33   +
   44   130  0   0.0%   0.064 CG:1    UG:87   +
   27   130  0   0.0%   0.668 CG:87   UG:1    +
   89   106  0   0.0%   0.208 CG:84   UG:4    +
    9    78  0   0.0%   0.003 GU:5    AU:83   +
   45    81  0   0.0%   0.521 CG:5    UG:83   +
   34    65  0   0.0%   0.070 UG:1    UA:87   +
   12   148  0   0.0%   0.210 CG:6    UG:82   +
   17   103  0   0.0%   0.023 CG:4    UG:84   +
    7    97  0   0.0%   0.011 GU:6    AU:82   +
   22   111  0   0.0%   0.067 CG:87   UG:1    +
   25   132  0   0.0%   0.655 GU:86   AU:2    +
  110   128  0   0.0%   1.084 GC:52   GU:36   +
   39    65  0   0.0%   0.157 UG:1    UA:87   +
  111   137  0   0.0%   1.116 GC:19   GU:69   +
   78    99  0   0.0%   0.812 UG:1    UA:87   +
   22   110  0   0.0%   0.061 CG:87   UG:1    +
   22   130  0   0.0%   0.071 CG:87   UG:1    +
   15   134  0   0.0%   0.045 CG:85   UG:3    +
  116   134  0   0.0%   0.471 CG:79   UG:9    +
   38   118  0   0.0%   0.597 GC:55   GU:33   +
   52   122  0   0.0%   0.224 UG:2    UA:86   +
   78   121  0   0.0%   1.410 UG:1    UA:87   +
  103   137  0   0.0%   0.504 GC:19   GU:69   +
   25   151  0   0.0%   1.282 GU:86   AU:2    +
   30   123  0   0.0%   0.233 GU:36   AU:52   +
   15   110  0   0.0%   0.042 CG:85   UG:3    +
    7    76  0   0.0%   0.005 GU:6    AU:82   +
   97   122  0   0.0%   0.070 UG:2    UA:86   +
   72   121  0   0.0%   0.326 UG:1    UA:87   +
   30   132  0   0.0%   0.231 GU:36   AU:52   +
   54    89  0   0.0%   0.246 GC:84   GU:4    +
   79   137  0   0.0%   1.254 GC:19   GU:69   +
   22    37  0   0.0%   0.007 CG:87   UG:1    +
   25    34  0   0.0%   0.004 GU:86   AU:2    +
   96   116  0   0.0%   0.353 GC:79   GU:9    +
  103   128  0   0.0%   0.418 GC:52   GU:36   +
   17    96  0   0.0%   0.021 CG:4    UG:84   +
   78   122  0   0.0%   1.410 UG:2    UA:86   +
   34    99  0   0.0%   0.169 UG:1    UA:87   +
   33    89  0   0.0%   0.311 GC:84   GU:4    +
    5   116  0   0.0%   0.211 GC:79   GU:9    +
   79   128  0   0.0%   1.094 GC:52   GU:36   +
   77   137  0   0.0%   0.855 GC:19   GU:69   +
   70   116  0   0.0%   0.873 GC:79   GU:9    +
   76    92  0   0.0%   0.412 UG:87   UA:1    +
   78   129  0   0.0%   1.482 UG:1    UA:87   +
    7    78  0   0.0%   0.005 GU:6    AU:82   +
   27   136  0   0.0%   0.660 CG:87   UG:1    +
   81    89  0   0.0%   0.579 GC:84   GU:4    +
   18   123  0   0.0%   0.024 GU:53   AU:35   +
   44    86  0   0.0%   0.056 CG:1    UG:87   +
   96   128  0   0.0%   0.148 GC:52   GU:36   +
   61    72  0   0.0%   0.325 GU:2    AU:86   +
   29    39  0   0.0%   0.041 GU:28   AU:60   +
   60    72  0   0.0%   0.345 GU:23   AU:65   +
   92    97  0   0.0%   0.095 GU:87   AU:1    +
   58    89  0   0.0%   0.195 GC:84   GU:4    +
   52    60  0   0.0%   0.002 UG:23   UA:65   +
   34   121  0   0.0%   0.303 UG:1    UA:87   +
   27   110  0   0.0%   0.492 CG:87   UG:1    +
   86   137  0   0.0%   0.172 GC:19   GU:69   +
   17    33  0   0.0%   0.013 CG:4    UG:84   +
   52    61  0   0.0%   0.002 UG:2    UA:86   +
   22    54  0   0.0%   0.014 CG:87   UG:1    +
  118   130  0   0.0%   0.495 CG:55   UG:33   +
   27    79  0   0.0%   0.115 CG:87   UG:1    +
   87   106  0   0.0%   0.266 CG:1    UG:87   +
   21    55  0   0.0%   0.008 GU:2    AU:86   +
    8   144  0   0.0%   0.028 GU:32   AU:56   +
    5   118  0   0.0%   0.211 GC:55   GU:33   +
   12    37  0   0.0%   0.139 CG:6    UG:82   +
   44    48  0   0.0%   0.153 CG:1    UG:87   +
   99   123  0   0.0%   0.023 GU:1    AU:87   +
   15    86  0   0.0%   0.014 CG:85   UG:3    +
   15   111  0   0.0%   0.048 CG:85   UG:3    +
   27   103  0   0.0%   0.486 CG:87   UG:1    +
   97   121  0   0.0%   0.070 UG:1    UA:87   +
   87   124  0   0.0%   0.145 CG:1    UG:87   +
  130   142  0   0.0%   1.431 GC:1    GU:87   +
   27    96  0   0.0%   0.484 CG:87   UG:1    +
   26    97  0   0.0%   0.505 GU:86   AU:2    +
   87   136  0   0.0%   0.087 CG:1    UG:87   +
  124   142  0   0.0%   1.322 GC:1    GU:87   +
   44    79  0   0.0%   0.366 CG:1    UG:87   +
   19   123  0   0.0%   0.016 GU:2    AU:86   +
   48   137  0   0.0%   0.400 GC:19   GU:69   +
  122   144  0   0.0%   0.453 GU:2    AU:86   +
  123   143  0   0.0%   0.823 UG:57   UA:31   +
   22   134  0   0.0%   0.062 CG:87   UG:1    +
   45    70  0   0.0%   0.011 CG:5    UG:83   +
   72   129  0   0.0%   0.327 UG:1    UA:87   +
   44    54  0   0.0%   0.010 CG:1    UG:87   +
   79    87  0   0.0%   0.425 GC:1    GU:87   +
    8   123  0   0.0%   0.019 GU:32   AU:56   +
  116   148  0   0.0%   1.424 CG:79   UG:9    +
   67   129  0   0.0%   0.199 UG:1    UA:87   +
   29    97  0   0.0%   0.112 GU:28   AU:60   +
  116   130  0   0.0%   0.555 CG:79   UG:9    +
    4    76  0   0.0%   0.157 GU:50   AU:38   +
   33    87  0   0.0%   0.328 GC:1    GU:87   +
   30    76  0   0.0%   0.007 GU:36   AU:52   +
   22   136  0   0.0%   0.062 CG:87   UG:1    +
   96   115  0   0.0%   0.261 GC:6    GU:82   +
   17   148  0   0.0%   0.092 CG:4    UG:84   +
   27    70  0   0.0%   0.115 CG:87   UG:1    +
    9   132  0   0.0%   0.014 GU:5    AU:83   +
   39    60  0   0.0%   0.156 UG:23   UA:65   +
   62    72  0   0.0%   0.327 GU:2    AU:86   +
    9   144  0   0.0%   0.024 GU:5    AU:83   +
  115   148  0   0.0%   0.960 CG:6    UG:82   +
   25    72  0   0.0%   0.083 GU:86   AU:2    +
   18   132  0   0.0%   0.021 GU:53   AU:35   +
    8    78  0   0.0%   0.007 GU:32   AU:56   +
   12   124  0   0.0%   0.153 CG:6    UG:82   +
  115   152  0   0.0%   0.192 CG:6    UG:75   --:7    +
   65    69  0   0.0%   0.353 GU:1    AU:87   +
   81   128  0   0.0%   1.022 GC:52   GU:36   +
   20    39  0   0.0%   0.000 GU:1    AU:87   +
    3   132  0   0.0%   0.001 GU:1    AU:87   +
   29    76  0   0.0%   0.011 GU:28   AU:60   +
   20   123  0   0.0%   0.014 GU:1    AU:87   +
   87   145  0   0.0%   0.135 CG:1    UG:87   +
   15    48  0   0.0%   0.012 CG:85   UG:3    +
   37   118  0   0.0%   0.685 GC:55   GU:33   +
   15    81  0   0.0%   0.016 CG:85   UG:3    +
   45    58  0   0.0%   0.008 CG:5    UG:83   +
   15   130  0   0.0%   0.054 CG:85   UG:3    +
   12    79  0   0.0%   0.139 CG:6    UG:82   +
   39   122  0   0.0%   0.655 UG:2    UA:86   +
   12   145  0   0.0%   0.172 CG:6    UG:82   +
    3   123  0   0.0%   0.001 GU:1    AU:87   +
   17    48  0   0.0%   0.012 CG:4    UG:84   +
   22    81  0   0.0%   0.017 CG:87   UG:1    +
   45    59  0   0.0%   0.008 CG:5    UG:83   +
   38   116  0   0.0%   0.588 GC:79   GU:9    +
   44   103  0   0.0%   0.155 CG:1    UG:87   +
   44    70  0   0.0%   0.024 CG:1    UG:87   +
  111   128  0   0.0%   1.094 GC:52   GU:36   +
   12    96  0   0.0%   0.145 CG:6    UG:82   +
    9   123  0   0.0%   0.014 GU:5    AU:83   +
   17   111  0   0.0%   0.022 CG:4    UG:84   +
   20   132  0   0.0%   0.012 GU:1    AU:87   +
   17   124  0   0.0%   0.031 CG:4    UG:84   +
    3    34  0   0.0%   0.000 GU:1    AU:87   +
   99   144  0   0.0%   0.098 GU:1    AU:87   +
   78    92  0   0.0%   0.822 UG:87   UA:1    +
   30   151  0   0.0%   0.600 GU:36   AU:52   +
   52    62  0   0.0%   0.002 UG:2    UA:86   +
  102   144  0   0.0%   0.158 GU:2    AU:86   +
   99   151  0   0.0%   0.370 GU:1    AU:87   +
   39   129  0   0.0%   0.655 UG:1    UA:87   +
   39    99  0   0.0%   0.606 UG:1    UA:87   +
    5    87  0   0.0%   0.184 GC:1    GU:87   +
   38   128  0   0.0%   0.587 GC:52   GU:36   +
   15    38  0   0.0%   0.012 CG:85   UG:3    +
   34   129  0   0.0%   0.305 UG:1    UA:87   +
   21   123  0   0.0%   0.060 GU:2    AU:86   +
   56   123  0   0.0%   0.182 GU:1    AU:87   +
   29   151  0   0.0%   0.456 GU:28   AU:60   +
   45    54  0   0.0%   0.008 CG:5    UG:83   +
    4   123  0   0.0%   0.161 GU:50   AU:38   +
  110   137  0   0.0%   1.105 GC:19   GU:69   +
   90    97  0   0.0%   0.027 GU:8    AU:80   +
   27    37  0   0.0%   0.085 CG:87   UG:1    +
   45   124  0   0.0%   0.036 CG:5    UG:83   +
   34    60  0   0.0%   0.069 UG:23   UA:65   +
  111   142  0   0.0%   1.182 GC:1    GU:87   +
   87   130  0   0.0%   0.248 CG:1    UG:87   +
  136   141  0   1.0%   1.015 GC:88   +
   41    71  2   1.6%   0.213 GC:86   +
   31   107  0   0.9%   0.253 AU:88   +
   53    76  0   0.9%   0.667 AU:88   +
   85    92  1   1.4%   0.202 CG:87   +
  113   124  0   0.9%   1.064 CG:88   +
  107   127  0   0.8%   0.509 UA:88   +
   55    64  0   0.8%   0.121 UA:88   +
   84   110  0   0.8%   0.955 CG:88   +
   78   127  0   0.7%   1.518 UA:88   +
   31    78  0   0.7%   0.412 AU:88   +
   79   126  0   0.7%   1.132 GC:88   +
  132   138  0   0.7%   0.694 UA:88   +
   75   130  0   0.7%   0.412 CG:88   +
   81   125  0   0.7%   1.077 GC:88   +
   82   124  0   0.7%   1.273 CG:88   +
  115   143  1   0.1%   0.211 CG:5    UG:52   UA:30   +
   32    78  0   0.6%   0.438 AU:88   +
   79   108  0   0.6%   0.597 GC:88   +
    5   146  0   0.6%   0.326 GC:88   +
    6   145  1   0.6%   0.180 CG:75   UG:12   +
   80   107  0   0.6%   0.470 AU:88   +
    4    28  2   0.6%   0.217 GC:2    GU:47   AU:37   +
   54    75  0   0.6%   0.484 GC:88   +
   55    73  0   0.6%   0.686 UA:88   +
   84   103  0   0.6%   0.364 CG:88   +
  137   143  1   0.1%   1.148 CG:18   UG:39   UA:30   +
   17   143  1   0.0%   0.028 CG:3    UG:54   UA:30   +
   83   111  0   0.5%   1.667 CG:88   +
   28    37  1   0.5%   0.124 CG:3    UG:84   +
    4    17  1   0.0%   0.130 GC:3    GU:47   AU:37   +
  103   131  0   0.5%   0.597 GC:88   +
  117   123  0   0.5%   0.413 AU:88   +
   41    45  1   0.0%   0.017 GC:5    GU:81   AU:1    +
   12    25  1   0.0%   0.141 CG:5    UG:81   UA:1    +
   18    28  1   0.0%   0.036 GC:3    GU:49   AU:35   +
   41   128  1   0.0%   0.311 GC:51   GU:35   AU:1    +
   25   116  1   0.0%   0.639 GC:78   GU:8    AU:1    +
   41   118  1   0.0%   0.321 GC:54   GU:32   AU:1    +
   17    41  1   0.0%   0.012 CG:4    UG:82   UA:1    +
   28    92  1   0.0%   0.163 CG:3    UG:83   UA:1    +
   78   109  0   0.5%   0.973 UA:88   +
   25    35  2   1.2%   0.156 GC:86   +
  123   139  0   0.5%   0.514 UA:88   +
   58    71  0   0.4%   0.523 GC:88   +
   40    48  0   0.4%   0.224 CG:88   +
   37   150  0   0.4%   1.136 GC:88   +
   38   149  0   0.4%   1.019 GC:88   +
  113   148  0   0.4%   1.473 CG:88   +
   76   117  0   0.4%   0.542 UA:88   +
   36   151  0   0.4%   0.607 AU:88   +
  135   142  1   0.9%   1.021 AU:87   +
   39   148  0   0.4%   1.179 UG:88   +
  106   112  0   0.4%   0.959 GC:88   +
   31   144  0   0.4%   0.213 AU:88   +
   37    84  0   0.3%   0.683 GC:88   +
   84    96  0   0.3%   0.178 CG:88   +
   14   107  1   0.3%   0.085 GU:1    AU:86   +
   38    83  0   0.3%   1.113 GC:88   +
  107   111  0   0.3%   1.067 UG:88   +
   48    72  0   0.3%   0.417 GU:88   +
  127   132  0   0.3%   0.378 AU:88   +
   54    74  0   0.3%   0.424 GC:88   +
   43   107  0   0.3%   0.355 AU:88   +
   21    87  1   0.3%   0.057 GU:2    AU:85   +
   34    80  0   0.3%   0.131 UA:88   +
   46    72  0   0.3%   0.058 AU:88   +
    6   106  1   0.3%   0.088 CG:75   UG:12   +
   88   111  0   0.2%   0.786 CG:88   +
   57    70  0   0.2%   0.894 CG:88   +
   35    79  0   0.2%   0.437 CG:88   +
   82   103  0   0.2%   0.932 CG:88   +
   97   104  0   0.2%   0.197 UA:88   +
   43    69  0   0.2%   0.045 AU:88   +
   34   111  0   0.2%   0.488 UG:88   +
   33   112  0   0.2%   0.520 GC:88   +
   35   110  0   0.2%   0.614 CG:88   +
  126   136  0   0.2%   0.984 CG:88   +
   11   106  1   0.2%   0.185 CG:85   UG:2    +
    5   107  0   0.2%   0.226 GU:88   +
   79    88  0   0.2%   0.449 GC:88   +
   34    79  0   0.2%   0.199 UG:88   +
    6   124  1   0.2%   0.100 CG:75   UG:12   +
    5   125  0   0.2%   0.246 GC:88   +
   10   107  0   0.2%   0.050 AU:88   +
   58    69  0   0.2%   0.399 GU:88   +
   78   106  0   0.2%   0.980 UG:88   +
  111   131  0   0.2%   1.274 GC:88   +
  112   130  0   0.2%   1.165 CG:88   +
   79    84  0   0.2%   0.470 GC:88   +
   50    58  0   0.2%   0.164 CG:88   +
   49    59  0   0.2%   0.167 CG:88   +
  110   132  0   0.2%   1.264 GU:88   +
    5   131  0   0.2%   0.254 GC:88   +
    6   130  1   0.2%   0.107 CG:75   UG:12   +
  114   144  0   0.2%   0.527 AU:88   +
  113   145  0   0.2%   0.733 CG:88   +
  106   113  0   0.2%   0.931 GC:88   +
  108   134  0   0.2%   0.554 CG:88   +
   81   113  0   0.2%   1.539 GC:88   +
   28   145  1   0.1%   0.384 CG:3    UG:84   +
  100   107  0   0.1%   0.303 AU:88   +
  107   135  0   0.1%   0.582 UA:88   +
  107   117  0   0.1%   0.600 UA:88   +
   28    33  1   0.1%   0.113 CG:3    UG:84   +
    6    26  3   0.6%   0.096 CG:73   UG:12   +
  134   141  0   0.1%   0.966 GC:88   +
  120   151  1   0.1%   1.218 GU:6    AU:81   +
   34   117  0   0.1%   0.319 UA:88   +
   85   106  0   0.1%   0.350 CG:88   +
   33    40  0   0.1%   0.114 GC:88   +
   36    78  0   0.1%   0.738 AU:88   +
   76   105  0   0.1%   0.432 UA:88   +
   75   106  0   0.1%   0.356 CG:88   +
   97   103  0   0.1%   0.243 UG:88   +
   48   131  0   0.1%   0.337 GC:88   +
   49   130  0   0.1%   0.587 CG:88   +
   86   112  0   0.1%   0.678 GC:88   +
   47   132  0   0.1%   0.149 AU:88   +
   78   103  0   0.1%   0.965 UG:88   +
   76    91  0   0.1%   0.416 UA:88   +
    5   150  0   0.1%   0.352 GC:88   +
   82   106  0   0.1%   0.919 CG:88   +
   41    72  1   0.1%   0.100 GU:86   AU:1    +
   97   106  0   0.1%   0.358 UG:88   +
    6   111  1   0.1%   0.077 CG:75   UG:12   +
    5   112  0   0.1%   0.224 GC:88   +
   74    93  0   0.1%   0.220 CG:88   +
   86   113  0   0.1%   0.668 GC:88   +
  101   107  0   0.1%   0.308 AU:88   +
   81   146  0   0.1%   1.158 GC:88   +
   82   145  0   0.1%   1.354 CG:88   +
  103   112  0   0.1%   0.985 GC:88   +
   71   124  0   0.1%   0.365 CG:88   +
  121   142  1   0.1%   0.510 GU:1    AU:86   +
   70   125  0   0.1%   0.907 GC:88   +
   23   151  0   0.1%   0.042 AU:88   +
   96   108  0   0.1%   0.312 GC:88   +
   43    78  0   0.1%   0.932 AU:88   +
  108   130  0   0.1%   0.612 CG:88   +
   12    18  2   0.1%   0.149 CG:4    UG:49   UA:33   +
  109   123  0   0.1%   0.119 AU:88   +
   97   105  0   0.1%   0.081 UA:88   +
   58    66  0   0.1%   0.084 GC:88   +
  103   113  0   0.1%   0.971 GC:88   +
   59    71  0   0.1%   0.479 GC:88   +
  108   124  0   0.1%   0.443 CG:88   +
   81   107  0   0.1%   0.767 GU:88   +
  107   114  0   0.1%   0.685 UA:88   +
   58    72  0   0.1%   0.515 GU:88   +
   95   103  0   0.1%   0.233 CG:88   +
    5    97  0   0.1%   0.198 GU:88   +
  106   125  0   0.1%   0.410 GC:88   +
    6    96  1   0.1%   0.048 CG:75   UG:12   +
   33    84  0   0.1%   0.334 GC:88   +
    6   152  1   0.1%   0.199 CG:68   UG:12   --:7    +
   33   146  0   0.1%   0.539 GC:88   +
   97   101  0   0.1%   0.034 UA:88   +
   81    97  0   0.1%   0.596 GU:88   +
   28    81  1   0.0%   0.529 CG:3    UG:84   +
   40    81  0   0.0%   0.793 CG:88   +
   71    81  0   0.0%   0.888 CG:88   +
   82    96  0   0.0%   0.774 CG:88   +
    5   108  0   0.0%   0.211 GC:88   +
   72    80  0   0.0%   0.542 UA:88   +
   78   104  0   0.0%   0.946 UA:88   +
  123   148  0   0.0%   1.248 UG:88   +
   70    82  0   0.0%   1.621 GC:88   +
   88   103  0   0.0%   0.245 CG:88   +
  104   132  0   0.0%   0.307 AU:88   +
   82    86  0   0.0%   0.782 CG:88   +
   16   144  0   0.0%   0.033 AU:88   +
   48    75  0   0.0%   0.435 GC:88   +
    6   103  1   0.0%   0.049 CG:75   UG:12   +
   91   132  0   0.0%   0.154 AU:88   +
   88   110  0   0.0%   0.743 CG:88   +
   75   103  0   0.0%   0.355 CG:88   +
   34   145  0   0.0%   0.508 UG:88   +
  103   107  0   0.0%   0.515 GU:88   +
   47    76  0   0.0%   0.458 AU:88   +
   73   123  0   0.0%   0.362 AU:88   +
  134   146  0   0.0%   0.996 GC:88   +
   79    85  0   0.0%   0.419 GC:88   +
   39    43  0   0.0%   0.045 UA:88   +
   43   132  0   0.0%   0.212 AU:88   +
   83   103  0   0.0%   0.723 CG:88   +
   43    72  0   0.0%   0.034 AU:88   +
   93   112  0   0.0%   0.783 GC:88   +
   16   123  0   0.0%   0.021 AU:88   +
  123   140  0   0.0%   0.618 UA:88   +
   73   132  0   0.0%   0.372 AU:88   +
  136   144  0   0.0%   1.217 GU:88   +
   32   107  0   0.0%   0.171 AU:88   +
  125   134  0   0.0%   0.579 CG:88   +
   34   105  0   0.0%   0.285 UA:88   +
   46    78  0   0.0%   0.777 AU:88   +
   97   109  0   0.0%   0.151 UA:88   +
   35   106  0   0.0%   0.511 CG:88   +
  117   151  0   0.0%   1.338 AU:88   +
  106   123  0   0.0%   0.362 GU:88   +
   33    83  0   0.0%   0.677 GC:88   +
   78   105  0   0.0%   0.845 UA:88   +
   55    63  0   0.0%   0.011 UA:88   +
   79    83  0   0.0%   0.959 GC:88   +
   40   148  0   0.0%   0.818 CG:88   +
   34    43  0   0.0%   0.071 UA:88   +
  107   124  0   0.0%   0.419 UG:88   +
   78   135  0   0.0%   1.597 UA:88   +
   38    88  0   0.0%   0.543 GC:88   +
    6    81  1   0.0%   0.039 CG:75   UG:12   +
    5    82  0   0.0%   0.187 GC:88   +
   40    86  0   0.0%   0.307 CG:88   +
   14    97  1   0.0%   0.014 GU:1    AU:86   +
   33   125  0   0.0%   0.359 GC:88   +
   33   108  0   0.0%   0.336 GC:88   +
   95   111  0   0.0%   0.826 CG:88   +
   51    76  0   0.0%   0.415 AU:88   +
   48    66  0   0.0%   0.148 GC:88   +
   38    84  0   0.0%   0.579 GC:88   +
   11   103  1   0.0%   0.139 CG:85   UG:2    +
   74   106  0   0.0%   0.317 CG:88   +
   78   120  1   0.0%   1.547 UG:6    UA:81   +
   37    85  0   0.0%   0.630 GC:88   +
   11    96  1   0.0%   0.138 CG:85   UG:2    +
   33   131  0   0.0%   0.355 GC:88   +
   74    79  0   0.0%   0.589 CG:88   +
   74   124  0   0.0%   0.294 CG:88   +
   76   104  0   0.0%   0.518 UA:88   +
   47    67  0   0.0%   0.005 AU:88   +
   34   124  0   0.0%   0.326 UG:88   +
   73   107  0   0.0%   0.489 AU:88   +
   10    97  0   0.0%   0.012 AU:88   +
   75    81  0   0.0%   0.779 CG:88   +
   50    77  0   0.0%   0.745 CG:88   +
  132   136  0   0.0%   0.692 UG:88   +
   46    76  0   0.0%   0.360 AU:88   +
   34   130  0   0.0%   0.319 UG:88   +
  131   148  0   0.0%   1.306 CG:88   +
  135   144  0   0.0%   0.892 AU:88   +
   32    76  0   0.0%   0.008 AU:88   +
   78   101  0   0.0%   0.817 UA:88   +
   32   132  0   0.0%   0.053 AU:88   +
  106   146  0   0.0%   0.507 GC:88   +
   43   144  0   0.0%   0.289 AU:88   +
  126   130  0   0.0%   0.628 CG:88   +
   33    75  0   0.0%   0.080 GC:88   +
  124   141  0   0.0%   0.988 GC:88   +
   76    80  0   0.0%   0.607 UA:88   +
   16   107  0   0.0%   0.049 AU:88   +
   34    77  0   0.0%   0.077 UG:88   +
   82    93  0   0.0%   0.764 CG:88   +
   32   144  0   0.0%   0.283 AU:88   +
   33    85  0   0.0%   0.314 GC:88   +
    9   142  1   0.0%   0.008 GU:5    AU:82   +
   35   134  0   0.0%   0.438 CG:88   +
   71   136  0   0.0%   0.336 CG:88   +
   78   100  0   0.0%   0.815 UA:88   +
  130   149  0   0.0%   1.555 GC:88   +
   72   135  0   0.0%   0.423 UA:88   +
   83    93  0   0.0%   0.578 CG:88   +
  124   150  0   0.0%   1.976 GC:88   +
   82   136  0   0.0%   1.295 CG:88   +
   30    45  2   0.0%   0.009 GC:3    GU:33   AU:50   +
   86   108  0   0.0%   0.176 GC:88   +
   76   135  0   0.0%   0.758 UA:88   +
   95   110  0   0.0%   0.821 CG:88   +
   75   136  0   0.0%   0.329 CG:88   +
  107   145  0   0.0%   0.526 UG:88   +
   40    70  0   0.0%   0.063 CG:88   +
  110   125  0   0.0%   0.798 GC:88   +
   49    77  0   0.0%   0.751 CG:88   +
   48    78  0   0.0%   1.010 GU:88   +
   48    74  0   0.0%   0.427 GC:88   +
   38   125  0   0.0%   0.606 GC:88   +
   33    95  0   0.0%   0.313 GC:88   +
   34    94  0   0.0%   0.171 UA:88   +
   19    44  1   0.0%   0.003 GU:2    AU:85   +
   41    69  1   0.0%   0.015 GU:86   AU:1    +
   74    81  0   0.0%   0.761 CG:88   +
   59    69  0   0.0%   0.378 GU:88   +
   37   126  0   0.0%   0.681 GC:88   +
   35    93  0   0.0%   0.310 CG:88   +
  139   144  0   0.0%   1.116 AU:88   +
   34   135  0   0.0%   0.309 UA:88   +
   77    84  0   0.0%   0.345 GC:88   +
   34   114  0   0.0%   0.296 UA:88   +
   59    74  0   0.0%   0.354 GC:88   +
   81    95  0   0.0%   0.571 GC:88   +
   16    78  0   0.0%   0.004 AU:88   +
   71    77  0   0.0%   0.617 CG:88   +
   35   136  0   0.0%   0.438 CG:88   +
   88   106  0   0.0%   0.255 CG:88   +
   28   148  1   0.0%   0.699 CG:3    UG:84   +
   58    75  0   0.0%   0.403 GC:88   +
  130   150  0   0.0%   1.404 GC:88   +
   15    92  1   0.0%   0.016 CG:84   UG:3    +
   57    77  0   0.0%   0.313 CG:88   +
  123   135  0   0.0%   0.224 UA:88   +
   39   124  0   0.0%   0.677 UG:88   +
   33    49  0   0.0%   0.077 GC:88   +
   97   111  0   0.0%   0.765 UG:88   +
   96   112  0   0.0%   0.715 GC:88   +
   58    76  0   0.0%   0.582 GU:88   +
   59    75  0   0.0%   0.370 GC:88   +
   34    48  0   0.0%   0.071 UG:88   +
   77    82  0   0.0%   1.048 GC:88   +
   55    68  0   0.0%   0.220 UA:88   +
   84   111  0   0.0%   0.921 CG:88   +
  105   123  0   0.0%   0.040 AU:88   +
   34    51  0   0.0%   0.070 UA:88   +
   48   125  0   0.0%   0.323 GC:88   +
   33    74  0   0.0%   0.078 GC:88   +
   49   124  0   0.0%   0.576 CG:88   +
   83   130  0   0.0%   1.133 CG:88   +
  103   141  0   0.0%   0.568 GC:88   +
   35    86  0   0.0%   0.328 CG:88   +
    5    71  0   0.0%   0.183 GC:88   +
   85   110  0   0.0%   0.824 CG:88   +
    6    70  1   0.0%   0.034 CG:75   UG:12   +
   83   106  0   0.0%   0.706 CG:88   +
   32    39  0   0.0%   0.036 AU:88   +
  136   149  0   0.0%   1.431 GC:88   +
   34    73  0   0.0%   0.072 UA:88   +
   81    85  0   0.0%   0.575 GC:88   +
   69   138  0   0.0%   0.250 UA:88   +
  102   142  1   0.0%   0.222 GU:2    AU:85   +
   33    88  0   0.0%   0.314 GC:88   +
   38   141  0   0.0%   0.741 GC:88   +
   49   111  0   0.0%   0.783 CG:88   +
    2   151  0   0.0%   0.002 AU:88   +
   48   112  0   0.0%   0.533 GC:88   +
   50   110  0   0.0%   0.764 CG:88   +
   54    69  0   0.0%   0.137 GU:88   +
   34   139  0   0.0%   0.309 UA:88   +
   33    52  0   0.0%   0.076 GU:88   +
  106   141  0   0.0%   0.611 GC:88   +
   30    44  1   0.0%   0.007 GU:36   AU:51   +
   96   146  0   0.0%   0.161 GC:88   +
   97   145  0   0.0%   0.126 UG:88   +
   36    52  0   0.0%   0.003 AU:88   +
   85   103  0   0.0%   0.321 CG:88   +
   39   140  0   0.0%   0.895 UA:88   +
   33   150  0   0.0%   0.803 GC:88   +
   55    79  0   0.0%   0.708 UG:88   +
  111   126  0   0.0%   1.323 GC:88   +
  111   146  0   0.0%   1.075 GC:88   +
   70    78  0   0.0%   1.674 GU:88   +
   32   151  0   0.0%   0.535 AU:88   +
   39   114  0   0.0%   0.656 UA:88   +
   78    86  0   0.0%   0.832 UG:88   +
   77    83  0   0.0%   0.862 GC:88   +
   59    67  0   0.0%   0.343 GU:88   +
   83    96  0   0.0%   0.582 CG:88   +
   58    74  0   0.0%   0.386 GC:88   +
   34   103  0   0.0%   0.183 UG:88   +
   11   148  1   0.0%   0.216 CG:85   UG:2    +
   75    79  0   0.0%   0.603 CG:88   +
   11    77  1   0.0%   0.130 CG:85   UG:2    +
  107   140  0   0.0%   0.616 UA:88   +
   10    78  0   0.0%   0.002 AU:88   +
   40    77  0   0.0%   0.300 CG:88   +
   81    88  0   0.0%   0.586 GC:88   +
   79   107  0   0.0%   0.574 GU:88   +
   80    97  0   0.0%   0.244 AU:88   +
   14    78  1   0.0%   0.003 GU:1    AU:86   +
   11   111  1   0.0%   0.153 CG:85   UG:2    +
   72   124  0   0.0%   0.356 UG:88   +
   23    76  0   0.0%   0.003 AU:88   +
   33    71  0   0.0%   0.077 GC:88   +
   28   143  2   0.0%   0.324 CG:2    UG:54   UA:30   +
   14    34  1   0.0%   0.002 GU:1    AU:86   +
  134   144  0   0.0%   1.249 GU:88   +
  103   125  0   0.0%   0.440 GC:88   +
  112   145  0   0.0%   0.966 CG:88   +
   21    44  1   0.0%   0.010 GU:2    AU:85   +
   41    76  1   0.0%   0.280 GU:86   AU:1    +
  122   142  1   0.0%   0.499 GU:2    AU:85   +
  134   150  0   0.0%   1.201 GC:88   +
   77   113  0   0.0%   0.570 GC:88   +
   32    72  0   0.0%   0.003 AU:88   +
   35   124  0   0.0%   0.453 CG:88   +
   33   113  0   0.0%   0.489 GC:88   +
   35   145  0   0.0%   0.483 CG:88   +
    6   134  1   0.0%   0.087 CG:75   UG:12   +
   31    97  0   0.0%   0.053 AU:88   +
   54   141  0   0.0%   0.397 GC:88   +
   51   144  0   0.0%   0.212 AU:88   +
    6   136  1   0.0%   0.088 CG:75   UG:12   +
   16    76  0   0.0%   0.001 AU:88   +
   39    47  0   0.0%   0.039 UA:88   +
  105   151  0   0.0%   0.447 AU:88   +
   82   110  0   0.0%   1.051 CG:88   +
   11   110  1   0.0%   0.146 CG:85   UG:2    +
   49   148  0   0.0%   0.953 CG:88   +
   84   134  0   0.0%   0.393 CG:88   +
   34    70  0   0.0%   0.071 UG:88   +
  106   126  0   0.0%   0.384 GC:88   +
   55   140  0   0.0%   0.468 UA:88   +
   48   149  0   0.0%   0.697 GC:88   +
  141   145  0   0.0%   1.792 CG:88   +
  107   120  1   0.0%   0.485 UG:6    UA:81   +
   34    41  1   0.0%   0.068 UG:86   UA:1    +
   93   149  0   0.0%   0.564 GC:88   +
   91   151  0   0.0%   0.378 AU:88   +
   36   123  0   0.0%   0.213 AU:88   +
   39    46  0   0.0%   0.038 UA:88   +
   29   142  1   0.0%   0.105 GU:28   AU:59   +
   96   141  0   0.0%   0.266 GC:88   +
   97   140  0   0.0%   0.217 UA:88   +
  123   130  0   0.0%   0.362 UG:88   +
   81   108  0   0.0%   0.689 GC:88   +
  123   136  0   0.0%   0.126 UG:88   +
   33   123  0   0.0%   0.353 GU:88   +
   33   149  0   0.0%   0.862 GC:88   +
   33   144  0   0.0%   0.587 GU:88   +
  108   145  0   0.0%   0.440 CG:88   +
   34   148  0   0.0%   0.826 UG:88   +
   75   124  0   0.0%   0.318 CG:88   +
    5    84  0   0.0%   0.185 GC:88   +
   22    92  1   0.0%   0.034 CG:86   UG:1    +
   70   112  0   0.0%   1.100 GC:88   +
   24    76  0   0.0%   0.003 AU:88   +
   37    49  0   0.0%   0.034 GC:88   +
   71   111  0   0.0%   0.555 CG:88   +
   49    79  0   0.0%   0.841 CG:88   +
   74   130  0   0.0%   0.282 CG:88   +
   40    58  0   0.0%   0.059 CG:88   +
  109   132  0   0.0%   0.317 AU:88   +
   37   108  0   0.0%   0.647 GC:88   +
   58    85  0   0.0%   0.199 GC:88   +
   59    84  0   0.0%   0.202 GC:88   +
   57    86  0   0.0%   0.039 CG:88   +
   86   107  0   0.0%   0.247 GU:88   +
   38   131  0   0.0%   0.599 GC:88   +
   83   134  0   0.0%   1.112 CG:88   +
   50   145  0   0.0%   0.595 CG:88   +
   79    97  0   0.0%   0.438 GU:88   +
   37   132  0   0.0%   0.689 GU:88   +
   76   114  0   0.0%   0.469 UA:88   +
   85    93  0   0.0%   0.129 CG:88   +
   97   117  0   0.0%   0.304 UA:88   +
   72   110  0   0.0%   0.544 UG:88   +
   56    87  1   0.0%   0.185 GU:1    AU:86   +
   66    77  0   0.0%   0.497 CG:88   +
   48    83  0   0.0%   0.864 GC:88   +
   44   129  1   0.0%   0.052 UG:1    UA:86   +
    8   142  1   0.0%   0.010 GU:32   AU:55   +
   76   111  0   0.0%   0.751 UG:88   +
  103   150  0   0.0%   0.740 GC:88   +
   41   132  1   0.0%   0.325 GU:86   AU:1    +
   93   107  0   0.0%   0.282 GU:88   +
   33   107  0   0.0%   0.443 GU:88   +
  106   150  0   0.0%   0.783 GC:88   +
   31    76  0   0.0%   0.004 AU:88   +
   49    54  0   0.0%   0.134 CG:88   +
   88   136  0   0.0%   0.085 CG:88   +
   34   127  0   0.0%   0.305 UA:88   +
   39   130  0   0.0%   0.668 UG:88   +
   36   144  0   0.0%   0.291 AU:88   +
  110   131  0   0.0%   1.231 GC:88   +
   29    44  1   0.0%   0.010 GU:28   AU:59   +
   48    55  0   0.0%   0.144 GU:88   +
  110   123  0   0.0%   0.759 GU:88   +
    2   107  0   0.0%   0.001 AU:88   +
   82   148  0   0.0%   1.686 CG:88   +
   23    78  0   0.0%   0.004 AU:88   +
  111   150  0   0.0%   2.068 GC:88   +
   14   151  1   0.0%   0.043 GU:1    AU:86   +
   81   149  0   0.0%   1.490 GC:88   +
   91    97  0   0.0%   0.028 AU:88   +
  103   146  0   0.0%   0.462 GC:88   +
   13   151  0   0.0%   0.022 AU:88   +
   20    87  1   0.0%   0.001 GU:1    AU:86   +
   10   151  0   0.0%   0.035 AU:88   +
  104   123  0   0.0%   0.151 AU:88   +
   77    85  0   0.0%   0.307 GC:88   +
  110   151  0   0.0%   2.089 GU:88   +
   71    79  0   0.0%   0.708 CG:88   +
   43   123  0   0.0%   0.205 AU:88   +
   73    78  0   0.0%   1.144 AU:88   +
   37    71  0   0.0%   0.162 GC:88   +
   33    57  0   0.0%   0.075 GC:88   +
   36    72  0   0.0%   0.003 AU:88   +
   79   146  0   0.0%   1.206 GC:88   +
   40   124  0   0.0%   0.353 CG:88   +
   16    97  0   0.0%   0.012 AU:88   +
   23   123  0   0.0%   0.015 AU:88   +
  111   141  0   0.0%   1.179 GC:88   +
   97   124  0   0.0%   0.134 UG:88   +
   63    67  0   0.0%   0.201 AU:88   +
   51   123  0   0.0%   0.133 AU:88   +
   96   125  0   0.0%   0.170 GC:88   +
   44   122  1   0.0%   0.052 UG:2    UA:85   +
   38   107  0   0.0%   0.668 GU:88   +
  109   144  0   0.0%   0.182 AU:88   +
   35    54  0   0.0%   0.057 CG:88   +
   39    59  0   0.0%   0.156 UG:88   +
   38    50  0   0.0%   0.297 GC:88   +
   50   124  0   0.0%   0.569 CG:88   +
   24    97  0   0.0%   0.015 AU:88   +
   13   107  0   0.0%   0.026 AU:88   +
   16   151  0   0.0%   0.030 AU:88   +
   30   142  1   0.0%   0.224 GU:36   AU:51   +
   12   143  2   0.0%   0.141 CG:4    UG:53   UA:29   +
  134   149  0   0.0%   1.351 GC:88   +
   11    33  1   0.0%   0.129 CG:85   UG:2    +
   20    44  1   0.0%   0.002 GU:1    AU:86   +
   38    76  0   0.0%   0.535 GU:88   +
   11    81  1   0.0%   0.132 CG:85   UG:2    +
   78   136  0   0.0%   1.503 UG:88   +
   11   145  1   0.0%   0.177 CG:85   UG:2    +
   34    53  0   0.0%   0.069 UA:88   +
   74   134  0   0.0%   0.358 CG:88   +
   34   106  0   0.0%   0.369 UG:88   +
   28   134  1   0.0%   0.322 CG:3    UG:84   +
  120   144  1   0.0%   0.922 GU:6    AU:81   +
   33    66  0   0.0%   0.076 GC:88   +
   70   113  0   0.0%   1.080 GC:88   +
   31   123  0   0.0%   0.095 AU:88   +
   76    81  0   0.0%   0.955 UG:88   +
   96   107  0   0.0%   0.375 GU:88   +
  103   126  0   0.0%   0.421 GC:88   +
   10    34  0   0.0%   0.001 AU:88   +
   24   107  0   0.0%   0.067 AU:88   +
   48   146  0   0.0%   0.352 GC:88   +
   38    66  0   0.0%   0.168 GC:88   +
   78   138  0   0.0%   1.499 UA:88   +
    6    77  1   0.0%   0.034 CG:75   UG:12   +
   32    67  0   0.0%   0.002 AU:88   +
   28   124  1   0.0%   0.339 CG:3    UG:84   +
   83   124  0   0.0%   1.028 CG:88   +
   37    67  0   0.0%   0.160 GU:88   +
   23    97  0   0.0%   0.015 AU:88   +
   32   123  0   0.0%   0.052 AU:88   +
  132   148  0   0.0%   1.487 UG:88   +
   35    81  0   0.0%   0.738 CG:88   +
  140   144  0   0.0%   1.084 AU:88   +
    2    97  0   0.0%   0.000 AU:88   +
   23   144  0   0.0%   0.024 AU:88   +
  132   145  0   0.0%   1.786 UG:88   +
   46    67  0   0.0%   0.001 AU:88   +
  112   136  0   0.0%   0.916 CG:88   +
  106   151  0   0.0%   0.824 GU:88   +
   13    97  0   0.0%   0.008 AU:88   +
    6    33  1   0.0%   0.033 CG:75   UG:12   +
   46   132  0   0.0%   0.037 AU:88   +
   23   107  0   0.0%   0.068 AU:88   +
   97   110  0   0.0%   0.761 UG:88   +
   66    81  0   0.0%   0.757 CG:88   +
   36    97  0   0.0%   0.213 AU:88   +
    5    78  0   0.0%   0.182 GU:88   +
   67    80  0   0.0%   0.409 UA:88   +
   72   109  0   0.0%   0.326 UA:88   +
   35   148  0   0.0%   0.803 CG:88   +
   86   123  0   0.0%   0.098 GU:88   +
   87   122  1   0.0%   0.082 UG:2    UA:85   +
   38    71  0   0.0%   0.169 GC:88   +
  101   132  0   0.0%   0.153 AU:88   +
   78   140  0   0.0%   1.645 UA:88   +
  141   148  0   0.0%   1.373 CG:88   +
   33    76  0   0.0%   0.081 GU:88   +
   63    69  0   0.0%   0.250 AU:88   +
   39   117  0   0.0%   0.662 UA:88   +
   34   101  0   0.0%   0.169 UA:88   +
   40   103  0   0.0%   0.406 CG:88   +
   70    75  0   0.0%   1.077 GC:88   +
   80   123  0   0.0%   0.277 AU:88   +
   55    59  0   0.0%   0.012 UG:88   +
  104   151  0   0.0%   0.501 AU:88   +
   14   123  1   0.0%   0.032 GU:1    AU:86   +
   72    79  0   0.0%   0.710 UG:88   +
   28    38  1   0.0%   0.102 CG:3    UG:84   +
   64    69  0   0.0%   0.286 AU:88   +
   37    72  0   0.0%   0.162 GU:88   +
   40   106  0   0.0%   0.374 CG:88   +
   41   123  1   0.0%   0.325 GU:86   AU:1    +
  135   151  0   0.0%   0.894 AU:88   +
   17    29  2   0.0%   0.012 CG:2    UG:26   UA:58   +
    5   151  0   0.0%   0.356 GU:88   +
   50    59  0   0.0%   0.153 CG:88   +
    5    34  0   0.0%   0.181 GU:88   +
  106   149  0   0.0%   0.843 GC:88   +
   38    95  0   0.0%   0.537 GC:88   +
   39    94  0   0.0%   0.607 UA:88   +
   34    38  0   0.0%   0.100 UG:88   +
   31   132  0   0.0%   0.093 AU:88   +
   39   104  0   0.0%   0.714 UA:88   +
   97   138  0   0.0%   0.070 UA:88   +
    5   141  0   0.0%   0.234 GC:88   +
   40   111  0   0.0%   0.561 CG:88   +
   77   141  0   0.0%   0.918 GC:88   +
   79    95  0   0.0%   0.423 GC:88   +
   43    52  0   0.0%   0.006 AU:88   +
  110   146  0   0.0%   1.063 GC:88   +
   40    93  0   0.0%   0.285 CG:88   +
  123   134  0   0.0%   0.282 UG:88   +
  111   123  0   0.0%   0.765 GU:88   +
  107   148  0   0.0%   0.861 UG:88   +
  120   132  1   0.0%   0.384 GU:6    AU:81   +
  101   123  0   0.0%   0.031 AU:88   +
  136   150  0   0.0%   1.280 GC:88   +
   33    39  0   0.0%   0.099 GU:88   +
   32    55  0   0.0%   0.001 AU:88   +
   81   141  0   0.0%   1.252 GC:88   +
   71    96  0   0.0%   0.333 CG:88   +
  113   130  0   0.0%   0.891 CG:88   +
   38    75  0   0.0%   0.519 GC:88   +
   76   136  0   0.0%   0.667 UG:88   +
   71   110  0   0.0%   0.542 CG:88   +
   28   103  1   0.0%   0.175 CG:3    UG:84   +
  108   148  0   0.0%   0.775 CG:88   +
   34   100  0   0.0%   0.169 UA:88   +
   79   150  0   0.0%   1.490 GC:88   +
   41   107  1   0.0%   0.436 GU:86   AU:1    +
    5   113  0   0.0%   0.211 GC:88   +
   35   130  0   0.0%   0.444 CG:88   +
   96   123  0   0.0%   0.129 GU:88   +
   52    59  0   0.0%   0.014 UG:88   +
    6    79  1   0.0%   0.034 CG:75   UG:12   +
   49   145  0   0.0%   0.609 CG:88   +
   48    57  0   0.0%   0.144 GC:88   +
   97   139  0   0.0%   0.070 UA:88   +
   34    86  0   0.0%   0.188 UG:88   +
   38   108  0   0.0%   0.558 GC:88   +
   37    76  0   0.0%   0.528 GU:88   +
   31    39  0   0.0%   0.034 AU:88   +
   79   112  0   0.0%   0.685 GC:88   +
   69    79  0   0.0%   0.636 UG:88   +
   97   127  0   0.0%   0.106 UA:88   +
  106   132  0   0.0%   0.683 GU:88   +
  110   141  0   0.0%   1.168 GC:88   +
   97   114  0   0.0%   0.407 UA:88   +
  100   123  0   0.0%   0.029 AU:88   +
   96   113  0   0.0%   0.698 GC:88   +
  113   134  0   0.0%   0.806 CG:88   +
   35    70  0   0.0%   0.058 CG:88   +
   47    78  0   0.0%   0.866 AU:88   +
   28    41  2   0.0%   0.070 CG:3    UG:82   UA:1    +
   59    88  0   0.0%   0.164 GC:88   +
   35    48  0   0.0%   0.059 CG:88   +
    6   110  1   0.0%   0.058 CG:75   UG:12   +
   75    93  0   0.0%   0.230 CG:88   +
   60    87  1   0.0%   0.043 GU:23   AU:64   +
   47    52  0   0.0%   0.002 AU:88   +
   34   120  1   0.0%   0.305 UG:6    UA:81   +
   97   120  1   0.0%   0.206 UG:6    UA:81   +
  103   132  0   0.0%   0.574 GU:88   +
   71   106  0   0.0%   0.431 CG:88   +
   76   138  0   0.0%   0.663 UA:88   +
   69   114  0   0.0%   0.250 UA:88   +
   39    70  0   0.0%   0.158 UG:88   +
   34   138  0   0.0%   0.307 UA:88   +
   86   141  0   0.0%   0.234 GC:88   +
   88   134  0   0.0%   0.225 CG:88   +
   72   105  0   0.0%   0.328 UA:88   +
   44    65  1   0.0%   0.011 UG:1    UA:86   +
   16    34  0   0.0%   0.001 AU:88   +
   49   103  0   0.0%   0.675 CG:88   +
   35   111  0   0.0%   0.614 CG:88   +
   78   110  0   0.0%   1.140 UG:88   +
   11    38  1   0.0%   0.129 CG:85   UG:2    +
   77   146  0   0.0%   0.806 GC:88   +
   36   132  0   0.0%   0.211 AU:88   +
   78    94  0   0.0%   0.813 UA:88   +
   28    86  1   0.0%   0.182 CG:3    UG:84   +
   77    95  0   0.0%   0.306 GC:88   +
   78    96  0   0.0%   0.821 UG:88   +
   76   103  0   0.0%   0.531 UG:88   +
   72   120  1   0.0%   0.328 UG:6    UA:81   +
   78   145  0   0.0%   1.547 UG:88   +
   95   124  0   0.0%   0.194 CG:88   +
   95   148  0   0.0%   0.521 CG:88   +
  145   150  0   0.0%   1.977 GC:88   +
   10    39  0   0.0%   0.000 AU:88   +
   49    58  0   0.0%   0.134 CG:88   +
   10   144  0   0.0%   0.033 AU:88   +
    5    95  0   0.0%   0.184 GC:88   +
   48   126  0   0.0%   0.308 GC:88   +
   40    96  0   0.0%   0.293 CG:88   +
   47   151  0   0.0%   0.484 AU:88   +
   34   109  0   0.0%   0.281 UA:88   +
   37   131  0   0.0%   0.687 GC:88   +
   54    88  0   0.0%   0.248 GC:88   +
   86   125  0   0.0%   0.139 GC:88   +
   59    72  0   0.0%   0.477 GU:88   +
   82   134  0   0.0%   1.434 CG:88   +
   76   106  0   0.0%   0.530 UG:88   +
   71   134  0   0.0%   0.426 CG:88   +
   34    46  0   0.0%   0.068 UA:88   +
   54    82  0   0.0%   0.988 GC:88   +
   33    50  0   0.0%   0.075 GC:88   +
   37   141  0   0.0%   0.917 GC:88   +
   71   130  0   0.0%   0.350 CG:88   +
   13   123  0   0.0%   0.011 AU:88   +
   36    69  0   0.0%   0.001 AU:88   +
   10   132  0   0.0%   0.024 AU:88   +
   19    87  1   0.0%   0.001 GU:2    AU:85   +
   70   131  0   0.0%   0.895 GC:88   +
  124   132  0   0.0%   0.738 GU:88   +
   99   142  1   0.0%   0.161 GU:1    AU:86   +
   59    83  0   0.0%   0.720 GC:88   +
   78   111  0   0.0%   1.152 UG:88   +
   75   111  0   0.0%   0.569 CG:88   +
   58    84  0   0.0%   0.235 GC:88   +
   40   145  0   0.0%   0.471 CG:88   +
   24   123  0   0.0%   0.014 AU:88   +
   70    97  0   0.0%   0.884 GU:88   +
   49   136  0   0.0%   0.563 CG:88   +
   70   126  0   0.0%   0.881 GC:88   +
   78   139  0   0.0%   1.499 UA:88   +
   59    82  0   0.0%   0.903 GC:88   +
   31   151  0   0.0%   0.446 AU:88   +
   85   124  0   0.0%   0.214 CG:88   +
   58    83  0   0.0%   0.754 GC:88   +
  103   149  0   0.0%   0.799 GC:88   +
   48   150  0   0.0%   0.637 GC:88   +
   39    51  0   0.0%   0.157 UA:88   +
   77   112  0   0.0%   0.588 GC:88   +
   43    67  0   0.0%   0.005 AU:88   +
    5    75  0   0.0%   0.182 GC:88   +
  108   136  0   0.0%   0.390 CG:88   +
   83   145  0   0.0%   1.019 CG:88   +
   78    91  0   0.0%   0.818 UA:88   +
   40   136  0   0.0%   0.426 CG:88   +
   97   135  0   0.0%   0.166 UA:88   +
   48   141  0   0.0%   0.464 GC:88   +
   55    81  0   0.0%   0.877 UG:88   +
   66   130  0   0.0%   0.220 CG:88   +
   52    58  0   0.0%   0.013 UG:88   +
   48    76  0   0.0%   0.596 GU:88   +
   76   110  0   0.0%   0.739 UG:88   +
   44    62  1   0.0%   0.010 UG:2    UA:85   +
   69   127  0   0.0%   0.249 UA:88   +
   74   103  0   0.0%   0.329 CG:88   +
   77   123  0   0.0%   0.746 GU:88   +
  101   151  0   0.0%   0.378 AU:88   +
   28    77  1   0.0%   0.071 CG:3    UG:84   +
  100   144  0   0.0%   0.105 AU:88   +
  126   148  0   0.0%   1.848 CG:88   +
   77   125  0   0.0%   0.753 GC:88   +
   70    74  0   0.0%   1.061 GC:88   +
   79   125  0   0.0%   1.047 GC:88   +
   11   124  1   0.0%   0.158 CG:85   UG:2    +
   32    97  0   0.0%   0.050 AU:88   +
   77    88  0   0.0%   0.305 GC:88   +
   69   117  0   0.0%   0.256 UA:88   +
   72    94  0   0.0%   0.326 UA:88   +
   87   121  1   0.0%   0.081 UG:1    UA:86   +
   78   124  0   0.0%   1.439 UG:88   +
  103   123  0   0.0%   0.399 GU:88   +
   43    55  0   0.0%   0.005 AU:88   +
   44   102  1   0.0%   0.034 UG:2    UA:85   +
   84   145  0   0.0%   0.300 CG:88   +
   79   132  0   0.0%   1.083 GU:88   +
   46   107  0   0.0%   0.168 AU:88   +
   44    61  1   0.0%   0.010 UG:2    UA:85   +
   84   130  0   0.0%   0.413 CG:88   +
   11    86  1   0.0%   0.130 CG:85   UG:2    +
   97   136  0   0.0%   0.076 UG:88   +
    4   115  2   0.0%   0.161 GC:4    GU:46   AU:36   +
   28   106  1   0.0%   0.250 CG:3    UG:84   +
   40    59  0   0.0%   0.059 CG:88   +
   77   131  0   0.0%   0.784 GC:88   +
   49   106  0   0.0%   0.658 CG:88   +
   91   107  0   0.0%   0.194 AU:88   +
   76   101  0   0.0%   0.402 UA:88   +
  100   151  0   0.0%   0.377 AU:88   +
   48   107  0   0.0%   0.450 GU:88   +
   75   134  0   0.0%   0.418 CG:88   +
   72   114  0   0.0%   0.327 UA:88   +
   86   146  0   0.0%   0.128 GC:88   +
   74   136  0   0.0%   0.266 CG:88   +
   44   121  1   0.0%   0.051 UG:1    UA:86   +
   78   130  0   0.0%   1.500 UG:88   +
   76    96  0   0.0%   0.412 UG:88   +
   36   107  0   0.0%   0.329 AU:88   +
   11   134  1   0.0%   0.146 CG:85   UG:2    +
   38    52  0   0.0%   0.169 GU:88   +
   33   126  0   0.0%   0.344 GC:88   +
   37    74  0   0.0%   0.161 GC:88   +
   77   107  0   0.0%   0.454 GU:88   +
   63    72  0   0.0%   0.324 AU:88   +
  123   127  0   0.0%   0.191 UA:88   +
   80   151  0   0.0%   0.736 AU:88   +
   11   130  1   0.0%   0.156 CG:85   UG:2    +
  123   145  0   0.0%   0.876 UG:88   +
   11   136  1   0.0%   0.146 CG:85   UG:2    +
   46    69  0   0.0%   0.015 AU:88   +
    6    48  1   0.0%   0.033 CG:75   UG:12   +
    5    49  0   0.0%   0.181 GC:88   +
   24    34  0   0.0%   0.002 AU:88   +
   88    96  0   0.0%   0.158 CG:88   +
   70   107  0   0.0%   1.017 GU:88   +
   79   131  0   0.0%   1.076 GC:88   +
   51    72  0   0.0%   0.217 AU:88   +
   76    86  0   0.0%   0.414 UG:88   +
   40    54  0   0.0%   0.059 CG:88   +
   84   136  0   0.0%   0.252 CG:88   +
   85   111  0   0.0%   0.825 CG:88   +
   50   130  0   0.0%   0.565 CG:88   +
   97   134  0   0.0%   0.220 UG:88   +
   38   150  0   0.0%   0.936 GC:88   +
   46   151  0   0.0%   0.386 AU:88   +
   38   123  0   0.0%   0.600 GU:88   +
   70   146  0   0.0%   0.918 GC:88   +
   83   136  0   0.0%   0.971 CG:88   +
  103   151  0   0.0%   0.780 GU:88   +
  134   151  0   0.0%   1.256 GU:88   +
    5    83  0   0.0%   0.184 GC:88   +
   23    52  0   0.0%   0.000 AU:88   +
   29    87  1   0.0%   0.116 GU:28   AU:59   +
   71   145  0   0.0%   0.380 CG:88   +
   85   136  0   0.0%   0.156 CG:88   +
   28   111  1   0.0%   0.489 CG:3    UG:84   +
   81   150  0   0.0%   1.430 GC:88   +
   38   113  0   0.0%   0.795 GC:88   +
   84   148  0   0.0%   0.637 CG:88   +
   37   151  0   0.0%   1.154 GU:88   +
   41   144  1   0.0%   0.472 GU:86   AU:1    +
   72    91  0   0.0%   0.325 UA:88   +
   79   123  0   0.0%   1.039 GU:88   +
   52   127  0   0.0%   0.223 UA:88   +
   24    52  0   0.0%   0.000 AU:88   +
   54   125  0   0.0%   0.263 GC:88   +
   96   131  0   0.0%   0.246 GC:88   +
   19   142  1   0.0%   0.008 GU:2    AU:85   +
   55   124  0   0.0%   0.343 UG:88   +
   85   134  0   0.0%   0.297 CG:88   +
   97   130  0   0.0%   0.237 UG:88   +
    6    86  1   0.0%   0.035 CG:75   UG:12   +
   49    93  0   0.0%   0.553 CG:88   +
   37    57  0   0.0%   0.160 GC:88   +
   13    78  0   0.0%   0.001 AU:88   +
    5    85  0   0.0%   0.184 GC:88   +
   93    97  0   0.0%   0.115 GU:88   +
   93   113  0   0.0%   0.765 GC:88   +
   74   110  0   0.0%   0.426 CG:88   +
   46    52  0   0.0%   0.002 AU:88   +
  110   149  0   0.0%   1.400 GC:88   +
   66    70  0   0.0%   1.065 CG:88   +
  100   132  0   0.0%   0.151 AU:88   +
   18    87  1   0.0%   0.007 GU:53   AU:34   +
    5    35  0   0.0%   0.181 GC:88   +
   58   113  0   0.0%   0.403 GC:88   +
   59   112  0   0.0%   0.388 GC:88   +
   33    97  0   0.0%   0.326 GU:88   +
   46   123  0   0.0%   0.035 AU:88   +
   72    77  0   0.0%   0.618 UG:88   +
  145   149  0   0.0%   2.128 GC:88   +
  117   132  0   0.0%   0.513 AU:88   +
   79   141  0   0.0%   1.317 GC:88   +
   93   125  0   0.0%   0.236 GC:88   +
   11    79  1   0.0%   0.129 CG:85   UG:2    +
   39   127  0   0.0%   0.655 UA:88   +
   13   144  0   0.0%   0.019 AU:88   +
   76   124  0   0.0%   0.655 UG:88   +
   35    59  0   0.0%   0.057 CG:88   +
   53    69  0   0.0%   0.135 AU:88   +
   35    96  0   0.0%   0.317 CG:88   +
   13    76  0   0.0%   0.000 AU:88   +
    4   137  2   0.0%   0.171 GC:17   GU:33   AU:36   +
   40   130  0   0.0%   0.343 CG:88   +
    9    44  1   0.0%   0.002 GU:5    AU:82   +
   11    93  1   0.0%   0.130 CG:85   UG:2    +
   14    39  1   0.0%   0.001 GU:1    AU:86   +
   86   131  0   0.0%   0.212 GC:88   +
   81   123  0   0.0%   0.969 GU:88   +
   95   134  0   0.0%   0.280 CG:88   +
  104   144  0   0.0%   0.228 AU:88   +
   84   124  0   0.0%   0.309 CG:88   +
   72    81  0   0.0%   0.886 UG:88   +
   10   123  0   0.0%   0.024 AU:88   +
  124   151  0   0.0%   2.030 GU:88   +
   73    97  0   0.0%   0.351 AU:88   +
   39   136  0   0.0%   0.750 UG:88   +
    8    44  1   0.0%   0.007 GU:32   AU:55   +
    2   123  0   0.0%   0.000 AU:88   +
   51    55  0   0.0%   0.001 AU:88   +
  101   144  0   0.0%   0.106 AU:88   +
  133   143  3   0.2%   0.881 CG:3    UG:52   UA:30   +
   25    40  2   0.5%   0.136 GC:86   +
    8    17  3   0.1%   0.021 GC:1    GU:31   AU:53   +
    8    12  3   0.0%   0.138 GC:3    GU:29   AU:53   +
   18    45  3   0.0%   0.008 GC:2    GU:51   AU:32   +
   28   122  3   0.0%   0.320 CG:1    UG:1    UA:83   +
   42   137  3   0.0%   0.092 GC:19   GU:65   AU:1    +
   42    87  3   0.0%   0.019 GC:1    GU:83   AU:1    +
   42   115  3   0.0%   0.002 GC:6    GU:78   AU:1    +
    9    28  3   0.0%   0.033 GC:1    GU:4    AU:80   +
    4   133  3   0.0%   0.171 GC:3    GU:45   AU:37   +
   45   143  3   0.0%   0.020 CG:2    UG:55   UA:28   +
   17    30  3   0.0%   0.012 CG:1    UG:35   UA:49   +
   17    42  3   0.0%   0.012 CG:3    UG:81   UA:1    +
    8    28  3   0.0%   0.038 GC:1    GU:31   AU:53   +
    8    45  3   0.0%   0.007 GC:2    GU:30   AU:53   +
   12    30  3   0.0%   0.139 CG:3    UG:33   UA:49   +
  103   133  2   0.1%   0.603 GC:4    GU:82   +
   80    87  1   0.2%   0.270 AU:87   +
   44    68  1   0.2%   0.045 UA:87   +
   22    41  2   0.0%   0.016 CG:85   UG:1    +
   25    89  2   0.0%   0.463 GC:82   GU:4    +
   17    21  2   0.0%   0.014 CG:2    UA:84   +
   15    25  2   0.0%   0.014 CG:83   UG:3    +
   11    25  2   0.0%   0.129 CG:84   UG:2    +
  133   145  2   0.0%   1.376 CG:4    UG:82   +
   41   116  2   0.0%   0.313 GC:77   GU:9    +
   15    26  2   0.0%   0.045 CG:83   UG:3    +
   22    26  2   0.0%   0.038 CG:85   UG:1    +
   87   120  2   0.0%   0.217 UG:6    UA:80   +
  133   148  2   0.0%   1.076 CG:4    UG:82   +
  124   133  2   0.0%   0.684 GC:4    GU:82   +
   14    87  2   0.0%   0.001 GU:1    AU:85   +
   15    41  2   0.0%   0.012 CG:83   UG:3    +
   41    89  2   0.0%   0.307 GC:82   GU:4    +
  106   133  2   0.0%   0.641 GC:4    GU:82   +
   96   133  2   0.0%   0.294 GC:4    GU:82   +
   11    92  2   0.0%   0.130 CG:84   UG:2    +
  110   133  2   0.0%   1.200 GC:4    GU:82   +
   75    92  1   0.1%   0.241 CG:87   +
   18   133  4   0.0%   0.017 GC:2    GU:49   AU:33   +
   25   108  2   0.3%   0.513 GC:86   +
   29    45  4   0.0%   0.011 GC:1    GU:27   AU:56   +
   90   115  4   0.0%   0.158 GC:2    GU:6    AU:76   +
   30   133  4   0.0%   0.222 GC:2    GU:33   AU:49   +
   18   128  4   0.0%   0.011 GC:48   GU:5    AU:31   +
   28    42  4   0.0%   0.068 CG:3    UG:80   UA:1    +
   45    61  4   0.0%   0.008 CG:1    UG:1    UA:82   +
   45    60  4   0.0%   0.008 CG:1    UG:22   UA:61   +
   25    84  2   0.3%   0.487 GC:86   +
   44    73  1   0.0%   0.217 UA:87   +
   87   104  1   0.0%   0.192 UA:87   +
   90   133  5   0.0%   0.197 GC:1    GU:7    AU:75   +
  138   142  1   0.0%   1.196 AU:87   +
   92   131  1   0.0%   0.220 GC:87   +
   26    83  2   0.2%   0.868 GC:86   +
   87   117  1   0.0%   0.318 UA:87   +
   92   113  1   0.0%   0.670 GC:87   +
   44    80  1   0.0%   0.245 UA:87   +
   84    92  1   0.0%   0.075 CG:87   +
   42   133  5   0.0%   0.077 GC:4    GU:78   AU:1    +
   88    92  1   0.0%   0.097 CG:87   +
   83    92  1   0.0%   0.580 CG:87   +
   74    92  1   0.0%   0.203 CG:87   +
   31   142  1   0.0%   0.089 AU:87   +
   31    44  1   0.0%   0.006 AU:87   +
   44   105  1   0.0%   0.039 UA:87   +
   44   104  1   0.0%   0.144 UA:87   +
   11    26  3   0.0%   0.162 CG:83   UG:2    +
   92   108  1   0.0%   0.190 GC:87   +
  117   142  1   0.0%   0.433 AU:87   +
  105   142  1   0.0%   0.238 AU:87   +
   87   109  1   0.0%   0.153 UA:87   +
   87   114  1   0.0%   0.416 UA:87   +
   53   142  1   0.0%   0.393 AU:87   +
   32    44  1   0.0%   0.005 AU:87   +
   92   150  1   0.0%   0.409 GC:87   +
   44   135  1   0.0%   0.145 UA:87   +
   87   127  1   0.0%   0.118 UA:87   +
   36    44  1   0.0%   0.006 AU:87   +
   30   115  5   0.0%   0.219 GC:1    GU:35   AU:47   +
    6    25  3   0.0%   0.001 CG:73   UG:12   +
   87    91  1   0.0%   0.042 UA:87   +
   10   142  1   0.0%   0.016 AU:87   +
   87   105  1   0.0%   0.085 UA:87   +
   29   133  5   0.0%   0.102 GC:1    GU:26   AU:56   +
   13   142  1   0.0%   0.003 AU:87   +
   17   129  3   0.0%   0.017 CG:1    UA:84   +
   92   112  1   0.0%   0.677 GC:87   +
   44    51  1   0.0%   0.011 UA:87   +
   87   135  1   0.0%   0.178 UA:87   +
   29   115  5   0.0%   0.099 GC:1    GU:27   AU:55   +
   80   142  1   0.0%   0.528 AU:87   +
   44    64  1   0.0%   0.010 UA:87   +
   43    87  1   0.0%   0.192 AU:87   +
   23    87  1   0.0%   0.017 AU:87   +
  109   142  1   0.0%   0.246 AU:87   +
   46   142  1   0.0%   0.177 AU:87   +
   87   140  1   0.0%   0.228 UA:87   +
   23    44  1   0.0%   0.002 AU:87   +
   32    87  1   0.0%   0.054 AU:87   +
   82    92  1   0.0%   0.763 CG:87   +
   20    28  3   0.0%   0.031 GC:1    AU:84   +
   36   142  1   0.0%   0.354 AU:87   +
   24    87  1   0.0%   0.017 AU:87   +
    8   133  5   0.0%   0.010 GC:1    GU:31   AU:51   +
   35    92  1   0.0%   0.308 CG:87   +
   44    53  1   0.0%   0.010 UA:87   +
   47   142  1   0.0%   0.275 AU:87   +
  100   142  1   0.0%   0.168 AU:87   +
   44    63  1   0.0%   0.010 UA:87   +
   10    87  1   0.0%   0.001 AU:87   +
   11    41  3   0.0%   0.129 CG:83   UG:2    +
   44   109  1   0.0%   0.051 UA:87   +
   50    92  1   0.0%   0.546 CG:87   +
   24    44  1   0.0%   0.002 AU:87   +
   16    44  1   0.0%   0.000 AU:87   +
    4   128  5   0.0%   0.161 GC:47   GU:3    AU:33   +
   24   142  1   0.0%   0.005 AU:87   +
   71    92  1   0.0%   0.325 CG:87   +
   31    87  1   0.0%   0.056 AU:87   +
  127   142  1   0.0%   0.588 AU:87   +
  101   142  1   0.0%   0.169 AU:87   +
   92   126  1   0.0%   0.119 GC:87   +
   87   138  1   0.0%   0.081 UA:87   +
   12    29  5   0.0%   0.139 CG:1    UG:27   UA:55   +
   18   118  6   0.0%   0.016 GC:49   GU:4    AU:29   +
   12   120  6   0.0%   0.141 CG:1    UG:5    UA:76   +
    4    98  7   0.1%   0.168 GC:1    GU:44   AU:36   +
    9    17  4   0.0%   0.015 GU:5    AU:79   +
   41   146  2   0.1%   0.433 GC:86   +
    7    17  4   0.0%   0.010 GU:6    AU:78   +
   41   108  2   0.1%   0.341 GC:86   +
   17    90  4   0.0%   0.013 UG:8    UA:76   +
   42   116  4   0.0%   0.004 GC:75   GU:9    +
   15    42  4   0.0%   0.013 CG:81   UG:3    +
   42   128  4   0.0%   0.001 GC:51   GU:33   +
   42   118  4   0.0%   0.012 GC:54   GU:30   +
   42    89  4   0.0%   0.003 GC:80   GU:4    +
   35    41  2   0.1%   0.068 CG:86   +
   26   125  2   0.1%   0.695 GC:86   +
   18    98  7   0.0%   0.017 GC:1    GU:46   AU:34   +
   25   126  2   0.1%   0.651 GC:86   +
   29    98  7   0.0%   0.105 GC:1    GU:21   AU:59   +
    4   118  7   0.0%   0.161 GC:48   GU:2    AU:31   +
   98   143  7   0.0%   0.013 CG:1    UG:50   UA:30   +
   41    49  2   0.0%   0.146 GC:86   +
   26    84  2   0.0%   0.508 GC:86   +
   25    85  2   0.0%   0.462 GC:86   +
   25    88  2   0.0%   0.463 GC:86   +
   17   120  5   0.0%   0.021 UG:6    UA:77   +
   41    85  2   0.0%   0.312 GC:86   +
   26    88  2   0.0%   0.495 GC:86   +
   26    49  2   0.0%   0.117 GC:86   +
   25    50  2   0.0%   0.084 GC:86   +
   41    50  2   0.0%   0.142 GC:86   +
   26   146  2   0.0%   0.707 GC:86   +
   41    83  2   0.0%   0.864 GC:86   +
   41    75  2   0.0%   0.264 GC:86   +
   25    75  2   0.0%   0.083 GC:86   +
   26    74  2   0.0%   0.116 GC:86   +
   41   131  2   0.0%   0.323 GC:86   +
   41    57  2   0.0%   0.012 GC:86   +
   41    74  2   0.0%   0.262 GC:86   +
   41    82  2   0.0%   0.998 GC:86   +
   41   112  2   0.0%   0.539 GC:86   +
   26    35  2   0.0%   0.138 GC:86   +
   41   113  2   0.0%   0.520 GC:86   +
   41   125  2   0.0%   0.329 GC:86   +
   26   131  2   0.0%   0.685 GC:86   +
   25    82  2   0.0%   0.085 GC:86   +
   28   120  5   0.0%   0.321 UG:6    UA:77   +
   41   150  2   0.0%   0.712 GC:86   +
   26   150  2   0.0%   1.272 GC:86   +
   41    84  2   0.0%   0.346 GC:86   +
   41    88  2   0.0%   0.309 GC:86   +
   26    85  2   0.0%   0.490 GC:86   +
   26    40  2   0.0%   0.141 GC:86   +
   41    66  2   0.0%   0.012 GC:86   +
   41    95  2   0.0%   0.305 GC:86   +
   26   108  2   0.0%   0.527 GC:86   +
   25   149  2   0.0%   0.710 GC:86   +
   41   149  2   0.0%   0.771 GC:86   +
   26    71  2   0.0%   0.116 GC:86   +
   25   141  2   0.0%   0.643 GC:86   +
   25   112  2   0.0%   0.483 GC:86   +
   25   146  2   0.0%   0.674 GC:86   +
    7    12  6   0.0%   0.138 GU:6    AU:76   +
  120   133  7   0.1%   0.345 GU:6    AU:75   +
  115   120  7   0.1%   0.323 UG:6    UA:75   +
    7   133  6   0.0%   0.017 GU:6    AU:76   +
    9   133  6   0.0%   0.005 GU:5    AU:77   +
   45   120  6   0.0%   0.016 UG:6    UA:76   +
    7   115  6   0.0%   0.006 GU:6    AU:76   +
    8    98  8   0.0%   0.016 GU:30   AU:50   +
   30    98  8   0.0%   0.225 GU:35   AU:45   +
   90    98  8   0.0%   0.015 GU:8    AU:72   +
.......................((((.......(((((.......(((.(((((.........)))))))))))))((.(((.((((....)))).............))))).........((.((((..........)))))).)))).
