

=-=-=-=-=-=-=-=-=-=-=-=-=-=-=-=-=-=-=-=-=-=-=-=-=-=-=-=-=-=-=-=
miranda v3.3a    microRNA Target Scanning Algorithm
=-=-=-=-=-=-=-=-=-=-=-=-=-=-=-=-=-=-=-=-=-=-=-=-=-=-=-=-=-=-=-=
(c) 2003 Memorial Sloan-Kettering Cancer Center, New York

Authors: Anton Enright, Bino John, Chris Sander and Debora Marks
(mirnatargets (at) cbio.mskcc.org - reaches all authors)

Software written by: Anton Enright
Distributed for anyone to use under the GNU Public License (GPL),
See the files 'COPYING' and 'LICENSE' for details

If you use this software please cite:
Enright AJ, John B, Gaul U, Tuschl T, Sander C and Marks DS;
(2003) Genome Biology; 5(1):R1.

   miranda comes with ABSOLUTELY NO WARRANTY;
   This is free software, and you are welcome to redistribute it
   under certain conditions; type `miranda --license' for details.

Current Settings:
=-=-=-=-=-=-=-=-=-=-=-=-=-=-=-=-=-=-=-=-=-=-=-=-=-=-=-=-=-=-=-=
Query Filename: 	mature_primates.fa
Reference Filename:	denv4/3UTR/R1/denv4_R1_norep.fasta
Gap Open Penalty:	-9.000000
Gap Extend Penalty:	-4.000000
Score Threshold:	150.000000
Energy Threshold:	-7.000000 kcal/mol
Scaling Parameter:	4.000000
=-=-=-=-=-=-=-=-=-=-=-=-=-=-=-=-=-=-=-=-=-=-=-=-=-=-=-=-=-=-=-=

   Forward:	Score: 154.000000  Q:2 to 18  R:65 to 84 Align Len (17) (76.47%) (88.24%)

   Query:    3' guuaACGGGU-UCAGAGGCGGa 5'
                    ||||:: || ||||||| 
   Ref:      5' gtgcTGCCTGTAG-CTCCGCC- 3'

   Energy:  -21.090000 kCal/Mol

Scores for this hit:
>hsa-miR-25-5p	FJ810417	154.00	-21.09	2 18	65 84	17	76.47%	88.24%

Seq1,Seq2,Tot Score,Tot Energy,Max Score,Max Energy,Strand,Len1,Len2,Positions
>>hsa-miR-25-5p	FJ810417	154.00	-21.09	154.00	-21.09	533	21	84	 65
Complete


   Forward:	Score: 154.000000  Q:2 to 18  R:65 to 84 Align Len (17) (76.47%) (88.24%)

   Query:    3' guuaACGGGU-UCAGAGGCGGa 5'
                    ||||:: || ||||||| 
   Ref:      5' gtgcTGCCTGTAG-CTCCGCC- 3'

   Energy:  -21.090000 kCal/Mol

Scores for this hit:
>hsa-miR-25-5p	FJ639744	154.00	-21.09	2 18	65 84	17	76.47%	88.24%

Seq1,Seq2,Tot Score,Tot Energy,Max Score,Max Energy,Strand,Len1,Len2,Positions
>>hsa-miR-25-5p	FJ639744	154.00	-21.09	154.00	-21.09	534	21	84	 65
Complete


   Forward:	Score: 154.000000  Q:2 to 18  R:65 to 84 Align Len (17) (76.47%) (88.24%)

   Query:    3' guuaACGGGU-UCAGAGGCGGa 5'
                    ||||:: || ||||||| 
   Ref:      5' gtgcTGCCTGTAG-CTCCGCC- 3'

   Energy:  -21.090000 kCal/Mol

Scores for this hit:
>hsa-miR-25-5p	FJ882585	154.00	-21.09	2 18	65 84	17	76.47%	88.24%

Seq1,Seq2,Tot Score,Tot Energy,Max Score,Max Energy,Strand,Len1,Len2,Positions
>>hsa-miR-25-5p	FJ882585	154.00	-21.09	154.00	-21.09	535	21	84	 65
Complete


   Forward:	Score: 154.000000  Q:2 to 18  R:65 to 84 Align Len (17) (76.47%) (88.24%)

   Query:    3' guuaACGGGU-UCAGAGGCGGa 5'
                    ||||:: || ||||||| 
   Ref:      5' gtgcTGCCTGTAG-CTCCGCC- 3'

   Energy:  -21.090000 kCal/Mol

Scores for this hit:
>hsa-miR-25-5p	FJ882582	154.00	-21.09	2 18	65 84	17	76.47%	88.24%

Seq1,Seq2,Tot Score,Tot Energy,Max Score,Max Energy,Strand,Len1,Len2,Positions
>>hsa-miR-25-5p	FJ882582	154.00	-21.09	154.00	-21.09	536	21	84	 65
Complete


   Forward:	Score: 154.000000  Q:2 to 18  R:65 to 84 Align Len (17) (76.47%) (88.24%)

   Query:    3' guuaACGGGU-UCAGAGGCGGa 5'
                    ||||:: || ||||||| 
   Ref:      5' gtgcTGCCTGTAG-CTCCGCC- 3'

   Energy:  -21.090000 kCal/Mol

Scores for this hit:
>hsa-miR-25-5p	GQ868643	154.00	-21.09	2 18	65 84	17	76.47%	88.24%

Seq1,Seq2,Tot Score,Tot Energy,Max Score,Max Energy,Strand,Len1,Len2,Positions
>>hsa-miR-25-5p	GQ868643	154.00	-21.09	154.00	-21.09	537	21	84	 65
Complete


   Forward:	Score: 154.000000  Q:2 to 18  R:65 to 84 Align Len (17) (76.47%) (88.24%)

   Query:    3' guuaACGGGU-UCAGAGGCGGa 5'
                    ||||:: || ||||||| 
   Ref:      5' gtgcTGCCTGTAG-CTCCGCC- 3'

   Energy:  -21.090000 kCal/Mol

Scores for this hit:
>hsa-miR-25-5p	EU854296	154.00	-21.09	2 18	65 84	17	76.47%	88.24%

Seq1,Seq2,Tot Score,Tot Energy,Max Score,Max Energy,Strand,Len1,Len2,Positions
>>hsa-miR-25-5p	EU854296	154.00	-21.09	154.00	-21.09	538	21	84	 65
Complete


   Forward:	Score: 154.000000  Q:2 to 18  R:65 to 84 Align Len (17) (76.47%) (88.24%)

   Query:    3' guuaACGGGU-UCAGAGGCGGa 5'
                    ||||:: || ||||||| 
   Ref:      5' gtgcTGCCTGTAG-CTCCGCC- 3'

   Energy:  -21.090000 kCal/Mol

Scores for this hit:
>hsa-miR-25-5p	FJ882596	154.00	-21.09	2 18	65 84	17	76.47%	88.24%

Seq1,Seq2,Tot Score,Tot Energy,Max Score,Max Energy,Strand,Len1,Len2,Positions
>>hsa-miR-25-5p	FJ882596	154.00	-21.09	154.00	-21.09	539	21	84	 65
Complete


   Forward:	Score: 154.000000  Q:2 to 18  R:65 to 84 Align Len (17) (76.47%) (88.24%)

   Query:    3' guuaACGGGU-UCAGAGGCGGa 5'
                    ||||:: || ||||||| 
   Ref:      5' gtgcTGCCTGTAG-CTCCGCC- 3'

   Energy:  -21.090000 kCal/Mol

Scores for this hit:
>hsa-miR-25-5p	GQ199882	154.00	-21.09	2 18	65 84	17	76.47%	88.24%

Seq1,Seq2,Tot Score,Tot Energy,Max Score,Max Energy,Strand,Len1,Len2,Positions
>>hsa-miR-25-5p	GQ199882	154.00	-21.09	154.00	-21.09	541	21	84	 65
Complete


   Forward:	Score: 154.000000  Q:2 to 18  R:65 to 84 Align Len (17) (76.47%) (88.24%)

   Query:    3' guuaACGGGU-UCAGAGGCGGa 5'
                    ||||:: || ||||||| 
   Ref:      5' gtgcTGCCTGTAG-CTCCGCC- 3'

   Energy:  -21.090000 kCal/Mol

Scores for this hit:
>hsa-miR-25-5p	GQ868579	154.00	-21.09	2 18	65 84	17	76.47%	88.24%

Seq1,Seq2,Tot Score,Tot Energy,Max Score,Max Energy,Strand,Len1,Len2,Positions
>>hsa-miR-25-5p	GQ868579	154.00	-21.09	154.00	-21.09	542	21	84	 65
Complete


   Forward:	Score: 154.000000  Q:2 to 18  R:65 to 84 Align Len (17) (76.47%) (88.24%)

   Query:    3' guuaACGGGU-UCAGAGGCGGa 5'
                    ||||:: || ||||||| 
   Ref:      5' gtgcTGCCTGTAG-CTCCGCC- 3'

   Energy:  -21.090000 kCal/Mol

Scores for this hit:
>hsa-miR-25-5p	JQ513345	154.00	-21.09	2 18	65 84	17	76.47%	88.24%

Seq1,Seq2,Tot Score,Tot Energy,Max Score,Max Energy,Strand,Len1,Len2,Positions
>>hsa-miR-25-5p	JQ513345	154.00	-21.09	154.00	-21.09	543	21	84	 65
Complete


   Forward:	Score: 154.000000  Q:2 to 18  R:65 to 84 Align Len (17) (76.47%) (88.24%)

   Query:    3' guuaACGGGU-UCAGAGGCGGa 5'
                    ||||:: || ||||||| 
   Ref:      5' gtgcTGCCTGTAG-CTCCGCC- 3'

   Energy:  -21.090000 kCal/Mol

Scores for this hit:
>hsa-miR-25-5p	FJ882595	154.00	-21.09	2 18	65 84	17	76.47%	88.24%

Seq1,Seq2,Tot Score,Tot Energy,Max Score,Max Energy,Strand,Len1,Len2,Positions
>>hsa-miR-25-5p	FJ882595	154.00	-21.09	154.00	-21.09	545	21	84	 65
Complete


   Forward:	Score: 154.000000  Q:2 to 18  R:65 to 84 Align Len (17) (76.47%) (88.24%)

   Query:    3' guuaACGGGU-UCAGAGGCGGa 5'
                    ||||:: || ||||||| 
   Ref:      5' gtgcTGCCTGTAG-CTCCGCC- 3'

   Energy:  -21.090000 kCal/Mol

Scores for this hit:
>hsa-miR-25-5p	FJ226067	154.00	-21.09	2 18	65 84	17	76.47%	88.24%

Seq1,Seq2,Tot Score,Tot Energy,Max Score,Max Energy,Strand,Len1,Len2,Positions
>>hsa-miR-25-5p	FJ226067	154.00	-21.09	154.00	-21.09	546	21	84	 65
Complete


   Forward:	Score: 155.000000  Q:2 to 20  R:10 to 31 Align Len (18) (72.22%) (72.22%)

   Query:    3' uccUAGAUGUGACCGAUGACUc 5'
                   | |  ||  ||||||||| 
   Ref:      5' acaAACATCAAAGGCTACTGAa 3'

   Energy:  -16.500000 kCal/Mol

Scores for this hit:
>hsa-miR-222-5p	GQ868643	155.00	-16.50	2 20	10 31	18	72.22%	72.22%

Seq1,Seq2,Tot Score,Tot Energy,Max Score,Max Energy,Strand,Len1,Len2,Positions
>>hsa-miR-222-5p	GQ868643	155.00	-16.50	155.00	-16.50	2217	22	84	 10
Complete


   Forward:	Score: 155.000000  Q:2 to 20  R:10 to 31 Align Len (18) (72.22%) (72.22%)

   Query:    3' uccUAGAUGUGACCGAUGACUc 5'
                   | |  ||  ||||||||| 
   Ref:      5' acaAACACCAAAGGCTACTGAa 3'

   Energy:  -18.379999 kCal/Mol

Scores for this hit:
>hsa-miR-222-5p	EU854296	155.00	-18.38	2 20	10 31	18	72.22%	72.22%

Seq1,Seq2,Tot Score,Tot Energy,Max Score,Max Energy,Strand,Len1,Len2,Positions
>>hsa-miR-222-5p	EU854296	155.00	-18.38	155.00	-18.38	2218	22	84	 10
Complete


   Forward:	Score: 150.000000  Q:2 to 21  R:1 to 23 Align Len (21) (71.43%) (71.43%)

   Query:    3' aguAU-GUCGAUCUAU-UGGUUUCu 5'
                   || || | | | | ||||||| 
   Ref:      5' --tTACCAACAACAAACACCAAAGg 3'

   Energy:  -10.500000 kCal/Mol

Scores for this hit:
>hsa-miR-9-5p	FJ639744	150.00	-10.50	2 21	1 23	21	71.43%	71.43%

Seq1,Seq2,Tot Score,Tot Energy,Max Score,Max Energy,Strand,Len1,Len2,Positions
>>hsa-miR-9-5p	FJ639744	150.00	-10.50	150.00	-10.50	3026	23	84	 1
Complete


   Forward:	Score: 150.000000  Q:2 to 21  R:1 to 23 Align Len (21) (71.43%) (71.43%)

   Query:    3' aguAU-GUCGAUCUAU-UGGUUUCu 5'
                   || || | | | | ||||||| 
   Ref:      5' --tTACCAACAACAAACACCAAAGg 3'

   Energy:  -10.500000 kCal/Mol

Scores for this hit:
>hsa-miR-9-5p	EU854296	150.00	-10.50	2 21	1 23	21	71.43%	71.43%

Seq1,Seq2,Tot Score,Tot Energy,Max Score,Max Energy,Strand,Len1,Len2,Positions
>>hsa-miR-9-5p	EU854296	150.00	-10.50	150.00	-10.50	3030	23	84	 1
Complete


   Forward:	Score: 150.000000  Q:2 to 21  R:1 to 23 Align Len (21) (71.43%) (71.43%)

   Query:    3' aguAU-GUCGAUCUAU-UGGUUUCu 5'
                   || || | | | | ||||||| 
   Ref:      5' --tTACCAACAACAAACACCAAAGg 3'

   Energy:  -10.500000 kCal/Mol

Scores for this hit:
>hsa-miR-9-5p	GQ199882	150.00	-10.50	2 21	1 23	21	71.43%	71.43%

Seq1,Seq2,Tot Score,Tot Energy,Max Score,Max Energy,Strand,Len1,Len2,Positions
>>hsa-miR-9-5p	GQ199882	150.00	-10.50	150.00	-10.50	3033	23	84	 1
Complete


   Forward:	Score: 150.000000  Q:2 to 21  R:1 to 23 Align Len (21) (71.43%) (71.43%)

   Query:    3' aguAU-GUCGAUCUAU-UGGUUUCu 5'
                   || || | | | | ||||||| 
   Ref:      5' --tTACCAACAACAAACACCAAAGg 3'

   Energy:  -10.500000 kCal/Mol

Scores for this hit:
>hsa-miR-9-5p	FJ882595	150.00	-10.50	2 21	1 23	21	71.43%	71.43%

Seq1,Seq2,Tot Score,Tot Energy,Max Score,Max Energy,Strand,Len1,Len2,Positions
>>hsa-miR-9-5p	FJ882595	150.00	-10.50	150.00	-10.50	3037	23	84	 1
Complete


   Forward:	Score: 151.000000  Q:2 to 20  R:3 to 23 Align Len (18) (77.78%) (77.78%)

   Query:    3' aguaUGUCGAUCUAUUGGUUUCu 5'
                    |||| || |  ||||||| 
   Ref:      5' accaACAG-TA-AACACCAAAGg 3'

   Energy:  -14.960000 kCal/Mol

Scores for this hit:
>hsa-miR-9-5p	FJ226067	151.00	-14.96	2 20	3 23	18	77.78%	77.78%

Seq1,Seq2,Tot Score,Tot Energy,Max Score,Max Energy,Strand,Len1,Len2,Positions
>>hsa-miR-9-5p	FJ226067	151.00	-14.96	151.00	-14.96	3038	23	84	 3
Complete


   Forward:	Score: 161.000000  Q:2 to 14  R:40 to 59 Align Len (12) (91.67%) (100.00%)

   Query:    3' ucacgggGGUGUCAAACUCa 5'
                       ||||:||||||| 
   Ref:      5' acttgtgCCACGGTTTGAGc 3'

   Energy:  -21.980000 kCal/Mol

Scores for this hit:
>hsa-miR-371a-5p	FJ810417	161.00	-21.98	2 14	40 59	12	91.67%	100.00%

Seq1,Seq2,Tot Score,Tot Energy,Max Score,Max Energy,Strand,Len1,Len2,Positions
>>hsa-miR-371a-5p	FJ810417	161.00	-21.98	161.00	-21.98	4397	20	84	 40
Complete


   Forward:	Score: 161.000000  Q:2 to 14  R:40 to 59 Align Len (12) (91.67%) (100.00%)

   Query:    3' ucacgggGGUGUCAAACUCa 5'
                       ||||:||||||| 
   Ref:      5' acttgtgCCACGGTTTGAGc 3'

   Energy:  -21.980000 kCal/Mol

Scores for this hit:
>hsa-miR-371a-5p	FJ639744	161.00	-21.98	2 14	40 59	12	91.67%	100.00%

Seq1,Seq2,Tot Score,Tot Energy,Max Score,Max Energy,Strand,Len1,Len2,Positions
>>hsa-miR-371a-5p	FJ639744	161.00	-21.98	161.00	-21.98	4398	20	84	 40
Complete


   Forward:	Score: 161.000000  Q:2 to 14  R:40 to 59 Align Len (12) (91.67%) (100.00%)

   Query:    3' ucacgggGGUGUCAAACUCa 5'
                       ||||:||||||| 
   Ref:      5' acttgtgCCACGGTTTGAGc 3'

   Energy:  -21.980000 kCal/Mol

Scores for this hit:
>hsa-miR-371a-5p	FJ882585	161.00	-21.98	2 14	40 59	12	91.67%	100.00%

Seq1,Seq2,Tot Score,Tot Energy,Max Score,Max Energy,Strand,Len1,Len2,Positions
>>hsa-miR-371a-5p	FJ882585	161.00	-21.98	161.00	-21.98	4399	20	84	 40
Complete


   Forward:	Score: 161.000000  Q:2 to 14  R:40 to 59 Align Len (12) (91.67%) (100.00%)

   Query:    3' ucacgggGGUGUCAAACUCa 5'
                       ||||:||||||| 
   Ref:      5' acttgtgCCACGGTTTGAGc 3'

   Energy:  -21.980000 kCal/Mol

Scores for this hit:
>hsa-miR-371a-5p	FJ882582	161.00	-21.98	2 14	40 59	12	91.67%	100.00%

Seq1,Seq2,Tot Score,Tot Energy,Max Score,Max Energy,Strand,Len1,Len2,Positions
>>hsa-miR-371a-5p	FJ882582	161.00	-21.98	161.00	-21.98	4400	20	84	 40
Complete


   Forward:	Score: 161.000000  Q:2 to 14  R:40 to 59 Align Len (12) (91.67%) (100.00%)

   Query:    3' ucacgggGGUGUCAAACUCa 5'
                       ||||:||||||| 
   Ref:      5' acttgtgCCACGGTTTGAGc 3'

   Energy:  -21.980000 kCal/Mol

Scores for this hit:
>hsa-miR-371a-5p	GQ868643	161.00	-21.98	2 14	40 59	12	91.67%	100.00%

Seq1,Seq2,Tot Score,Tot Energy,Max Score,Max Energy,Strand,Len1,Len2,Positions
>>hsa-miR-371a-5p	GQ868643	161.00	-21.98	161.00	-21.98	4401	20	84	 40
Complete


   Forward:	Score: 161.000000  Q:2 to 14  R:40 to 59 Align Len (12) (91.67%) (100.00%)

   Query:    3' ucacgggGGUGUCAAACUCa 5'
                       ||||:||||||| 
   Ref:      5' acttgtgCCACGGTTTGAGc 3'

   Energy:  -21.980000 kCal/Mol

Scores for this hit:
>hsa-miR-371a-5p	EU854296	161.00	-21.98	2 14	40 59	12	91.67%	100.00%

Seq1,Seq2,Tot Score,Tot Energy,Max Score,Max Energy,Strand,Len1,Len2,Positions
>>hsa-miR-371a-5p	EU854296	161.00	-21.98	161.00	-21.98	4402	20	84	 40
Complete


   Forward:	Score: 161.000000  Q:2 to 14  R:40 to 59 Align Len (12) (91.67%) (100.00%)

   Query:    3' ucacgggGGUGUCAAACUCa 5'
                       ||||:||||||| 
   Ref:      5' acgtgtgCCACGGTTTGAGc 3'

   Energy:  -23.820000 kCal/Mol

Scores for this hit:
>hsa-miR-371a-5p	GQ199882	161.00	-23.82	2 14	40 59	12	91.67%	100.00%

Seq1,Seq2,Tot Score,Tot Energy,Max Score,Max Energy,Strand,Len1,Len2,Positions
>>hsa-miR-371a-5p	GQ199882	161.00	-23.82	161.00	-23.82	4405	20	84	 40
Complete


   Forward:	Score: 161.000000  Q:2 to 14  R:40 to 59 Align Len (12) (91.67%) (100.00%)

   Query:    3' ucacgggGGUGUCAAACUCa 5'
                       ||||:||||||| 
   Ref:      5' acttgtgCCACGGTTTGAGc 3'

   Energy:  -21.980000 kCal/Mol

Scores for this hit:
>hsa-miR-371a-5p	GQ868579	161.00	-21.98	2 14	40 59	12	91.67%	100.00%

Seq1,Seq2,Tot Score,Tot Energy,Max Score,Max Energy,Strand,Len1,Len2,Positions
>>hsa-miR-371a-5p	GQ868579	161.00	-21.98	161.00	-21.98	4406	20	84	 40
Complete


   Forward:	Score: 161.000000  Q:2 to 14  R:40 to 59 Align Len (12) (91.67%) (100.00%)

   Query:    3' ucacgggGGUGUCAAACUCa 5'
                       ||||:||||||| 
   Ref:      5' acttgtgCCACGGTTTGAGc 3'

   Energy:  -21.980000 kCal/Mol

Scores for this hit:
>hsa-miR-371a-5p	FJ226067	161.00	-21.98	2 14	40 59	12	91.67%	100.00%

Seq1,Seq2,Tot Score,Tot Energy,Max Score,Max Energy,Strand,Len1,Len2,Positions
>>hsa-miR-371a-5p	FJ226067	161.00	-21.98	161.00	-21.98	4410	20	84	 40
Complete


   Forward:	Score: 150.000000  Q:2 to 21  R:1 to 23 Align Len (21) (71.43%) (71.43%)

   Query:    3' aguAU-GUCGAUCUAU-UGGUUUCu 5'
                   || || | | | | ||||||| 
   Ref:      5' --tTACCAACAACAAACACCAAAGg 3'

   Energy:  -10.500000 kCal/Mol

Scores for this hit:
>ptr-miR-9	FJ639744	150.00	-10.50	2 21	1 23	21	71.43%	71.43%

Seq1,Seq2,Tot Score,Tot Energy,Max Score,Max Energy,Strand,Len1,Len2,Positions
>>ptr-miR-9	FJ639744	150.00	-10.50	150.00	-10.50	6162	23	84	 1
Complete


   Forward:	Score: 150.000000  Q:2 to 21  R:1 to 23 Align Len (21) (71.43%) (71.43%)

   Query:    3' aguAU-GUCGAUCUAU-UGGUUUCu 5'
                   || || | | | | ||||||| 
   Ref:      5' --tTACCAACAACAAACACCAAAGg 3'

   Energy:  -10.500000 kCal/Mol

Scores for this hit:
>ptr-miR-9	EU854296	150.00	-10.50	2 21	1 23	21	71.43%	71.43%

Seq1,Seq2,Tot Score,Tot Energy,Max Score,Max Energy,Strand,Len1,Len2,Positions
>>ptr-miR-9	EU854296	150.00	-10.50	150.00	-10.50	6166	23	84	 1
Complete


   Forward:	Score: 150.000000  Q:2 to 21  R:1 to 23 Align Len (21) (71.43%) (71.43%)

   Query:    3' aguAU-GUCGAUCUAU-UGGUUUCu 5'
                   || || | | | | ||||||| 
   Ref:      5' --tTACCAACAACAAACACCAAAGg 3'

   Energy:  -10.500000 kCal/Mol

Scores for this hit:
>ptr-miR-9	GQ199882	150.00	-10.50	2 21	1 23	21	71.43%	71.43%

Seq1,Seq2,Tot Score,Tot Energy,Max Score,Max Energy,Strand,Len1,Len2,Positions
>>ptr-miR-9	GQ199882	150.00	-10.50	150.00	-10.50	6169	23	84	 1
Complete


   Forward:	Score: 150.000000  Q:2 to 21  R:1 to 23 Align Len (21) (71.43%) (71.43%)

   Query:    3' aguAU-GUCGAUCUAU-UGGUUUCu 5'
                   || || | | | | ||||||| 
   Ref:      5' --tTACCAACAACAAACACCAAAGg 3'

   Energy:  -10.500000 kCal/Mol

Scores for this hit:
>ptr-miR-9	FJ882595	150.00	-10.50	2 21	1 23	21	71.43%	71.43%

Seq1,Seq2,Tot Score,Tot Energy,Max Score,Max Energy,Strand,Len1,Len2,Positions
>>ptr-miR-9	FJ882595	150.00	-10.50	150.00	-10.50	6173	23	84	 1
Complete


   Forward:	Score: 151.000000  Q:2 to 20  R:3 to 23 Align Len (18) (77.78%) (77.78%)

   Query:    3' aguaUGUCGAUCUAUUGGUUUCu 5'
                    |||| || |  ||||||| 
   Ref:      5' accaACAG-TA-AACACCAAAGg 3'

   Energy:  -14.960000 kCal/Mol

Scores for this hit:
>ptr-miR-9	FJ226067	151.00	-14.96	2 20	3 23	18	77.78%	77.78%

Seq1,Seq2,Tot Score,Tot Energy,Max Score,Max Energy,Strand,Len1,Len2,Positions
>>ptr-miR-9	FJ226067	151.00	-14.96	151.00	-14.96	6174	23	84	 3
Complete


   Forward:	Score: 150.000000  Q:2 to 21  R:1 to 23 Align Len (21) (71.43%) (71.43%)

   Query:    3' aguAU-GUCGAUCUAU-UGGUUUCu 5'
                   || || | | | | ||||||| 
   Ref:      5' --tTACCAACAACAAACACCAAAGg 3'

   Energy:  -10.500000 kCal/Mol

Scores for this hit:
>ggo-miR-9	FJ639744	150.00	-10.50	2 21	1 23	21	71.43%	71.43%

Seq1,Seq2,Tot Score,Tot Energy,Max Score,Max Energy,Strand,Len1,Len2,Positions
>>ggo-miR-9	FJ639744	150.00	-10.50	150.00	-10.50	6176	23	84	 1
Complete


   Forward:	Score: 150.000000  Q:2 to 21  R:1 to 23 Align Len (21) (71.43%) (71.43%)

   Query:    3' aguAU-GUCGAUCUAU-UGGUUUCu 5'
                   || || | | | | ||||||| 
   Ref:      5' --tTACCAACAACAAACACCAAAGg 3'

   Energy:  -10.500000 kCal/Mol

Scores for this hit:
>ggo-miR-9	EU854296	150.00	-10.50	2 21	1 23	21	71.43%	71.43%

Seq1,Seq2,Tot Score,Tot Energy,Max Score,Max Energy,Strand,Len1,Len2,Positions
>>ggo-miR-9	EU854296	150.00	-10.50	150.00	-10.50	6180	23	84	 1
Complete


   Forward:	Score: 150.000000  Q:2 to 21  R:1 to 23 Align Len (21) (71.43%) (71.43%)

   Query:    3' aguAU-GUCGAUCUAU-UGGUUUCu 5'
                   || || | | | | ||||||| 
   Ref:      5' --tTACCAACAACAAACACCAAAGg 3'

   Energy:  -10.500000 kCal/Mol

Scores for this hit:
>ggo-miR-9	GQ199882	150.00	-10.50	2 21	1 23	21	71.43%	71.43%

Seq1,Seq2,Tot Score,Tot Energy,Max Score,Max Energy,Strand,Len1,Len2,Positions
>>ggo-miR-9	GQ199882	150.00	-10.50	150.00	-10.50	6183	23	84	 1
Complete


   Forward:	Score: 150.000000  Q:2 to 21  R:1 to 23 Align Len (21) (71.43%) (71.43%)

   Query:    3' aguAU-GUCGAUCUAU-UGGUUUCu 5'
                   || || | | | | ||||||| 
   Ref:      5' --tTACCAACAACAAACACCAAAGg 3'

   Energy:  -10.500000 kCal/Mol

Scores for this hit:
>ggo-miR-9	FJ882595	150.00	-10.50	2 21	1 23	21	71.43%	71.43%

Seq1,Seq2,Tot Score,Tot Energy,Max Score,Max Energy,Strand,Len1,Len2,Positions
>>ggo-miR-9	FJ882595	150.00	-10.50	150.00	-10.50	6187	23	84	 1
Complete


   Forward:	Score: 151.000000  Q:2 to 20  R:3 to 23 Align Len (18) (77.78%) (77.78%)

   Query:    3' aguaUGUCGAUCUAUUGGUUUCu 5'
                    |||| || |  ||||||| 
   Ref:      5' accaACAG-TA-AACACCAAAGg 3'

   Energy:  -14.960000 kCal/Mol

Scores for this hit:
>ggo-miR-9	FJ226067	151.00	-14.96	2 20	3 23	18	77.78%	77.78%

Seq1,Seq2,Tot Score,Tot Energy,Max Score,Max Energy,Strand,Len1,Len2,Positions
>>ggo-miR-9	FJ226067	151.00	-14.96	151.00	-14.96	6188	23	84	 3
Complete


   Forward:	Score: 154.000000  Q:2 to 19  R:30 to 51 Align Len (17) (70.59%) (76.47%)

   Query:    3' gaguGUUGUUUGUACACGGUGa 5'
                    ||:   || |||||||| 
   Ref:      5' aagtCAGGCCACTTGTGCCACg 3'

   Energy:  -17.520000 kCal/Mol

Scores for this hit:
>hsa-miR-891a-3p	FJ810417	154.00	-17.52	2 19	30 51	17	70.59%	76.47%

Seq1,Seq2,Tot Score,Tot Energy,Max Score,Max Energy,Strand,Len1,Len2,Positions
>>hsa-miR-891a-3p	FJ810417	154.00	-17.52	154.00	-17.52	12993	22	84	 30
Complete


   Forward:	Score: 154.000000  Q:2 to 19  R:30 to 51 Align Len (17) (70.59%) (76.47%)

   Query:    3' gaguGUUGUUUGUACACGGUGa 5'
                    ||:   || |||||||| 
   Ref:      5' aagtCAGGCCACTTGTGCCACg 3'

   Energy:  -17.520000 kCal/Mol

Scores for this hit:
>hsa-miR-891a-3p	FJ639744	154.00	-17.52	2 19	30 51	17	70.59%	76.47%

Seq1,Seq2,Tot Score,Tot Energy,Max Score,Max Energy,Strand,Len1,Len2,Positions
>>hsa-miR-891a-3p	FJ639744	154.00	-17.52	154.00	-17.52	12994	22	84	 30
Complete


   Forward:	Score: 154.000000  Q:2 to 19  R:30 to 51 Align Len (17) (70.59%) (76.47%)

   Query:    3' gaguGUUGUUUGUACACGGUGa 5'
                    ||:   || |||||||| 
   Ref:      5' aagtCAGGCCACTTGTGCCACg 3'

   Energy:  -17.520000 kCal/Mol

Scores for this hit:
>hsa-miR-891a-3p	FJ882585	154.00	-17.52	2 19	30 51	17	70.59%	76.47%

Seq1,Seq2,Tot Score,Tot Energy,Max Score,Max Energy,Strand,Len1,Len2,Positions
>>hsa-miR-891a-3p	FJ882585	154.00	-17.52	154.00	-17.52	12995	22	84	 30
Complete


   Forward:	Score: 154.000000  Q:2 to 19  R:30 to 51 Align Len (17) (70.59%) (76.47%)

   Query:    3' gaguGUUGUUUGUACACGGUGa 5'
                    ||:   || |||||||| 
   Ref:      5' aagtCAGGCCACTTGTGCCACg 3'

   Energy:  -17.520000 kCal/Mol

Scores for this hit:
>hsa-miR-891a-3p	FJ882582	154.00	-17.52	2 19	30 51	17	70.59%	76.47%

Seq1,Seq2,Tot Score,Tot Energy,Max Score,Max Energy,Strand,Len1,Len2,Positions
>>hsa-miR-891a-3p	FJ882582	154.00	-17.52	154.00	-17.52	12996	22	84	 30
Complete


   Forward:	Score: 154.000000  Q:2 to 19  R:30 to 51 Align Len (17) (70.59%) (76.47%)

   Query:    3' gaguGUUGUUUGUACACGGUGa 5'
                    ||:   || |||||||| 
   Ref:      5' aagtCAGGCCACTTGTGCCACg 3'

   Energy:  -17.520000 kCal/Mol

Scores for this hit:
>hsa-miR-891a-3p	GQ868643	154.00	-17.52	2 19	30 51	17	70.59%	76.47%

Seq1,Seq2,Tot Score,Tot Energy,Max Score,Max Energy,Strand,Len1,Len2,Positions
>>hsa-miR-891a-3p	GQ868643	154.00	-17.52	154.00	-17.52	12997	22	84	 30
Complete


   Forward:	Score: 154.000000  Q:2 to 19  R:30 to 51 Align Len (17) (70.59%) (76.47%)

   Query:    3' gaguGUUGUUUGUACACGGUGa 5'
                    ||:   || |||||||| 
   Ref:      5' aagtCAGGCCACTTGTGCCACg 3'

   Energy:  -17.520000 kCal/Mol

Scores for this hit:
>hsa-miR-891a-3p	EU854296	154.00	-17.52	2 19	30 51	17	70.59%	76.47%

Seq1,Seq2,Tot Score,Tot Energy,Max Score,Max Energy,Strand,Len1,Len2,Positions
>>hsa-miR-891a-3p	EU854296	154.00	-17.52	154.00	-17.52	12998	22	84	 30
Complete


   Forward:	Score: 154.000000  Q:2 to 19  R:30 to 51 Align Len (17) (70.59%) (76.47%)

   Query:    3' gaguGUUGUUUGUACACGGUGa 5'
                    ||:   || |||||||| 
   Ref:      5' aagtCAGGCCACTTGTGCCACg 3'

   Energy:  -17.520000 kCal/Mol

Scores for this hit:
>hsa-miR-891a-3p	FJ882596	154.00	-17.52	2 19	30 51	17	70.59%	76.47%

Seq1,Seq2,Tot Score,Tot Energy,Max Score,Max Energy,Strand,Len1,Len2,Positions
>>hsa-miR-891a-3p	FJ882596	154.00	-17.52	154.00	-17.52	12999	22	84	 30
Complete


   Forward:	Score: 154.000000  Q:2 to 19  R:32 to 53 Align Len (17) (70.59%) (76.47%)

   Query:    3' gaguGUUGUUUGUACACGGUGa 5'
                    ||:   || |||||||| 
   Ref:      5' aagtCAGGCCACTTGTGCCACg 3'

   Energy:  -17.520000 kCal/Mol

Scores for this hit:
>hsa-miR-891a-3p	AY858050	154.00	-17.52	2 19	32 53	17	70.59%	76.47%

Seq1,Seq2,Tot Score,Tot Energy,Max Score,Max Energy,Strand,Len1,Len2,Positions
>>hsa-miR-891a-3p	AY858050	154.00	-17.52	154.00	-17.52	13000	22	84	 32
Complete


   Forward:	Score: 158.000000  Q:2 to 19  R:30 to 51 Align Len (17) (70.59%) (82.35%)

   Query:    3' gaguGUUGUUUGUACACGGUGa 5'
                    ||:   ||:|||||||| 
   Ref:      5' aagtCAGGCCACGTGTGCCACg 3'

   Energy:  -21.850000 kCal/Mol

Scores for this hit:
>hsa-miR-891a-3p	GQ199882	158.00	-21.85	2 19	30 51	17	70.59%	82.35%

Seq1,Seq2,Tot Score,Tot Energy,Max Score,Max Energy,Strand,Len1,Len2,Positions
>>hsa-miR-891a-3p	GQ199882	158.00	-21.85	158.00	-21.85	13001	22	84	 30
Complete


   Forward:	Score: 154.000000  Q:2 to 19  R:30 to 51 Align Len (17) (70.59%) (76.47%)

   Query:    3' gaguGUUGUUUGUACACGGUGa 5'
                    ||:   || |||||||| 
   Ref:      5' aagtCAGGCCACTTGTGCCACg 3'

   Energy:  -17.520000 kCal/Mol

Scores for this hit:
>hsa-miR-891a-3p	GQ868579	154.00	-17.52	2 19	30 51	17	70.59%	76.47%

Seq1,Seq2,Tot Score,Tot Energy,Max Score,Max Energy,Strand,Len1,Len2,Positions
>>hsa-miR-891a-3p	GQ868579	154.00	-17.52	154.00	-17.52	13002	22	84	 30
Complete


   Forward:	Score: 154.000000  Q:2 to 19  R:30 to 51 Align Len (17) (70.59%) (76.47%)

   Query:    3' gaguGUUGUUUGUACACGGUGa 5'
                    ||:   || |||||||| 
   Ref:      5' cagtCAGGCCACTTGTGCCACg 3'

   Energy:  -17.910000 kCal/Mol

Scores for this hit:
>hsa-miR-891a-3p	JQ513345	154.00	-17.91	2 19	30 51	17	70.59%	76.47%

Seq1,Seq2,Tot Score,Tot Energy,Max Score,Max Energy,Strand,Len1,Len2,Positions
>>hsa-miR-891a-3p	JQ513345	154.00	-17.91	154.00	-17.91	13003	22	84	 30
Complete


   Forward:	Score: 154.000000  Q:2 to 19  R:32 to 53 Align Len (17) (70.59%) (76.47%)

   Query:    3' gaguGUUGUUUGUACACGGUGa 5'
                    ||:   || |||||||| 
   Ref:      5' aagtCAGGCCACTTGTGCCACg 3'

   Energy:  -17.520000 kCal/Mol

Scores for this hit:
>hsa-miR-891a-3p	AY858049	154.00	-17.52	2 19	32 53	17	70.59%	76.47%

Seq1,Seq2,Tot Score,Tot Energy,Max Score,Max Energy,Strand,Len1,Len2,Positions
>>hsa-miR-891a-3p	AY858049	154.00	-17.52	154.00	-17.52	13004	22	84	 32
Complete


   Forward:	Score: 154.000000  Q:2 to 19  R:30 to 51 Align Len (17) (70.59%) (76.47%)

   Query:    3' gaguGUUGUUUGUACACGGUGa 5'
                    ||:   || |||||||| 
   Ref:      5' aagtCAGGCCACTTGTGCCACg 3'

   Energy:  -17.520000 kCal/Mol

Scores for this hit:
>hsa-miR-891a-3p	FJ882595	154.00	-17.52	2 19	30 51	17	70.59%	76.47%

Seq1,Seq2,Tot Score,Tot Energy,Max Score,Max Energy,Strand,Len1,Len2,Positions
>>hsa-miR-891a-3p	FJ882595	154.00	-17.52	154.00	-17.52	13005	22	84	 30
Complete


   Forward:	Score: 154.000000  Q:2 to 19  R:30 to 51 Align Len (17) (70.59%) (76.47%)

   Query:    3' gaguGUUGUUUGUACACGGUGa 5'
                    ||:   || |||||||| 
   Ref:      5' aagtCAGGCCACTTGTGCCACg 3'

   Energy:  -17.520000 kCal/Mol

Scores for this hit:
>hsa-miR-891a-3p	FJ226067	154.00	-17.52	2 19	30 51	17	70.59%	76.47%

Seq1,Seq2,Tot Score,Tot Energy,Max Score,Max Energy,Strand,Len1,Len2,Positions
>>hsa-miR-891a-3p	FJ226067	154.00	-17.52	154.00	-17.52	13006	22	84	 30
Complete


   Forward:	Score: 166.000000  Q:2 to 19  R:23 to 43 Align Len (17) (76.47%) (88.24%)

   Query:    3' uauUACCUCUGGUCCGGUGCu 5'
                   || || ::||||||||| 
   Ref:      5' gctATTGAAGTCAGGCCACGt 3'

   Energy:  -23.830000 kCal/Mol

Scores for this hit:
>hsa-miR-1204	GQ199882	166.00	-23.83	2 19	23 43	17	76.47%	88.24%

Seq1,Seq2,Tot Score,Tot Energy,Max Score,Max Energy,Strand,Len1,Len2,Positions
>>hsa-miR-1204	GQ199882	166.00	-23.83	166.00	-23.83	14429	21	84	 23
Complete


   Forward:	Score: 166.000000  Q:2 to 19  R:23 to 43 Align Len (17) (76.47%) (88.24%)

   Query:    3' uauUACCUCUGGUCCGGUGCu 5'
                   || || ::||||||||| 
   Ref:      5' gctATTGAAGTCAGGCCACGt 3'

   Energy:  -23.830000 kCal/Mol

Scores for this hit:
>ptr-miR-1204	GQ199882	166.00	-23.83	2 19	23 43	17	76.47%	88.24%

Seq1,Seq2,Tot Score,Tot Energy,Max Score,Max Energy,Strand,Len1,Len2,Positions
>>ptr-miR-1204	GQ199882	166.00	-23.83	166.00	-23.83	16683	21	84	 23
Complete


   Forward:	Score: 156.000000  Q:2 to 21  R:22 to 43 Align Len (19) (68.42%) (73.68%)

   Query:    3' guGACGUCCCGAGACCGGUGAc 5'
                  |||: |   || ||||||| 
   Ref:      5' ggCTGTTGAAGTCAGGCCACTt 3'

   Energy:  -18.150000 kCal/Mol

Scores for this hit:
>hsa-miR-3677-5p	FJ882582	156.00	-18.15	2 21	22 43	19	68.42%	73.68%

Seq1,Seq2,Tot Score,Tot Energy,Max Score,Max Energy,Strand,Len1,Len2,Positions
>>hsa-miR-3677-5p	FJ882582	156.00	-18.15	156.00	-18.15	26898	22	84	 22
Complete


   Forward:	Score: 152.000000  Q:2 to 21  R:22 to 43 Align Len (19) (68.42%) (68.42%)

   Query:    3' guGACGUCCCGAGACCGGUGAc 5'
                  || | |   || ||||||| 
   Ref:      5' ggCTACTGAAGTCAGGCCACTt 3'

   Energy:  -18.850000 kCal/Mol

Scores for this hit:
>hsa-miR-3677-5p	GQ868643	152.00	-18.85	2 21	22 43	19	68.42%	68.42%

Seq1,Seq2,Tot Score,Tot Energy,Max Score,Max Energy,Strand,Len1,Len2,Positions
>>hsa-miR-3677-5p	GQ868643	152.00	-18.85	152.00	-18.85	26899	22	84	 22
Complete


   Forward:	Score: 152.000000  Q:2 to 21  R:22 to 43 Align Len (19) (68.42%) (68.42%)

   Query:    3' guGACGUCCCGAGACCGGUGAc 5'
                  || | |   || ||||||| 
   Ref:      5' ggCTACTGAAGTCAGGCCACTt 3'

   Energy:  -18.850000 kCal/Mol

Scores for this hit:
>hsa-miR-3677-5p	EU854296	152.00	-18.85	2 21	22 43	19	68.42%	68.42%

Seq1,Seq2,Tot Score,Tot Energy,Max Score,Max Energy,Strand,Len1,Len2,Positions
>>hsa-miR-3677-5p	EU854296	152.00	-18.85	152.00	-18.85	26900	22	84	 22
Complete


   Forward:	Score: 156.000000  Q:2 to 21  R:25 to 43 Align Len (19) (73.68%) (78.95%)

   Query:    3' guGACGUCCCGAGACCGGUGAc 5'
                  :|||||   || ||||||| 
   Ref:      5' taTTGCAG---TCAGGCCACTt 3'

   Energy:  -22.530001 kCal/Mol

Scores for this hit:
>hsa-miR-3677-5p	JQ513345	156.00	-22.53	2 21	25 43	19	73.68%	78.95%

Seq1,Seq2,Tot Score,Tot Energy,Max Score,Max Energy,Strand,Len1,Len2,Positions
>>hsa-miR-3677-5p	JQ513345	156.00	-22.53	156.00	-22.53	26905	22	84	 25
Complete


   Forward:	Score: 160.000000  Q:2 to 21  R:62 to 82 Align Len (20) (75.00%) (85.00%)

   Query:    3' acGUAU-ACGGACCGAUCGAGGa 5'
                  |:|: ||||||  ||||||| 
   Ref:      5' acCGTGCTGCCTG--TAGCTCCg 3'

   Energy:  -24.299999 kCal/Mol

Scores for this hit:
>hsa-miR-4633-3p	FJ810417	160.00	-24.30	2 21	62 82	20	75.00%	85.00%

Seq1,Seq2,Tot Score,Tot Energy,Max Score,Max Energy,Strand,Len1,Len2,Positions
>>hsa-miR-4633-3p	FJ810417	160.00	-24.30	160.00	-24.30	30675	22	84	 62
Complete


   Forward:	Score: 160.000000  Q:2 to 21  R:62 to 82 Align Len (20) (75.00%) (85.00%)

   Query:    3' acGUAU-ACGGACCGAUCGAGGa 5'
                  |:|: ||||||  ||||||| 
   Ref:      5' acCGTGCTGCCTG--TAGCTCCg 3'

   Energy:  -24.299999 kCal/Mol

Scores for this hit:
>hsa-miR-4633-3p	FJ639744	160.00	-24.30	2 21	62 82	20	75.00%	85.00%

Seq1,Seq2,Tot Score,Tot Energy,Max Score,Max Energy,Strand,Len1,Len2,Positions
>>hsa-miR-4633-3p	FJ639744	160.00	-24.30	160.00	-24.30	30676	22	84	 62
Complete


   Forward:	Score: 160.000000  Q:2 to 21  R:62 to 82 Align Len (20) (75.00%) (85.00%)

   Query:    3' acGUAU-ACGGACCGAUCGAGGa 5'
                  |:|: ||||||  ||||||| 
   Ref:      5' acCGTGCTGCCTG--TAGCTCCg 3'

   Energy:  -24.299999 kCal/Mol

Scores for this hit:
>hsa-miR-4633-3p	FJ882585	160.00	-24.30	2 21	62 82	20	75.00%	85.00%

Seq1,Seq2,Tot Score,Tot Energy,Max Score,Max Energy,Strand,Len1,Len2,Positions
>>hsa-miR-4633-3p	FJ882585	160.00	-24.30	160.00	-24.30	30677	22	84	 62
Complete


   Forward:	Score: 160.000000  Q:2 to 21  R:62 to 82 Align Len (20) (75.00%) (85.00%)

   Query:    3' acGUAU-ACGGACCGAUCGAGGa 5'
                  |:|: ||||||  ||||||| 
   Ref:      5' acCGTGCTGCCTG--TAGCTCCg 3'

   Energy:  -24.299999 kCal/Mol

Scores for this hit:
>hsa-miR-4633-3p	FJ882582	160.00	-24.30	2 21	62 82	20	75.00%	85.00%

Seq1,Seq2,Tot Score,Tot Energy,Max Score,Max Energy,Strand,Len1,Len2,Positions
>>hsa-miR-4633-3p	FJ882582	160.00	-24.30	160.00	-24.30	30678	22	84	 62
Complete


   Forward:	Score: 160.000000  Q:2 to 21  R:62 to 82 Align Len (20) (75.00%) (85.00%)

   Query:    3' acGUAU-ACGGACCGAUCGAGGa 5'
                  |:|: ||||||  ||||||| 
   Ref:      5' acCGTGCTGCCTG--TAGCTCCg 3'

   Energy:  -24.299999 kCal/Mol

Scores for this hit:
>hsa-miR-4633-3p	GQ868643	160.00	-24.30	2 21	62 82	20	75.00%	85.00%

Seq1,Seq2,Tot Score,Tot Energy,Max Score,Max Energy,Strand,Len1,Len2,Positions
>>hsa-miR-4633-3p	GQ868643	160.00	-24.30	160.00	-24.30	30679	22	84	 62
Complete


   Forward:	Score: 160.000000  Q:2 to 21  R:62 to 82 Align Len (20) (75.00%) (85.00%)

   Query:    3' acGUAU-ACGGACCGAUCGAGGa 5'
                  |:|: ||||||  ||||||| 
   Ref:      5' acCGTGCTGCCTG--TAGCTCCg 3'

   Energy:  -24.299999 kCal/Mol

Scores for this hit:
>hsa-miR-4633-3p	EU854296	160.00	-24.30	2 21	62 82	20	75.00%	85.00%

Seq1,Seq2,Tot Score,Tot Energy,Max Score,Max Energy,Strand,Len1,Len2,Positions
>>hsa-miR-4633-3p	EU854296	160.00	-24.30	160.00	-24.30	30680	22	84	 62
Complete


   Forward:	Score: 160.000000  Q:2 to 21  R:62 to 82 Align Len (20) (75.00%) (85.00%)

   Query:    3' acGUAU-ACGGACCGAUCGAGGa 5'
                  |:|: ||||||  ||||||| 
   Ref:      5' acCGTGCTGCCTG--TAGCTCCg 3'

   Energy:  -24.299999 kCal/Mol

Scores for this hit:
>hsa-miR-4633-3p	FJ882596	160.00	-24.30	2 21	62 82	20	75.00%	85.00%

Seq1,Seq2,Tot Score,Tot Energy,Max Score,Max Energy,Strand,Len1,Len2,Positions
>>hsa-miR-4633-3p	FJ882596	160.00	-24.30	160.00	-24.30	30681	22	84	 62
Complete


   Forward:	Score: 160.000000  Q:2 to 21  R:64 to 84 Align Len (20) (75.00%) (85.00%)

   Query:    3' acGUAU-ACGGACCGAUCGAGGa 5'
                  |:|: ||||||  ||||||| 
   Ref:      5' acCGTGCTGCCTG--TAGCTCCg 3'

   Energy:  -24.299999 kCal/Mol

Scores for this hit:
>hsa-miR-4633-3p	AY858050	160.00	-24.30	2 21	64 84	20	75.00%	85.00%

Seq1,Seq2,Tot Score,Tot Energy,Max Score,Max Energy,Strand,Len1,Len2,Positions
>>hsa-miR-4633-3p	AY858050	160.00	-24.30	160.00	-24.30	30682	22	84	 64
Complete


   Forward:	Score: 160.000000  Q:2 to 21  R:62 to 82 Align Len (20) (75.00%) (85.00%)

   Query:    3' acGUAU-ACGGACCGAUCGAGGa 5'
                  |:|: ||||||  ||||||| 
   Ref:      5' acCGTGCTGCCTG--TAGCTCCg 3'

   Energy:  -24.299999 kCal/Mol

Scores for this hit:
>hsa-miR-4633-3p	GQ199882	160.00	-24.30	2 21	62 82	20	75.00%	85.00%

Seq1,Seq2,Tot Score,Tot Energy,Max Score,Max Energy,Strand,Len1,Len2,Positions
>>hsa-miR-4633-3p	GQ199882	160.00	-24.30	160.00	-24.30	30683	22	84	 62
Complete


   Forward:	Score: 160.000000  Q:2 to 21  R:62 to 82 Align Len (20) (75.00%) (85.00%)

   Query:    3' acGUAU-ACGGACCGAUCGAGGa 5'
                  |:|: ||||||  ||||||| 
   Ref:      5' acCGTGCTGCCTG--TAGCTCCg 3'

   Energy:  -24.299999 kCal/Mol

Scores for this hit:
>hsa-miR-4633-3p	GQ868579	160.00	-24.30	2 21	62 82	20	75.00%	85.00%

Seq1,Seq2,Tot Score,Tot Energy,Max Score,Max Energy,Strand,Len1,Len2,Positions
>>hsa-miR-4633-3p	GQ868579	160.00	-24.30	160.00	-24.30	30684	22	84	 62
Complete


   Forward:	Score: 160.000000  Q:2 to 21  R:62 to 82 Align Len (20) (75.00%) (85.00%)

   Query:    3' acGUAU-ACGGACCGAUCGAGGa 5'
                  |:|: ||||||  ||||||| 
   Ref:      5' acCGTGCTGCCTG--TAGCTCCg 3'

   Energy:  -24.299999 kCal/Mol

Scores for this hit:
>hsa-miR-4633-3p	JQ513345	160.00	-24.30	2 21	62 82	20	75.00%	85.00%

Seq1,Seq2,Tot Score,Tot Energy,Max Score,Max Energy,Strand,Len1,Len2,Positions
>>hsa-miR-4633-3p	JQ513345	160.00	-24.30	160.00	-24.30	30685	22	84	 62
Complete


   Forward:	Score: 160.000000  Q:2 to 21  R:64 to 84 Align Len (20) (75.00%) (85.00%)

   Query:    3' acGUAU-ACGGACCGAUCGAGGa 5'
                  |:|: ||||||  ||||||| 
   Ref:      5' acCGTGCTGCCTG--TAGCTCCg 3'

   Energy:  -24.299999 kCal/Mol

Scores for this hit:
>hsa-miR-4633-3p	AY858049	160.00	-24.30	2 21	64 84	20	75.00%	85.00%

Seq1,Seq2,Tot Score,Tot Energy,Max Score,Max Energy,Strand,Len1,Len2,Positions
>>hsa-miR-4633-3p	AY858049	160.00	-24.30	160.00	-24.30	30686	22	84	 64
Complete


   Forward:	Score: 160.000000  Q:2 to 21  R:62 to 82 Align Len (20) (75.00%) (85.00%)

   Query:    3' acGUAU-ACGGACCGAUCGAGGa 5'
                  |:|: ||||||  ||||||| 
   Ref:      5' acCGTGCTGCCTG--TAGCTCCg 3'

   Energy:  -24.299999 kCal/Mol

Scores for this hit:
>hsa-miR-4633-3p	FJ882595	160.00	-24.30	2 21	62 82	20	75.00%	85.00%

Seq1,Seq2,Tot Score,Tot Energy,Max Score,Max Energy,Strand,Len1,Len2,Positions
>>hsa-miR-4633-3p	FJ882595	160.00	-24.30	160.00	-24.30	30687	22	84	 62
Complete


   Forward:	Score: 160.000000  Q:2 to 21  R:62 to 82 Align Len (20) (75.00%) (85.00%)

   Query:    3' acGUAU-ACGGACCGAUCGAGGa 5'
                  |:|: ||||||  ||||||| 
   Ref:      5' acCGTGCTGCCTG--TAGCTCCg 3'

   Energy:  -24.299999 kCal/Mol

Scores for this hit:
>hsa-miR-4633-3p	FJ226067	160.00	-24.30	2 21	62 82	20	75.00%	85.00%

Seq1,Seq2,Tot Score,Tot Energy,Max Score,Max Energy,Strand,Len1,Len2,Positions
>>hsa-miR-4633-3p	FJ226067	160.00	-24.30	160.00	-24.30	30688	22	84	 62
Complete


   Forward:	Score: 155.000000  Q:2 to 16  R:54 to 75 Align Len (14) (71.43%) (92.86%)

   Query:    3' uagacuaUGGGUGUGACGGACu 5'
                       | ||:::||||||| 
   Ref:      5' ttgagcaAACCGTGCTGCCTGt 3'

   Energy:  -25.309999 kCal/Mol

Scores for this hit:
>hsa-miR-4692	FJ810417	155.00	-25.31	2 16	54 75	14	71.43%	92.86%

Seq1,Seq2,Tot Score,Tot Energy,Max Score,Max Energy,Strand,Len1,Len2,Positions
>>hsa-miR-4692	FJ810417	155.00	-25.31	155.00	-25.31	31991	22	84	 54
Complete


   Forward:	Score: 155.000000  Q:2 to 16  R:54 to 75 Align Len (14) (71.43%) (92.86%)

   Query:    3' uagacuaUGGGUGUGACGGACu 5'
                       | ||:::||||||| 
   Ref:      5' ttgagcaAACCGTGCTGCCTGt 3'

   Energy:  -25.309999 kCal/Mol

Scores for this hit:
>hsa-miR-4692	FJ639744	155.00	-25.31	2 16	54 75	14	71.43%	92.86%

Seq1,Seq2,Tot Score,Tot Energy,Max Score,Max Energy,Strand,Len1,Len2,Positions
>>hsa-miR-4692	FJ639744	155.00	-25.31	155.00	-25.31	31992	22	84	 54
Complete


   Forward:	Score: 155.000000  Q:2 to 16  R:54 to 75 Align Len (14) (71.43%) (92.86%)

   Query:    3' uagacuaUGGGUGUGACGGACu 5'
                       | ||:::||||||| 
   Ref:      5' ttgagcaAACCGTGCTGCCTGt 3'

   Energy:  -25.309999 kCal/Mol

Scores for this hit:
>hsa-miR-4692	FJ882585	155.00	-25.31	2 16	54 75	14	71.43%	92.86%

Seq1,Seq2,Tot Score,Tot Energy,Max Score,Max Energy,Strand,Len1,Len2,Positions
>>hsa-miR-4692	FJ882585	155.00	-25.31	155.00	-25.31	31993	22	84	 54
Complete


   Forward:	Score: 155.000000  Q:2 to 16  R:54 to 75 Align Len (14) (71.43%) (92.86%)

   Query:    3' uagacuaUGGGUGUGACGGACu 5'
                       | ||:::||||||| 
   Ref:      5' ttgagcaAACCGTGCTGCCTGt 3'

   Energy:  -25.309999 kCal/Mol

Scores for this hit:
>hsa-miR-4692	FJ882582	155.00	-25.31	2 16	54 75	14	71.43%	92.86%

Seq1,Seq2,Tot Score,Tot Energy,Max Score,Max Energy,Strand,Len1,Len2,Positions
>>hsa-miR-4692	FJ882582	155.00	-25.31	155.00	-25.31	31994	22	84	 54
Complete


   Forward:	Score: 155.000000  Q:2 to 16  R:54 to 75 Align Len (14) (71.43%) (92.86%)

   Query:    3' uagacuaUGGGUGUGACGGACu 5'
                       | ||:::||||||| 
   Ref:      5' ttgagcaAACCGTGCTGCCTGt 3'

   Energy:  -25.309999 kCal/Mol

Scores for this hit:
>hsa-miR-4692	GQ868643	155.00	-25.31	2 16	54 75	14	71.43%	92.86%

Seq1,Seq2,Tot Score,Tot Energy,Max Score,Max Energy,Strand,Len1,Len2,Positions
>>hsa-miR-4692	GQ868643	155.00	-25.31	155.00	-25.31	31995	22	84	 54
Complete


   Forward:	Score: 155.000000  Q:2 to 16  R:54 to 75 Align Len (14) (71.43%) (92.86%)

   Query:    3' uagacuaUGGGUGUGACGGACu 5'
                       | ||:::||||||| 
   Ref:      5' ttgagcaAACCGTGCTGCCTGt 3'

   Energy:  -25.309999 kCal/Mol

Scores for this hit:
>hsa-miR-4692	EU854296	155.00	-25.31	2 16	54 75	14	71.43%	92.86%

Seq1,Seq2,Tot Score,Tot Energy,Max Score,Max Energy,Strand,Len1,Len2,Positions
>>hsa-miR-4692	EU854296	155.00	-25.31	155.00	-25.31	31996	22	84	 54
Complete


   Forward:	Score: 155.000000  Q:2 to 16  R:54 to 75 Align Len (14) (71.43%) (92.86%)

   Query:    3' uagacuaUGGGUGUGACGGACu 5'
                       | ||:::||||||| 
   Ref:      5' ttgagcaAACCGTGCTGCCTGt 3'

   Energy:  -25.309999 kCal/Mol

Scores for this hit:
>hsa-miR-4692	FJ882596	155.00	-25.31	2 16	54 75	14	71.43%	92.86%

Seq1,Seq2,Tot Score,Tot Energy,Max Score,Max Energy,Strand,Len1,Len2,Positions
>>hsa-miR-4692	FJ882596	155.00	-25.31	155.00	-25.31	31997	22	84	 54
Complete


   Forward:	Score: 155.000000  Q:2 to 16  R:56 to 77 Align Len (14) (71.43%) (92.86%)

   Query:    3' uagacuaUGGGUGUGACGGACu 5'
                       | ||:::||||||| 
   Ref:      5' ttgagcaAACCGTGCTGCCTGt 3'

   Energy:  -25.309999 kCal/Mol

Scores for this hit:
>hsa-miR-4692	AY858050	155.00	-25.31	2 16	56 77	14	71.43%	92.86%

Seq1,Seq2,Tot Score,Tot Energy,Max Score,Max Energy,Strand,Len1,Len2,Positions
>>hsa-miR-4692	AY858050	155.00	-25.31	155.00	-25.31	31998	22	84	 56
Complete


   Forward:	Score: 155.000000  Q:2 to 16  R:54 to 75 Align Len (14) (71.43%) (92.86%)

   Query:    3' uagacuaUGGGUGUGACGGACu 5'
                       | ||:::||||||| 
   Ref:      5' ttgagcaAACCGTGCTGCCTGt 3'

   Energy:  -25.309999 kCal/Mol

Scores for this hit:
>hsa-miR-4692	GQ199882	155.00	-25.31	2 16	54 75	14	71.43%	92.86%

Seq1,Seq2,Tot Score,Tot Energy,Max Score,Max Energy,Strand,Len1,Len2,Positions
>>hsa-miR-4692	GQ199882	155.00	-25.31	155.00	-25.31	31999	22	84	 54
Complete


   Forward:	Score: 155.000000  Q:2 to 16  R:54 to 75 Align Len (14) (71.43%) (92.86%)

   Query:    3' uagacuaUGGGUGUGACGGACu 5'
                       | ||:::||||||| 
   Ref:      5' ttgagcaAACCGTGCTGCCTGt 3'

   Energy:  -25.309999 kCal/Mol

Scores for this hit:
>hsa-miR-4692	GQ868579	155.00	-25.31	2 16	54 75	14	71.43%	92.86%

Seq1,Seq2,Tot Score,Tot Energy,Max Score,Max Energy,Strand,Len1,Len2,Positions
>>hsa-miR-4692	GQ868579	155.00	-25.31	155.00	-25.31	32000	22	84	 54
Complete


   Forward:	Score: 155.000000  Q:2 to 16  R:54 to 75 Align Len (14) (71.43%) (92.86%)

   Query:    3' uagacuaUGGGUGUGACGGACu 5'
                       | ||:::||||||| 
   Ref:      5' ttgagcaAACCGTGCTGCCTGt 3'

   Energy:  -25.309999 kCal/Mol

Scores for this hit:
>hsa-miR-4692	JQ513345	155.00	-25.31	2 16	54 75	14	71.43%	92.86%

Seq1,Seq2,Tot Score,Tot Energy,Max Score,Max Energy,Strand,Len1,Len2,Positions
>>hsa-miR-4692	JQ513345	155.00	-25.31	155.00	-25.31	32001	22	84	 54
Complete


   Forward:	Score: 155.000000  Q:2 to 16  R:56 to 77 Align Len (14) (71.43%) (92.86%)

   Query:    3' uagacuaUGGGUGUGACGGACu 5'
                       | ||:::||||||| 
   Ref:      5' ttgagcaAACCGTGCTGCCTGt 3'

   Energy:  -25.309999 kCal/Mol

Scores for this hit:
>hsa-miR-4692	AY858049	155.00	-25.31	2 16	56 77	14	71.43%	92.86%

Seq1,Seq2,Tot Score,Tot Energy,Max Score,Max Energy,Strand,Len1,Len2,Positions
>>hsa-miR-4692	AY858049	155.00	-25.31	155.00	-25.31	32002	22	84	 56
Complete


   Forward:	Score: 155.000000  Q:2 to 16  R:54 to 75 Align Len (14) (71.43%) (92.86%)

   Query:    3' uagacuaUGGGUGUGACGGACu 5'
                       | ||:::||||||| 
   Ref:      5' ttgagcaAACCGTGCTGCCTGt 3'

   Energy:  -25.309999 kCal/Mol

Scores for this hit:
>hsa-miR-4692	FJ882595	155.00	-25.31	2 16	54 75	14	71.43%	92.86%

Seq1,Seq2,Tot Score,Tot Energy,Max Score,Max Energy,Strand,Len1,Len2,Positions
>>hsa-miR-4692	FJ882595	155.00	-25.31	155.00	-25.31	32003	22	84	 54
Complete


   Forward:	Score: 155.000000  Q:2 to 16  R:54 to 75 Align Len (14) (71.43%) (92.86%)

   Query:    3' uagacuaUGGGUGUGACGGACu 5'
                       | ||:::||||||| 
   Ref:      5' ttgagcaAACCGTGCTGCCTGt 3'

   Energy:  -25.309999 kCal/Mol

Scores for this hit:
>hsa-miR-4692	FJ226067	155.00	-25.31	2 16	54 75	14	71.43%	92.86%

Seq1,Seq2,Tot Score,Tot Energy,Max Score,Max Energy,Strand,Len1,Len2,Positions
>>hsa-miR-4692	FJ226067	155.00	-25.31	155.00	-25.31	32004	22	84	 54
Complete


   Forward:	Score: 154.000000  Q:2 to 20  R:36 to 58 Align Len (19) (63.16%) (84.21%)

   Query:    3' gguGUCCGUGUCG-GCCAAACUc 5'
                   || |:::: | |||||||| 
   Ref:      5' ggcCACGTGTGCCACGGTTTGAg 3'

   Energy:  -28.170000 kCal/Mol

Scores for this hit:
>hsa-miR-6715b-3p	GQ199882	154.00	-28.17	2 20	36 58	19	63.16%	84.21%

Seq1,Seq2,Tot Score,Tot Energy,Max Score,Max Energy,Strand,Len1,Len2,Positions
>>hsa-miR-6715b-3p	GQ199882	154.00	-28.17	154.00	-28.17	42163	22	84	 36
Complete


   Forward:	Score: 152.000000  Q:2 to 13  R:11 to 29 Align Len (11) (90.91%) (90.91%)

   Query:    3' gacccccGGUUCUCUGGUg 5'
                       | ||||||||| 
   Ref:      5' caaacacCAAAGAGACCAt 3'

   Energy:  -19.180000 kCal/Mol

Scores for this hit:
>hsa-miR-6848-3p	AY858050	152.00	-19.18	2 13	11 29	11	90.91%	90.91%

Seq1,Seq2,Tot Score,Tot Energy,Max Score,Max Energy,Strand,Len1,Len2,Positions
>>hsa-miR-6848-3p	AY858050	152.00	-19.18	152.00	-19.18	45816	19	84	 11
Complete


   Forward:	Score: 152.000000  Q:2 to 13  R:11 to 29 Align Len (11) (90.91%) (90.91%)

   Query:    3' gacccccGGUUCUCUGGUg 5'
                       | ||||||||| 
   Ref:      5' aaaacacCAAAGAGACCAt 3'

   Energy:  -19.180000 kCal/Mol

Scores for this hit:
>hsa-miR-6848-3p	AY858049	152.00	-19.18	2 13	11 29	11	90.91%	90.91%

Seq1,Seq2,Tot Score,Tot Energy,Max Score,Max Energy,Strand,Len1,Len2,Positions
>>hsa-miR-6848-3p	AY858049	152.00	-19.18	152.00	-19.18	45820	19	84	 11
Complete


   Forward:	Score: 150.000000  Q:2 to 17  R:58 to 77 Align Len (15) (73.33%) (86.67%)

   Query:    3' acucgGGUAAGGUCGGACAUc 5'
                     ||:| |: ||||||| 
   Ref:      5' gcaaaCCGTGCT-GCCTGTAg 3'

   Energy:  -22.230000 kCal/Mol

Scores for this hit:
>hsa-miR-7151-3p	FJ810417	150.00	-22.23	2 17	58 77	15	73.33%	86.67%

Seq1,Seq2,Tot Score,Tot Energy,Max Score,Max Energy,Strand,Len1,Len2,Positions
>>hsa-miR-7151-3p	FJ810417	150.00	-22.23	150.00	-22.23	47419	21	84	 58
Complete


   Forward:	Score: 150.000000  Q:2 to 17  R:58 to 77 Align Len (15) (73.33%) (86.67%)

   Query:    3' acucgGGUAAGGUCGGACAUc 5'
                     ||:| |: ||||||| 
   Ref:      5' gcaaaCCGTGCT-GCCTGTAg 3'

   Energy:  -22.230000 kCal/Mol

Scores for this hit:
>hsa-miR-7151-3p	FJ639744	150.00	-22.23	2 17	58 77	15	73.33%	86.67%

Seq1,Seq2,Tot Score,Tot Energy,Max Score,Max Energy,Strand,Len1,Len2,Positions
>>hsa-miR-7151-3p	FJ639744	150.00	-22.23	150.00	-22.23	47420	21	84	 58
Complete


   Forward:	Score: 150.000000  Q:2 to 17  R:58 to 77 Align Len (15) (73.33%) (86.67%)

   Query:    3' acucgGGUAAGGUCGGACAUc 5'
                     ||:| |: ||||||| 
   Ref:      5' gcaaaCCGTGCT-GCCTGTAg 3'

   Energy:  -22.230000 kCal/Mol

Scores for this hit:
>hsa-miR-7151-3p	FJ882585	150.00	-22.23	2 17	58 77	15	73.33%	86.67%

Seq1,Seq2,Tot Score,Tot Energy,Max Score,Max Energy,Strand,Len1,Len2,Positions
>>hsa-miR-7151-3p	FJ882585	150.00	-22.23	150.00	-22.23	47421	21	84	 58
Complete


   Forward:	Score: 150.000000  Q:2 to 17  R:58 to 77 Align Len (15) (73.33%) (86.67%)

   Query:    3' acucgGGUAAGGUCGGACAUc 5'
                     ||:| |: ||||||| 
   Ref:      5' gcaaaCCGTGCT-GCCTGTAg 3'

   Energy:  -22.230000 kCal/Mol

Scores for this hit:
>hsa-miR-7151-3p	FJ882582	150.00	-22.23	2 17	58 77	15	73.33%	86.67%

Seq1,Seq2,Tot Score,Tot Energy,Max Score,Max Energy,Strand,Len1,Len2,Positions
>>hsa-miR-7151-3p	FJ882582	150.00	-22.23	150.00	-22.23	47422	21	84	 58
Complete


   Forward:	Score: 150.000000  Q:2 to 17  R:58 to 77 Align Len (15) (73.33%) (86.67%)

   Query:    3' acucgGGUAAGGUCGGACAUc 5'
                     ||:| |: ||||||| 
   Ref:      5' gcaaaCCGTGCT-GCCTGTAg 3'

   Energy:  -22.230000 kCal/Mol

Scores for this hit:
>hsa-miR-7151-3p	GQ868643	150.00	-22.23	2 17	58 77	15	73.33%	86.67%

Seq1,Seq2,Tot Score,Tot Energy,Max Score,Max Energy,Strand,Len1,Len2,Positions
>>hsa-miR-7151-3p	GQ868643	150.00	-22.23	150.00	-22.23	47423	21	84	 58
Complete


   Forward:	Score: 150.000000  Q:2 to 17  R:58 to 77 Align Len (15) (73.33%) (86.67%)

   Query:    3' acucgGGUAAGGUCGGACAUc 5'
                     ||:| |: ||||||| 
   Ref:      5' gcaaaCCGTGCT-GCCTGTAg 3'

   Energy:  -22.230000 kCal/Mol

Scores for this hit:
>hsa-miR-7151-3p	EU854296	150.00	-22.23	2 17	58 77	15	73.33%	86.67%

Seq1,Seq2,Tot Score,Tot Energy,Max Score,Max Energy,Strand,Len1,Len2,Positions
>>hsa-miR-7151-3p	EU854296	150.00	-22.23	150.00	-22.23	47424	21	84	 58
Complete


   Forward:	Score: 150.000000  Q:2 to 17  R:58 to 77 Align Len (15) (73.33%) (86.67%)

   Query:    3' acucgGGUAAGGUCGGACAUc 5'
                     ||:| |: ||||||| 
   Ref:      5' gcaaaCCGTGCT-GCCTGTAg 3'

   Energy:  -22.230000 kCal/Mol

Scores for this hit:
>hsa-miR-7151-3p	FJ882596	150.00	-22.23	2 17	58 77	15	73.33%	86.67%

Seq1,Seq2,Tot Score,Tot Energy,Max Score,Max Energy,Strand,Len1,Len2,Positions
>>hsa-miR-7151-3p	FJ882596	150.00	-22.23	150.00	-22.23	47425	21	84	 58
Complete


   Forward:	Score: 150.000000  Q:2 to 17  R:60 to 79 Align Len (15) (73.33%) (86.67%)

   Query:    3' acucgGGUAAGGUCGGACAUc 5'
                     ||:| |: ||||||| 
   Ref:      5' gcaaaCCGTGCT-GCCTGTAg 3'

   Energy:  -22.230000 kCal/Mol

Scores for this hit:
>hsa-miR-7151-3p	AY858050	150.00	-22.23	2 17	60 79	15	73.33%	86.67%

Seq1,Seq2,Tot Score,Tot Energy,Max Score,Max Energy,Strand,Len1,Len2,Positions
>>hsa-miR-7151-3p	AY858050	150.00	-22.23	150.00	-22.23	47426	21	84	 60
Complete


   Forward:	Score: 150.000000  Q:2 to 17  R:58 to 77 Align Len (15) (73.33%) (86.67%)

   Query:    3' acucgGGUAAGGUCGGACAUc 5'
                     ||:| |: ||||||| 
   Ref:      5' gcaaaCCGTGCT-GCCTGTAg 3'

   Energy:  -22.230000 kCal/Mol

Scores for this hit:
>hsa-miR-7151-3p	GQ199882	150.00	-22.23	2 17	58 77	15	73.33%	86.67%

Seq1,Seq2,Tot Score,Tot Energy,Max Score,Max Energy,Strand,Len1,Len2,Positions
>>hsa-miR-7151-3p	GQ199882	150.00	-22.23	150.00	-22.23	47427	21	84	 58
Complete


   Forward:	Score: 150.000000  Q:2 to 17  R:58 to 77 Align Len (15) (73.33%) (86.67%)

   Query:    3' acucgGGUAAGGUCGGACAUc 5'
                     ||:| |: ||||||| 
   Ref:      5' gcaaaCCGTGCT-GCCTGTAg 3'

   Energy:  -22.230000 kCal/Mol

Scores for this hit:
>hsa-miR-7151-3p	GQ868579	150.00	-22.23	2 17	58 77	15	73.33%	86.67%

Seq1,Seq2,Tot Score,Tot Energy,Max Score,Max Energy,Strand,Len1,Len2,Positions
>>hsa-miR-7151-3p	GQ868579	150.00	-22.23	150.00	-22.23	47428	21	84	 58
Complete


   Forward:	Score: 150.000000  Q:2 to 17  R:58 to 77 Align Len (15) (73.33%) (86.67%)

   Query:    3' acucgGGUAAGGUCGGACAUc 5'
                     ||:| |: ||||||| 
   Ref:      5' gcaaaCCGTGCT-GCCTGTAg 3'

   Energy:  -22.230000 kCal/Mol

Scores for this hit:
>hsa-miR-7151-3p	JQ513345	150.00	-22.23	2 17	58 77	15	73.33%	86.67%

Seq1,Seq2,Tot Score,Tot Energy,Max Score,Max Energy,Strand,Len1,Len2,Positions
>>hsa-miR-7151-3p	JQ513345	150.00	-22.23	150.00	-22.23	47429	21	84	 58
Complete


   Forward:	Score: 150.000000  Q:2 to 17  R:60 to 79 Align Len (15) (73.33%) (86.67%)

   Query:    3' acucgGGUAAGGUCGGACAUc 5'
                     ||:| |: ||||||| 
   Ref:      5' gcaaaCCGTGCT-GCCTGTAg 3'

   Energy:  -22.230000 kCal/Mol

Scores for this hit:
>hsa-miR-7151-3p	AY858049	150.00	-22.23	2 17	60 79	15	73.33%	86.67%

Seq1,Seq2,Tot Score,Tot Energy,Max Score,Max Energy,Strand,Len1,Len2,Positions
>>hsa-miR-7151-3p	AY858049	150.00	-22.23	150.00	-22.23	47430	21	84	 60
Complete


   Forward:	Score: 150.000000  Q:2 to 17  R:58 to 77 Align Len (15) (73.33%) (86.67%)

   Query:    3' acucgGGUAAGGUCGGACAUc 5'
                     ||:| |: ||||||| 
   Ref:      5' gcaaaCCGTGCT-GCCTGTAg 3'

   Energy:  -22.230000 kCal/Mol

Scores for this hit:
>hsa-miR-7151-3p	FJ882595	150.00	-22.23	2 17	58 77	15	73.33%	86.67%

Seq1,Seq2,Tot Score,Tot Energy,Max Score,Max Energy,Strand,Len1,Len2,Positions
>>hsa-miR-7151-3p	FJ882595	150.00	-22.23	150.00	-22.23	47431	21	84	 58
Complete


   Forward:	Score: 150.000000  Q:2 to 17  R:58 to 77 Align Len (15) (73.33%) (86.67%)

   Query:    3' acucgGGUAAGGUCGGACAUc 5'
                     ||:| |: ||||||| 
   Ref:      5' gcaaaCCGTGCT-GCCTGTAg 3'

   Energy:  -22.230000 kCal/Mol

Scores for this hit:
>hsa-miR-7151-3p	FJ226067	150.00	-22.23	2 17	58 77	15	73.33%	86.67%

Seq1,Seq2,Tot Score,Tot Energy,Max Score,Max Energy,Strand,Len1,Len2,Positions
>>hsa-miR-7151-3p	FJ226067	150.00	-22.23	150.00	-22.23	47432	21	84	 58
Complete


   Forward:	Score: 151.000000  Q:2 to 16  R:1 to 16 Align Len (14) (78.57%) (78.57%)

   Query:    3' uguugcuAGGAAUGUUGUUUGu 5'
                       | |  ||||||||| 
   Ref:      5' ------tTACCAACAACAAACa 3'

   Energy:  -14.950000 kCal/Mol

Scores for this hit:
>hsa-miR-8068	FJ639744	151.00	-14.95	2 16	1 16	14	78.57%	78.57%

Seq1,Seq2,Tot Score,Tot Energy,Max Score,Max Energy,Strand,Len1,Len2,Positions
>>hsa-miR-8068	FJ639744	151.00	-14.95	151.00	-14.95	48456	22	84	 1
Complete


   Forward:	Score: 150.000000  Q:2 to 11  R:1 to 16 Align Len (9) (100.00%) (100.00%)

   Query:    3' uguugcuaggaaUGUUGUUUGu 5'
                            ||||||||| 
   Ref:      5' ------tcaccaACAACAAACa 3'

   Energy:  -14.950000 kCal/Mol

Scores for this hit:
>hsa-miR-8068	FJ882585	150.00	-14.95	2 11	1 16	9	100.00%	100.00%

Seq1,Seq2,Tot Score,Tot Energy,Max Score,Max Energy,Strand,Len1,Len2,Positions
>>hsa-miR-8068	FJ882585	150.00	-14.95	150.00	-14.95	48457	22	84	 1
Complete


   Forward:	Score: 150.000000  Q:2 to 11  R:1 to 16 Align Len (9) (100.00%) (100.00%)

   Query:    3' uguugcuaggaaUGUUGUUUGu 5'
                            ||||||||| 
   Ref:      5' ------tcaccaACAACAAACa 3'

   Energy:  -14.950000 kCal/Mol

Scores for this hit:
>hsa-miR-8068	FJ882582	150.00	-14.95	2 11	1 16	9	100.00%	100.00%

Seq1,Seq2,Tot Score,Tot Energy,Max Score,Max Energy,Strand,Len1,Len2,Positions
>>hsa-miR-8068	FJ882582	150.00	-14.95	150.00	-14.95	48458	22	84	 1
Complete


   Forward:	Score: 150.000000  Q:2 to 11  R:1 to 16 Align Len (9) (100.00%) (100.00%)

   Query:    3' uguugcuaggaaUGUUGUUUGu 5'
                            ||||||||| 
   Ref:      5' ------tcaccaACAACAAACa 3'

   Energy:  -14.950000 kCal/Mol

Scores for this hit:
>hsa-miR-8068	GQ868643	150.00	-14.95	2 11	1 16	9	100.00%	100.00%

Seq1,Seq2,Tot Score,Tot Energy,Max Score,Max Energy,Strand,Len1,Len2,Positions
>>hsa-miR-8068	GQ868643	150.00	-14.95	150.00	-14.95	48459	22	84	 1
Complete


   Forward:	Score: 151.000000  Q:2 to 16  R:1 to 16 Align Len (14) (78.57%) (78.57%)

   Query:    3' uguugcuAGGAAUGUUGUUUGu 5'
                       | |  ||||||||| 
   Ref:      5' ------tTACCAACAACAAACa 3'

   Energy:  -14.950000 kCal/Mol

Scores for this hit:
>hsa-miR-8068	EU854296	151.00	-14.95	2 16	1 16	14	78.57%	78.57%

Seq1,Seq2,Tot Score,Tot Energy,Max Score,Max Energy,Strand,Len1,Len2,Positions
>>hsa-miR-8068	EU854296	151.00	-14.95	151.00	-14.95	48460	22	84	 1
Complete


   Forward:	Score: 150.000000  Q:2 to 11  R:1 to 16 Align Len (9) (100.00%) (100.00%)

   Query:    3' uguugcuaggaaUGUUGUUUGu 5'
                            ||||||||| 
   Ref:      5' ------taaccaACAACAAACa 3'

   Energy:  -14.950000 kCal/Mol

Scores for this hit:
>hsa-miR-8068	FJ882596	150.00	-14.95	2 11	1 16	9	100.00%	100.00%

Seq1,Seq2,Tot Score,Tot Energy,Max Score,Max Energy,Strand,Len1,Len2,Positions
>>hsa-miR-8068	FJ882596	150.00	-14.95	150.00	-14.95	48461	22	84	 1
Complete


   Forward:	Score: 155.000000  Q:2 to 16  R:1 to 16 Align Len (14) (78.57%) (85.71%)

   Query:    3' uguugcuAGGAAUGUUGUUUGu 5'
                       | :| ||||||||| 
   Ref:      5' ------tTATTAACAACAAACa 3'

   Energy:  -12.940000 kCal/Mol

Scores for this hit:
>hsa-miR-8068	AY858050	155.00	-12.94	2 16	1 16	14	78.57%	85.71%

Seq1,Seq2,Tot Score,Tot Energy,Max Score,Max Energy,Strand,Len1,Len2,Positions
>>hsa-miR-8068	AY858050	155.00	-12.94	155.00	-12.94	48462	22	84	 1
Complete


   Forward:	Score: 151.000000  Q:2 to 16  R:1 to 16 Align Len (14) (78.57%) (78.57%)

   Query:    3' uguugcuAGGAAUGUUGUUUGu 5'
                       | |  ||||||||| 
   Ref:      5' ------tTACCAACAACAAACa 3'

   Energy:  -14.950000 kCal/Mol

Scores for this hit:
>hsa-miR-8068	GQ199882	151.00	-14.95	2 16	1 16	14	78.57%	78.57%

Seq1,Seq2,Tot Score,Tot Energy,Max Score,Max Energy,Strand,Len1,Len2,Positions
>>hsa-miR-8068	GQ199882	151.00	-14.95	151.00	-14.95	48463	22	84	 1
Complete


   Forward:	Score: 151.000000  Q:2 to 16  R:1 to 16 Align Len (14) (78.57%) (78.57%)

   Query:    3' uguugcuAGGAAUGUUGUUUGu 5'
                       | |  ||||||||| 
   Ref:      5' ------tTGCCAACAACAAACa 3'

   Energy:  -14.940000 kCal/Mol

Scores for this hit:
>hsa-miR-8068	GQ868579	151.00	-14.94	2 16	1 16	14	78.57%	78.57%

Seq1,Seq2,Tot Score,Tot Energy,Max Score,Max Energy,Strand,Len1,Len2,Positions
>>hsa-miR-8068	GQ868579	151.00	-14.94	151.00	-14.94	48464	22	84	 1
Complete


   Forward:	Score: 151.000000  Q:2 to 16  R:1 to 16 Align Len (14) (78.57%) (78.57%)

   Query:    3' uguugcuAGGAAUGUUGUUUGu 5'
                       | |  ||||||||| 
   Ref:      5' ------tTACCAACAACAAACa 3'

   Energy:  -14.950000 kCal/Mol

Scores for this hit:
>hsa-miR-8068	FJ882595	151.00	-14.95	2 16	1 16	14	78.57%	78.57%

Seq1,Seq2,Tot Score,Tot Energy,Max Score,Max Energy,Strand,Len1,Len2,Positions
>>hsa-miR-8068	FJ882595	151.00	-14.95	151.00	-14.95	48467	22	84	 1
Complete

Scan Complete

