microRNA: ggo-miR-9
	position: 1 23
	>Target: eeeeeeeeeeeeeeeeeeeeee	Occurrences:4
	position: 3 23
	>Target: eeeeeeeeeeeeeeeeeeee	Occurrences:1
microRNA: hsa-miR-1204
	position: 23 43
	>Target: eeeeeeeeeeeeeeeeeeee	Occurrences:1
microRNA: hsa-miR-222-5p
	position: 10 31
	>Target: eeeeeeeeeeeeeeeeeeeee	Occurrences:2
microRNA: hsa-miR-25-5p
	position: 65 84
	>Target: eeeeeeeeeeeeeeeeee	Occurrences:12
microRNA: hsa-miR-3677-5p
	position: 22 43
	>Target: eeeeeeeeeeeeeeeeeeeee	Occurrences:3
	position: 25 43
	>Target: eeeeeeeeeeeeeeeeee	Occurrences:1
microRNA: hsa-miR-371a-5p
	position: 40 59
	>Target: eeeeeeeeeeeeeeeeeee	Occurrences:9
microRNA: hsa-miR-4633-3p
	position: 64 84
	>Target: eeeeeeeeeeeeeeeeeee	Occurrences:2
	position: 62 82
	>Target: eeeeeeeeeeeeeeeeeeee	Occurrences:12
microRNA: hsa-miR-4692
	position: 56 77
	>Target: eeeeeeeeeeeeeeeeeeeee	Occurrences:2
	position: 54 75
	>Target: eeeeeeeeeeeeeeeeeeeee	Occurrences:12
microRNA: hsa-miR-6715b-3p
	position: 36 58
	>Target: eeeeeeeeeeeeeeeeeeeeee	Occurrences:1
microRNA: hsa-miR-6848-3p
	position: 11 29
	>Target: eeeeeeeeeeeeeeeeee	Occurrences:2
microRNA: hsa-miR-7151-3p
	position: 60 79
	>Target: eeeeeeeeeeeeeeeeeee	Occurrences:2
	position: 58 77
	>Target: eeeeeeeeeeeeeeeeeee	Occurrences:12
microRNA: hsa-miR-8068
	position: 1 16
	>Target: eeeeeeeeeeeeeee	Occurrences:10
microRNA: hsa-miR-891a-3p
	position: 30 51
	>Target: eeeeeeeeeeeeeeeeeeeee	Occurrences:12
	position: 32 53
	>Target: eeeeeeeeeeeeeeeeeeeee	Occurrences:2
microRNA: hsa-miR-9-5p
	position: 1 23
	>Target: eeeeeeeeeeeeeeeeeeeeee	Occurrences:4
	position: 3 23
	>Target: eeeeeeeeeeeeeeeeeeee	Occurrences:1
microRNA: ptr-miR-1204
	position: 23 43
	>Target: eeeeeeeeeeeeeeeeeeee	Occurrences:1
microRNA: ptr-miR-9
	position: 3 23
	>Target: eeeeeeeeeeeeeeeeeeee	Occurrences:1
	position: 1 23
	>Target: eeeeeeeeeeeeeeeeeeeeee	Occurrences:4
