microRNA: hsa-miR-1914-3p
	position: 73 93
	>Target: eeeeeeeeeeeeeeeeeeee	Occurrences:10
	position: 74 94
	>Target: eeeeeeeeeeeeeeeeeeee	Occurrences:2
	position: 68 92
	>Target: eeeeeeeeeeeeeeeeeeeeeeee	Occurrences:1
microRNA: hsa-miR-3181
	position: 110 128
	>Target: eeeeeeeeeeeeeeeeee	Occurrences:10
	position: 109 127
	>Target: eeeeeeeeeeeeeeeeee	Occurrences:1
	position: 113 131
	>Target: eeeeeeeeeeeeeeeeee	Occurrences:2
microRNA: hsa-miR-4700-5p
	position: 7 28
	>Target: eeeeeeeeeeeeeeeeeeeee	Occurrences:1
microRNA: hsa-miR-5585-5p
	position: 133 152
	>Target: eIIIHhhhhhhhhhHIII	Occurrences:2
	position: 130 150
	 Target: IIIIHhhhhhhhhhHIIIII	Occurrences:1
microRNA: hsa-miR-6131
	position: 57 75
	>Target: eeeeeeeeeeeeeeeeee	Occurrences:1
microRNA: hsa-miR-6778-3p
	position: 13 33
	>Target: eeeeeeeeeeeeeeeeeeee	Occurrences:1
	position: 14 34
	>Target: eeeeeeeeeeeeeeeeeeee	Occurrences:1
	position: 13 34
	>Target: eeeeeeeeeeeeeeeeeeeee	Occurrences:9
	position: 14 35
	>Target: eeeeeeeeeeeeeeeeeeeee	Occurrences:2
microRNA: hsa-miR-6779-5p
	position: 76 96
	>Target: eeeeeeeeeeeeeeeeeeee	Occurrences:10
	position: 77 97
	>Target: eeeeeeeeeeeeeeeeeeee	Occurrences:2
	position: 75 95
	>Target: eeeeeeeeeeeeeeeeeeee	Occurrences:1
microRNA: hsa-miR-6791-5p
	position: 9 30
	>Target: eeeeeeeeeeeeeeeeeeeee	Occurrences:1
microRNA: hsa-miR-6832-3p
	position: 101 121
	>Target: eeeeeeeeeeeeeeeeeeee	Occurrences:9
	position: 99 120
	>Target: eeeeeeeeeeeeeeeeeeeee	Occurrences:1
microRNA: hsa-miR-6857-5p
	position: 8 27
	>Target: eeeeeeeeeeeeeeeeeee	Occurrences:1
microRNA: hsa-miR-8086
	position: 54 75
	>Target: eeeeeeeeeeeeeeeeeeeee	Occurrences:8
	position: 55 76
	>Target: eeeeeeeeeeeeeeeeeeeee	Occurrences:2
microRNA: ptr-miR-3664
	position: 133 151
	 Target: HhhhhhhhhhHIIIIIee	Occurrences:1
	position: 134 152
	 Target: HhhhhhhhhhHIIIIIe	Occurrences:8
microRNA: ptr-miR-6131
	position: 57 75
	>Target: eeeeeeeeeeeeeeeeee	Occurrences:1
