22 sequence; length of alignment 94
alifold output
   82    90  0  96.5%   0.216 GC:17   GU:5   
   80    92  0  96.5%   0.223 GC:22  
   81    91  0  96.4%   0.206 AU:22  
   83    89  0  94.5%   0.276 AU:22  
   79    93  0  93.0%   0.298 AU:22  
   14    57  2  80.5%   0.596 CG:19   UG:1    +
   13    58  2  80.4%   0.578 GU:5    AU:15   +
   15    56  1  80.3%   0.671 GC:21   +
   12    59  1  80.2%   0.656 UA:21   +
   11    60  1  78.8%   0.845 CG:20   UG:1    +
   16    55  1  76.9%   0.808 UG:1    UA:20   +
   35    44  0  68.7%   1.176 UG:1    UA:21   +
   33    46  0  68.5%   0.894 UG:22   +
   36    43  0  68.5%   1.462 CG:22   +
   34    45  0  68.4%   1.107 UA:22   +
   32    47  0  66.5%   1.125 GC:21   GU:1    +
   78    94  0  60.7%   0.990 UG:22  
    3    66  2  49.2%   1.306 UA:20   +
    2    67  2  49.1%   1.309 GC:20   +
    4    65  1  47.4%   1.326 CG:1    UG:12   UA:8    +
   31    48  0  46.8%   1.630 AU:22   +
    5    64  2  28.8%   1.521 GU:20   +
   22    49  0  21.7%   1.562 GU:22   +
   21    50  1  22.1%   1.600 CG:21   +
   19    52  1  20.5%   1.248 AU:21   +
   24    50  0  18.1%   1.763 CG:22   +
   25    49  0  18.0%   1.385 AU:22   +
   18    53  1  16.7%   1.428 GU:21   +
   29    70  0  16.0%   1.265 AU:22  
   30    69  0  16.0%   1.317 CG:22  
   28    71  0  15.9%   1.281 AU:22  
   27    72  0  15.7%   1.703 GU:22  
   34    65  0  14.0%   1.917 UG:14   UA:8   
   45    52  0  14.5%   1.956 AU:22  
   46    51  0  14.5%   1.764 GC:22  
   26    73  0  14.4%   1.325 AU:22  
   39    60  1  14.3%   1.100 CG:19   UG:2   
   33    66  0  14.3%   1.556 UA:22  
   32    67  0  14.2%   1.737 GC:22  
   38    61  0  14.2%   1.325 AU:22  
   22    41  0  14.2%   1.073 GC:22   +
   41    57  0  14.1%   1.413 CG:22  
   42    56  0  14.0%   1.428 GC:22  
   27    36  0  14.0%   0.922 GC:22   +
   40    59  0  13.9%   1.316 UA:22  
   44    53  0  12.7%   1.745 GU:1    AU:21  
   21    42  1  14.2%   1.121 CG:21   +
   23    40  0  13.6%   1.100 AU:22   +
   28    35  0  13.6%   0.834 AU:22   +
   20    43  1  14.0%   0.866 CG:21   +
   22    51  0  12.7%   1.768 GC:22   +
   27    51  0  11.4%   1.655 GC:22   +
   25    74  0  11.2%   1.298 AU:22  
    7    62  2  11.1%   0.935 CG:1    UG:15   UA:4    +
   26    52  0  11.1%   1.436 AU:22   +
   29    34  0   8.9%   0.660 AU:22   +
   23    48  0   8.6%   1.283 AU:22   +
    4    22  1   8.3%   0.662 CG:1    UG:20   +
    5    67  2   8.6%   1.788 GC:20   +
    8    61  2   8.3%   0.655 GU:1    AU:19   +
   26    48  0   7.9%   0.922 AU:22   +
    9    61  1   7.8%   0.816 GU:19   AU:2    +
    3    23  2   8.4%   0.655 UA:20   +
    2    24  2   8.3%   0.666 GC:20   +
    5    21  1   8.0%   0.663 GC:20   --:1    +
   30    50  0   7.4%   1.335 CG:22   +
    4    68  2   7.9%   1.225 UA:20   +
   25    53  0   7.0%   1.299 AU:22   +
    5    63  2   6.5%   0.806 GC:20   +
   27    47  0   4.5%   0.902 GC:21   GU:1    +
    6    62  2   5.4%   0.546 CG:1    UG:15   UA:4    +
   11    17  0   3.9%   0.454 CG:20   UG:1    --:1    +
   17    24  1   5.4%   1.029 GC:21   +
    3    69  1   4.7%   1.045 CG:1    UG:20   +
   10    18  0   3.7%   0.412 CG:1    UG:20   --:1    +
   11    18  0   3.0%   0.639 CG:20   UG:1    --:1    +
   62    70  0   3.0%   1.204 GU:17   AU:5    +
   31    49  0   3.7%   1.604 AU:22   +
    7    65  2   3.5%   1.054 CG:1    UG:12   UA:7    +
   63    69  0   3.2%   1.085 CG:22   +
   64    68  0   2.6%   1.012 UA:22   +
    8    64  2   2.9%   0.909 GU:1    AU:19   +
   12    17  0   2.6%   0.462 UG:21   --:1    +
   34    44  0   1.3%   0.403 UG:1    UA:21   +
   69    85  0   2.2%   0.937 GC:22   +
   70    84  0   2.2%   0.787 UG:22   +
   71    83  0   2.2%   0.623 UA:22   +
   18    47  1   2.2%   0.572 GC:20   GU:1    +
   72    82  0   2.2%   0.614 UG:22   +
   73    81  0   2.2%   0.579 UA:22   +
   10    19  1   2.7%   0.441 UA:20   --:1    +
   74    80  0   2.1%   0.590 UG:22   +
   29    49  0   2.1%   1.230 AU:22   +
    2     6  0   0.0%   0.004 GC:1    GU:19   UA:1    --:1    +
   18    51  1   2.5%   0.690 GC:21   +
   49    62  0   1.0%   1.617 UG:17   UA:5    +
   51    60  0   1.8%   1.687 CG:22   +
   52    59  0   1.8%   1.833 UA:22   +
   50    61  0   1.8%   1.857 GU:22   +
   84    90  0   0.8%   0.256 GC:17   GU:5    +
   17    52  1   2.2%   0.835 GU:21   +
   17    48  1   2.2%   0.714 GU:21   +
   36    42  0   1.6%   0.788 CG:22   +
   10    62  1   1.0%   0.793 CG:1    UG:16   UA:4    +
   35    43  0   1.4%   0.742 UG:22   +
    4    15  0   0.4%   0.064 CG:1    UG:20   --:1    +
   15    24  1   1.8%   0.489 GC:21   +
   16    23  1   1.8%   0.469 UA:21   +
    4    18  0   0.3%   0.071 CG:1    UG:20   --:1    +
   86    93  0   0.3%   0.176 GU:2    AU:20   +
   47    69  0   0.3%   1.030 CG:21   UG:1    +
   65    78  0   0.2%   0.926 GU:14   AU:8    +
   75    79  0   1.2%   0.286 UA:22   +
   49    86  0   0.2%   1.097 UG:2    UA:20   +
   44    72  0   0.2%   0.929 GU:1    AU:21   +
   65    75  0   0.2%   0.935 GU:14   AU:8    +
   11    15  0   0.2%   0.079 CG:20   UG:1    --:1    +
   62    75  0   0.2%   0.705 GU:17   AU:5    +
   55    70  0   0.1%   0.585 GU:1    AU:21   +
    9    16  0   0.1%   0.056 GU:19   AU:2    --:1    +
   10    17  0   0.1%   0.057 CG:1    UG:20   --:1    +
   65    72  0   0.1%   1.177 GU:14   AU:8    +
   28    52  0   1.1%   1.199 AU:22   +
   65    74  0   0.1%   1.133 GU:14   AU:8    +
   53    65  0   0.1%   1.785 UG:14   UA:8    +
   65    73  0   0.1%   1.156 GU:14   AU:8    +
   47    60  0   0.0%   1.036 CG:21   UG:1    +
   33    44  0   0.0%   0.056 UG:1    UA:21   +
   58    62  0   0.0%   0.769 UG:17   UA:5    +
   55    61  0   0.0%   1.020 GU:1    AU:21   +
   10    15  0   0.0%   0.032 CG:1    UG:20   --:1    +
   47    84  0   0.0%   0.553 CG:21   UG:1    +
   65    71  0   0.0%   1.169 GU:14   AU:8    +
   44    52  0   0.0%   1.137 GU:1    AU:21   +
   64    86  0   0.0%   0.640 UG:2    UA:20   +
   35    65  0   0.0%   1.427 UG:14   UA:8    +
   55    77  0   0.0%   0.234 GU:1    AU:21   +
   44    49  0   0.0%   1.286 GU:1    AU:21   +
   37    71  0   0.0%   0.403 GU:20   AU:2    +
   27    90  0   0.0%   1.131 GC:17   GU:5    +
   44    91  0   0.0%   0.606 GU:1    AU:21   +
   62    71  0   0.0%   0.967 GU:17   AU:5    +
   49    55  0   0.0%   1.173 UG:1    UA:21   +
   80    90  0   0.0%   0.118 GC:17   GU:5    +
   33    62  0   0.0%   0.832 UG:17   UA:5    +
   58    65  0   0.0%   1.067 UG:14   UA:8    +
   47    87  0   0.0%   0.554 CG:21   UG:1    +
   65    70  0   0.0%   1.299 GU:14   AU:8    +
   62    78  0   0.0%   0.668 GU:17   AU:5    +
   49    65  0   0.0%   1.873 UG:14   UA:8    +
   46    90  0   0.0%   0.631 GC:17   GU:5    +
   48    55  0   0.0%   1.085 UG:1    UA:21   +
    3    18  0   0.0%   0.016 CG:1    UG:20   --:1    +
    4    17  0   0.0%   0.026 CG:1    UG:20   --:1    +
   47    57  0   0.0%   1.035 CG:21   UG:1    +
    3    17  0   0.0%   0.015 CG:1    UG:20   --:1    +
   61    65  0   0.0%   1.642 UG:14   UA:8    +
   62    77  0   0.0%   0.679 GU:17   AU:5    +
   48    86  0   0.0%   0.913 UG:2    UA:20   +
   45    53  0   1.0%   1.619 AU:22   +
   60    90  0   0.0%   0.653 GC:17   GU:5    +
   53    62  0   0.0%   1.473 UG:17   UA:5    +
   37    61  0   0.0%   0.521 GU:20   AU:2    +
   52    65  0   0.0%   2.025 UG:14   UA:8    +
   75    86  0   0.0%   0.167 UG:2    UA:20   +
   33    65  0   0.0%   0.901 UG:14   UA:8    +
   44    48  0   0.0%   1.199 GU:1    AU:21   +
   55    74  0   0.0%   0.485 GU:1    AU:21   +
   62    72  0   0.0%   0.958 GU:17   AU:5    +
   44    73  0   0.0%   0.899 GU:1    AU:21   +
   35    62  0   0.0%   1.079 UG:17   UA:5    +
   65    89  0   0.0%   0.882 GU:14   AU:8    +
   55    64  0   0.0%   0.703 GU:1    AU:21   +
   48    65  0   0.0%   1.716 UG:14   UA:8    +
   62    74  0   0.0%   0.911 GU:17   AU:5    +
   72    86  0   0.0%   0.448 UG:2    UA:20   +
   37    64  0   0.0%   0.579 GU:20   AU:2    +
   48    62  0   0.0%   1.371 UG:17   UA:5    +
   62    73  0   0.0%   0.940 GU:17   AU:5    +
   22    47  0   0.0%   0.634 GC:21   GU:1    +
   55    71  0   0.0%   0.545 GU:1    AU:21   +
   42    47  0   0.0%   0.905 GC:21   GU:1    +
   55    78  0   0.0%   0.227 GU:1    AU:21   +
    3    15  0   0.0%   0.014 CG:1    UG:20   --:1    +
   44    64  0   0.0%   1.073 GU:1    AU:21   +
   22    90  0   0.0%   1.210 GC:17   GU:5    +
   65    77  0   0.0%   0.895 GU:14   AU:8    +
   33    37  0   0.0%   0.013 UG:20   UA:2    +
   69    90  0   0.0%   0.752 GC:17   GU:5    +
   86    91  0   0.0%   0.100 GU:2    AU:20   +
   44    89  0   0.0%   0.603 GU:1    AU:21   +
   43    47  0   0.0%   1.126 GC:21   GU:1    +
   44    74  0   0.0%   0.867 GU:1    AU:21   +
   44    75  0   0.0%   0.630 GU:1    AU:21   +
   43    90  0   0.0%   0.623 GC:17   GU:5    +
   55    72  0   0.0%   0.534 GU:1    AU:21   +
   73    86  0   0.0%   0.428 UG:2    UA:20   +
   90    94  0   0.0%   0.404 CG:17   UG:5    +
   37    49  0   0.0%   1.027 GU:20   AU:2    +
   62    89  0   0.0%   0.652 GU:17   AU:5    +
   74    86  0   0.0%   0.423 UG:2    UA:20   +
   44    71  0   0.0%   0.894 GU:1    AU:21   +
   52    62  0   0.0%   1.724 UG:17   UA:5    +
   62    93  0   0.0%   0.651 GU:17   AU:5    +
   55    73  0   0.0%   0.517 GU:1    AU:21   +
   65    91  0   0.0%   0.882 GU:14   AU:8    +
   62    91  0   0.0%   0.653 GU:17   AU:5    +
   55    75  0   0.0%   0.248 GU:1    AU:21   +
   71    86  0   0.0%   0.454 UG:2    UA:20   +
   70    86  0   0.0%   0.618 UG:2    UA:20   +
   44    93  0   0.0%   0.604 GU:1    AU:21   +
   34    62  0   0.0%   1.024 UG:17   UA:5    +
   22    56  0   0.9%   1.459 GC:22   +
   33    45  0   0.9%   0.179 UA:22   +
   21    27  1   1.4%   0.438 CG:21   +
   27    53  0   0.9%   1.471 GU:22   +
    6    65  3   1.4%   0.761 UG:12   UA:7    +
   70    76  0   0.9%   0.629 UA:22   +
   60    67  0   0.9%   1.569 GC:22   +
   32    39  1   0.8%   0.127 GC:19   GU:2    +
   61    66  0   0.8%   1.589 UA:22   +
   69    77  0   0.8%   0.794 GU:22   +
   31    40  0   0.8%   0.392 AU:22   +
   82    92  0   0.8%   0.296 GC:22   +
   83    91  0   0.8%   0.317 AU:22   +
   51    57  0   0.8%   1.541 CG:22   +
   50    58  0   0.8%   1.175 GU:22   +
   37    41  2   1.4%   0.477 GC:20   +
   81    93  0   0.7%   0.311 AU:22   +
   33    38  0   0.7%   0.118 UA:22   +
   30    42  0   0.7%   0.415 CG:22   +
   46    52  0   0.7%   1.761 GU:22   +
   49    59  0   0.7%   1.526 UA:22   +
    3    65  1   0.1%   0.274 CG:1    UG:12   UA:8    +
    3    62  1   0.1%   0.263 CG:1    UG:16   UA:4    +
    7    17  1   0.6%   0.094 CG:1    UG:19   --:1    +
   28    49  0   0.6%   1.109 AU:22   +
   16    25  1   1.1%   0.264 UA:21   +
    8    16  1   0.6%   0.093 GU:1    AU:19   --:1    +
   29    52  0   0.5%   1.177 AU:22   +
    5    14  2   0.9%   0.145 GC:18   GU:1    --:1    +
    7    13  1   0.0%   0.056 GC:1    UG:5    UA:14   --:1    +
    1     7  1   0.0%   0.005 GU:1    UG:1    AU:18   --:1    +
   10    65  1   0.0%   0.834 CG:1    UG:12   UA:8    +
    4    37  1   0.0%   0.258 CG:1    UG:18   UA:2    +
    4    62  1   0.0%   0.265 CG:1    UG:16   UA:4    +
    6    13  2   0.8%   0.131 UG:5    UA:14   --:1    +
   23    49  0   0.5%   1.224 AU:22   +
   68    78  0   0.4%   0.465 AU:22   +
   22    52  0   0.4%   1.624 GU:22   +
   28    53  0   0.4%   1.048 AU:22   +
   16    62  1   0.4%   0.929 UG:17   UA:4    +
   21    57  1   0.9%   1.202 CG:21   +
   69    74  0   0.4%   0.949 GU:22   +
   68    75  0   0.4%   0.455 AU:22   +
    6    18  1   0.4%   0.119 CG:1    UG:19   --:1    +
   17    47  1   0.3%   0.514 GC:20   GU:1    +
   19    49  1   0.8%   0.247 AU:21   +
   15    21  0   0.3%   0.293 GC:21   --:1    +
   87    92  0   0.3%   0.147 GC:22   +
   23    52  0   0.3%   1.302 AU:22   +
   46    70  0   0.2%   0.992 GU:22   +
   51    84  0   0.2%   1.082 CG:22   +
   50    85  0   0.2%   1.033 GC:22   +
   52    83  0   0.2%   1.253 UA:22   +
   45    71  0   0.2%   0.984 AU:22   +
   32    41  0   0.2%   0.363 GC:22   +
   43    56  0   0.2%   1.143 GC:22   +
   24    57  0   0.2%   1.039 CG:22   +
   64    79  0   0.2%   0.659 UA:22   +
   48    68  0   0.2%   1.143 UA:22   +
   66    77  0   0.2%   0.800 AU:22   +
   53    82  0   0.2%   0.996 UG:22   +
   23    58  0   0.2%   1.031 AU:22   +
   63    80  0   0.2%   0.431 CG:22   +
   17    51  1   0.7%   0.656 GC:21   +
   25    75  0   0.2%   0.855 AU:22   +
   22    53  0   0.2%   1.536 GU:22   +
   26    74  0   0.2%   1.050 AU:22   +
   30    46  0   0.2%   0.120 CG:22   +
   61    76  0   0.2%   0.901 UA:22   +
   66    74  0   0.2%   1.026 AU:22   +
   64    76  0   0.2%   0.652 UA:22   +
   60    77  0   0.2%   0.693 GU:22   +
   27    73  0   0.2%   1.432 GU:22   +
   59    78  0   0.2%   0.617 AU:22   +
   77    94  0   0.2%   0.132 UG:22   +
   26    49  0   0.2%   0.960 AU:22   +
   15    47  1   0.2%   0.161 GC:20   GU:1    +
   17    53  1   0.7%   0.768 GU:21   +
   58    79  0   0.2%   0.282 UA:22   +
   29    48  0   0.2%   0.763 AU:22   +
   27    52  0   0.1%   1.520 GU:22   +
   11    27  1   0.1%   0.297 CG:20   UG:1    +
   17    21  0   0.1%   0.507 GC:21   --:1    +
   27    49  0   0.1%   1.260 GU:22   +
   56    69  0   0.1%   1.011 CG:22   +
   28    72  0   0.1%   1.007 AU:22   +
    9    64  1   0.1%   0.696 GU:19   AU:2    +
   22    30  0   0.1%   0.283 GC:22   +
   85    94  0   0.1%   0.447 CG:22   +
   26    53  0   0.1%   1.051 AU:22   +
   58    76  0   0.1%   0.271 UA:22   +
   48    87  0   0.1%   0.936 UG:22   +
   48    60  0   0.1%   1.408 UG:22   +
   59    75  0   0.1%   0.622 AU:22   +
   20    50  1   0.6%   0.409 CG:21   +
   16    65  1   0.1%   0.989 UG:13   UA:8    +
   57    77  0   0.1%   0.592 GU:22   +
   23    75  0   0.1%   0.860 AU:22   +
   54    71  0   0.1%   0.374 AU:22   +
   60    74  0   0.1%   0.919 GU:22   +
   69    75  0   0.1%   0.715 GU:22   +
   66    71  0   0.1%   1.049 AU:22   +
   68    77  0   0.1%   0.415 AU:22   +
   23    77  0   0.1%   0.861 AU:22   +
   67    87  0   0.1%   0.933 CG:22   +
   71    76  0   0.1%   0.432 UA:22   +
   29    71  0   0.1%   0.951 AU:22   +
   57    67  0   0.1%   1.422 GC:22   +
   22    78  0   0.1%   1.221 GU:22   +
   28    48  0   0.1%   0.807 AU:22   +
   11    69  1   0.1%   0.629 CG:20   UG:1    +
   18    52  1   0.6%   0.640 GU:21   +
   58    66  0   0.1%   0.902 UA:22   +
   66    73  0   0.1%   1.030 AU:22   +
   50    67  0   0.1%   1.844 GC:22   +
   57    63  0   0.1%   0.829 GC:22   +
   56    80  0   0.1%   0.539 CG:22   +
   52    66  0   0.1%   1.860 UA:22   +
   74    79  0   0.1%   0.356 UA:22   +
   60    72  0   0.1%   0.958 GU:22   +
   73    80  0   0.1%   0.352 UG:22   +
   11    87  1   0.0%   0.485 CG:20   UG:1    +
   66    72  0   0.0%   1.046 AU:22   +
   22    75  0   0.0%   1.217 GU:22   +
   72    81  0   0.0%   0.351 UA:22   +
   54    64  0   0.0%   0.530 AU:22   +
   28    34  0   0.0%   0.026 AU:22   +
   69    78  0   0.0%   0.731 GU:22   +
   46    61  0   0.0%   1.344 GU:22   +
   46    63  0   0.0%   0.881 GC:22   +
   27    48  0   0.0%   1.024 GU:22   +
   45    64  0   0.0%   1.128 AU:22   +
   34    43  0   0.0%   0.512 UG:22   +
   43    73  0   0.0%   0.925 GU:22   +
    9    89  1   0.0%   0.232 GU:19   AU:2    +
   12    86  1   0.0%   0.316 UG:2    UA:19   +
   71    82  0   0.0%   0.371 UG:22   +
    4    69  1   0.0%   0.974 CG:1    UG:20   +
   75    80  0   0.0%   0.261 UG:22   +
   49    68  0   0.0%   1.280 UA:22   +
   74    81  0   0.0%   0.499 UA:22   +
   23    74  0   0.0%   0.842 AU:22   +
   68    74  0   0.0%   0.628 AU:22   +
   29    33  0   0.0%   0.016 AU:22   +
   56    60  0   0.0%   1.104 CG:22   +
   11    22  1   0.0%   0.487 CG:20   UG:1    +
    3     8  1   0.0%   0.008 CG:1    UA:19   --:1    +
   73    82  0   0.0%   0.518 UG:22   +
   19    53  1   0.5%   0.902 AU:21   +
   59    73  0   0.0%   0.874 AU:22   +
   70    83  0   0.0%   0.536 UA:22   +
   27    34  0   0.0%   0.099 GU:22   +
   27    92  0   0.0%   1.137 GC:22   +
   46    85  0   0.0%   0.632 GC:22   +
   48    59  0   0.0%   1.345 UA:22   +
   48    83  0   0.0%   0.913 UA:22   +
   27    35  0   0.0%   0.103 GU:22   +
   26    35  0   0.0%   0.022 AU:22   +
   26    93  0   0.0%   0.784 AU:22   +
   28    91  0   0.0%   0.706 AU:22   +
   25    52  0   0.0%   0.848 AU:22   +
   72    83  0   0.0%   0.537 UA:22   +
   24    46  0   0.0%   0.484 CG:22   +
   68    73  0   0.0%   0.646 AU:22   +
   25    73  0   0.0%   0.565 AU:22   +
   24    69  0   0.0%   0.958 CG:22   +
   23    70  0   0.0%   0.871 AU:22   +
   26    72  0   0.0%   0.490 AU:22   +
   28    33  0   0.0%   0.018 AU:22   +
   46    53  0   0.0%   1.549 GU:22   +
   15    20  0   0.0%   0.060 GC:21   --:1    +
   10    60  1   0.0%   0.251 CG:1    UG:20   +
   12    65  1   0.0%   0.843 UG:13   UA:8    +
   22    71  0   0.0%   1.208 GU:22   +
   24    32  0   0.0%   0.468 CG:22   +
   69    73  0   0.0%   0.913 GU:22   +
   49    82  0   0.0%   1.057 UG:22   +
   35    42  0   0.0%   0.597 UG:22   +
   30    43  0   0.0%   0.350 CG:22   +
   23    33  0   0.0%   0.290 AU:22   +
    7    18  1   0.0%   0.074 CG:1    UG:19   --:1    +
   27    71  0   0.0%   0.836 GU:22   +
   43    53  0   0.0%   1.240 GU:22   +
   49    54  0   0.0%   0.995 UA:22   +
   22    77  0   0.0%   1.214 GU:22   +
    4     9  1   0.0%   0.008 UG:19   UA:1    --:1    +
   50    56  0   0.0%   1.385 GC:22   +
   51    80  0   0.0%   1.038 CG:22   +
   66    70  0   0.0%   1.170 AU:22   +
   27    63  0   0.0%   1.062 GC:22   +
   63    87  0   0.0%   0.415 CG:22   +
   54    78  0   0.0%   0.052 AU:22   +
   75    94  0   0.0%   0.157 UG:22   +
   26    64  0   0.0%   0.967 AU:22   +
   22    34  0   0.0%   0.246 GU:22   +
   22    48  0   0.0%   0.614 GU:22   +
   42    67  0   0.0%   1.512 GC:22   +
   39    69  1   0.0%   0.780 CG:19   UG:2    +
   26    75  0   0.0%   0.807 AU:22   +
   38    70  0   0.0%   0.657 AU:22   +
   52    79  0   0.0%   1.209 UA:22   +
   40    68  0   0.0%   0.799 UA:22   +
   71    84  0   0.0%   0.541 UG:22   +
   42    74  0   0.0%   0.929 GU:22   +
   48    54  0   0.0%   0.908 UA:22   +
    3     9  1   0.0%   0.006 UG:19   UA:1    --:1    +
   51    69  0   0.0%   1.505 CG:22   +
   30    60  0   0.0%   0.498 CG:22   +
   27    74  0   0.0%   1.394 GU:22   +
    8    12  1   0.0%   0.021 GU:1    AU:19   --:1    +
   22    58  0   0.0%   1.377 GU:22   +
    4     8  1   0.0%   0.006 CG:1    UA:19   --:1    +
   52    68  0   0.0%   1.434 UA:22   +
   43    92  0   0.0%   0.629 GC:22   +
   53    79  0   0.0%   0.957 UA:22   +
   29    61  0   0.0%   0.797 AU:22   +
   50    70  0   0.0%   1.340 GU:22   +
   42    93  0   0.0%   0.666 GU:22   +
   68    72  0   0.0%   0.663 AU:22   +
   32    48  0   0.0%   1.210 GU:22   +
   28    70  0   0.0%   0.438 AU:22   +
   28    73  0   0.0%   0.994 AU:22   +
    6    15  1   0.0%   0.065 CG:1    UG:19   --:1    +
   11    80  1   0.0%   0.475 CG:20   UG:1    +
   64    69  0   0.0%   1.185 UG:22   +
   28    89  0   0.0%   0.702 AU:22   +
    6    17  1   0.0%   0.046 CG:1    UG:19   --:1    +
   67    94  0   0.0%   0.914 CG:22   +
   41    94  0   0.0%   0.633 CG:22   +
   26    91  0   0.0%   0.779 AU:22   +
   34    66  0   0.0%   1.470 UA:22   +
   81    89  0   0.0%   0.102 AU:22   +
   72    79  0   0.0%   0.367 UA:22   +
   25    48  0   0.0%   0.361 AU:22   +
   68    93  0   0.0%   0.390 AU:22   +
   58    68  0   0.0%   0.472 UA:22   +
    9    77  1   0.0%   0.225 GU:19   AU:2    +
   66    75  0   0.0%   0.789 AU:22   +
   73    79  0   0.0%   0.349 UA:22   +
    9    71  1   0.0%   0.225 GU:19   AU:2    +
   49    57  0   0.0%   1.479 UG:22   +
   84    89  0   0.0%   0.170 GU:22   +
   72    76  0   0.0%   0.421 UA:22   +
   54    58  0   0.0%   0.261 AU:22   +
   23    78  0   0.0%   0.852 AU:22   +
   79    91  0   0.0%   0.098 AU:22   +
   59    64  0   0.0%   1.061 AU:22   +
   69    92  0   0.0%   0.757 GC:22   +
    9    70  1   0.0%   0.254 GU:19   AU:2    +
   32    63  0   0.0%   0.570 GC:22   +
   61    68  0   0.0%   1.082 UA:22   +
   76    93  0   0.0%   0.093 AU:22   +
   31    64  0   0.0%   1.008 AU:22   +
   53    59  0   0.0%   1.511 UA:22   +
   12    62  1   0.0%   0.754 UG:17   UA:4    +
   72    80  0   0.0%   0.361 UG:22   +
   29    72  0   0.0%   0.947 AU:22   +
   23    53  0   0.0%   1.184 AU:22   +
   30    87  0   0.0%   0.576 CG:22   +
   57    75  0   0.0%   0.591 GU:22   +
   52    80  0   0.0%   1.210 UG:22   +
    9    74  1   0.0%   0.223 GU:19   AU:2    +
   71    80  0   0.0%   0.367 UG:22   +
   27    41  0   0.0%   0.648 GC:22   +
   74    94  0   0.0%   0.411 UG:22   +
   60    73  0   0.0%   0.937 GU:22   +
   33    42  0   0.0%   0.357 UG:22   +
   22    67  0   0.0%   1.770 GC:22   +
   26    34  0   0.0%   0.016 AU:22   +
   24    60  0   0.0%   1.012 CG:22   +
    3    87  1   0.0%   0.759 CG:1    UG:20   +
   28    40  0   0.0%   0.558 AU:22   +
   23    61  0   0.0%   1.279 AU:22   +
   43    51  0   0.0%   1.242 GC:22   +
   25    35  0   0.0%   0.058 AU:22   +
   71    81  0   0.0%   0.348 UA:22   +
    9    72  1   0.0%   0.224 GU:19   AU:2    +
   60    71  0   0.0%   0.958 GU:22   +
   46    89  0   0.0%   0.633 GU:22   +
   22    74  0   0.0%   1.205 GU:22   +
   29    53  0   0.0%   0.973 AU:22   +
   45    91  0   0.0%   0.655 AU:22   +
   32    51  0   0.0%   0.970 GC:22   +
   24    94  0   0.0%   0.797 CG:22   +
   27    33  0   0.0%   0.093 GU:22   +
   31    52  0   0.0%   1.330 AU:22   +
   14    18  1   0.0%   0.319 CG:19   UG:1    --:1    +
   12    19  0   0.0%   0.225 UA:21   --:1    +
   29    35  0   0.0%   0.500 AU:22   +
   46    58  0   0.0%   0.796 GU:22   +
   33    50  0   0.0%   1.220 UG:22   +
   23    73  0   0.0%   0.833 AU:22   +
   12    18  0   0.0%   0.375 UG:21   --:1    +
   61    69  0   0.0%   1.333 UG:22   +
   59    72  0   0.0%   0.885 AU:22   +
   70    81  0   0.0%   0.513 UA:22   +
   59    74  0   0.0%   0.838 AU:22   +
   45    49  0   0.0%   1.269 AU:22   +
   49    66  0   0.0%   1.697 UA:22   +
   48    69  0   0.0%   1.377 UG:22   +
   43    63  0   0.0%   0.884 GC:22   +
    7    15  1   0.0%   0.025 CG:1    UG:19   --:1    +
   53    57  0   0.0%   1.494 UG:22   +
    9    90  2   0.0%   0.227 GC:15   GU:4    AU:1    +
   18    90  1   0.0%   0.819 GC:16   GU:5    +
   42    64  0   0.0%   1.144 GU:22   +
    9    73  1   0.0%   0.222 GU:19   AU:2    +
   25    77  0   0.0%   0.827 AU:22   +
   50    75  0   0.0%   1.017 GU:22   +
   54    61  0   0.0%   0.836 AU:22   +
   27    75  0   0.0%   1.158 GU:22   +
   73    94  0   0.0%   0.414 UG:22   +
   74    87  0   0.0%   0.425 UG:22   +
   73    88  0   0.0%   0.414 UA:22   +
   70    79  0   0.0%   0.538 UA:22   +
   26    33  0   0.0%   0.015 AU:22   +
   10    69  1   0.0%   0.443 CG:1    UG:20   +
   33    43  0   0.0%   0.323 UG:22   +
   28    74  0   0.0%   0.963 AU:22   +
   49    76  0   0.0%   1.058 UA:22   +
   54    75  0   0.0%   0.071 AU:22   +
   11    43  1   0.0%   0.280 CG:20   UG:1    +
   70    82  0   0.0%   0.528 UG:22   +
   74    83  0   0.0%   0.512 UA:22   +
   74    82  0   0.0%   0.511 UG:22   +
   25    93  0   0.0%   0.815 AU:22   +
   75    82  0   0.0%   0.255 UG:22   +
   48    66  0   0.0%   1.540 UA:22   +
   75    81  0   0.0%   0.240 UA:22   +
   25    34  0   0.0%   0.057 AU:22   +
   73    83  0   0.0%   0.516 UA:22   +
   27    39  1   0.0%   0.373 GC:19   GU:2    +
   53    76  0   0.0%   0.959 UA:22   +
   59    91  0   0.0%   0.593 AU:22   +
   61    79  0   0.0%   0.878 UA:22   +
   71    79  0   0.0%   0.373 UA:22   +
   70    88  0   0.0%   0.603 UA:22   +
   71    87  0   0.0%   0.455 UG:22   +
   25    78  0   0.0%   0.822 AU:22   +
   26    77  0   0.0%   0.789 AU:22   +
   34    42  0   0.0%   0.537 UG:22   +
    4    87  1   0.0%   0.827 CG:1    UG:20   +
   73    84  0   0.0%   0.515 UG:22   +
   45    72  0   0.0%   0.967 AU:22   +
   60    64  0   0.0%   1.083 GU:22   +
   61    81  0   0.0%   0.866 UA:22   +
   29    73  0   0.0%   0.938 AU:22   +
   43    52  0   0.0%   1.413 GU:22   +
   39    46  1   0.0%   0.329 CG:19   UG:2    +
   30    57  0   0.0%   0.508 CG:22   +
   27    56  0   0.0%   1.042 GC:22   +
   69    89  0   0.0%   0.755 GU:22   +
    9    75  1   0.0%   0.224 GU:19   AU:2    +
   41    46  0   0.0%   0.637 CG:22   +
   29    58  0   0.0%   0.533 AU:22   +
   52    60  0   0.0%   1.782 UG:22   +
   66    89  0   0.0%   0.745 AU:22   +
   34    46  0   0.0%   0.829 UG:22   +
   42    51  0   0.0%   1.020 GC:22   +
   72    94  0   0.0%   0.433 UG:22   +
   32    40  0   0.0%   0.355 GU:22   +
   40    45  0   0.0%   0.616 UA:22   +
   25    72  0   0.0%   0.558 AU:22   +
   67    84  0   0.0%   0.922 CG:22   +
   46    71  0   0.0%   0.947 GU:22   +
   67    80  0   0.0%   0.923 CG:22   +
   72    84  0   0.0%   0.534 UG:22   +
   42    52  0   0.0%   1.191 GU:22   +
   30    94  0   0.0%   0.573 CG:22   +
   77    84  0   0.0%   0.200 UG:22   +
   26    71  0   0.0%   0.487 AU:22   +
   57    74  0   0.0%   0.826 GU:22   +
   88    93  0   0.0%   0.131 AU:22   +
   11    94  1   0.0%   0.478 CG:20   UG:1    +
   66    78  0   0.0%   0.775 AU:22   +
   46    92  0   0.0%   0.633 GC:22   +
   60    92  0   0.0%   0.655 GC:22   +
   53    81  0   0.0%   0.954 UA:22   +
   50    63  0   0.0%   1.248 GC:22   +
   59    77  0   0.0%   0.598 AU:22   +
   54    72  0   0.0%   0.357 AU:22   +
   78    83  0   0.0%   0.172 UA:22   +
   45    93  0   0.0%   0.653 AU:22   +
   34    38  0   0.0%   0.263 UA:22   +
   41    50  0   0.0%   1.221 CG:22   +
   11    82  1   0.0%   0.474 CG:20   UG:1    +
    3    84  1   0.0%   0.758 CG:1    UG:20   +
   59    93  0   0.0%   0.591 AU:22   +
   71    94  0   0.0%   0.439 UG:22   +
   32    36  0   0.0%   0.281 GC:22   +
   39    57  1   0.0%   0.277 CG:19   UG:2    +
   38    58  0   0.0%   0.232 AU:22   +
   26    40  0   0.0%   0.287 AU:22   +
   42    49  0   0.0%   1.343 GU:22   +
   22    92  0   0.0%   1.211 GC:22   +
    2    70  2   0.7%   0.711 GU:20   +
   63    84  0   0.0%   0.416 CG:22   +
   64    83  0   0.0%   0.635 UA:22   +
   40    76  0   0.0%   0.595 UA:22   +
   11    57  1   0.0%   0.280 CG:20   UG:1    +
   61    82  0   0.0%   0.880 UG:22   +
   43    49  0   0.0%   1.564 GU:22   +
    3    22  1   0.0%   0.032 CG:1    UG:20   +
   46    67  0   0.0%   1.461 GC:22   +
   35    45  0   0.0%   0.902 UA:22   +
   70    94  0   0.0%   0.603 UG:22   +
   48    88  0   0.0%   0.920 UA:22   +
   23    89  0   0.0%   0.847 AU:22   +
   22    63  0   0.0%   1.432 GC:22   +
   54    77  0   0.0%   0.053 AU:22   +
   64    88  0   0.0%   0.623 UA:22   +
   43    48  0   0.0%   1.480 GU:22   +
   23    91  0   0.0%   0.844 AU:22   +
   45    89  0   0.0%   0.653 AU:22   +
   68    91  0   0.0%   0.388 AU:22   +
   63    82  0   0.0%   0.414 CG:22   +
   64    81  0   0.0%   0.619 UA:22   +
   42    58  0   0.0%   0.850 GU:22   +
    4    94  1   0.0%   0.826 CG:1    UG:20   +
   77    83  0   0.0%   0.201 UA:22   +
   36    60  0   0.0%   0.823 CG:22   +
   59    70  0   0.0%   0.927 AU:22   +
   46    56  0   0.0%   1.113 GC:22   +
    3    46  1   0.0%   0.245 CG:1    UG:20   +
   33    76  0   0.0%   0.637 UA:22   +
   24    43  0   0.0%   0.743 CG:22   +
   32    77  0   0.0%   0.622 GU:22   +
   27    70  0   0.0%   0.865 GU:22   +
   57    85  0   0.0%   0.583 GC:22   +
   58    84  0   0.0%   0.278 UG:22   +
   50    64  0   0.0%   1.470 GU:22   +
   61    84  0   0.0%   0.883 UG:22   +
   60    85  0   0.0%   0.668 GC:22   +
   57    92  0   0.0%   0.569 GC:22   +
   56    94  0   0.0%   0.530 CG:22   +
   58    94  0   0.0%   0.262 UG:22   +
   57    78  0   0.0%   0.574 GU:22   +
   78    82  0   0.0%   0.171 UG:22   +
   31    93  0   0.0%   0.524 AU:22   +
   63    94  0   0.0%   0.402 CG:22   +
   84    92  0   0.0%   0.223 GC:22   +
   77    88  0   0.0%   0.098 UA:22   +
   56    82  0   0.0%   0.544 CG:22   +
   36    80  0   0.0%   0.604 CG:22   +
   78    87  0   0.0%   0.085 UG:22   +
   70    80  0   0.0%   0.532 UG:22   +
   27    67  0   0.0%   1.396 GC:22   +
   57    93  0   0.0%   0.569 GU:22   +
   11    32  1   0.0%   0.280 CG:20   UG:1    +
   52    81  0   0.0%   1.207 UA:22   +
   83    93  0   0.0%   0.310 AU:22   +
   80    93  0   0.0%   0.222 GU:22   +
   16    44  1   0.0%   0.166 UG:1    UA:20   +
   72    87  0   0.0%   0.449 UG:22   +
   53    80  0   0.0%   0.956 UG:22   +
   35    81  0   0.0%   0.602 UA:22   +
   71    88  0   0.0%   0.439 UA:22   +
   51    82  0   0.0%   1.036 CG:22   +
   36    46  0   0.0%   0.887 CG:22   +
   43    74  0   0.0%   0.890 GU:22   +
   76    89  0   0.0%   0.091 AU:22   +
   57    61  0   0.0%   1.358 GU:22   +
   22    73  0   0.0%   1.203 GU:22   +
    3    94  1   0.0%   0.758 CG:1    UG:20   +
   68    89  0   0.0%   0.387 AU:22   +
   52    82  0   0.0%   1.209 UG:22   +
   45    74  0   0.0%   0.916 AU:22   +
   11    50  1   0.0%   0.280 CG:20   UG:1    +
   54    73  0   0.0%   0.340 AU:22   +
   58    69  0   0.0%   0.722 UG:22   +
   61    88  0   0.0%   0.868 UA:22   +
   45    73  0   0.0%   0.949 AU:22   +
   87    93  0   0.0%   0.163 GU:22   +
   59    71  0   0.0%   0.894 AU:22   +
   34    82  0   0.0%   0.821 UG:22   +
    3    50  1   0.0%   0.245 CG:1    UG:20   +
   80    85  0   0.0%   0.215 GC:22   +
   32    92  0   0.0%   0.612 GC:22   +
   16    37  1   0.0%   0.165 UG:19   UA:2    +
   57    73  0   0.0%   0.858 GU:22   +
   24    87  0   0.0%   0.800 CG:22   +
    4    27  1   0.0%   0.254 CG:1    UG:20   +
   25    58  0   0.0%   0.746 AU:22   +
   17    90  1   0.0%   0.758 GC:16   GU:5    +
   31    78  0   0.0%   0.529 AU:22   +
   73    87  0   0.0%   0.429 UG:22   +
   31    70  0   0.0%   0.857 AU:22   +
   60    75  0   0.0%   0.678 GU:22   +
   33    83  0   0.0%   0.631 UA:22   +
   32    85  0   0.0%   0.610 GC:22   +
   49    87  0   0.0%   1.079 UG:22   +
    3    27  1   0.0%   0.242 CG:1    UG:20   +
   22    36  0   0.0%   0.245 GC:22   +
   28    75  0   0.0%   0.727 AU:22   +
   53    83  0   0.0%   0.984 UA:22   +
   57    70  0   0.0%   0.919 GU:22   +
   72    88  0   0.0%   0.433 UA:22   +
   23    72  0   0.0%   0.831 AU:22   +
   26    78  0   0.0%   0.783 AU:22   +
   38    48  0   0.0%   0.918 AU:22   +
   10    22  1   0.0%   0.440 CG:1    UG:20   +
    9    78  1   0.0%   0.223 GU:19   AU:2    +
   23    35  0   0.0%   0.287 AU:22   +
   10    94  1   0.0%   0.301 CG:1    UG:20   +
   57    72  0   0.0%   0.876 GU:22   +
   57    64  0   0.0%   1.047 GU:22   +
   24    42  0   0.0%   0.744 CG:22   +
   36    87  0   0.0%   0.608 CG:22   +
   40    83  0   0.0%   0.588 UA:22   +
   41    82  0   0.0%   0.629 CG:22   +
   39    84  1   0.0%   0.325 CG:19   UG:2    +
   36    50  0   0.0%   1.471 CG:22   +
   45    61  0   0.0%   1.362 AU:22   +
   42    91  0   0.0%   0.664 GU:22   +
   35    88  0   0.0%   0.605 UA:22   +
    9    48  1   0.0%   0.011 GU:19   AU:2    +
   53    60  0   0.0%   1.530 UG:22   +
   42    75  0   0.0%   0.691 GU:22   +
   53    66  0   0.0%   1.604 UA:22   +
   22    72  0   0.0%   1.203 GU:22   +
   52    57  0   0.0%   1.674 UG:22   +
   75    83  0   0.0%   0.255 UA:22   +
   26    58  0   0.0%   0.671 AU:22   +
   29    74  0   0.0%   0.907 AU:22   +
   22    93  0   0.0%   1.210 GU:22   +
   54    74  0   0.0%   0.307 AU:22   +
   46    73  0   0.0%   0.925 GU:22   +
   33    84  0   0.0%   0.632 UG:22   +
   74    84  0   0.0%   0.510 UG:22   +
   89    94  0   0.0%   0.390 UG:22   +
   60    70  0   0.0%   0.989 GU:22   +
   45    70  0   0.0%   0.972 AU:22   +
   60    89  0   0.0%   0.654 GU:22   +
   25    40  0   0.0%   0.327 AU:22   +
    9    52  1   0.0%   0.011 GU:19   AU:2    +
   61    83  0   0.0%   0.882 UA:22   +
   29    89  0   0.0%   0.645 AU:22   +
   26    61  0   0.0%   0.931 AU:22   +
   46    72  0   0.0%   0.943 GU:22   +
   23    71  0   0.0%   0.835 AU:22   +
    9    33  1   0.0%   0.011 GU:19   AU:2    +
   25    71  0   0.0%   0.561 AU:22   +
   42    48  0   0.0%   1.259 GU:22   +
   87    91  0   0.0%   0.101 GU:22   +
   27    78  0   0.0%   1.135 GU:22   +
   28    77  0   0.0%   0.709 AU:22   +
    4    57  1   0.0%   0.256 CG:1    UG:20   +
   61    94  0   0.0%   0.867 UG:22   +
   34    83  0   0.0%   0.821 UA:22   +
   74    88  0   0.0%   0.409 UA:22   +
   75    84  0   0.0%   0.253 UG:22   +
   39    43  1   0.0%   0.644 CG:19   UG:2    +
   11    46  1   0.0%   0.280 CG:20   UG:1    +
   75    87  0   0.0%   0.168 UG:22   +
   43    64  0   0.0%   1.106 GU:22   +
   57    71  0   0.0%   0.886 GU:22   +
   26    70  0   0.0%   0.521 AU:22   +
    3    60  1   0.0%   0.245 CG:1    UG:20   +
   27    77  0   0.0%   1.141 GU:22   +
   46    64  0   0.0%   1.100 GU:22   +
   16    86  1   0.0%   0.452 UG:2    UA:19   +
   70    87  0   0.0%   0.618 UG:22   +
   45    75  0   0.0%   0.679 AU:22   +
    9    49  1   0.0%   0.011 GU:19   AU:2    +
   40    57  0   0.0%   0.545 UG:22   +
   54    70  0   0.0%   0.386 AU:22   +
   43    75  0   0.0%   0.653 GU:22   +
    9    53  1   0.0%   0.011 GU:19   AU:2    +
    9    93  1   0.0%   0.226 GU:19   AU:2    +
   46    74  0   0.0%   0.892 GU:22   +
   36    57  0   0.0%   0.835 CG:22   +
   42    53  0   0.0%   1.013 GU:22   +
   45    58  0   0.0%   0.824 AU:22   +
   53    68  0   0.0%   1.179 UA:22   +
   64    87  0   0.0%   0.634 UG:22   +
   60    78  0   0.0%   0.669 GU:22   +
   31    53  0   0.0%   1.152 AU:22   +
   82    89  0   0.0%   0.115 GU:22   +
   49    60  0   0.0%   1.511 UG:22   +
   66    91  0   0.0%   0.746 AU:22   +
   25    64  0   0.0%   1.038 AU:22   +
   28    64  0   0.0%   0.879 AU:22   +
   11    42  1   0.0%   0.280 CG:20   UG:1    +
   24    80  0   0.0%   0.796 CG:22   +
   28    61  0   0.0%   0.846 AU:22   +
    4    60  1   0.0%   0.257 CG:1    UG:20   +
   28    78  0   0.0%   0.704 AU:22   +
   48    76  0   0.0%   0.913 UA:22   +
   31    35  0   0.0%   0.280 AU:22   +
   43    58  0   0.0%   0.811 GU:22   +
   32    49  0   0.0%   1.292 GU:22   +
   29    77  0   0.0%   0.654 AU:22   +
   64    94  0   0.0%   0.622 UG:22   +
   39    50  1   0.0%   0.912 CG:19   UG:2    +
   31    71  0   0.0%   0.828 AU:22   +
   66    93  0   0.0%   0.744 AU:22   +
   14    22  2   0.3%   0.318 CG:19   UG:1    +
   20    60  1   0.5%   0.614 CG:21   +
   19    61  1   0.5%   1.020 AU:21   +
   15    63  1   0.4%   0.573 GC:21   +
   16    54  1   0.4%   0.248 UA:21   +
    1    12  2   0.2%   0.042 GU:1    AU:18   --:1    +
   17    61  1   0.4%   1.171 GU:21   +
   17    30  1   0.3%   0.486 GC:21   +
   37    63  2   0.5%   0.383 GC:20   +
    2    14  2   0.2%   0.049 GC:18   GU:1    --:1    +
    3    13  2   0.2%   0.034 UG:5    UA:14   --:1    +
   20    27  1   0.3%   0.085 CG:21   +
    3    19  1   0.3%   0.065 UA:20   --:1    +
    2    20  1   0.3%   0.078 GC:20   --:1    +
   17    63  1   0.3%   0.978 GC:21   +
   18    24  1   0.3%   0.759 GC:21   +
    2    11  1   0.3%   0.047 GC:20   --:1    +
   14    69  2   0.0%   0.412 CG:19   UG:1    +
   18    63  1   0.2%   1.060 GC:21   +
   13    70  2   0.0%   0.275 GU:5    AU:15   +
    7    22  2   0.0%   0.251 CG:1    UG:19   +
   17    64  1   0.2%   1.247 GU:21   +
   13    64  2   0.0%   0.705 GU:5    AU:15   +
   14    27  2   0.0%   0.085 CG:19   UG:1    +
    1    10  2   0.0%   0.007 GU:1    AU:18   --:1    +
   15    39  2   0.0%   0.134 GC:18   GU:2    +
   15    67  1   0.2%   0.937 GC:21   +
   13    78  2   0.0%   0.238 GU:5    AU:15   +
   14    60  2   0.0%   0.440 CG:19   UG:1    +
   13    61  2   0.0%   0.637 GU:5    AU:15   +
    8    72  2   0.0%   0.350 GU:1    AU:19   +
    4    13  2   0.0%   0.015 UG:5    UA:14   --:1    +
    4    86  2   0.0%   0.827 UG:2    UA:18   +
    1     6  2   0.0%   0.002 GU:1    AU:18   --:1    +
    6    84  2   0.0%   0.284 CG:1    UG:19   +
    6    22  2   0.0%   0.273 CG:1    UG:19   +
    3    55  2   0.0%   0.247 UG:1    UA:19   +
    8    71  2   0.0%   0.349 GU:1    AU:19   +
    8    75  2   0.0%   0.350 GU:1    AU:19   +
    8    70  2   0.0%   0.380 GU:1    AU:19   +
    8    78  2   0.0%   0.350 GU:1    AU:19   +
    8    33  2   0.0%   0.036 GU:1    AU:19   +
    8    73  2   0.0%   0.348 GU:1    AU:19   +
   13    49  2   0.0%   0.053 GU:5    AU:15   +
   14    84  2   0.0%   0.253 CG:19   UG:1    +
   13    75  2   0.0%   0.237 GU:5    AU:15   +
   14    94  2   0.0%   0.253 CG:19   UG:1    +
    8    74  2   0.0%   0.348 GU:1    AU:19   +
    8    91  2   0.0%   0.349 GU:1    AU:19   +
    1    16  2   0.0%   0.017 GU:1    AU:18   --:1    +
    7    60  2   0.0%   0.038 CG:1    UG:19   +
    6    69  2   0.0%   0.430 CG:1    UG:19   +
   10    44  2   0.0%   0.240 UG:1    UA:19   +
   14    50  2   0.0%   0.073 CG:19   UG:1    +
   13    53  2   0.0%   0.053 GU:5    AU:15   +
    8    77  2   0.0%   0.349 GU:1    AU:19   +
    7    94  2   0.0%   0.400 CG:1    UG:19   +
    7    69  2   0.0%   0.547 CG:1    UG:19   +
    7    84  2   0.0%   0.400 CG:1    UG:19   +
   13    48  2   0.0%   0.052 GU:5    AU:15   +
   14    46  2   0.0%   0.072 CG:19   UG:1    +
    2    47  2   0.0%   0.254 GC:19   GU:1    +
   14    42  2   0.0%   0.072 CG:19   UG:1    +
   13    71  2   0.0%   0.238 GU:5    AU:15   +
    8    93  2   0.0%   0.349 GU:1    AU:19   +
    6    50  2   0.0%   0.064 CG:1    UG:19   +
    5    90  2   0.0%   1.018 GC:16   GU:4    +
   17    39  2   0.0%   0.448 GC:18   GU:2    +
    2    90  2   0.0%   0.651 GC:16   GU:4    +
    6    60  2   0.0%   0.064 CG:1    UG:19   +
    5    47  2   0.0%   0.266 GC:19   GU:1    +
    8    49  2   0.0%   0.035 GU:1    AU:19   +
    6    94  2   0.0%   0.283 CG:1    UG:19   +
    6    46  2   0.0%   0.064 CG:1    UG:19   +
    7    50  2   0.0%   0.038 CG:1    UG:19   +
   14    32  2   0.0%   0.072 CG:19   UG:1    +
   13    77  2   0.0%   0.236 GU:5    AU:15   +
   13    33  2   0.0%   0.052 GU:5    AU:15   +
    8    34  2   0.0%   0.035 GU:1    AU:19   +
   37    47  2   0.0%   0.590 GC:19   GU:1    +
   14    87  2   0.0%   0.256 CG:19   UG:1    +
    8    53  2   0.0%   0.035 GU:1    AU:19   +
    6    87  2   0.0%   0.283 CG:1    UG:19   +
   13    74  2   0.0%   0.235 GU:5    AU:15   +
   13    73  2   0.0%   0.235 GU:5    AU:15   +
   14    80  2   0.0%   0.253 CG:19   UG:1    +
    8    89  2   0.0%   0.349 GU:1    AU:19   +
   13    93  2   0.0%   0.235 GU:5    AU:15   +
   13    40  2   0.0%   0.052 GU:5    AU:15   +
   13    52  2   0.0%   0.052 GU:5    AU:15   +
    8    58  2   0.0%   0.035 GU:1    AU:19   +
   16    46  1   0.2%   0.197 UG:21   +
   16    66  1   0.1%   0.822 UA:21   +
    5    11  1   0.1%   0.042 GC:20   --:1    +
   12    26  1   0.1%   0.139 UA:21   +
   19    48  1   0.1%   0.216 AU:21   +
   18    30  1   0.1%   0.317 GC:21   +
   12    68  1   0.1%   0.517 UA:21   +
   17    75  1   0.1%   0.767 GU:21   +
   16    76  1   0.1%   0.458 UA:21   +
   18    49  1   0.0%   0.388 GU:21   +
   15    77  1   0.0%   0.366 GU:21   +
   18    74  1   0.0%   0.824 GU:21   +
   17    49  1   0.0%   0.557 GU:21   +
   19    58  1   0.0%   0.698 AU:21   +
    5    20  1   0.0%   0.076 GC:20   --:1    +
   19    73  1   0.0%   0.553 AU:21   +
   21    60  1   0.0%   1.166 CG:21   +
   16    22  1   0.0%   0.275 UG:21   +
   20    57  1   0.0%   0.527 CG:21   +
   19    70  1   0.0%   0.585 AU:21   +
   20    69  1   0.0%   0.535 CG:21   +
   18    71  1   0.0%   0.820 GU:21   +
   18    36  1   0.0%   0.292 GC:21   +
   16    38  1   0.0%   0.169 UA:21   +
   18    48  1   0.0%   0.460 GU:21   +
   19    35  1   0.0%   0.119 AU:21   +
   16    31  1   0.0%   0.167 UA:21   +
    2    39  3   0.0%   0.257 GC:17   GU:2    +
   15    30  1   0.0%   0.132 GC:21   +
   16    50  1   0.0%   0.180 UG:21   +
   16    29  1   0.0%   0.166 UA:21   +
   12    79  1   0.0%   0.308 UA:21   +
   17    72  1   0.0%   0.758 GU:21   +
   15    51  1   0.0%   0.144 GC:21   +
    5    12  1   0.0%   0.025 GU:20   --:1    +
   17    67  1   0.0%   1.325 GC:21   +
   18    92  1   0.0%   0.820 GC:21   +
   17    93  1   0.0%   0.760 GU:21   +
   17    56  1   0.0%   0.880 GC:21   +
   16    68  1   0.0%   0.653 UA:21   +
   19    91  1   0.0%   0.550 AU:21   +
   18    64  1   0.0%   1.297 GU:21   +
    2    21  1   0.0%   0.046 GC:20   --:1    +
   19    77  1   0.0%   0.554 AU:21   +
   12    23  1   0.0%   0.321 UA:21   +
   18    75  1   0.0%   0.824 GU:21   +
   12    66  1   0.0%   0.661 UA:21   +
   18    78  1   0.0%   0.820 GU:21   +
    4    19  1   0.0%   0.058 UA:20   --:1    +
   19    74  1   0.0%   0.552 AU:21   +
    2    10  1   0.0%   0.004 GU:20   --:1    +
    5    10  1   0.0%   0.003 GU:20   --:1    +
   16    26  1   0.0%   0.173 UA:21   +
   12    76  1   0.0%   0.308 UA:21   +
   19    89  1   0.0%   0.552 AU:21   +
   15    85  1   0.0%   0.359 GC:21   +
   16    84  1   0.0%   0.450 UG:21   +
   17    91  1   0.0%   0.758 GU:21   +
   12    42  1   0.0%   0.120 UG:21   +
   20    46  1   0.0%   0.326 CG:21   +
   15    64  1   0.0%   0.814 GU:21   +
    5    16  1   0.0%   0.052 GU:20   --:1    +
   19    75  1   0.0%   0.554 AU:21   +
   17    58  1   0.0%   0.878 GU:21   +
   21    80  1   0.0%   0.947 CG:21   +
   15    49  1   0.0%   0.142 GU:21   +
   16    45  1   0.0%   0.166 UA:21   +
   12    50  1   0.0%   0.120 UG:21   +
   12    29  1   0.0%   0.120 UA:21   +
   16    59  1   0.0%   0.586 UA:21   +
   21    69  1   0.0%   1.103 CG:21   +
   12    69  1   0.0%   0.457 UG:21   +
   18    56  1   0.0%   0.976 GC:21   +
   20    32  1   0.0%   0.040 CG:21   +
   16    57  1   0.0%   0.578 UG:21   +
   19    78  1   0.0%   0.550 AU:21   +
   19    33  1   0.0%   0.116 AU:21   +
   20    80  1   0.0%   0.376 CG:21   +
   18    73  1   0.0%   0.815 GU:21   +
   16    94  1   0.0%   0.449 UG:21   +
   17    36  1   0.0%   0.447 GC:21   +
   21    94  1   0.0%   0.946 CG:21   +
   21    32  1   0.0%   0.290 CG:21   +
   18    35  1   0.0%   0.287 GU:21   +
   18    34  1   0.0%   0.287 GU:21   +
   12    81  1   0.0%   0.307 UA:21   +
   12    54  1   0.0%   0.121 UA:21   +
   16    82  1   0.0%   0.448 UG:21   +
   19    72  1   0.0%   0.548 AU:21   +
   12    27  1   0.0%   0.128 UG:21   +
   15    74  1   0.0%   0.355 GU:21   +
   15    93  1   0.0%   0.358 GU:21   +
   18    72  1   0.0%   0.817 GU:21   +
   17    74  1   0.0%   0.755 GU:21   +
   19    34  1   0.0%   0.115 AU:21   +
   12    60  1   0.0%   0.487 UG:21   +
   12    25  1   0.0%   0.116 UA:21   +
   19    71  1   0.0%   0.549 AU:21   +
   12    28  1   0.0%   0.127 UA:21   +
   16    28  1   0.0%   0.169 UA:21   +
   15    41  1   0.0%   0.131 GC:21   +
   18    58  1   0.0%   0.973 GU:21   +
   21    87  1   0.0%   0.950 CG:21   +
   18    77  1   0.0%   0.823 GU:21   +
   17    92  1   0.0%   0.758 GC:21   +
   17    73  1   0.0%   0.754 GU:21   +
    2    12  1   0.0%   0.030 GU:20   --:1    +
   18    61  1   0.0%   1.226 GU:21   +
   15    92  1   0.0%   0.358 GC:21   +
   15    75  1   0.0%   0.356 GU:21   +
   12    31  1   0.0%   0.120 UA:21   +
   17    78  1   0.0%   0.759 GU:21   +
   20    42  1   0.0%   0.040 CG:21   +
    2    16  1   0.0%   0.028 GU:20   --:1    +
   17    35  1   0.0%   0.445 GU:21   +
   16    27  1   0.0%   0.173 UG:21   +
   20    94  1   0.0%   0.376 CG:21   +
   21    46  1   0.0%   0.578 CG:21   +
   12    22  1   0.0%   0.323 UG:21   +
   21    43  1   0.0%   0.843 CG:21   +
   18    91  1   0.0%   0.818 GU:21   +
   16    60  1   0.0%   0.595 UG:21   +
   17    77  1   0.0%   0.762 GU:21   +
   18    67  1   0.0%   1.384 GC:21   +
   15    48  1   0.0%   0.141 GU:21   +
   20    87  1   0.0%   0.379 CG:21   +
   16    83  1   0.0%   0.448 UA:21   +
    7    86  3   0.0%   0.400 UG:2    UA:17   +
   15    53  1   0.0%   0.143 GU:21   +
   17    85  1   0.0%   0.758 GC:21   +
   16    79  1   0.0%   0.449 UA:21   +
   15    73  1   0.0%   0.355 GU:21   +
   12    94  1   0.0%   0.310 UG:21   +
   20    82  1   0.0%   0.375 CG:21   +
   19    64  1   0.0%   1.026 AU:21   +
   12    45  1   0.0%   0.120 UA:21   +
   18    89  1   0.0%   0.821 GU:21   +
   15    78  1   0.0%   0.359 GU:21   +
   15    58  1   0.0%   0.493 GU:21   +
    6    86  3   0.0%   0.283 UG:2    UA:17   +
   15    61  1   0.0%   0.726 GU:21   +
   15    52  1   0.0%   0.142 GU:21   +
   18    41  1   0.0%   0.288 GC:21   +
   19    40  1   0.0%   0.116 AU:21   +
    4    66  2   0.2%   0.990 UA:20   +
    5    24  2   0.1%   0.488 GC:20   +
   10    28  2   0.1%   0.254 UA:20   +
    2    63  2   0.1%   0.275 GC:20   +
    4    25  2   0.1%   0.265 UA:20   +
   10    59  2   0.1%   0.254 UA:20   +
    3    68  2   0.1%   0.620 UA:20   +
   10    88  2   0.0%   0.308 UA:20   +
    3    26  2   0.0%   0.248 UA:20   +
   24    37  2   0.0%   0.473 CG:20   +
    2    71  2   0.0%   0.651 GU:20   +
   10    23  2   0.0%   0.444 UA:20   +
    2    72  2   0.0%   0.651 GU:20   +
    5    61  2   0.0%   0.271 GU:20   +
    5    36  2   0.0%   0.269 GC:20   +
    3    38  2   0.0%   0.247 UA:20   +
   10    76  2   0.0%   0.299 UA:20   +
    5    75  2   0.0%   1.019 GU:20   +
    2    30  2   0.0%   0.255 GC:20   +
    3    29  2   0.0%   0.245 UA:20   +
    5    85  2   0.0%   1.020 GC:20   +
    2    77  2   0.0%   0.652 GU:20   +
    3    76  2   0.0%   0.759 UA:20   +
   10    81  2   0.0%   0.298 UA:20   +
    4    76  2   0.0%   0.827 UA:20   +
    4    28  2   0.0%   0.256 UA:20   +
    2    56  2   0.0%   0.256 GC:20   +
    2    73  2   0.0%   0.650 GU:20   +
    4    54  2   0.0%   0.258 UA:20   +
   10    68  2   0.0%   0.500 UA:20   +
    5    53  2   0.0%   0.268 GU:20   +
   10    66  2   0.0%   0.654 UA:20   +
    2    75  2   0.0%   0.650 GU:20   +
    2    74  2   0.0%   0.650 GU:20   +
    4    23  2   0.0%   0.456 UA:20   +
   30    37  2   0.0%   0.039 CG:20   +
   10    31  2   0.0%   0.240 UA:20   +
    3    88  2   0.0%   0.759 UA:20   +
    2    89  2   0.0%   0.651 GU:20   +
    2    64  2   0.0%   0.262 GU:20   +
    5    92  2   0.0%   1.019 GC:20   +
    5    74  2   0.0%   1.017 GU:20   +
    2    78  2   0.0%   0.651 GU:20   +
    2    61  2   0.0%   0.255 GU:20   +
    2    85  2   0.0%   0.651 GC:20   +
    5    70  2   0.0%   1.049 GU:20   +
    5    73  2   0.0%   1.017 GU:20   +
   10    83  2   0.0%   0.297 UA:20   +
    5    71  2   0.0%   1.018 GU:20   +
    4    83  2   0.0%   0.825 UA:20   +
    5    72  2   0.0%   1.018 GU:20   +
    4    26  2   0.0%   0.257 UA:20   +
    5    30  2   0.0%   0.266 GC:20   +
    5    78  2   0.0%   1.018 GU:20   +
    5    51  2   0.0%   0.267 GC:20   +
    4    45  2   0.0%   0.256 UA:20   +
    2    51  2   0.0%   0.254 GC:20   +
    5    77  2   0.0%   1.018 GU:20   +
    2    92  2   0.0%   0.651 GC:20   +
    5    93  2   0.0%   1.019 GU:20   +
    3    25  2   0.0%   0.240 UA:20   +
    5    56  2   0.0%   0.268 GC:20   +
    4    31  2   0.0%   0.255 UA:20   +
    4    79  2   0.0%   0.825 UA:20   +
    3    28  2   0.0%   0.243 UA:20   +
   10    25  2   0.0%   0.238 UA:20   +
   10    29  2   0.0%   0.240 UA:20   +
    4    88  2   0.0%   0.826 UA:20   +
    4    59  2   0.0%   0.256 UA:20   +
   10    26  2   0.0%   0.235 UA:20   +
    5    58  2   0.0%   0.267 GU:20   +
    2    36  2   0.0%   0.253 GC:20   +
    2    93  2   0.0%   0.651 GU:20   +
   37    56  2   0.0%   0.286 GC:20   +
........................((((((.(((...(((((.(((....)))..)).)))...))).))))))...((((((.....))))))
