29 sequence; length of alignment 152
alifold output
   48    66  0  83.4%   0.454 CG:12   UG:14   UA:3   
   49    65  0  83.4%   0.463 GC:29  
   47    67  0  83.3%   0.457 CG:29  
   50    64  1  83.3%   0.465 UA:28  
   51    63  0  82.5%   0.492 GC:29  
   46    68  1  69.0%   1.035 GU:1    AU:27  
   41    74  0  56.5%   1.336 UG:1    UA:28  
   43    72  0  56.5%   1.688 CG:28   UG:1   
   42    73  1  56.6%   1.686 GC:28  
   40    75  0  56.0%   1.342 CG:29  
  136   148  0  53.7%   1.823 GC:29   +
  135   149  0  53.7%   1.653 AU:29   +
  137   147  0  53.6%   2.062 GC:29   +
  134   150  0  53.1%   1.696 GC:29   +
   10   123  0  49.0%   1.811 CG:29   +
   12   121  0  48.6%   1.659 CG:29   +
   11   122  0  48.5%   1.876 UG:29   +
    9   124  2  48.7%   1.684 GC:27   +
   13   120  0  47.7%   2.067 CG:29   +
    2   130  0  47.4%   1.438 GC:29   +
   83   106  0  44.2%   2.352 GC:28   GU:1   
   90    99  0  45.0%   2.095 GC:29  
   91    98  0  45.0%   2.014 AU:29  
   89   100  0  44.9%   2.304 GC:29  
   92    97  0  44.6%   2.327 GC:29  
   85   104  0  44.4%   2.633 UG:29  
   84   105  0  44.4%   2.237 UA:29  
   35   100  0  43.8%   1.745 GC:29   +
   36    99  0  43.8%   1.448 GC:29   +
   34   101  0  43.8%   1.836 GC:29   +
   37    98  0  43.7%   1.357 AU:29   +
   86   103  1  44.1%   1.518 AU:28  
   38    97  0  43.5%   1.325 GC:29   +
   14   119  0  42.3%   2.130 GC:28   GU:1    +
    3   129  1  43.5%   1.601 CG:28   +
   39    96  1  40.4%   1.607 GC:28   +
   15   118  0  38.8%   2.048 UG:29   +
   33   102  1  38.4%   1.908 UA:28   +
    1   131  0  34.6%   1.220 UG:1    UA:28   +
   83    94  0  32.1%   1.608 GC:29   +
   84    93  0  32.0%   1.605 UA:29   +
   82    95  0  31.9%   1.817 GC:29   +
  119   141  0  29.9%   2.263 CG:28   UG:1   
   17   116  1  31.0%   1.760 GC:28   +
  125   137  0  30.3%   1.810 CG:29  
  126   136  0  30.3%   1.831 CG:29  
  124   138  0  30.3%   2.190 CG:29  
   81   112  0  29.1%   2.074 CG:23   UG:6   
   85    92  0  30.1%   1.842 UG:29   +
  118   142  0  29.9%   2.314 GC:29  
  117   143  0  29.9%   1.537 AU:29  
  116   144  0  29.9%   2.143 CG:29  
   80   113  0  29.1%   2.604 GC:29  
   37   149  0  28.6%   1.551 AU:29  
   36   150  0  28.6%   1.590 GC:29  
   38   148  0  28.6%   1.624 GC:29  
   18   115  0  27.5%   2.115 CG:2    UG:27   +
   35   151  0  28.5%   1.876 GC:29  
   82   111  0  28.4%   3.149 GC:29  
   52    61  0  27.5%   1.081 GC:29   +
   43    69  0  26.4%   1.070 CG:28   UG:1    +
    6   126  0  27.3%   1.646 GC:29   +
  115   145  0  27.2%   1.969 GU:29  
   39   147  1  27.5%   1.955 GC:28  
   41    71  0  26.6%   1.072 UA:29   +
   40    72  0  26.5%   1.072 CG:29   +
   42    70  1  26.5%   1.071 GU:28   +
   39    73  1  26.1%   1.071 GC:28   +
    5   127  0  25.5%   1.646 UG:29   +
   34   152  0  24.3%   1.922 GC:4    GU:25  
   35    77  0  22.2%   1.027 GC:29   +
   34    78  0  22.2%   1.109 GU:29   +
   33    79  1  21.3%   1.211 UA:28   +
  112   119  0  19.4%   2.521 GC:28   GU:1    +
   25   108  0  20.1%   1.851 GC:29   +
   20   113  0  19.6%   2.026 GC:29   +
   22   111  0  19.6%   2.318 GC:29   +
  113   118  0  19.3%   2.818 CG:29   +
   26   107  0  19.0%   1.488 UA:29   +
   32    80  0  19.0%   1.279 CG:29   +
   48    82  0  16.3%   1.388 CG:12   UG:17   +
   31   104  0  17.2%   1.913 CG:29   +
   49    81  0  16.2%   1.114 GC:23   GU:6    +
   47    83  0  16.3%   1.189 CG:29   +
   46    84  1  16.2%   1.326 GU:1    AU:27   +
   57    74  0  14.1%   1.244 UG:1    UA:28   +
   45    85  0  15.0%   1.136 AU:29   +
   14    24  0  14.2%   1.218 GC:29  
   15    23  0  14.2%   1.061 UA:29  
   16    22  0  14.2%   1.220 CG:29  
  111   120  0  14.1%   2.698 CG:29   +
   26   110  0  13.1%   1.656 UG:2    UA:27   +
   56    75  0  14.1%   1.286 CG:29   +
   58    73  0  14.0%   1.675 GC:29   +
   61    69  0  14.0%   1.753 CG:29   +
   62    68  0  13.9%   1.482 GU:29   +
   25   111  0  13.8%   2.490 GC:29   +
   24   112  0  13.8%   1.689 CG:29   +
   63    67  0  13.7%   1.261 CG:29   +
   13    25  0  13.5%   1.405 CG:29  
   60    70  1  13.8%   1.585 AU:28   +
   50    80  0  12.9%   1.387 UG:29   +
   43    89  0  11.7%   1.653 CG:28   UG:1    +
    8   143  0  11.6%   0.817 GU:2    AU:27   +
   17   103  0  10.4%   0.743 GC:1    GU:27   AU:1    +
   40    92  0  12.2%   1.593 CG:29   +
   41    91  0  12.1%   1.581 UA:29   +
   10   141  0  11.9%   1.864 CG:29   +
   12    20  0  11.9%   0.798 CG:29   +
   13    19  0  11.9%   0.782 CG:29   +
   11    21  0  11.8%   0.793 UG:29   +
   12   138  0  11.8%   1.595 CG:29   +
   13   137  0  11.8%   1.980 CG:29   +
   10    22  0  11.7%   0.940 CG:29   +
   16   134  0  11.6%   1.476 CG:29   +
   15   135  0  11.5%   1.883 UA:29   +
    9   142  2  11.9%   1.728 GC:27   +
   44    68  0  11.1%   0.742 AU:29   +
   14   106  0   9.7%   1.125 GC:28   GU:1    +
    7   144  0   9.6%   1.256 CG:1    UG:28   +
   16   104  0  10.5%   1.097 CG:29   +
   19   101  0  10.3%   1.112 GC:29   +
   20   100  0  10.3%   1.278 GC:29   +
   15   105  0  10.1%   1.047 UA:29   +
   18   102  2  10.4%   0.984 UA:27   +
   21   125  0   9.6%   1.977 GC:29   +
   20   126  0   9.5%   2.308 GC:29   +
   22   124  0   9.5%   2.713 GC:29   +
   22   113  0   9.2%   2.579 GC:29   +
   21    99  0   8.9%   1.333 GC:29   +
   19   130  0   8.4%   2.267 GC:29   +
    5   128  0   8.3%   1.416 UA:29   +
   18   131  2   8.5%   2.495 UG:1    UA:26   +
    6   119  0   6.7%   0.873 GC:28   GU:1    +
   31    82  0   7.7%   1.033 CG:29   +
   17   132  1   8.2%   1.503 GC:28   +
    7   118  0   6.2%   0.862 CG:1    UG:28   +
   59    71  0   7.1%   1.256 UA:29   +
   10   115  0   7.0%   1.102 CG:29   +
   59    72  0   7.0%   1.761 UG:29   +
   15   110  0   5.7%   1.080 UG:2    UA:27   +
   11   114  0   6.7%   1.024 UA:29   +
   13   112  0   6.5%   1.277 CG:29   +
   19   106  0   5.3%   1.341 GC:28   GU:1    +
   14    18  0   5.3%   0.495 GC:2    GU:27   +
    5   120  0   6.3%   0.761 UG:29   +
  108   123  0   6.2%   1.730 CG:29   +
    9   116  2   6.9%   0.945 GC:27   +
   14   111  0   6.1%   1.193 GC:29   +
   11   140  0   6.0%   1.694 UA:29   +
   19   116  0   6.0%   2.043 GC:29   +
    4   121  0   5.9%   0.579 CG:29   +
   11   139  0   5.9%   1.526 UA:29   +
   55    77  0   5.7%   1.258 GC:29   +
    3   122  0   5.4%   0.762 CG:29   +
   30    84  0   4.3%   0.580 GU:12   AU:17   +
    5   146  0   4.3%   1.453 UG:1    UA:28   +
   44    70  0   5.3%   1.069 AU:29   +
    4   127  0   5.0%   0.754 CG:29   +
   54    78  0   5.0%   1.162 AU:29   +
    6   145  0   5.0%   1.459 GU:29   +
   17   108  1   5.4%   0.773 GC:28   +
   32   104  0   4.8%   1.758 CG:29   +
   18   107  2   5.4%   1.014 UA:27   +
   18   117  2   5.3%   1.664 UA:27   +
    2    10  0   4.6%   0.429 GC:29   +
   19   113  0   4.4%   1.340 GC:29   +
   31    83  0   4.3%   1.032 CG:29   +
   21   111  0   4.3%   1.540 GC:29   +
   21    31  0   4.3%   0.894 GC:29   +
   20    32  0   4.3%   0.780 GC:29   +
   22    31  0   4.2%   1.268 GC:29   +
   22    98  0   4.1%   1.231 GU:29   +
   21    32  0   4.1%   1.114 GC:29   +
    4   129  1   4.5%   1.233 CG:28   +
   30   103  0   2.0%   0.778 GC:1    GU:11   AU:17   +
   89    97  0   4.0%   1.360 GC:29   +
   90    96  0   4.0%   1.148 GC:29   +
   87   101  0   4.0%   1.242 GC:29   +
    3     9  2   4.6%   0.427 CG:27   +
   20    33  0   2.9%   0.882 GC:1    GU:28   +
   17   133  0   2.9%   1.357 GU:28   AU:1    +
   32    82  0   3.8%   1.228 CG:29   +
   29    85  0   3.7%   0.452 AU:29   +
   19    33  0   2.5%   0.601 GC:1    GU:28   +
   54    59  0   3.5%   0.387 AU:29   +
   52    77  0   3.4%   1.182 GC:29   +
   88    98  0   3.4%   0.947 AU:29   +
    6    24  0   3.4%   0.365 GC:29   +
   43    87  0   2.4%   0.966 CG:28   UG:1    +
  136   152  0   2.3%   1.372 GC:4    GU:25   +
   51    78  0   3.2%   0.954 GU:29   +
   18    34  0   2.0%   0.447 CG:2    UG:27   +
   50    79  0   3.0%   0.804 UA:29   +
   24   123  0   2.7%   1.653 CG:29   +
   40    90  0   2.7%   1.030 CG:29   +
  138   150  0   2.6%   1.690 GC:29   +
  137   151  0   2.6%   1.717 GC:29   +
  123   130  0   2.5%   1.648 GC:29   +
    7    23  1   2.9%   0.330 UA:28   +
   41    89  0   2.4%   1.024 UG:29   +
   26    30  0   1.4%   0.437 UG:12   UA:17   +
   56    72  0   2.4%   0.987 CG:29   +
   55    73  0   2.4%   1.038 GC:29   +
   61    67  0   2.4%   0.823 CG:29   +
   57    71  0   2.4%   0.621 UA:29   +
   82   108  0   2.4%   1.848 GC:29   +
   18   114  2   3.0%   1.254 UA:27   +
   18   127  0   1.3%   2.056 CG:2    UG:27   +
   45    70  0   2.2%   0.781 AU:29   +
   12    22  0   2.2%   0.840 CG:29   +
    6   125  0   2.2%   0.749 GC:29   +
   13    21  0   2.2%   0.860 CG:29   +
   58    70  0   2.2%   0.842 GU:29   +
   59    69  0   2.2%   0.770 UG:29   +
   25   106  0   1.1%   1.163 GC:28   GU:1    +
   11    23  0   2.1%   0.643 UA:29   +
  139   149  0   2.1%   1.205 AU:29   +
   78   114  0   2.1%   1.400 UA:29   +
    2   124  0   2.1%   0.533 GC:29   +
    7    17  0   0.1%   0.018 CG:1    UG:27   UA:1    +
   16    36  0   2.1%   0.550 CG:29   +
    9    24  2   2.7%   0.581 GC:27   +
   17    33  0   0.0%   0.048 GC:1    GU:27   AU:1    +
  124   129  1   2.5%   1.606 CG:28   +
    8    26  0   0.9%   0.223 GU:2    AU:27   +
   87    99  0   1.9%   0.990 GC:29   +
   90    95  0   1.9%   0.824 GC:29   +
   60    68  1   2.4%   0.790 AU:28   +
   89    96  0   1.9%   1.103 GC:29   +
   77   115  0   1.8%   1.649 CG:29   +
   16   118  0   1.8%   1.419 CG:29   +
  129   133  1   2.2%   1.094 GU:28   +
    3   123  0   1.7%   0.651 CG:29   +
   34    81  0   0.7%   0.560 GC:23   GU:6    +
   43   112  0   0.6%   1.704 CG:28   UG:1    +
    5    25  0   1.6%   0.295 UG:29   +
   26   121  0   1.6%   1.778 UG:29   +
   38    77  0   1.6%   0.561 GC:29   +
   25    31  0   1.6%   1.049 GC:29   +
    7    25  0   0.5%   0.331 CG:1    UG:28   +
   37    78  0   1.5%   0.581 AU:29   +
   20   125  0   1.5%   1.433 GC:29   +
   21   124  0   1.5%   1.709 GC:29   +
   19   126  0   1.5%   1.679 GC:29   +
    7   112  0   0.5%   0.395 CG:1    UG:28   +
    5   109  0   0.5%   0.242 UG:2    UA:27   +
   18   112  0   0.4%   1.027 CG:2    UG:27   +
    2    26  0   1.3%   0.329 GU:29   +
   11   128  0   1.3%   1.343 UA:29   +
   25    81  0   0.3%   0.640 GC:23   GU:6    +
   12   127  0   1.3%   1.457 CG:29   +
    3    25  0   1.3%   0.345 CG:29   +
    6    31  0   1.3%   0.342 GC:29   +
    1   146  0   0.3%   0.542 UG:1    UA:28   +
   10    25  0   1.3%   0.750 CG:29   +
    7    30  1   1.3%   0.358 UG:12   UA:16   +
    4   122  0   1.2%   0.568 CG:29   +
    7   115  0   0.2%   0.377 CG:1    UG:28   +
    5   131  0   0.2%   1.411 UG:1    UA:28   +
    2   119  0   0.2%   0.319 GC:28   GU:1    +
   35    81  0   0.2%   0.455 GC:23   GU:6    +
   72    81  0   0.2%   1.357 GC:23   GU:6    +
   33   120  0   0.2%   1.506 CG:1    UG:28   +
   34   119  0   0.2%   1.465 GC:28   GU:1    +
   33   121  0   0.2%   1.684 CG:1    UG:28   +
    8    41  0   0.2%   0.085 GU:2    AU:27   +
    6    43  0   0.2%   0.261 GC:28   GU:1    +
    8   145  0   0.1%   0.514 GU:2    AU:27   +
   18    35  0   0.1%   0.307 CG:2    UG:27   +
    1    27  0   1.1%   0.167 UA:29   +
   33    82  0   0.1%   0.920 CG:1    UG:28   +
   26   109  0   0.1%   0.725 UG:2    UA:27   +
   35   119  0   0.1%   1.374 GC:28   GU:1    +
   22   103  0   0.1%   1.242 GC:1    GU:28   +
   26   105  0   1.1%   0.689 UA:29   +
    7   127  0   0.1%   1.019 CG:1    UG:28   +
    6    18  0   0.1%   0.027 GC:2    GU:27   +
   43   115  0   0.1%   1.714 CG:28   UG:1    +
  119   127  0   0.1%   1.556 CG:28   UG:1    +
  119   144  0   0.1%   1.910 CG:28   UG:1    +
  131   143  0   0.1%   1.282 GU:1    AU:28   +
   43    49  0   0.1%   0.026 CG:28   UG:1    +
   25   103  0   0.1%   0.879 GC:1    GU:28   +
   25   119  0   0.1%   1.846 GC:28   GU:1    +
    5    30  0   0.1%   0.170 UG:12   UA:17   +
   33    80  0   0.1%   0.887 CG:1    UG:28   +
    7    34  0   0.1%   0.270 CG:1    UG:28   +
   81   141  0   0.0%   1.013 CG:23   UG:6    +
  106   112  0   0.0%   1.783 CG:28   UG:1    +
   24   121  0   1.0%   1.573 CG:29   +
    1    30  0   0.0%   0.081 UG:12   UA:17   +
   75    81  0   0.0%   0.989 GC:23   GU:6    +
   33   127  0   0.0%   1.591 CG:1    UG:28   +
   43    90  0   0.0%   1.150 CG:28   UG:1    +
   51    81  0   0.0%   0.663 GC:23   GU:6    +
   81    87  0   0.0%   0.507 CG:23   UG:6    +
   11   109  0   0.0%   0.456 UG:2    UA:27   +
   11   110  0   0.0%   0.439 UG:2    UA:27   +
   15   131  0   0.0%   1.547 UG:1    UA:28   +
    1     8  0   0.0%   0.007 UG:2    UA:27   +
  106   123  0   0.0%   1.349 CG:28   UG:1    +
    5   110  0   0.0%   0.199 UG:2    UA:27   +
    2     7  0   0.0%   0.006 GC:1    GU:28   +
  119   134  0   0.0%   1.181 CG:28   UG:1    +
   82   106  0   0.0%   1.481 GC:28   GU:1    +
   25    33  0   0.0%   0.797 GC:1    GU:28   +
  106   115  0   0.0%   1.520 CG:28   UG:1    +
   36   119  0   0.0%   1.083 GC:28   GU:1    +
    7    19  0   0.0%   0.025 CG:1    UG:28   +
  103   112  0   0.0%   1.703 CG:1    UG:28   +
   11    30  0   0.0%   0.478 UG:12   UA:17   +
   22   106  0   0.0%   1.380 GC:28   GU:1    +
   18   118  0   0.0%   1.954 CG:2    UG:27   +
    5    17  0   0.0%   0.005 UG:28   UA:1    +
   43    92  0   0.0%   1.295 CG:28   UG:1    +
   41   146  0   0.0%   1.286 UG:1    UA:28   +
    7   141  0   0.0%   0.563 CG:1    UG:28   +
    2    33  0   0.0%   0.235 GC:1    GU:28   +
   43   144  0   0.0%   1.322 CG:28   UG:1    +
   36    81  0   0.0%   0.164 GC:23   GU:6    +
   81    90  0   0.0%   0.504 CG:23   UG:6    +
   18    25  0   0.0%   0.696 CG:2    UG:27   +
  131   145  0   0.0%   1.187 GU:1    AU:28   +
   69    81  0   0.0%   1.086 GC:23   GU:6    +
  133   146  0   0.0%   0.422 UG:1    UA:28   +
   78   110  0   0.0%   1.228 UG:2    UA:27   +
    8    15  0   0.0%   0.005 GU:2    AU:27   +
    8   133  0   0.0%   0.069 GU:2    AU:27   +
   30    85  0   0.0%   0.434 GU:12   AU:17   +
   21    33  0   0.0%   0.885 GC:1    GU:28   +
   81    89  0   0.0%   0.761 CG:23   UG:6    +
   18   120  0   0.0%   1.854 CG:2    UG:27   +
    7   134  0   0.0%   0.564 CG:1    UG:28   +
   19   119  0   0.0%   1.695 GC:28   GU:1    +
   84   110  0   0.0%   1.684 UG:2    UA:27   +
    6    33  0   0.0%   0.234 GC:1    GU:28   +
   15    30  0   0.0%   0.377 UG:12   UA:17   +
   83   103  0   0.0%   1.191 GC:1    GU:28   +
   57    66  0   0.0%   0.156 UG:26   UA:3    +
  120   152  0   0.0%   1.209 GC:4    GU:25   +
   20   106  0   0.0%   1.208 GC:28   GU:1    +
   81   115  0   0.0%   1.456 CG:23   UG:6    +
   15   109  0   0.0%   0.611 UG:2    UA:27   +
   21   103  0   0.0%   1.152 GC:1    GU:28   +
   84   109  0   0.0%   1.276 UG:2    UA:27   +
   21   106  0   0.0%   1.301 GC:28   GU:1    +
   33    83  0   0.0%   0.713 CG:1    UG:28   +
   87   103  0   0.0%   1.099 GC:1    GU:28   +
   85   109  0   0.0%   1.257 UG:2    UA:27   +
   48    62  0   0.0%   0.001 CG:12   UG:17   +
   78   109  0   0.0%   0.819 UG:2    UA:27   +
    6   106  0   0.0%   0.243 GC:28   GU:1    +
  106   122  0   0.0%   1.466 CG:28   UG:1    +
   20   103  0   0.0%   1.058 GC:1    GU:28   +
    1    74  0   0.0%   0.076 UG:1    UA:28   +
   25    43  0   0.0%   0.594 GC:28   GU:1    +
   87   106  0   0.0%   1.179 GC:28   GU:1    +
    2    18  0   0.0%   0.146 GC:2    GU:27   +
  137   152  0   0.0%   1.550 GC:4    GU:25   +
   26   146  0   0.0%   1.194 UG:1    UA:28   +
  115   119  0   0.0%   1.625 GC:28   GU:1    +
  134   152  0   0.0%   0.993 GC:4    GU:25   +
   81   104  0   0.0%   1.082 CG:23   UG:6    +
   33   104  0   0.0%   1.629 CG:1    UG:28   +
  106   121  0   0.0%   1.527 CG:28   UG:1    +
   74    78  0   0.0%   1.347 GU:1    AU:28   +
   43    80  0   0.0%   1.017 CG:28   UG:1    +
    2   152  0   0.0%   0.797 GC:4    GU:25   +
    7    21  0   0.0%   0.035 CG:1    UG:28   +
  121   152  0   0.0%   1.113 GC:4    GU:25   +
   55    81  0   0.0%   0.715 GC:23   GU:6    +
   18    36  0   0.0%   0.362 CG:2    UG:27   +
   82   103  0   0.0%   1.396 GC:1    GU:28   +
   49   103  0   0.0%   0.816 GC:1    GU:28   +
   17    26  0   0.0%   0.223 GU:28   AU:1    +
   22    81  0   0.0%   0.790 GC:23   GU:6    +
   20   152  0   0.0%   1.442 GC:4    GU:25   +
   81    92  0   0.0%   0.648 CG:23   UG:6    +
   33    38  0   0.0%   0.243 CG:1    UG:28   +
  103   127  0   0.0%   1.368 CG:1    UG:28   +
   48   104  0   0.0%   1.143 CG:12   UG:17   +
  106   127  0   0.0%   1.439 CG:28   UG:1    +
   43    51  0   0.0%   0.021 CG:28   UG:1    +
    7    14  0   0.0%   0.003 CG:1    UG:28   +
   50   110  0   0.0%   0.976 UG:2    UA:27   +
    1    17  0   0.0%   0.003 UG:28   UA:1    +
    8   149  0   0.0%   0.329 GU:2    AU:27   +
  118   152  0   0.0%   1.682 GC:4    GU:25   +
    7    20  0   0.0%   0.034 CG:1    UG:28   +
    2    81  0   0.0%   0.235 GC:23   GU:6    +
  119   123  0   0.0%   1.622 CG:28   UG:1    +
   80   106  0   0.0%   1.102 GC:28   GU:1    +
  110   149  0   0.0%   0.814 GU:2    AU:27   +
   81   144  0   0.0%   1.002 CG:23   UG:6    +
   48   112  0   0.0%   1.054 CG:12   UG:17   +
   70   110  0   0.0%   1.404 UG:2    UA:27   +
    7   123  0   0.0%   0.568 CG:1    UG:28   +
  119   138  0   0.0%   1.174 CG:28   UG:1    +
    8    85  0   0.0%   0.066 GU:2    AU:27   +
    7   120  0   0.0%   0.675 CG:1    UG:28   +
   72   119  0   0.0%   1.558 GC:28   GU:1    +
   74    85  0   0.0%   1.060 GU:1    AU:28   +
   35   152  0   0.0%   1.495 GC:4    GU:25   +
    1   109  0   0.0%   0.076 UG:2    UA:27   +
   75   119  0   0.0%   1.224 GC:28   GU:1    +
  103   118  0   0.0%   1.383 CG:1    UG:28   +
   50    74  0   0.0%   0.485 UG:1    UA:28   +
   74   143  0   0.0%   0.851 GU:1    AU:28   +
  119   136  0   0.0%   0.934 CG:28   UG:1    +
   14    33  0   0.0%   0.455 GC:1    GU:28   +
   52    81  0   0.0%   0.853 GC:23   GU:6    +
   51   106  0   0.0%   0.734 GC:28   GU:1    +
   66    78  0   0.0%   0.895 GU:26   AU:3    +
   62    81  0   0.0%   0.694 GC:23   GU:6    +
    7    35  0   0.0%   0.251 CG:1    UG:28   +
    6   152  0   0.0%   1.170 GC:4    GU:25   +
   78   146  0   0.0%   1.042 UG:1    UA:28   +
   48    80  0   0.0%   0.479 CG:12   UG:17   +
   81   121  0   0.0%   1.464 CG:23   UG:6    +
   34    43  0   0.0%   0.116 GC:28   GU:1    +
   43   141  0   0.0%   1.327 CG:28   UG:1    +
   81   127  0   0.0%   1.375 CG:23   UG:6    +
    8    78  0   0.0%   0.066 GU:2    AU:27   +
    5    74  0   0.0%   0.168 UG:1    UA:28   +
    7    22  0   0.0%   0.025 CG:1    UG:28   +
   81   123  0   0.0%   1.280 CG:23   UG:6    +
   49   152  0   0.0%   0.802 GC:4    GU:25   +
   14   103  0   0.0%   0.444 GC:1    GU:28   +
  106   118  0   0.0%   1.452 CG:28   UG:1    +
    7    72  0   0.0%   0.254 CG:1    UG:28   +
    2   106  0   0.0%   0.235 GC:28   GU:1    +
   81   122  0   0.0%   1.402 CG:23   UG:6    +
  127   152  0   0.0%   1.016 GC:4    GU:25   +
   22    33  0   0.0%   0.999 GC:1    GU:28   +
    2    48  0   0.0%   0.234 GC:12   GU:17   +
   19   103  0   0.0%   0.879 GC:1    GU:28   +
   50   109  0   0.0%   0.569 UG:2    UA:27   +
   30    98  0   0.0%   0.410 GU:12   AU:17   +
  103   115  0   0.0%   1.447 CG:1    UG:28   +
   38    81  0   0.0%   0.188 GC:23   GU:6    +
  104   119  0   0.0%   1.667 GC:28   GU:1    +
   33   122  0   0.0%   1.612 CG:1    UG:28   +
   70   146  0   0.0%   1.135 UG:1    UA:28   +
  119   137  0   0.0%   1.183 CG:28   UG:1    +
   80   103  0   0.0%   1.023 GC:1    GU:28   +
   19   152  0   0.0%   1.407 GC:4    GU:25   +
   70    74  0   0.0%   1.555 UG:1    UA:28   +
   48    67  0   0.0%   0.304 CG:12   UG:17   +
  144   152  0   0.0%   1.065 GC:4    GU:25   +
   84   131  0   0.0%   1.866 UG:1    UA:28   +
   43    52  0   0.0%   0.021 CG:28   UG:1    +
    7   137  0   0.0%   0.570 CG:1    UG:28   +
   18    80  0   0.0%   0.277 CG:2    UG:27   +
   11    17  0   0.0%   0.017 UG:28   UA:1    +
  109   133  0   0.0%   0.148 GU:2    AU:27   +
   48   120  0   0.0%   0.997 CG:12   UG:17   +
   49   119  0   0.0%   1.048 GC:28   GU:1    +
  109   143  0   0.0%   0.299 GU:2    AU:27   +
   81   134  0   0.0%   1.002 CG:23   UG:6    +
   18   104  0   0.0%   0.750 CG:2    UG:27   +
  103   120  0   0.0%   1.289 CG:1    UG:28   +
   68   109  0   0.0%   0.929 UG:2    UA:27   +
   38    43  0   0.0%   0.031 GC:28   GU:1    +
  106   120  0   0.0%   1.358 CG:28   UG:1    +
  110   145  0   0.0%   0.631 GU:2    AU:27   +
   21    81  0   0.0%   0.676 GC:23   GU:6    +
  122   152  0   0.0%   1.053 GC:4    GU:25   +
   38   119  0   0.0%   1.112 GC:28   GU:1    +
   50   146  0   0.0%   0.707 UG:1    UA:28   +
   50    66  0   0.0%   0.313 UG:26   UA:3    +
   18   121  0   0.0%   1.904 CG:2    UG:27   +
   74   149  0   0.0%   0.965 GU:1    AU:28   +
   68   131  0   0.0%   1.520 UG:1    UA:28   +
   18    22  0   0.0%   0.829 CG:2    UG:27   +
   14    81  0   0.0%   0.444 GC:23   GU:6    +
   66   133  0   0.0%   0.256 GU:26   AU:3    +
  141   147  0   1.0%   1.542 GC:29   +
  140   145  0   1.0%   0.912 AU:29   +
   87    97  0   1.0%   0.708 GC:29   +
   55    61  0   0.9%   0.507 GC:29   +
   56    62  0   0.9%   0.131 CG:29   +
   24   122  0   0.9%   1.609 CG:29   +
   80    96  0   0.9%   1.158 GC:29   +
   10   129  1   1.3%   1.734 CG:28   +
   11    27  0   0.8%   0.603 UA:29   +
    5   121  0   0.8%   0.691 UG:29   +
  139   145  0   0.8%   0.851 AU:29   +
   53    78  0   0.8%   0.697 AU:29   +
   15    37  0   0.8%   0.428 UA:29   +
  141   148  0   0.7%   1.572 GC:29   +
    6   132  0   0.7%   1.063 GC:29   +
    7   131  1   0.7%   1.011 UG:1    UA:27   +
    6    26  0   0.7%   0.292 GU:29   +
   13    20  0   0.7%   0.644 CG:29   +
   55    63  0   0.7%   0.331 GC:29   +
   38    78  0   0.7%   0.597 GU:29   +
   12    21  0   0.7%   0.649 CG:29   +
    5    27  0   0.7%   0.250 UA:29   +
   21   113  0   0.7%   1.713 GC:29   +
    2   113  0   0.7%   0.337 GC:29   +
    3   112  0   0.7%   0.339 CG:29   +
    9   130  2   1.3%   1.450 GC:27   +
   41   114  0   0.6%   1.509 UA:29   +
   40   115  0   0.6%   1.773 CG:29   +
   22    97  0   0.6%   0.906 GC:29   +
   86    98  0   0.6%   0.663 AU:29   +
   53    59  0   0.6%   0.092 AU:29   +
    9    26  2   1.2%   0.561 GU:27   +
    1   114  0   0.6%   0.162 UA:29   +
   40    89  0   0.5%   0.786 CG:29   +
   41    88  0   0.5%   0.795 UA:29   +
   89    95  0   0.5%   0.893 GC:29   +
   90    94  0   0.5%   0.628 GC:29   +
  138   147  0   0.5%   1.453 GC:29   +
   38    95  0   0.5%   0.235 GC:29   +
   18    30  1   0.0%   0.256 CG:1    UG:11   UA:16   +
    6   108  0   0.5%   0.322 GC:29   +
   39    77  1   1.0%   0.916 GC:28   +
    6   113  0   0.5%   0.386 GC:29   +
   18   128  2   1.2%   1.798 UA:27   +
  125   136  0   0.5%   0.503 CG:29   +
  124   137  0   0.5%   1.166 CG:29   +
    5   114  0   0.5%   0.302 UA:29   +
   11    22  0   0.5%   0.601 UG:29   +
   13   121  0   0.5%   1.816 CG:29   +
   12   122  0   0.5%   1.393 CG:29   +
  137   148  0   0.5%   1.814 GC:29   +
    6   147  0   0.5%   1.218 GC:29   +
   19   111  0   0.4%   1.062 GC:29   +
  126   134  0   0.4%   1.010 CG:29   +
   15    19  0   0.4%   0.349 UG:29   +
   45    68  0   0.4%   0.310 AU:29   +
   27    85  0   0.4%   0.235 AU:29   +
  140   149  0   0.4%   1.114 AU:29   +
   28    85  0   0.4%   0.136 AU:29   +
    2   145  0   0.4%   0.798 GU:29   +
  108   122  0   0.4%   1.372 CG:29   +
    7   146  1   0.4%   0.999 UG:1    UA:27   +
    3   144  0   0.4%   0.950 CG:29   +
   26    86  0   0.4%   0.319 UA:29   +
   28    84  0   0.4%   0.091 AU:29   +
  136   149  0   0.4%   1.526 GU:29   +
   29    84  0   0.4%   0.104 AU:29   +
  134   151  0   0.4%   1.074 GC:29   +
   36    96  0   0.3%   0.200 GC:29   +
   35    97  0   0.3%   0.507 GC:29   +
  127   133  0   0.3%   0.816 GU:29   +
   18   129  1   0.3%   2.062 CG:2    UG:26   +
   78    86  0   0.3%   0.839 UA:29   +
   77    87  0   0.3%   0.927 CG:29   +
   24    82  0   0.3%   0.575 CG:29   +
   10   112  0   0.3%   0.602 CG:29   +
   55    59  0   0.3%   0.205 GU:29   +
   79    85  0   0.3%   0.963 AU:29   +
    4   115  0   0.3%   0.110 CG:29   +
    7    27  1   0.8%   0.342 UA:28   +
  128   133  0   0.3%   0.504 AU:29   +
    2   148  0   0.3%   0.814 GC:29   +
   22   108  0   0.3%   1.233 GC:29   +
    6   130  0   0.3%   1.337 GC:29   +
   16   115  0   0.3%   0.904 CG:29   +
    7   129  1   0.3%   1.056 CG:1    UG:27   +
   77    83  0   0.3%   1.247 CG:29   +
   75   116  0   0.3%   1.448 GC:29   +
    6   116  0   0.3%   0.356 GC:29   +
    5   117  0   0.3%   0.275 UA:29   +
   76    84  0   0.2%   0.525 AU:29   +
  130   141  0   0.2%   1.426 CG:29   +
   16    25  0   0.2%   0.821 CG:29   +
   22    99  0   0.2%   1.227 GC:29   +
   34    98  0   0.2%   0.681 GU:29   +
   26    88  0   0.2%   0.322 UA:29   +
  128   143  0   0.2%   1.002 AU:29   +
    5    28  0   0.2%   0.175 UA:29   +
   23    98  0   0.2%   0.670 AU:29   +
   80   108  0   0.2%   1.236 GC:29   +
    4    21  0   0.2%   0.067 CG:29   +
    3    22  0   0.2%   0.197 CG:29   +
   78    82  0   0.2%   1.438 UG:29   +
   73    80  0   0.2%   1.670 CG:29   +
   12   112  0   0.2%   0.505 CG:29   +
   21   126  0   0.2%   2.057 GC:29   +
   22   125  0   0.2%   2.187 GC:29   +
   21   100  0   0.2%   1.172 GC:29   +
    5    20  0   0.2%   0.063 UG:29   +
    4    34  0   0.2%   0.079 CG:29   +
   24    90  0   0.2%   0.588 CG:29   +
   34    97  0   0.2%   0.558 GC:29   +
   35    96  0   0.2%   0.435 GC:29   +
  121   150  0   0.2%   1.168 GC:29   +
   51    77  0   0.2%   0.662 GC:29   +
   36    95  0   0.2%   0.146 GC:29   +
  120   151  0   0.2%   1.259 GC:29   +
  138   145  0   0.2%   1.212 GU:29   +
   32   121  0   0.2%   1.650 CG:29   +
   31   122  0   0.2%   1.728 CG:29   +
   20    31  0   0.2%   0.423 GC:29   +
   75    85  0   0.2%   1.099 GU:29   +
    2    32  0   0.2%   0.254 GC:29   +
    6    32  0   0.2%   0.264 GC:29   +
    4    20  0   0.2%   0.040 CG:29   +
   32   122  0   0.2%   1.608 CG:29   +
   31   123  0   0.2%   1.627 CG:29   +
   19    32  0   0.2%   0.362 GC:29   +
    3    21  0   0.2%   0.177 CG:29   +
    2   116  0   0.2%   0.300 GC:29   +
    5    19  0   0.2%   0.036 UG:29   +
    4   118  0   0.2%   0.108 CG:29   +
   20   101  0   0.2%   1.076 GC:29   +
  123   148  0   0.2%   1.242 GC:29   +
  122   149  0   0.2%   1.100 GU:29   +
    7    42  1   0.2%   0.273 CG:1    UG:27   +
   38    94  0   0.1%   0.165 GC:29   +
   25    32  0   0.1%   0.910 GC:29   +
    5    29  0   0.1%   0.177 UA:29   +
  123   147  0   0.1%   1.223 GC:29   +
  122   148  0   0.1%   1.103 GC:29   +
   42   113  1   0.6%   1.604 GC:28   +
   80    84  0   0.1%   1.127 GU:29   +
    4   136  0   0.1%   0.622 CG:29   +
    8    33  1   0.1%   0.076 GU:2    AU:26   +
    2    24  0   0.1%   0.173 GC:29   +
   35   125  0   0.1%   1.201 GC:29   +
   34   126  0   0.1%   1.567 GC:29   +
   36   124  0   0.1%   1.244 GC:29   +
    3   137  0   0.1%   0.904 CG:29   +
    5   135  0   0.1%   1.044 UA:29   +
  127   132  0   0.1%   0.926 GC:29   +
    3   118  0   0.1%   0.304 CG:29   +
    1   117  0   0.1%   0.130 UA:29   +
   10    14  0   0.1%   0.169 CG:29   +
    2    31  0   0.1%   0.237 GC:29   +
    5    44  0   0.1%   0.184 UA:29   +
   39   116  1   0.6%   1.663 GC:28   +
   36    77  0   0.1%   0.446 GC:29   +
   16   112  0   0.1%   0.916 CG:29   +
   80    97  0   0.1%   1.116 GC:29   +
  104   113  0   0.1%   2.295 GC:29   +
   63    69  0   0.1%   1.205 CG:29   +
   35    78  0   0.1%   0.713 GU:29   +
  121   149  0   0.1%   1.135 GU:29   +
    2   150  0   0.1%   0.804 GC:29   +
   62    70  0   0.1%   1.291 GU:29   +
  120   150  0   0.1%   1.237 GC:29   +
   89    94  0   0.1%   0.816 GC:29   +
   15   117  0   0.1%   0.793 UA:29   +
   10    21  0   0.1%   0.209 CG:29   +
   11    38  0   0.1%   0.438 UG:29   +
   77    82  0   0.1%   1.416 CG:29   +
    2   151  0   0.1%   0.810 GC:29   +
    3    35  0   0.1%   0.250 CG:29   +
    2   147  0   0.1%   0.776 GC:29   +
   22    94  0   0.1%   0.813 GC:29   +
   32    83  0   0.1%   0.925 CG:29   +
  120   126  0   0.1%   1.519 GC:29   +
   32    38  0   0.1%   0.352 CG:29   +
    4    25  0   0.1%   0.111 CG:29   +
   25    96  0   0.1%   0.634 GC:29   +
  121   125  0   0.1%   1.144 GC:29   +
  122   132  0   0.1%   0.956 GC:29   +
  104   108  0   0.1%   1.713 GC:29   +
    3   115  0   0.1%   0.290 CG:29   +
   40   118  0   0.1%   1.765 CG:29   +
  133   140  0   0.1%   0.426 UA:29   +
   41   117  0   0.1%   1.310 UA:29   +
   39   119  1   0.1%   1.455 GC:27   GU:1    +
    1    23  0   0.1%   0.022 UA:29   +
    1   139  0   0.1%   0.503 UA:29   +
   21    95  0   0.1%   0.693 GC:29   +
  130   134  0   0.1%   1.054 CG:29   +
  132   141  0   0.1%   0.932 CG:29   +
   39    94  1   0.6%   0.529 GC:28   +
   24    87  0   0.1%   0.560 CG:29   +
  111   118  0   0.1%   1.974 CG:29   +
   83   108  0   0.1%   1.840 GC:29   +
  121   133  0   0.1%   0.861 GU:29   +
  112   148  0   0.1%   1.693 GC:29   +
   20    96  0   0.1%   0.586 GC:29   +
   51    61  0   0.1%   0.023 GC:29   +
  120   143  0   0.1%   1.471 GU:29   +
   38    96  0   0.1%   0.223 GC:29   +
  121   142  0   0.1%   1.378 GC:29   +
  130   144  0   0.1%   1.413 CG:29   +
   87    96  0   0.1%   0.604 GC:29   +
  103   109  1   0.1%   0.777 UG:2    UA:26   +
    1    25  0   0.1%   0.025 UG:29   +
    6   148  0   0.1%   1.195 GC:29   +
   24   104  0   0.1%   0.817 CG:29   +
   41    51  0   0.1%   0.025 UG:29   +
   40    52  0   0.1%   0.025 CG:29   +
  118   145  0   0.1%   1.886 GU:29   +
   25    97  0   0.1%   0.666 GC:29   +
  128   149  0   0.1%   0.747 AU:29   +
  127   150  0   0.1%   1.070 GC:29   +
   19    97  0   0.1%   0.416 GC:29   +
   24   120  0   0.1%   1.388 CG:29   +
   23    84  0   0.1%   0.504 AU:29   +
   25    94  0   0.1%   0.622 GC:29   +
    5    23  0   0.1%   0.046 UA:29   +
   24    83  0   0.1%   0.552 CG:29   +
   26   118  0   0.1%   1.591 UG:29   +
   26    93  0   0.1%   0.308 UA:29   +
   22    85  0   0.1%   0.803 GU:29   +
   16    21  0   0.1%   0.422 CG:29   +
  104   111  0   0.1%   2.383 GC:29   +
   11    20  0   0.1%   0.039 UG:29   +
   52    78  0   0.1%   1.047 GU:29   +
   12    19  0   0.1%   0.031 CG:29   +
   84   107  0   0.1%   1.745 UA:29   +
    6   111  0   0.1%   0.281 GC:29   +
   20   111  0   0.1%   1.049 GC:29   +
    3    34  0   0.1%   0.238 CG:29   +
  126   144  0   0.1%   1.699 CG:29   +
    7   110  1   0.1%   0.294 UG:2    UA:26   +
   26   104  0   0.1%   0.556 UG:29   +
   50    62  0   0.1%   0.018 UG:29   +
   11    29  0   0.1%   0.432 UA:29   +
  121   132  0   0.1%   0.997 GC:29   +
   80   142  0   0.1%   1.306 GC:29   +
   24   127  0   0.0%   1.667 CG:29   +
   20   116  0   0.0%   1.901 GC:29   +
   79    98  0   0.0%   0.990 AU:29   +
   25   126  0   0.0%   1.946 GC:29   +
   79   143  0   0.0%   0.722 AU:29   +
   11    28  0   0.0%   0.433 UA:29   +
   12    36  0   0.0%   0.394 CG:29   +
    1    29  0   0.0%   0.079 UA:29   +
   13    35  0   0.0%   0.663 CG:29   +
   89   101  0   0.0%   1.722 GC:29   +
   71    78  0   0.0%   1.382 AU:29   +
   72    77  0   0.0%   1.708 GC:29   +
   40    87  0   0.0%   0.711 CG:29   +
   41    86  0   0.0%   0.722 UA:29   +
    2   132  0   0.0%   0.741 GC:29   +
   11    37  0   0.0%   0.422 UA:29   +
   49    63  0   0.0%   0.016 GC:29   +
  136   150  0   0.0%   1.506 GC:29   +
   36    94  0   0.0%   0.117 GC:29   +
   35    95  0   0.0%   0.395 GC:29   +
   34    96  0   0.0%   0.499 GC:29   +
   52    59  0   0.0%   0.018 GU:29   +
   85    91  0   0.0%   0.759 UA:29   +
   77   112  0   0.0%   1.409 CG:29   +
   26    80  0   0.0%   0.264 UG:29   +
  120   133  0   0.0%   0.951 GU:29   +
   52    63  0   0.0%   0.537 GC:29   +
  108   121  0   0.0%   1.378 CG:29   +
   70    79  0   0.0%   1.400 UA:29   +
    2   149  0   0.0%   0.789 GU:29   +
   44    85  0   0.0%   0.590 AU:29   +
   19   132  0   0.0%   1.659 GC:29   +
    6    12  0   0.0%   0.011 GC:29   +
   31    80  0   0.0%   0.431 CG:29   +
  136   151  0   0.0%   1.183 GC:29   +
   52   150  0   0.0%   0.866 GC:29   +
   51   151  0   0.0%   0.673 GC:29   +
  108   115  0   0.0%   1.365 CG:29   +
    4   134  0   0.0%   0.600 CG:29   +
  137   150  0   0.0%   1.765 GC:29   +
  136   142  0   0.0%   1.056 GC:29   +
   19    24  0   0.0%   0.817 GC:29   +
  135   143  0   0.0%   0.911 AU:29   +
    2   126  0   0.0%   0.382 GC:29   +
   82    96  0   0.0%   1.500 GC:29   +
  114   133  0   0.0%   0.573 AU:29   +
   26   102  0   0.0%   0.543 UA:29   +
  113   134  0   0.0%   1.797 CG:29   +
   53   149  0   0.0%   0.438 AU:29   +
  115   132  0   0.0%   0.975 GC:29   +
   80   111  0   0.0%   1.632 GC:29   +
   90   100  0   0.0%   1.688 GC:29   +
   12    25  0   0.0%   0.605 CG:29   +
  138   148  0   0.0%   1.442 GC:29   +
   22    96  0   0.0%   0.814 GC:29   +
    4    19  0   0.0%   0.010 CG:29   +
   14   132  0   0.0%   1.255 GC:29   +
    3    20  0   0.0%   0.150 CG:29   +
  132   138  0   0.0%   0.900 CG:29   +
   24    34  0   0.0%   0.625 CG:29   +
   10    38  0   0.0%   0.484 CG:29   +
  137   149  0   0.0%   1.768 GU:29   +
  126   137  0   0.0%   1.724 CG:29   +
    1    28  0   0.0%   0.073 UA:29   +
  125   138  0   0.0%   1.419 CG:29   +
   19   108  0   0.0%   0.992 GC:29   +
   16    35  0   0.0%   0.321 CG:29   +
  114   145  0   0.0%   0.656 AU:29   +
   34   151  0   0.0%   0.902 GC:29   +
   78   144  0   0.0%   1.121 UG:29   +
   83   100  0   0.0%   1.442 GC:29   +
   82   101  0   0.0%   1.648 GC:29   +
   84    92  0   0.0%   0.772 UG:29   +
    1   127  0   0.0%   0.122 UG:29   +
  133   137  0   0.0%   0.896 UG:29   +
   87    95  0   0.0%   0.552 GC:29   +
   13    38  0   0.0%   0.664 CG:29   +
  137   142  0   0.0%   1.309 GC:29   +
   20   108  0   0.0%   1.016 GC:29   +
    1   120  0   0.0%   0.119 UG:29   +
  138   149  0   0.0%   1.417 GU:29   +
   83    95  0   0.0%   1.252 GC:29   +
  111   136  0   0.0%   1.615 CG:29   +
   24    92  0   0.0%   0.568 CG:29   +
   24    89  0   0.0%   0.554 CG:29   +
   25   124  0   0.0%   2.000 GC:29   +
   45    84  0   0.0%   0.294 AU:29   +
   26   123  0   0.0%   1.544 UG:29   +
   26    34  0   0.0%   0.361 UG:29   +
    4    22  0   0.0%   0.049 CG:29   +
  136   143  0   0.0%   1.059 GU:29   +
    5    21  0   0.0%   0.054 UG:29   +
   77   144  0   0.0%   1.123 CG:29   +
    4   137  0   0.0%   0.617 CG:29   +
   76   145  0   0.0%   0.202 AU:29   +
    3   138  0   0.0%   0.891 CG:29   +
  121   126  0   0.0%   1.413 GC:29   +
  141   145  0   0.0%   1.294 GU:29   +
    5   136  0   0.0%   1.040 UG:29   +
  138   143  0   0.0%   1.277 GU:29   +
   16    38  0   0.0%   0.402 CG:29   +
   78   117  0   0.0%   1.063 UA:29   +
   26   120  0   0.0%   1.491 UG:29   +
   77   118  0   0.0%   1.516 CG:29   +
   26    87  0   0.0%   0.288 UG:29   +
   90    97  0   0.0%   0.972 GC:29   +
  103   110  1   0.0%   1.179 UG:2    UA:26   +
    6    16  0   0.0%   0.011 GC:29   +
  139   143  0   0.0%   0.827 AU:29   +
  114   143  0   0.0%   0.724 AU:29   +
  113   144  0   0.0%   1.792 CG:29   +
  115   142  0   0.0%   0.983 GC:29   +
   21    97  0   0.0%   0.691 GC:29   +
  116   141  0   0.0%   1.069 CG:29   +
   11   123  0   0.0%   1.383 UG:29   +
  138   142  0   0.0%   1.274 GC:29   +
  112   145  0   0.0%   1.481 GU:29   +
   24    36  0   0.0%   0.609 CG:29   +
   92    99  0   0.0%   2.018 GC:29   +
   17   119  1   0.0%   1.387 GC:27   GU:1    +
   34    77  0   0.0%   0.110 GC:29   +
   21   108  0   0.0%   1.109 GC:29   +
  104   116  0   0.0%   1.879 GC:29   +
   15    22  0   0.0%   0.413 UG:29   +
   16    34  0   0.0%   0.328 CG:29   +
   35   150  0   0.0%   0.804 GC:29   +
   21    98  0   0.0%   0.688 GU:29   +
   21   130  0   0.0%   2.047 GC:29   +
   22    32  0   0.0%   1.101 GC:29   +
   21    26  0   0.0%   0.601 GU:29   +
   31    90  0   0.0%   0.773 CG:29   +
    6    13  0   0.0%   0.008 GC:29   +
   34   113  0   0.0%   1.683 GC:29   +
   32   115  0   0.0%   1.518 CG:29   +
   32    89  0   0.0%   0.778 CG:29   +
   13   123  0   0.0%   1.634 CG:29   +
   16   120  0   0.0%   1.252 CG:29   +
   85    90  0   0.0%   0.610 UG:29   +
   92    96  0   0.0%   1.301 GC:29   +
    1    22  0   0.0%   0.007 UG:29   +
   26   122  0   0.0%   1.653 UG:29   +
   93    98  0   0.0%   1.407 AU:29   +
    6   142  0   0.0%   0.991 GC:29   +
   36   111  0   0.0%   1.442 GC:29   +
    2   125  0   0.0%   0.376 GC:29   +
   15   121  0   0.0%   1.706 UG:29   +
   20    99  0   0.0%   0.580 GC:29   +
   89    98  0   0.0%   1.290 GU:29   +
  127   143  0   0.0%   1.289 GU:29   +
   82    97  0   0.0%   1.481 GC:29   +
    4   144  0   0.0%   0.629 CG:29   +
   96   121  0   0.0%   1.394 CG:29   +
   95   122  0   0.0%   1.188 CG:29   +
   38    73  0   0.0%   0.024 GC:29   +
  113   120  0   0.0%   2.362 CG:29   +
   83    96  0   0.0%   1.293 GC:29   +
   94   123  0   0.0%   0.991 CG:29   +
   97   120  0   0.0%   1.533 CG:29   +
  127   147  0   0.0%   1.065 GC:29   +
   52    57  0   0.0%   0.009 GU:29   +
  111   122  0   0.0%   2.276 CG:29   +
   87    98  0   0.0%   0.734 GU:29   +
   13   136  0   0.0%   1.227 CG:29   +
   15   123  0   0.0%   1.547 UG:29   +
  115   130  0   0.0%   1.376 GC:29   +
  132   144  0   0.0%   0.915 CG:29   +
   14   124  0   0.0%   1.640 GC:29   +
   16   122  0   0.0%   1.312 CG:29   +
  133   138  0   0.0%   0.861 UG:29   +
   12   137  0   0.0%   0.850 CG:29   +
  123   132  0   0.0%   1.070 GC:29   +
   52    56  0   0.0%   0.008 GC:29   +
  144   151  0   0.0%   1.139 GC:29   +
    6    10  0   0.0%   0.145 GC:29   +
  123   142  0   0.0%   1.435 GC:29   +
   26    90  0   0.0%   0.309 UG:29   +
   44   143  0   0.0%   0.664 AU:29   +
    6   151  0   0.0%   1.178 GC:29   +
   41    92  0   0.0%   1.330 UG:29   +
  118   151  0   0.0%   1.710 GC:29   +
  144   150  0   0.0%   1.467 GC:29   +
    6   150  0   0.0%   1.178 GC:29   +
   12   134  0   0.0%   0.842 CG:29   +
   17   106  1   0.0%   0.501 GC:27   GU:1    +
   11   135  0   0.0%   1.031 UA:29   +
  118   130  0   0.0%   1.630 GC:29   +
  127   151  0   0.0%   1.057 GC:29   +
   53    57  0   0.0%   0.004 AU:29   +
   10   104  0   0.0%   0.490 CG:29   +
   41    90  0   0.0%   0.926 UG:29   +
  132   137  0   0.0%   0.930 CG:29   +
   10   136  0   0.0%   1.114 CG:29   +
  119   129  1   0.0%   1.516 CG:27   UG:1    +
   77    89  0   0.0%   1.166 CG:29   +
   50    82  0   0.0%   1.177 UG:29   +
   57    62  0   0.0%   0.051 UG:29   +
   15   115  0   0.0%   0.973 UG:29   +
  124   136  0   0.0%   0.841 CG:29   +
   10   118  0   0.0%   0.886 CG:29   +
   78    88  0   0.0%   0.825 UA:29   +
  111   121  0   0.0%   2.319 CG:29   +
  121   151  0   0.0%   1.152 GC:29   +
    3   120  0   0.0%   0.291 CG:29   +
    1   123  0   0.0%   0.118 UG:29   +
  124   141  0   0.0%   1.836 CG:29   +
  122   150  0   0.0%   1.099 GC:29   +
   90   125  0   0.0%   1.114 GC:29   +
   89   126  0   0.0%   1.650 GC:29   +
   12    38  0   0.0%   0.397 CG:29   +
   38   116  0   0.0%   1.275 GC:29   +
   11   117  0   0.0%   0.636 UA:29   +
   87    94  0   0.0%   0.542 GC:29   +
   99   118  0   0.0%   1.675 CG:29   +
   25    95  0   0.0%   0.615 GC:29   +
    5    34  0   0.0%   0.177 UG:29   +
   92   124  0   0.0%   1.720 GC:29   +
   77    92  0   0.0%   1.055 CG:29   +
   69    77  0   0.0%   1.466 GC:29   +
   77    90  0   0.0%   0.909 CG:29   +
   75   113  0   0.0%   1.464 GC:29   +
   84   102  0   0.0%   1.479 UA:29   +
   22    95  0   0.0%   0.808 GC:29   +
   70    76  0   0.0%   0.958 UA:29   +
   14    31  0   0.0%   0.513 GC:29   +
   78    89  0   0.0%   1.155 UG:29   +
   78    91  0   0.0%   1.038 UA:29   +
  134   145  0   0.0%   0.843 GU:29   +
   40    80  0   0.0%   1.020 CG:29   +
   14   116  0   0.0%   1.053 GC:29   +
   19   100  0   0.0%   0.409 GC:29   +
   39    81  1   0.0%   0.483 GC:22   GU:6    +
   84    91  0   0.0%   0.763 UA:29   +
   22   100  0   0.0%   1.230 GC:29   +
   15    20  0   0.0%   0.352 UG:29   +
   58    65  0   0.0%   0.153 GC:29   +
   21   101  0   0.0%   1.159 GC:29   +
   10    19  0   0.0%   0.178 CG:29   +
   56    67  0   0.0%   0.197 CG:29   +
   20    24  0   0.0%   0.837 GC:29   +
    4    35  0   0.0%   0.058 CG:29   +
   36    78  0   0.0%   0.438 GU:29   +
   51    59  0   0.0%   0.007 GU:29   +
   80   116  0   0.0%   1.841 GC:29   +
   11   107  0   0.0%   0.451 UA:29   +
  112   147  0   0.0%   1.684 GC:29   +
   22    26  0   0.0%   0.849 GU:29   +
   55    68  0   0.0%   0.620 GU:29   +
  123   149  0   0.0%   1.210 GU:29   +
  104   126  0   0.0%   1.749 GC:29   +
  133   139  0   0.0%   0.412 UA:29   +
  112   116  0   0.0%   1.779 GC:29   +
   13   122  0   0.0%   1.800 CG:29   +
    2   142  0   0.0%   0.736 GC:29   +
   78   115  0   0.0%   1.573 UG:29   +
   15    36  0   0.0%   0.318 UG:29   +
   47    82  0   0.0%   0.502 CG:29   +
  116   123  0   0.0%   1.516 CG:29   +
   49    61  0   0.0%   0.007 GC:29   +
   31    89  0   0.0%   0.759 CG:29   +
  115   124  0   0.0%   1.447 GC:29   +
    3   134  0   0.0%   0.878 CG:29   +
    5   112  0   0.0%   0.231 UG:29   +
   27    84  0   0.0%   0.171 AU:29   +
    2    47  0   0.0%   0.235 GC:29   +
    1     6  0   0.0%   0.001 UG:29   +
  144   148  0   0.0%   1.441 GC:29   +
   21    96  0   0.0%   0.688 GC:29   +
   10   122  0   0.0%   0.907 CG:29   +
   14   108  0   0.0%   0.701 GC:29   +
   85   105  0   0.0%   1.862 UA:29   +
  125   134  0   0.0%   0.670 CG:29   +
    3    36  0   0.0%   0.238 CG:29   +
    2    73  0   0.0%   0.235 GC:29   +
    3    72  0   0.0%   0.239 CG:29   +
   24    35  0   0.0%   0.542 CG:29   +
   31   121  0   0.0%   1.758 CG:29   +
   32    87  0   0.0%   0.780 CG:29   +
   13   127  0   0.0%   1.777 CG:29   +
    3   141  0   0.0%   0.889 CG:29   +
  108   118  0   0.0%   1.294 CG:29   +
   12   123  0   0.0%   1.199 CG:29   +
   46    85  1   0.0%   1.013 GU:1    AU:27   +
   11   105  0   0.0%   0.424 UA:29   +
    3   121  0   0.0%   0.289 CG:29   +
   12   104  0   0.0%   0.390 CG:29   +
   34    85  0   0.0%   0.646 GU:29   +
   22   126  0   0.0%   2.442 GC:29   +
    4   120  0   0.0%   0.083 CG:29   +
   83   111  0   0.0%   2.504 GC:29   +
   85    93  0   0.0%   1.227 UA:29   +
   20    26  0   0.0%   0.511 GU:29   +
  138   151  0   0.0%   1.269 GC:29   +
    2   133  0   0.0%   0.735 GU:29   +
   82    94  0   0.0%   0.721 GC:29   +
    5   107  0   0.0%   0.169 UA:29   +
   36   149  0   0.0%   0.511 GU:29   +
    5    14  0   0.0%   0.002 UG:29   +
   10    20  0   0.0%   0.189 CG:29   +
   46    70  1   0.0%   0.848 GU:1    AU:27   +
  111   115  0   0.0%   2.027 CG:29   +
   20   132  0   0.0%   1.691 GC:29   +
   36    97  0   0.0%   0.207 GC:29   +
   41    79  0   0.0%   1.021 UA:29   +
   32   120  0   0.0%   1.459 CG:29   +
   51   148  0   0.0%   0.678 GC:29   +
   22   150  0   0.0%   1.794 GC:29   +
   52   147  0   0.0%   0.876 GC:29   +
   21   116  0   0.0%   1.833 GC:29   +
   21   151  0   0.0%   1.398 GC:29   +
  100   121  0   0.0%   1.694 CG:29   +
    6   133  0   0.0%   0.989 GU:29   +
  101   120  0   0.0%   1.293 CG:29   +
  137   143  0   0.0%   1.308 GU:29   +
   23   149  0   0.0%   0.515 AU:29   +
   20   150  0   0.0%   1.449 GC:29   +
   19   151  0   0.0%   1.415 GC:29   +
   38   147  0   0.0%   0.559 GC:29   +
   20   130  0   0.0%   2.096 GC:29   +
   27    41  0   0.0%   0.175 AU:29   +
   15    27  0   0.0%   0.473 UA:29   +
   14   125  0   0.0%   1.298 GC:29   +
   22   116  0   0.0%   2.294 GC:29   +
   11    19  0   0.0%   0.017 UG:29   +
    5   144  0   0.0%   1.050 UG:29   +
   20    97  0   0.0%   0.581 GC:29   +
  122   126  0   0.0%   1.361 GC:29   +
   10   138  0   0.0%   1.104 CG:29   +
   41    93  0   0.0%   1.075 UA:29   +
   70    80  0   0.0%   1.552 UG:29   +
   25   147  0   0.0%   1.313 GC:29   +
   99   122  0   0.0%   1.687 CG:29   +
  123   150  0   0.0%   1.218 GC:29   +
  121   148  0   0.0%   1.135 GC:29   +
  122   147  0   0.0%   1.076 GC:29   +
    1   122  0   0.0%   0.116 UG:29   +
   13   138  0   0.0%   1.719 CG:29   +
   21   149  0   0.0%   1.393 GU:29   +
   35    98  0   0.0%   0.575 GU:29   +
   22   148  0   0.0%   1.807 GC:29   +
  122   151  0   0.0%   1.093 GC:29   +
   15   134  0   0.0%   1.132 UG:29   +
   12   136  0   0.0%   0.849 CG:29   +
    1   128  0   0.0%   0.119 UA:29   +
   11   137  0   0.0%   1.032 UG:29   +
   35    84  0   0.0%   0.560 GU:29   +
   80    95  0   0.0%   0.674 GC:29   +
   99   104  0   0.0%   2.085 CG:29   +
  122   143  0   0.0%   1.310 GU:29   +
   51    56  0   0.0%   0.006 GC:29   +
   11   138  0   0.0%   1.023 UG:29   +
   19   133  0   0.0%   1.510 GU:29   +
    2    12  0   0.0%   0.145 GC:29   +
   14    26  0   0.0%   0.633 GU:29   +
    3   127  0   0.0%   0.517 CG:29   +
   13   115  0   0.0%   1.055 CG:29   +
    3    14  0   0.0%   0.143 CG:29   +
    4   112  0   0.0%   0.085 CG:29   +
   87   100  0   0.0%   0.860 GC:29   +
    4    14  0   0.0%   0.003 CG:29   +
    6   149  0   0.0%   1.172 GU:29   +
   42    81  1   0.0%   0.757 GC:22   GU:6    +
  104   125  0   0.0%   1.478 GC:29   +
   15   107  0   0.0%   0.610 UA:29   +
    2    16  0   0.0%   0.146 GC:29   +
   15    35  0   0.0%   0.323 UG:29   +
  120   149  0   0.0%   1.210 GU:29   +
   98   105  0   0.0%   1.680 UA:29   +
   85   102  0   0.0%   1.464 UA:29   +
   21   148  0   0.0%   1.412 GC:29   +
  100   104  0   0.0%   2.031 CG:29   +
   22   147  0   0.0%   1.815 GC:29   +
   22   101  0   0.0%   1.228 GC:29   +
   56    80  0   0.0%   1.001 CG:29   +
    2    11  0   0.0%   0.145 GU:29   +
   51   101  0   0.0%   0.904 GC:29   +
   50   102  0   0.0%   1.138 UA:29   +
  135   145  0   0.0%   0.814 AU:29   +
   15    34  0   0.0%   0.334 UG:29   +
  114   149  0   0.0%   0.834 AU:29   +
  130   136  0   0.0%   1.163 CG:29   +
   52   100  0   0.0%   1.098 GC:29   +
   78   112  0   0.0%   1.392 UG:29   +
   57    79  0   0.0%   0.803 UA:29   +
   26    91  0   0.0%   0.295 UA:29   +
   50    76  0   0.0%   0.162 UA:29   +
   21   132  0   0.0%   1.640 GC:29   +
  115   148  0   0.0%   1.462 GC:29   +
   11   121  0   0.0%   0.815 UG:29   +
  122   133  0   0.0%   0.802 GU:29   +
   51    57  0   0.0%   0.006 GU:29   +
   63    72  0   0.0%   1.431 CG:29   +
   47    69  0   0.0%   0.505 CG:29   +
  122   130  0   0.0%   1.341 GC:29   +
   62    73  0   0.0%   1.368 GC:29   +
   49    77  0   0.0%   0.616 GC:29   +
   12    34  0   0.0%   0.404 CG:29   +
    3   136  0   0.0%   0.877 CG:29   +
    2    15  0   0.0%   0.145 GU:29   +
    1    34  0   0.0%   0.075 UG:29   +
   88   149  0   0.0%   0.526 AU:29   +
   87   150  0   0.0%   0.749 GC:29   +
  124   144  0   0.0%   1.833 CG:29   +
   14   113  0   0.0%   0.920 GC:29   +
  134   142  0   0.0%   0.933 GC:29   +
   82   113  0   0.0%   2.691 GC:29   +
   89   148  0   0.0%   1.360 GC:29   +
    5   140  0   0.0%   1.028 UA:29   +
   12   115  0   0.0%   0.626 CG:29   +
   90   147  0   0.0%   1.100 GC:29   +
  121   130  0   0.0%   1.392 GC:29   +
   34   116  0   0.0%   1.615 GC:29   +
   13    36  0   0.0%   0.653 CG:29   +
   13   134  0   0.0%   1.217 CG:29   +
  118   132  0   0.0%   1.224 GC:29   +
  101   121  0   0.0%   1.461 CG:29   +
  100   122  0   0.0%   1.632 CG:29   +
  117   133  0   0.0%   0.304 AU:29   +
   55   147  0   0.0%   0.737 GC:29   +
   32   118  0   0.0%   1.556 CG:29   +
   20   149  0   0.0%   1.444 GU:29   +
   41    82  0   0.0%   1.039 UG:29   +
   25   113  0   0.0%   2.084 GC:29   +
  121   147  0   0.0%   1.135 GC:29   +
  120   148  0   0.0%   1.231 GC:29   +
   79    84  0   0.0%   0.932 AU:29   +
   19   150  0   0.0%   1.415 GC:29   +
   40    83  0   0.0%   0.841 CG:29   +
   59    76  0   0.0%   0.626 UA:29   +
  120   142  0   0.0%   1.460 GC:29   +
   26   112  0   0.0%   1.519 UG:29   +
  123   145  0   0.0%   1.352 GU:29   +
    6    11  0   0.0%   0.002 GU:29   +
  123   151  0   0.0%   1.212 GC:29   +
   58    77  0   0.0%   1.106 GC:29   +
    1    37  0   0.0%   0.076 UA:29   +
   97   136  0   0.0%   0.996 CG:29   +
   98   135  0   0.0%   1.295 UA:29   +
   96   137  0   0.0%   0.939 CG:29   +
  116   134  0   0.0%   1.064 CG:29   +
   95   138  0   0.0%   0.785 CG:29   +
   99   134  0   0.0%   1.286 CG:29   +
   13    34  0   0.0%   0.667 CG:29   +
   16    20  0   0.0%   0.326 CG:29   +
  113   123  0   0.0%   2.244 CG:29   +
   21    85  0   0.0%   0.676 GU:29   +
    6   124  0   0.0%   0.577 GC:29   +
   31    36  0   0.0%   0.500 CG:29   +
   34    99  0   0.0%   0.737 GC:29   +
  127   148  0   0.0%   1.072 GC:29   +
   20   133  0   0.0%   1.544 GU:29   +
   20    98  0   0.0%   0.576 GU:29   +
   31    38  0   0.0%   0.427 CG:29   +
    4    38  0   0.0%   0.051 CG:29   +
  112   124  0   0.0%   2.024 GC:29   +
   19    26  0   0.0%   0.488 GU:29   +
  132   136  0   0.0%   0.678 CG:29   +
   13    22  0   0.0%   0.752 CG:29   +
  125   144  0   0.0%   1.419 CG:29   +
   49   150  0   0.0%   0.825 GC:29   +
   35   126  0   0.0%   1.462 GC:29   +
   49   111  0   0.0%   1.404 GC:29   +
    4   141  0   0.0%   0.606 CG:29   +
  104   124  0   0.0%   1.806 GC:29   +
   44    50  0   0.0%   0.014 AU:29   +
   36   125  0   0.0%   0.906 GC:29   +
  108   112  0   0.0%   1.620 CG:29   +
   83   101  0   0.0%   1.439 GC:29   +
   31    87  0   0.0%   0.763 CG:29   +
   12    35  0   0.0%   0.390 CG:29   +
  113   121  0   0.0%   2.257 CG:29   +
   22   130  0   0.0%   2.442 GC:29   +
   78    93  0   0.0%   0.786 UA:29   +
   35   148  0   0.0%   0.815 GC:29   +
   36   147  0   0.0%   0.537 GC:29   +
  111   123  0   0.0%   2.307 CG:29   +
  112   150  0   0.0%   1.673 GC:29   +
  122   142  0   0.0%   1.314 GC:29   +
   25    85  0   0.0%   0.607 GU:29   +
    5    37  0   0.0%   0.160 UA:29   +
   14   126  0   0.0%   1.565 GC:29   +
   85    89  0   0.0%   0.865 UG:29   +
   26    82  0   0.0%   0.276 UG:29   +
   21    94  0   0.0%   0.676 GC:29   +
   26    89  0   0.0%   0.296 UG:29   +
   73    82  0   0.0%   1.698 CG:29   +
    2    40  0   0.0%   0.233 GC:29   +
  141   150  0   0.0%   1.560 GC:29   +
  120   132  0   0.0%   1.089 GC:29   +
    2   111  0   0.0%   0.235 GC:29   +
    3    49  0   0.0%   0.238 CG:29   +
  108   120  0   0.0%   1.200 CG:29   +
   15   114  0   0.0%   0.981 UA:29   +
  112   151  0   0.0%   1.672 GC:29   +
    5   134  0   0.0%   1.021 UG:29   +
   20    95  0   0.0%   0.570 GC:29   +
    3    80  0   0.0%   0.238 CG:29   +
   34   149  0   0.0%   0.892 GU:29   +
   30   152  2   0.0%   0.341 GC:2    GU:10   AU:15   +
    2    50  0   0.0%   0.234 GU:29   +
   75    96  0   0.0%   1.037 GC:29   +
  118   124  0   0.0%   1.701 GC:29   +
   12   120  0   0.0%   0.579 CG:29   +
  121   143  0   0.0%   1.369 GU:29   +
   82   143  0   0.0%   1.740 GU:29   +
   22    84  0   0.0%   0.790 GU:29   +
   24    38  0   0.0%   0.535 CG:29   +
  115   147  0   0.0%   1.463 GC:29   +
   41    53  0   0.0%   0.016 UA:29   +
    1   140  0   0.0%   0.492 UA:29   +
   83   142  0   0.0%   1.456 GC:29   +
    2    13  0   0.0%   0.145 GC:29   +
   94   144  0   0.0%   0.708 CG:29   +
   84   141  0   0.0%   1.497 UG:29   +
   93   145  0   0.0%   0.554 AU:29   +
   27   145  0   0.0%   0.372 AU:29   +
   69   111  0   0.0%   1.667 GC:29   +
   51    73  0   0.0%   0.845 GC:29   +
   19    96  0   0.0%   0.403 GC:29   +
   19    31  0   0.0%   0.367 GC:29   +
   73    87  0   0.0%   1.152 CG:29   +
   80   145  0   0.0%   1.226 GU:29   +
  129   152  1   0.0%   1.146 GC:4    GU:24   +
   10    34  0   0.0%   0.498 CG:29   +
   33    74  1   0.0%   0.223 UG:1    UA:27   +
   32    75  0   0.0%   0.326 CG:29   +
  127   145  0   0.0%   1.209 GU:29   +
   32    36  0   0.0%   0.406 CG:29   +
    2   108  0   0.0%   0.235 GC:29   +
  136   147  0   0.0%   0.809 GC:29   +
   49   108  0   0.0%   0.988 GC:29   +
   80    85  0   0.0%   1.105 GU:29   +
   14   130  0   0.0%   1.635 GC:29   +
   10    83  0   0.0%   0.488 CG:29   +
  116   121  0   0.0%   1.527 CG:29   +
   25   125  0   0.0%   1.669 GC:29   +
   50   107  0   0.0%   1.033 UA:29   +
    5    88  0   0.0%   0.168 UA:29   +
   55   148  0   0.0%   0.731 GC:29   +
   58    63  0   0.0%   0.201 GC:29   +
    4    89  0   0.0%   0.051 CG:29   +
    1   135  0   0.0%   0.486 UA:29   +
   73   118  0   0.0%   1.695 CG:29   +
   85   107  0   0.0%   1.723 UA:29   +
   31    35  0   0.0%   0.436 CG:29   +
    3    90  0   0.0%   0.238 CG:29   +
  141   151  0   0.0%   1.232 GC:29   +
   49    73  0   0.0%   0.835 GC:29   +
   85   140  0   0.0%   1.388 UA:29   +
   50    72  0   0.0%   0.837 UG:29   +
   20   124  0   0.0%   1.583 GC:29   +
    6    77  0   0.0%   0.242 GC:29   +
   15   112  0   0.0%   1.015 UG:29   +
   36   148  0   0.0%   0.529 GC:29   +
    3    19  0   0.0%   0.143 CG:29   +
   38    85  0   0.0%   0.292 GU:29   +
   98   123  0   0.0%   1.570 UG:29   +
    1    19  0   0.0%   0.003 UG:29   +
   78    92  0   0.0%   1.042 UG:29   +
   97   104  0   0.0%   2.037 CG:29   +
   69   108  0   0.0%   1.251 GC:29   +
  134   149  0   0.0%   0.679 GU:29   +
   19    98  0   0.0%   0.407 GU:29   +
   68    76  0   0.0%   0.892 UA:29   +
   67    77  0   0.0%   1.261 GC:29   +
   65    69  0   0.0%   0.870 CG:29   +
   75   142  0   0.0%   0.887 GC:29   +
  104   130  0   0.0%   1.734 GC:29   +
  116   137  0   0.0%   1.069 CG:29   +
   73   144  0   0.0%   1.301 CG:29   +
   80    94  0   0.0%   0.669 GC:29   +
   99   123  0   0.0%   1.565 CG:29   +
   25    98  0   0.0%   0.765 GU:29   +
   19   125  0   0.0%   1.223 GC:29   +
   36   151  0   0.0%   1.232 GC:29   +
    5   139  0   0.0%   1.033 UA:29   +
   70   107  0   0.0%   1.461 UA:29   +
   31   120  0   0.0%   1.599 CG:29   +
   36   116  0   0.0%   1.241 GC:29   +
   76    85  0   0.0%   0.488 AU:29   +
    5    22  0   0.0%   0.043 UG:29   +
  120   145  0   0.0%   1.389 GU:29   +
   84   104  0   0.0%   1.567 UG:29   +
   63    80  0   0.0%   1.073 CG:29   +
   26   127  0   0.0%   1.646 UG:29   +
   19    99  0   0.0%   0.408 GC:29   +
   35    40  0   0.0%   0.033 GC:29   +
   11    82  0   0.0%   0.422 UG:29   +
   25   101  0   0.0%   0.864 GC:29   +
   82   126  0   0.0%   2.155 GC:29   +
   61    82  0   0.0%   1.413 CG:29   +
   10   144  0   0.0%   1.602 CG:29   +
  103   131  1   0.0%   1.368 UG:1    UA:27   +
    6   143  0   0.0%   0.989 GU:29   +
   77   141  0   0.0%   1.126 CG:29   +
  101   115  0   0.0%   1.451 CG:29   +
   49   113  0   0.0%   1.303 GC:29   +
   50   112  0   0.0%   1.138 UG:29   +
   34   148  0   0.0%   0.911 GC:29   +
   35   147  0   0.0%   0.823 GC:29   +
   51   111  0   0.0%   1.243 GC:29   +
   35   101  0   0.0%   1.382 GC:29   +
   10    80  0   0.0%   0.488 CG:29   +
   34   150  0   0.0%   0.897 GC:29   +
  112   126  0   0.0%   1.966 GC:29   +
    1   134  0   0.0%   0.486 UG:29   +
   34    41  0   0.0%   0.116 GU:29   +
   78   140  0   0.0%   1.035 UA:29   +
    4    51  0   0.0%   0.051 CG:29   +
   91   149  0   0.0%   0.986 AU:29   +
   90   150  0   0.0%   1.084 GC:29   +
   87   108  0   0.0%   1.016 GC:29   +
   41    87  0   0.0%   0.705 UG:29   +
   50    55  0   0.0%   0.005 UG:29   +
    3    52  0   0.0%   0.238 CG:29   +
   35   111  0   0.0%   1.720 GC:29   +
   89   151  0   0.0%   1.349 GC:29   +
   49    56  0   0.0%   0.005 GC:29   +
   92   148  0   0.0%   1.370 GC:29   +
   58    78  0   0.0%   1.103 GU:29   +
   11    25  0   0.0%   0.582 UG:29   +
   84    90  0   0.0%   0.621 UG:29   +
   83    97  0   0.0%   1.273 GC:29   +
  116   120  0   0.0%   1.632 CG:29   +
  120   130  0   0.0%   1.495 GC:29   +
   35   149  0   0.0%   0.796 GU:29   +
  134   147  0   0.0%   0.690 GC:29   +
    1    82  0   0.0%   0.076 UG:29   +
   26    92  0   0.0%   0.297 UG:29   +
   25    77  0   0.0%   0.583 GC:29   +
   35    94  0   0.0%   0.388 GC:29   +
  137   145  0   0.0%   1.211 GU:29   +
   34    95  0   0.0%   0.482 GC:29   +
   54   149  0   0.0%   0.634 AU:29   +
  133   144  0   0.0%   0.875 UG:29   +
   75    84  0   0.0%   1.083 GU:29   +
   78    87  0   0.0%   0.896 UG:29   +
    4    75  0   0.0%   0.051 CG:29   +
   26    76  0   0.0%   0.254 UA:29   +
   15    38  0   0.0%   0.362 UG:29   +
   11    79  0   0.0%   0.422 UA:29   +
   51   108  0   0.0%   0.827 GC:29   +
   92   142  0   0.0%   1.248 GC:29   +
    1   112  0   0.0%   0.076 UG:29   +
    1   138  0   0.0%   0.486 UG:29   +
  144   149  0   0.0%   1.481 GU:29   +
   91   143  0   0.0%   0.876 AU:29   +
   73    83  0   0.0%   1.496 CG:29   +
   68    82  0   0.0%   1.537 UG:29   +
   75   111  0   0.0%   1.563 GC:29   +
  111   134  0   0.0%   1.852 CG:29   +
    6    73  0   0.0%   0.242 GC:29   +
   36   100  0   0.0%   1.103 GC:29   +
   72    84  0   0.0%   1.446 GU:29   +
   15   102  0   0.0%   0.350 UA:29   +
   25   100  0   0.0%   0.866 GC:29   +
    7   109  1   0.0%   0.305 UG:2    UA:26   +
   71    85  0   0.0%   1.092 AU:29   +
   72   145  0   0.0%   1.148 GU:29   +
  111   127  0   0.0%   2.225 CG:29   +
   35   124  0   0.0%   1.503 GC:29   +
   34   125  0   0.0%   1.270 GC:29   +
   13   104  0   0.0%   0.653 CG:29   +
   14   133  0   0.0%   1.212 GU:29   +
   47    52  0   0.0%   0.006 CG:29   +
  112   133  0   0.0%   1.397 GU:29   +
   41    75  0   0.0%   1.015 UG:29   +
  100   137  0   0.0%   1.239 CG:29   +
   99   138  0   0.0%   1.285 CG:29   +
  101   136  0   0.0%   0.755 CG:29   +
   92    98  0   0.0%   2.021 GU:29   +
   70    86  0   0.0%   0.984 UA:29   +
   78    83  0   0.0%   1.219 UG:29   +
   40    49  0   0.0%   0.010 CG:29   +
   37    84  0   0.0%   0.293 AU:29   +
  112   130  0   0.0%   1.951 GC:29   +
   82   100  0   0.0%   1.643 GC:29   +
    1   121  0   0.0%   0.115 UG:29   +
  116   122  0   0.0%   1.483 CG:29   +
   82   125  0   0.0%   1.885 GC:29   +
    1   118  0   0.0%   0.113 UG:29   +
   69    73  0   0.0%   1.757 GC:29   +
   83    99  0   0.0%   1.420 GC:29   +
   23    85  0   0.0%   0.499 AU:29   +
  113   122  0   0.0%   2.213 CG:29   +
  101   112  0   0.0%   1.710 CG:29   +
   26    83  0   0.0%   0.262 UG:29   +
   36    85  0   0.0%   0.267 GU:29   +
   31   115  0   0.0%   1.657 CG:29   +
   32   123  0   0.0%   1.476 CG:29   +
   73   112  0   0.0%   1.659 CG:29   +
   24   144  0   0.0%   1.285 CG:29   +
   47    58  0   0.0%   0.001 CG:29   +
   72   113  0   0.0%   1.813 GC:29   +
   32   112  0   0.0%   1.492 CG:29   +
   70    82  0   0.0%   1.605 UG:29   +
    4    82  0   0.0%   0.051 CG:29   +
   11    36  0   0.0%   0.412 UG:29   +
   23   145  0   0.0%   0.690 AU:29   +
   25   116  0   0.0%   2.018 GC:29   +
  120   125  0   0.0%   1.230 GC:29   +
    6    15  0   0.0%   0.006 GU:29   +
   17    81  1   0.0%   0.035 GC:22   GU:6    +
   75   147  0   0.0%   1.020 GC:29   +
   16    82  0   0.0%   0.387 CG:29   +
   49   151  0   0.0%   0.825 GC:29   +
   38   108  0   0.0%   1.057 GC:29   +
   26   115  0   0.0%   1.542 UG:29   +
   83   124  0   0.0%   1.926 GC:29   +
   80   124  0   0.0%   1.769 GC:29   +
   51    65  0   0.0%   0.322 GC:29   +
  118   150  0   0.0%   1.707 GC:29   +
    1   107  0   0.0%   0.076 UA:29   +
  103   129  1   0.0%   1.336 CG:1    UG:27   +
  128   145  0   0.0%   0.895 AU:29   +
  124   134  0   0.0%   1.084 CG:29   +
   84    88  0   0.0%   0.548 UA:29   +
   26    35  0   0.0%   0.276 UG:29   +
  130   137  0   0.0%   1.413 CG:29   +
   46    59  1   0.0%   0.000 GU:1    AU:27   +
  101   118  0   0.0%   1.386 CG:29   +
  113   141  0   0.0%   1.796 CG:29   +
   69   147  0   0.0%   1.107 GC:29   +
  100   120  0   0.0%   1.525 CG:29   +
   83   125  0   0.0%   1.597 GC:29   +
   84   123  0   0.0%   1.771 UG:29   +
  112   142  0   0.0%   1.553 GC:29   +
   99   121  0   0.0%   1.748 CG:29   +
   11   112  0   0.0%   0.506 UG:29   +
    5    36  0   0.0%   0.160 UG:29   +
   61    72  0   0.0%   1.718 CG:29   +
   53    70  0   0.0%   0.621 AU:29   +
   98   139  0   0.0%   1.208 UA:29   +
  134   148  0   0.0%   0.702 GC:29   +
    1    14  0   0.0%   0.003 UG:29   +
   27    98  0   0.0%   0.334 AU:29   +
  134   143  0   0.0%   0.933 GU:29   +
   89    99  0   0.0%   1.281 GC:29   +
   61    75  0   0.0%   1.369 CG:29   +
    4   138  0   0.0%   0.607 CG:29   +
  100   118  0   0.0%   1.619 CG:29   +
   78    90  0   0.0%   0.896 UG:29   +
   15   136  0   0.0%   1.388 UG:29   +
   82    98  0   0.0%   1.561 GU:29   +
   34   108  0   0.0%   1.398 GC:29   +
   83   113  0   0.0%   2.403 GC:29   +
    3    83  0   0.0%   0.238 CG:29   +
    5   137  0   0.0%   1.038 UG:29   +
   20   151  0   0.0%   1.449 GC:29   +
   40    55  0   0.0%   0.015 CG:29   +
   21   150  0   0.0%   1.398 GC:29   +
   84    89  0   0.0%   0.879 UG:29   +
   33   109  1   0.0%   0.972 UG:2    UA:26   +
   34   100  0   0.0%   0.753 GC:29   +
    1   144  0   0.0%   0.492 UG:29   +
  133   141  0   0.0%   0.888 UG:29   +
   34    73  0   0.0%   0.106 GC:29   +
   47    51  0   0.0%   0.006 CG:29   +
   78   107  0   0.0%   1.282 UA:29   +
   31   112  0   0.0%   1.634 CG:29   +
   97   141  0   0.0%   1.242 CG:29   +
   94   141  0   0.0%   0.715 CG:29   +
    4   104  0   0.0%   0.051 CG:29   +
  108   134  0   0.0%   1.101 CG:29   +
    2    84  0   0.0%   0.235 GU:29   +
   35    85  0   0.0%   0.548 GU:29   +
   41    54  0   0.0%   0.015 UA:29   +
   91   145  0   0.0%   0.803 AU:29   +
   15    28  0   0.0%   0.334 UA:29   +
   83   132  0   0.0%   1.447 GC:29   +
   57   114  0   0.0%   0.743 UA:29   +
   58   113  0   0.0%   1.207 GC:29   +
   32   127  0   0.0%   1.568 CG:29   +
   56   115  0   0.0%   1.045 CG:29   +
   35    99  0   0.0%   0.644 GC:29   +
   47    75  0   0.0%   0.478 CG:29   +
  108   144  0   0.0%   1.098 CG:29   +
   98   122  0   0.0%   1.692 UG:29   +
   14    40  0   0.0%   0.454 GC:29   +
   55   116  0   0.0%   1.134 GC:29   +
   85   122  0   0.0%   1.873 UG:29   +
   84   112  0   0.0%   2.207 UG:29   +
   82   133  0   0.0%   1.588 GU:29   +
   36    84  0   0.0%   0.279 GU:29   +
   26    36  0   0.0%   0.340 UG:29   +
    5    45  0   0.0%   0.168 UA:29   +
   97   123  0   0.0%   1.517 CG:29   +
   38   125  0   0.0%   0.927 GC:29   +
  141   149  0   0.0%   1.577 GU:29   +
   40    51  0   0.0%   0.010 CG:29   +
   16   127  0   0.0%   1.285 CG:29   +
   16    75  0   0.0%   0.387 CG:29   +
   52   148  0   0.0%   0.870 GC:29   +
   89   125  0   0.0%   1.378 GC:29   +
   90   124  0   0.0%   1.441 GC:29   +
   55    78  0   0.0%   1.092 GU:29   +
   79   145  0   0.0%   0.646 AU:29   +
  107   145  0   0.0%   0.688 AU:29   +
   59   112  0   0.0%   1.232 UG:29   +
   52   108  0   0.0%   1.020 GC:29   +
   15    76  0   0.0%   0.350 UA:29   +
    3    69  0   0.0%   0.238 CG:29   +
    2    70  0   0.0%   0.234 GU:29   +
   11    35  0   0.0%   0.419 UG:29   +
   14    77  0   0.0%   0.444 GC:29   +
    1    49  0   0.0%   0.075 UG:29   +
  112   149  0   0.0%   1.667 GU:29   +
   40   123  0   0.0%   1.650 CG:29   +
   38   124  0   0.0%   1.256 GC:29   +
  123   133  0   0.0%   0.920 GU:29   +
   92   125  0   0.0%   1.390 GC:29   +
   47   121  0   0.0%   1.167 CG:29   +
   20   148  0   0.0%   1.462 GC:29   +
   28    78  0   0.0%   0.025 AU:29   +
   21   147  0   0.0%   1.420 GC:29   +
   73   104  0   0.0%   1.748 CG:29   +
    1   141  0   0.0%   0.492 UG:29   +
   51   149  0   0.0%   0.659 GU:29   +
   74   103  1   0.0%   0.959 GU:1    AU:27   +
   36    41  0   0.0%   0.097 GU:29   +
   38   151  0   0.0%   1.253 GC:29   +
   32   136  0   0.0%   0.956 CG:29   +
   10    36  0   0.0%   0.477 CG:29   +
   40   144  0   0.0%   1.363 CG:29   +
  123   143  0   0.0%   1.429 GU:29   +
   90    98  0   0.0%   1.024 GU:29   +
   15    21  0   0.0%   0.435 UG:29   +
   31   137  0   0.0%   1.347 CG:29   +
   44    84  0   0.0%   0.590 AU:29   +
   97   122  0   0.0%   1.639 CG:29   +
   75    94  0   0.0%   0.670 GC:29   +
   41   122  0   0.0%   1.764 UG:29   +
   28    98  0   0.0%   0.214 AU:29   +
   93   143  0   0.0%   0.626 AU:29   +
   26    79  0   0.0%   0.254 UA:29   +
   73    89  0   0.0%   1.426 CG:29   +
    1    71  0   0.0%   0.075 UA:29   +
   55   142  0   0.0%   0.604 GC:29   +
   56   141  0   0.0%   0.665 CG:29   +
   16   123  0   0.0%   1.143 CG:29   +
  108   136  0   0.0%   0.860 CG:29   +
   96   123  0   0.0%   1.209 CG:29   +
   10   127  0   0.0%   1.551 CG:29   +
   78   104  0   0.0%   1.476 UG:29   +
   50   118  0   0.0%   1.174 UG:29   +
   19   149  0   0.0%   1.410 GU:29   +
   57   140  0   0.0%   0.538 UA:29   +
   24    80  0   0.0%   0.521 CG:29   +
  136   145  0   0.0%   0.961 GU:29   +
   22   149  0   0.0%   1.788 GU:29   +
   15   128  0   0.0%   1.389 UA:29   +
  111   144  0   0.0%   1.850 CG:29   +
  116   136  0   0.0%   0.820 CG:29   +
   75   148  0   0.0%   1.013 GC:29   +
   27    78  0   0.0%   0.165 AU:29   +
   29    41  0   0.0%   0.029 AU:29   +
   33    42  1   0.0%   0.233 CG:1    UG:27   +
   35   133  0   0.0%   0.895 GU:29   +
   36   132  0   0.0%   0.756 GC:29   +
   54   143  0   0.0%   0.520 AU:29   +
   25   143  0   0.0%   1.531 GU:29   +
   71   145  0   0.0%   0.813 AU:29   +
    1   136  0   0.0%   0.486 UG:29   +
  130   138  0   0.0%   1.377 CG:29   +
    4    49  0   0.0%   0.051 CG:29   +
   24   115  0   0.0%   1.439 CG:29   +
   49   147  0   0.0%   0.844 GC:29   +
    2   143  0   0.0%   0.735 GU:29   +
   34    84  0   0.0%   0.656 GU:29   +
   38    98  0   0.0%   1.049 GU:29   +
  101   122  0   0.0%   1.399 CG:29   +
   72    78  0   0.0%   1.701 GU:29   +
   29    98  0   0.0%   0.307 AU:29   +
   95   121  0   0.0%   1.247 CG:29   +
   90   126  0   0.0%   1.384 GC:29   +
   96   120  0   0.0%   1.223 CG:29   +
   75   150  0   0.0%   1.003 GC:29   +
   94   122  0   0.0%   1.110 CG:29   +
   52   151  0   0.0%   0.863 GC:29   +
   98   121  0   0.0%   1.754 UG:29   +
  127   142  0   0.0%   1.291 GC:29   +
   77   122  0   0.0%   1.525 CG:29   +
  100   123  0   0.0%   1.510 CG:29   +
   99   120  0   0.0%   1.580 CG:29   +
  126   138  0   0.0%   1.686 CG:29   +
   13    82  0   0.0%   0.652 CG:29   +
    1    21  0   0.0%   0.003 UG:29   +
   69   130  0   0.0%   1.377 GC:29   +
   14    32  0   0.0%   0.475 GC:29   +
   67   132  0   0.0%   0.766 GC:29   +
   45    78  0   0.0%   0.547 AU:29   +
  112   132  0   0.0%   1.544 GC:29   +
   98   140  0   0.0%   1.205 UA:29   +
    7   107  1   0.5%   0.333 UA:28   +
   17   113  1   0.4%   0.586 GC:28   +
   17   130  1   0.4%   1.315 GC:28   +
   29   103  1   0.3%   0.479 AU:28   +
    9    18  2   0.1%   0.193 GC:2    GU:25   +
   18   110  2   0.1%   0.864 UG:2    UA:25   +
   17    24  1   0.3%   0.562 GC:28   +
  129   142  1   0.2%   1.448 GC:28   +
    8    18  2   0.0%   0.014 GU:2    AU:25   +
   18   109  2   0.0%   0.703 UG:2    UA:25   +
    9   119  2   0.0%   0.749 GC:26   GU:1    +
    9   106  2   0.0%   0.343 GC:26   GU:1    +
    9    43  2   0.0%   0.350 GC:26   GU:1    +
    8   152  2   0.0%   0.326 GC:2    AU:25   +
    9    81  2   0.0%   0.340 GC:21   GU:6    +
    9    33  2   0.0%   0.341 GC:1    GU:26   +
   10    17  1   0.2%   0.188 CG:28   +
    9   113  2   0.3%   0.464 GC:27   +
   10    39  1   0.1%   0.505 CG:28   +
   39    95  1   0.1%   0.520 GC:28   +
   28   103  1   0.1%   0.346 AU:28   +
   17   111  1   0.1%   0.634 GC:28   +
   18    23  2   0.3%   0.693 UA:27   +
  103   114  1   0.1%   1.205 UA:28   +
   42   116  1   0.1%   1.522 GC:28   +
   31    39  1   0.1%   0.443 CG:28   +
   27   103  1   0.1%   0.453 AU:28   +
   33    37  1   0.1%   0.274 UA:28   +
   42    50  1   0.1%   0.025 GU:28   +
   64    68  1   0.1%   1.053 AU:28   +
  129   148  1   0.1%   1.214 GC:28   +
  129   145  1   0.1%   1.349 GU:28   +
    7    28  1   0.0%   0.206 UA:28   +
   27    33  1   0.0%   0.382 AU:28   +
   42    85  1   0.0%   0.867 GU:28   +
   16   129  1   0.0%   1.302 CG:28   +
    7   128  1   0.0%   0.717 UA:28   +
   13    39  1   0.0%   0.666 CG:28   +
   28    33  1   0.0%   0.243 AU:28   +
   23    33  1   0.0%   0.703 AU:28   +
   12    39  1   0.0%   0.400 CG:28   +
  129   151  1   0.0%   1.189 GC:28   +
   23   103  1   0.0%   0.757 AU:28   +
    7   117  1   0.0%   0.352 UA:28   +
   33   114  1   0.0%   1.279 UA:28   +
  103   117  1   0.0%   0.937 UA:28   +
   42   145  1   0.0%   0.914 GU:28   +
   33    88  1   0.0%   0.583 UA:28   +
  116   129  1   0.0%   1.404 CG:28   +
    7    29  1   0.0%   0.199 UA:28   +
   13    17  1   0.0%   0.020 CG:28   +
   50    60  1   0.0%   0.007 UA:28   +
   59    64  1   0.0%   0.322 UA:28   +
   29    33  1   0.0%   0.236 AU:28   +
   17    31  1   0.0%   0.103 GC:28   +
   42    94  1   0.0%   0.747 GC:28   +
   33    86  1   0.0%   0.587 UA:28   +
   88   103  1   0.0%   0.883 AU:28   +
  125   129  1   0.0%   1.100 CG:28   +
    5   129  1   0.0%   1.506 UG:28   +
    7   105  1   0.0%   0.255 UA:28   +
   26    42  1   0.0%   0.265 UG:28   +
   17    99  1   0.0%   0.036 GC:28   +
   24   129  1   0.0%   1.635 CG:28   +
    3    17  1   0.0%   0.144 CG:28   +
   12    17  1   0.0%   0.020 CG:28   +
   32   129  1   0.0%   1.539 CG:28   +
   33   128  1   0.0%   1.277 UA:28   +
   33   117  1   0.0%   1.125 UA:28   +
   39    78  1   0.0%   0.856 GU:28   +
   32    39  1   0.0%   0.344 CG:28   +
   42    95  1   0.0%   0.751 GC:28   +
    3    39  1   0.0%   0.238 CG:28   +
   10    42  1   0.0%   0.498 CG:28   +
   31   129  1   0.0%   1.680 CG:28   +
  103   107  1   0.0%   1.228 UA:28   +
   39    84  1   0.0%   0.598 GU:28   +
    7   114  1   0.0%   0.365 UA:28   +
    1   129  1   0.0%   0.119 UG:28   +
    7    86  1   0.0%   0.254 UA:28   +
  103   128  1   0.0%   1.057 UA:28   +
   17   151  1   0.0%   1.160 GC:28   +
  129   147  1   0.0%   1.194 GC:28   +
    7    76  1   0.0%   0.254 UA:28   +
   64    70  1   0.0%   1.113 AU:28   +
   39   108  1   0.0%   1.352 GC:28   +
   39    97  1   0.0%   1.258 GC:28   +
   33   105  1   0.0%   1.218 UA:28   +
   15    39  1   0.0%   0.362 UG:28   +
   17   100  1   0.0%   0.035 GC:28   +
   42   142  1   0.0%   0.986 GC:28   +
    7    79  1   0.0%   0.254 UA:28   +
   33    44  1   0.0%   0.231 UA:28   +
   57    64  1   0.0%   0.155 UA:28   +
   42    78  1   0.0%   1.130 GU:28   +
  113   129  1   0.0%   2.130 CG:28   +
    4    17  1   0.0%   0.003 CG:28   +
  129   150  1   0.0%   1.195 GC:28   +
   15   129  1   0.0%   1.699 UG:28   +
   17   126  1   0.0%   1.182 GC:28   +
    7   139  1   0.0%   0.565 UA:28   +
   39   148  1   0.0%   1.594 GC:28   +
   39   124  1   0.0%   1.588 GC:28   +
   17   101  1   0.0%   0.035 GC:28   +
   79   103  1   0.0%   0.819 AU:28   +
   16    39  1   0.0%   0.399 CG:28   +
   24    39  1   0.0%   0.533 CG:28   +
   33   135  1   0.0%   1.219 UA:28   +
   17    32  1   0.0%   0.065 GC:28   +
   39   150  1   0.0%   1.581 GC:28   +
   54   103  1   0.0%   0.628 AU:28   +
  101   129  1   0.0%   1.339 CG:28   +
   11    39  1   0.0%   0.431 UG:28   +
    9    40  2   0.2%   0.360 GC:27   +
    9    32  2   0.1%   0.371 GC:27   +
    9    15  2   0.1%   0.170 GU:27   +
    9   111  2   0.1%   0.368 GC:27   +
    9   125  2   0.1%   1.002 GC:27   +
    9    16  2   0.1%   0.168 GC:27   +
    9    31  2   0.0%   0.390 GC:27   +
    4     9  2   0.0%   0.150 CG:27   +
    9   108  2   0.0%   0.373 GC:27   +
   18   105  2   0.0%   0.748 UA:27   +
    9    13  2   0.0%   0.148 GC:27   +
    1     9  2   0.0%   0.004 UG:27   +
    9   126  2   0.0%   1.265 GC:27   +
    9   132  2   0.0%   1.006 GC:27   +
    5     9  2   0.0%   0.145 UG:27   +
    9   148  2   0.0%   1.242 GC:27   +
   18    27  2   0.0%   0.352 UA:27   +
    9    84  2   0.0%   0.340 GU:27   +
    9   151  2   0.0%   1.227 GC:27   +
    9    77  2   0.0%   0.340 GC:27   +
    9   145  2   0.0%   1.399 GU:27   +
    9   147  2   0.0%   1.250 GC:27   +
    9   143  2   0.0%   1.469 GU:27   +
   18    37  2   0.0%   0.318 UA:27   +
............((((.....))))........((((((((((..((((((...........))))))...))))....(((((((..((((....))))..))))....))).(((((....(((.........)))..))))).))))))
