26 sequence; length of alignment 94
alifold output
   14    57  0  99.9%   0.004 CG:21   UG:5   
   13    58  0  99.8%   0.006 GU:7    AU:19  
   11    60  0  99.5%   0.021 CG:25   UG:1   
    5    67  0  99.9%   0.010 GC:26  
    6    66  0  99.8%   0.012 UA:26  
    8    64  0  99.8%   0.007 AU:26  
    7    65  1  99.8%   0.013 UG:2    UA:23  
   12    59  0  99.8%   0.013 UA:26  
    9    63  0  99.5%   0.023 GC:26  
   15    56  1  99.6%   0.022 GC:25  
   82    90  0  98.6%   0.085 GC:26  
   80    92  0  98.6%   0.086 GC:26  
   81    91  0  98.6%   0.087 AU:26  
   79    93  0  95.2%   0.175 GU:3    AU:23  
   83    89  1  96.4%   0.149 AU:25  
    4    68  0  95.6%   0.140 UA:26  
   16    55  0  95.4%   0.229 UA:26  
   35    44  0  80.0%   0.968 UG:1    UA:25  
   33    46  0  79.9%   0.610 UG:26  
   36    43  0  79.8%   1.287 CG:26  
   34    45  0  79.7%   0.896 UA:26  
   32    47  0  78.2%   0.859 GC:26  
    3    69  0  69.5%   0.766 CG:2    UG:24  
   78    94  0  57.0%   0.982 UG:26  
   31    48  0  54.8%   1.591 AU:26  
   21    50  0  32.7%   1.538 CG:24   UG:2   
   22    49  0  32.2%   1.487 GC:1    GU:25  
   19    52  0  30.9%   1.313 AU:26  
   18    53  0  24.9%   1.422 GU:26  
    2    70  1  20.0%   0.994 GU:24   AU:1    +
   21    42  0  18.2%   1.010 CG:24   UG:2    +
   22    41  0  18.2%   0.947 GC:26   +
   20    43  0  18.1%   0.961 CG:26   +
   27    36  0  18.0%   1.031 GC:26   +
   23    40  0  17.5%   0.929 AU:26   +
   28    35  0  17.4%   0.928 AU:26   +
   24    50  0  17.2%   1.552 CG:26   +
   25    49  1  17.1%   1.417 AU:25   +
   23    48  0  12.5%   1.239 AU:26   +
   22    51  0  12.4%   1.644 GC:26   +
   26    52  0  10.9%   1.485 GU:1    AU:25   +
   27    51  0  11.4%   1.714 GC:26   +
    1    71  0  11.2%   0.764 AU:26   +
   29    34  1  10.9%   0.737 AU:25   +
   30    50  0   7.8%   1.378 CG:26   +
   26    48  0   6.7%   0.954 GU:1    AU:25   +
   17    24  0   7.1%   0.591 GC:26   +
   25    53  0   6.6%   1.330 AU:26   +
   44    53  0   3.4%   1.274 GU:1    AU:25   +
   18    47  0   4.0%   0.445 GC:26   +
   17    48  0   3.9%   0.635 GU:26   +
   18    51  0   3.9%   0.596 GC:26   +
   46    51  0   3.8%   1.251 GC:26   +
   45    52  0   3.8%   1.485 AU:26   +
   17    52  0   3.5%   0.781 GU:26   +
   27    47  0   3.3%   0.904 GC:26   +
   31    49  1   3.6%   1.574 AU:25   +
   21    27  0   1.8%   0.250 CG:24   UG:2    +
   34    44  0   1.3%   0.426 UG:1    UA:25   +
   37    49  0   0.0%   1.069 GC:1    GU:24   AU:1    +
   74    80  0   0.8%   0.137 CG:2    UG:24   +
   36    42  0   1.6%   0.822 CG:26   +
   75    79  0   0.5%   0.098 UG:3    UA:23   +
   35    43  0   1.4%   0.804 UG:26   +
   29    49  2   1.9%   1.285 AU:24   +
   70    76  0   0.2%   0.392 UG:1    UA:25   +
   27    49  0   0.2%   1.330 GC:1    GU:25   +
   28    52  0   1.2%   1.311 AU:26   +
   26    53  0   0.1%   1.081 GU:1    AU:25   +
   20    50  0   1.1%   0.493 CG:26   +
   17    21  0   0.1%   0.028 GC:24   GU:2    +
   86    93  0   0.1%   0.098 GU:1    AU:25   +
   18    49  0   0.1%   0.187 GC:1    GU:25   +
   11    18  0   0.1%   0.019 CG:25   UG:1    +
   71    76  0   0.1%   0.294 UG:1    UA:25   +
   17    49  0   0.1%   0.394 GC:1    GU:25   +
   69    74  0   0.1%   0.285 GC:2    GU:24   +
   16    25  0   1.0%   0.156 UA:26   +
   33    44  0   0.0%   0.022 UG:1    UA:25   +
   26    35  0   0.0%   0.016 GU:1    AU:25   +
   34    38  0   0.0%   0.259 UG:1    UA:25   +
   17    53  0   1.0%   0.690 GU:26   +
   64    79  0   0.0%   0.006 UG:3    UA:23   +
   26    73  0   0.0%   0.477 GU:1    AU:25   +
   72    76  0   0.0%   0.056 UG:1    UA:25   +
   72    79  0   0.0%   0.039 UG:3    UA:23   +
   74    94  0   0.0%   0.064 CG:2    UG:24   +
   79    91  0   0.0%   0.034 GU:3    AU:23   +
   21    57  0   0.0%   0.760 CG:24   UG:2    +
   26    34  0   0.0%   0.008 GU:1    AU:25   +
   73    79  0   0.0%   0.028 UG:3    UA:23   +
   76    93  0   0.0%   0.024 GU:1    AU:25   +
   38    62  0   0.0%   0.008 GU:1    AU:25   +
   17    51  0   1.0%   0.525 GC:26   +
   26    33  0   0.0%   0.006 GU:1    AU:25   +
   44    52  0   0.0%   1.127 GU:1    AU:25   +
   16    26  0   0.0%   0.060 UG:1    UA:25   +
   70    79  0   0.0%   0.367 UG:3    UA:23   +
   71    79  0   0.0%   0.271 UG:3    UA:23   +
   44    48  0   0.0%   1.168 GU:1    AU:25   +
   74    82  0   0.0%   0.102 CG:2    UG:24   +
   64    86  0   0.0%   0.006 UG:1    UA:25   +
   11    27  0   0.0%   0.007 CG:25   UG:1    +
   12    26  0   0.0%   0.010 UG:1    UA:25   +
   26    64  0   0.0%   0.455 GU:1    AU:25   +
   26    93  0   0.0%   0.454 GU:1    AU:25   +
   58    76  0   0.0%   0.006 UG:1    UA:25   +
   60    74  0   0.0%   0.025 GC:2    GU:24   +
    5    21  0   0.0%   0.000 GC:24   GU:2    +
   14    60  0   0.0%   0.007 CG:21   UG:5    +
   44    62  0   0.0%   0.359 GU:1    AU:25   +
   26    91  0   0.0%   0.453 GU:1    AU:25   +
   33    38  0   0.0%   0.008 UG:1    UA:25   +
   44    72  0   0.0%   0.389 GU:1    AU:25   +
   42    74  0   0.0%   0.400 GC:2    GU:24   +
   11    17  0   0.0%   0.000 CG:25   UG:1    +
   49    57  0   0.0%   1.010 CG:1    UG:25   +
   42    49  0   0.0%   1.385 GC:1    GU:25   +
   37    41  1   1.5%   0.516 GC:25   +
   21    32  0   0.0%   0.080 CG:24   UG:2    +
   58    79  0   0.0%   0.004 UG:3    UA:23   +
   21    46  0   0.0%   0.393 CG:24   UG:2    +
   40    76  0   0.0%   0.312 UG:1    UA:25   +
   14    27  0   0.0%   0.000 CG:21   UG:5    +
   16    44  0   0.0%   0.058 UG:1    UA:25   +
   14    22  0   0.0%   0.006 CG:21   UG:5    +
   43    49  0   0.0%   1.555 GC:1    GU:25   +
   21    43  0   0.0%   0.700 CG:24   UG:2    +
   38    78  0   0.0%   0.006 GU:1    AU:25   +
   86    91  0   0.0%   0.044 GU:1    AU:25   +
   72    86  0   0.0%   0.077 UG:1    UA:25   +
    3    94  0   0.0%   0.263 CG:2    UG:24   +
   27    74  0   0.0%   0.860 GC:2    GU:24   +
   44    91  0   0.0%   0.356 GU:1    AU:25   +
   38    53  0   0.0%   0.690 GU:1    AU:25   +
   64    76  0   0.0%   0.005 UG:1    UA:25   +
    3    27  0   0.0%   0.004 CG:2    UG:24   +
   33    37  0   0.0%   0.012 UG:25   UA:1    +
    3    84  0   0.0%   0.263 CG:2    UG:24   +
    4    76  0   0.0%   0.052 UG:1    UA:25   +
   74    87  0   0.0%   0.061 CG:2    UG:24   +
   26    75  0   0.0%   0.464 GU:1    AU:25   +
   75    86  0   0.0%   0.044 UG:1    UA:25   +
    4    26  0   0.0%   0.009 UG:1    UA:25   +
   37    62  0   0.0%   0.070 GU:25   AU:1    +
   11    22  0   0.0%   0.012 CG:25   UG:1    +
   26    40  0   0.0%   0.314 GU:1    AU:25   +
   14    50  0   0.0%   0.000 CG:21   UG:5    +
    3    87  0   0.0%   0.263 CG:2    UG:24   +
   38    48  0   0.0%   0.933 GU:1    AU:25   +
   32    49  0   0.0%   1.211 GC:1    GU:25   +
   27    53  0   1.0%   1.553 GU:26   +
   33    45  0   0.9%   0.140 UA:26   +
   18    52  0   0.8%   0.532 GU:26   +
   71    83  0   0.8%   0.386 UA:26   +
   72    82  0   0.8%   0.153 UG:26   +
   73    81  0   0.8%   0.141 UA:26   +
   70    84  0   0.8%   0.480 UG:26   +
   69    85  0   0.8%   0.388 GC:26   +
   19    49  1   1.2%   0.186 AU:25   +
    2    74  1   0.2%   0.400 GC:2    GU:22   AU:1    +
   16    54  0   0.7%   0.161 UA:26   +
   19    53  0   0.6%   0.914 AU:26   +
   17    30  0   0.6%   0.288 GC:26   +
    1    70  0   0.5%   0.084 AU:26   +
   82    92  0   0.5%   0.152 GC:26   +
   83    91  0   0.5%   0.174 AU:26   +
   84    90  0   0.5%   0.136 GC:26   +
   20    27  0   0.5%   0.085 CG:26   +
   81    93  0   0.5%   0.184 AU:26   +
   17    47  0   0.4%   0.303 GC:26   +
   22    52  0   0.4%   1.540 GU:26   +
   28    53  0   0.4%   1.124 AU:26   +
   18    24  0   0.3%   0.265 GC:26   +
    2    72  1   0.3%   0.404 GU:24   AU:1    +
    2    71  1   0.3%   0.613 GU:24   AU:1    +
    1    73  0   0.2%   0.327 AU:26   +
   23    52  0   0.2%   1.188 AU:26   +
    1    72  0   0.2%   0.313 AU:26   +
   32    41  0   0.2%   0.351 GC:26   +
   30    46  0   0.2%   0.090 CG:26   +
   26    49  1   0.2%   0.982 GU:1    AU:24   +
   69    77  0   0.2%   0.300 GU:26   +
   27    52  0   0.2%   1.618 GU:26   +
   22    53  0   0.2%   1.430 GU:26   +
   77    94  0   0.2%   0.049 UG:26   +
   22    30  0   0.1%   0.070 GC:26   +
    1    75  0   0.1%   0.332 AU:26   +
   19    48  0   0.1%   0.161 AU:26   +
    2    73  1   0.1%   0.392 GU:24   AU:1    +
   87    92  0   0.1%   0.065 GC:26   +
   16    23  0   0.1%   0.029 UA:26   +
   18    30  0   0.1%   0.075 GC:26   +
    9    20  0   0.1%   0.018 GC:26   +
    5    24  0   0.1%   0.018 GC:26   +
    6    23  0   0.1%   0.018 UA:26   +
    7    22  0   0.1%   0.017 UG:26   +
   28    48  0   0.1%   0.914 AU:26   +
   12    17  0   0.1%   0.016 UG:26   +
    4    25  0   0.1%   0.016 UA:26   +
   30    42  0   0.1%   0.371 CG:26   +
   85    94  0   0.1%   0.385 CG:26   +
   28    34  0   0.1%   0.020 AU:26   +
   33    39  0   0.1%   0.019 UA:26   +
   32    40  0   0.0%   0.318 GU:26   +
   27    48  0   0.0%   1.118 GU:26   +
   27    34  0   0.0%   0.110 GU:26   +
   28    33  0   0.0%   0.010 AU:26   +
    2    77  1   0.0%   0.385 GU:24   AU:1    +
   27    35  0   0.0%   0.115 GU:26   +
   34    43  0   0.0%   0.573 UG:26   +
   28    49  1   0.5%   1.181 AU:25   +
   68    78  0   0.0%   0.061 AU:26   +
   25    52  0   0.0%   0.919 AU:26   +
   69    75  0   0.0%   0.281 GU:26   +
   68    75  0   0.0%   0.066 AU:26   +
    2    75  1   0.0%   0.390 GU:24   AU:1    +
   22    48  0   0.0%   0.470 GU:26   +
   30    69  0   0.0%   0.521 CG:26   +
   28    71  0   0.0%   0.684 AU:26   +
   24    46  0   0.0%   0.233 CG:26   +
   51    60  0   0.0%   0.820 CG:26   +
   18    48  0   0.0%   0.294 GU:26   +
    9    62  0   0.0%   0.014 GU:26   +
   52    59  0   0.0%   1.023 UA:26   +
   27    72  0   0.0%   0.879 GU:26   +
   16    46  0   0.0%   0.064 UG:26   +
   73    80  0   0.0%   0.031 UG:26   +
   50    61  1   0.0%   0.928 GC:1    GU:24   +
   75    94  0   0.0%   0.050 UG:26   +
    1    78  0   0.0%   0.319 AU:26   +
   72    81  0   0.0%   0.042 UA:26   +
   16    31  0   0.0%   0.062 UA:26   +
   69    78  0   0.0%   0.284 GU:26   +
   35    42  0   0.0%   0.633 UG:26   +
   71    82  0   0.0%   0.275 UG:26   +
   51    57  0   0.0%   0.813 CG:26   +
   50    58  0   0.0%   0.925 GU:26   +
   45    53  0   0.0%   1.155 AU:26   +
   44    49  1   0.0%   1.244 GU:1    AU:24   +
   48    54  0   0.0%   0.968 UA:26   +
   70    83  0   0.0%   0.371 UA:26   +
    9    61  1   0.0%   0.010 GC:1    GU:24   +
   46    52  0   0.0%   1.336 GU:26   +
   22    56  0   0.0%   0.994 GC:26   +
   30    43  0   0.0%   0.364 CG:26   +
   63    80  0   0.0%   0.009 CG:26   +
   65    78  1   0.0%   0.009 GU:2    AU:23   +
   25    48  0   0.0%   0.457 AU:26   +
   16    50  0   0.0%   0.064 UG:26   +
   62    81  0   0.0%   0.007 UA:26   +
   23    49  1   0.5%   1.089 AU:25   +
   66    77  0   0.0%   0.010 AU:26   +
    4    69  0   0.0%   0.305 UG:26   +
   80    90  0   0.0%   0.045 GC:26   +
   51    84  0   0.0%   0.812 CG:26   +
   50    85  0   0.0%   0.925 GC:26   +
   52    83  0   0.0%   1.019 UA:26   +
   75    80  0   0.0%   0.085 UG:26   +
   16    22  0   0.0%   0.008 UG:26   +
   49    86  1   0.0%   1.010 UG:1    UA:24   +
   73    82  0   0.0%   0.106 UG:26   +
   32    48  0   0.0%   1.140 GU:26   +
   72    83  0   0.0%   0.117 UA:26   +
   32    67  0   0.0%   0.213 GC:26   +
   53    82  0   0.0%   0.807 UG:26   +
   33    66  0   0.0%   0.241 UA:26   +
   34    65  1   0.0%   0.498 UG:2    UA:23   +
   25    35  0   0.0%   0.056 AU:26   +
   42    56  0   0.0%   0.391 GC:26   +
   41    57  0   0.0%   0.390 CG:26   +
   46    53  0   0.0%   1.128 GU:26   +
   27    33  0   0.0%   0.101 GU:26   +
   24    32  0   0.0%   0.222 CG:26   +
   34    39  0   0.0%   0.259 UA:26   +
   23    53  0   0.0%   1.055 AU:26   +
   40    60  0   0.0%   0.317 UG:26   +
   31    40  0   0.0%   0.309 AU:26   +
   17    56  0   0.0%   0.601 GC:26   +
   71    84  0   0.0%   0.348 UG:26   +
   61    82  1   0.0%   0.007 CG:1    UG:24   +
   33    42  0   0.0%   0.328 UG:26   +
   25    34  0   0.0%   0.055 AU:26   +
   68    77  0   0.0%   0.056 AU:26   +
   56    69  0   0.0%   0.264 CG:26   +
    8    62  0   0.0%   0.001 AU:26   +
   72    80  0   0.0%   0.038 UG:26   +
   55    70  0   0.0%   0.399 AU:26   +
   27    41  0   0.0%   0.725 GC:26   +
   73    94  0   0.0%   0.066 UG:26   +
   23    33  0   0.0%   0.015 AU:26   +
   71    80  0   0.0%   0.271 UG:26   +
   28    40  0   0.0%   0.618 AU:26   +
   20    46  0   0.0%   0.345 CG:26   +
   12    60  0   0.0%   0.014 UG:26   +
   22    36  0   0.0%   0.017 GC:26   +
   21    37  1   0.0%   0.081 CG:23   UG:2    +
   32    51  0   0.0%   0.890 GC:26   +
   31    52  0   0.0%   1.340 AU:26   +
   23    35  0   0.0%   0.015 AU:26   +
   50    56  0   0.0%   0.926 GC:26   +
   54    71  0   0.0%   0.300 AU:26   +
   69    73  0   0.0%   0.280 GU:26   +
    2    78  1   0.0%   0.382 GU:24   AU:1    +
   33    50  0   0.0%   1.155 UG:26   +
   60    67  0   0.0%   0.012 GC:26   +
   57    67  0   0.0%   0.008 GC:26   +
   71    81  0   0.0%   0.271 UA:26   +
   58    66  0   0.0%   0.007 UA:26   +
   47    60  0   0.0%   0.466 CG:26   +
   46    61  1   0.0%   0.325 GC:1    GU:24   +
   33    43  0   0.0%   0.324 UG:26   +
   73    83  0   0.0%   0.105 UA:26   +
   48    87  0   0.0%   0.934 UG:26   +
   48    60  0   0.0%   0.940 UG:26   +
   63    87  0   0.0%   0.008 CG:26   +
   75    81  0   0.0%   0.085 UA:26   +
   72    94  0   0.0%   0.077 UG:26   +
   22    34  0   0.0%   0.017 GU:26   +
   48    55  0   0.0%   0.977 UA:26   +
   62    88  0   0.0%   0.006 UA:26   +
    4    65  1   0.0%   0.006 UG:2    UA:23   +
    1    93  0   0.0%   0.316 AU:26   +
   60    90  0   0.0%   0.010 GC:26   +
   48    59  0   0.0%   0.935 UA:26   +
   58    84  0   0.0%   0.006 UG:26   +
   57    85  0   0.0%   0.007 GC:26   +
   34    42  0   0.0%   0.570 UG:26   +
   59    91  0   0.0%   0.007 AU:26   +
   70    81  0   0.0%   0.367 UA:26   +
   45    62  0   0.0%   0.353 AU:26   +
   27    63  0   0.0%   0.848 GC:26   +
   35    39  0   0.0%   0.317 UA:26   +
    1    77  0   0.0%   0.314 AU:26   +
   28    62  0   0.0%   0.421 AU:26   +
   71    94  0   0.0%   0.310 UG:26   +
   70    82  0   0.0%   0.368 UG:26   +
   72    84  0   0.0%   0.115 UG:26   +
    5    64  0   0.0%   0.007 GU:26   +
   34    46  0   0.0%   0.688 UG:26   +
   27    92  0   0.0%   0.845 GC:26   +
   60    85  0   0.0%   0.011 GC:26   +
   61    84  1   0.0%   0.007 CG:1    UG:24   +
   16    45  0   0.0%   0.059 UA:26   +
   68    73  0   0.0%   0.071 AU:26   +
   62    83  0   0.0%   0.006 UA:26   +
   22    47  0   0.0%   0.481 GC:26   +
   20    32  0   0.0%   0.033 CG:26   +
   63    82  0   0.0%   0.009 CG:26   +
   20    60  0   0.0%   0.398 CG:26   +
   18    62  0   0.0%   0.685 GU:26   +
   56    60  0   0.0%   0.016 CG:26   +
   28    91  0   0.0%   0.420 AU:26   +
   64    81  0   0.0%   0.006 UA:26   +
   15    21  1   0.0%   0.001 GC:23   GU:2    +
   19    33  0   0.0%   0.007 AU:26   +
   42    47  0   0.0%   0.842 GC:26   +
   41    46  0   0.0%   0.581 CG:26   +
   70    94  0   0.0%   0.405 UG:26   +
   43    63  0   0.0%   0.559 GC:26   +
   32    36  0   0.0%   0.310 GC:26   +
   42    51  0   0.0%   1.064 GC:26   +
   42    64  0   0.0%   0.387 GU:26   +
   59    75  0   0.0%   0.017 AU:26   +
   27    90  0   0.0%   0.845 GC:26   +
   18    34  0   0.0%   0.032 GU:26   +
   18    41  0   0.0%   0.033 GC:26   +
    4    22  0   0.0%   0.000 UG:26   +
   19    40  0   0.0%   0.007 AU:26   +
   57    77  0   0.0%   0.008 GU:26   +
   54    62  0   0.0%   0.040 AU:26   +
   35    45  0   0.0%   0.774 UA:26   +
   16    57  0   0.0%   0.141 UG:26   +
   43    51  0   0.0%   1.233 GC:26   +
   18    56  0   0.0%   0.687 GC:26   +
   16    28  0   0.0%   0.057 UA:26   +
   50    67  0   0.0%   0.924 GC:26   +
   43    53  0   0.0%   1.240 GU:26   +
    1    91  0   0.0%   0.316 AU:26   +
   47    69  0   0.0%   0.715 CG:26   +
   46    70  0   0.0%   0.674 GU:26   +
   45    71  0   0.0%   0.612 AU:26   +
   75    82  0   0.0%   0.084 UG:26   +
   43    73  0   0.0%   0.576 GU:26   +
   51    69  0   0.0%   1.065 CG:26   +
   80    93  0   0.0%   0.106 GU:26   +
   70    80  0   0.0%   0.367 UG:26   +
   56    94  0   0.0%   0.008 CG:26   +
   53    65  1   0.0%   0.809 UG:2    UA:23   +
   24    43  0   0.0%   0.534 CG:26   +
   57    92  0   0.0%   0.006 GC:26   +
   57    93  0   0.0%   0.006 GU:26   +
   63    69  0   0.0%   0.262 CG:26   +
   52    68  0   0.0%   1.063 UA:26   +
   24    57  0   0.0%   0.532 CG:26   +
   52    66  0   0.0%   1.019 UA:26   +
   50    70  0   0.0%   1.274 GU:26   +
   48    68  0   0.0%   0.980 UA:26   +
   54    64  0   0.0%   0.039 AU:26   +
   23    58  0   0.0%   0.622 AU:26   +
   16    27  0   0.0%   0.057 UG:26   +
   41    50  0   0.0%   1.304 CG:26   +
   57    63  0   0.0%   0.010 GC:26   +
   17    41  0   0.0%   0.230 GC:26   +
   64    68  0   0.0%   0.051 UA:26   +
   20    42  0   0.0%   0.033 CG:26   +
   60    77  0   0.0%   0.013 GU:26   +
   59    78  0   0.0%   0.008 AU:26   +
   73    84  0   0.0%   0.104 UG:26   +
   30    87  0   0.0%   0.264 CG:26   +
   36    46  0   0.0%   0.750 CG:26   +
   88    93  0   0.0%   0.082 AU:26   +
   39    77  0   0.0%   0.008 AU:26   +
   17    35  0   0.0%   0.230 GU:26   +
   18    40  0   0.0%   0.032 GU:26   +
   17    63  0   0.0%   0.601 GC:26   +
   71    87  0   0.0%   0.310 UG:26   +
   70    88  0   0.0%   0.405 UA:26   +
   43    48  0   0.0%   1.483 GU:26   +
   30    60  0   0.0%   0.267 CG:26   +
   40    59  0   0.0%   0.312 UA:26   +
   18    36  0   0.0%   0.032 GC:26   +
    9    64  0   0.0%   0.016 GU:26   +
   17    36  0   0.0%   0.230 GC:26   +
   27    56  0   0.0%   0.848 GC:26   +
   19    35  0   0.0%   0.007 AU:26   +
   68    72  0   0.0%   0.081 AU:26   +
   59    64  0   0.0%   0.009 AU:26   +
   43    47  0   0.0%   1.011 GC:26   +
   77    88  0   0.0%   0.016 UA:26   +
   78    87  0   0.0%   0.008 UG:26   +
   18    35  0   0.0%   0.032 GU:26   +
   84    92  0   0.0%   0.109 GC:26   +
   83    93  0   0.0%   0.179 AU:26   +
   76    89  1   0.0%   0.021 GU:1    AU:24   +
   42    52  0   0.0%   1.270 GU:26   +
   19    34  0   0.0%   0.006 AU:26   +
   25    40  0   0.0%   0.359 AU:26   +
   58    65  1   0.0%   0.007 UG:2    UA:23   +
    6    65  1   0.0%   0.006 UG:2    UA:23   +
   15    49  1   0.0%   0.009 GC:1    GU:24   +
   27    73  0   0.0%   0.867 GU:26   +
   25    33  0   0.0%   0.054 AU:26   +
   19    58  0   0.0%   0.463 AU:26   +
   20    57  0   0.0%   0.394 CG:26   +
   80    85  0   0.0%   0.080 GC:26   +
   17    58  0   0.0%   0.598 GU:26   +
   24    42  0   0.0%   0.535 CG:26   +
   43    92  0   0.0%   0.554 GC:26   +
   16    59  0   0.0%   0.142 UA:26   +
   42    93  0   0.0%   0.384 GU:26   +
   67    87  0   0.0%   0.004 CG:26   +
   28    72  0   0.0%   0.453 AU:26   +
   28    73  0   0.0%   0.442 AU:26   +
   65    75  1   0.0%   0.015 GU:2    AU:23   +
   56    80  0   0.0%   0.007 CG:26   +
   65    72  1   0.0%   0.036 GU:2    AU:23   +
   39    52  0   0.0%   0.892 AU:26   +
   54    58  0   0.0%   0.040 AU:26   +
   39    48  0   0.0%   0.935 AU:26   +
   38    49  1   0.0%   1.005 GU:1    AU:24   +
   41    94  0   0.0%   0.387 CG:26   +
   53    59  0   0.0%   0.811 UA:26   +
   30    57  0   0.0%   0.264 CG:26   +
   35    65  1   0.0%   0.555 UG:2    UA:23   +
   56    87  0   0.0%   0.008 CG:26   +
   87    93  0   0.0%   0.090 GU:26   +
   36    80  0   0.0%   0.555 CG:26   +
    1    64  0   0.0%   0.000 AU:26   +
    4    87  0   0.0%   0.050 UG:26   +
   35    81  0   0.0%   0.552 UA:26   +
   42    48  0   0.0%   1.313 GU:26   +
   90    94  0   0.0%   0.381 CG:26   +
   50    75  0   0.0%   0.933 GU:26   +
   31    53  0   0.0%   1.139 AU:26   +
   66    71  0   0.0%   0.267 AU:26   +
   73    88  0   0.0%   0.065 UA:26   +
    2    93  1   0.0%   0.380 GU:24   AU:1    +
   78    83  0   0.0%   0.048 UA:26   +
   46    56  0   0.0%   0.328 GC:26   +
   49    76  1   0.0%   1.010 UG:1    UA:24   +
   34    82  0   0.0%   0.494 UG:26   +
   77    84  0   0.0%   0.055 UG:26   +
    7    66  0   0.0%   0.010 UA:26   +
   31    35  0   0.0%   0.314 AU:26   +
   75    83  0   0.0%   0.084 UA:26   +
    9    24  0   0.0%   0.012 GC:26   +
   60    92  0   0.0%   0.010 GC:26   +
   59    93  0   0.0%   0.007 AU:26   +
   33    83  0   0.0%   0.237 UA:26   +
   58    68  0   0.0%   0.052 UA:26   +
   34    66  0   0.0%   0.497 UA:26   +
   16    43  0   0.0%   0.058 UG:26   +
   29    52  1   0.5%   1.265 AU:25   +
    3    26  2   0.0%   0.011 UG:1    UA:23   +
   74    79  2   0.0%   0.030 UG:3    UA:21   +
    3    76  2   0.0%   0.266 UG:1    UA:23   +
   13    61  2   0.0%   0.003 GU:7    AU:17   +
   61    76  2   0.0%   0.007 UG:1    UA:23   +
    2    89  2   0.0%   0.379 GU:23   AU:1    +
   26    74  2   0.0%   0.469 GU:1    AU:23   +
   38    61  2   0.0%   0.005 GU:1    AU:23   +
   29    48  1   0.1%   0.863 AU:25   +
   15    24  1   0.1%   0.027 GC:25   +
   10    19  1   0.1%   0.019 UA:25   +
   24    37  1   0.0%   0.232 CG:25   +
   29    33  1   0.0%   0.014 AU:25   +
   29    70  1   0.0%   0.710 AU:25   +
   49    54  1   0.0%   1.044 UA:25   +
   15    47  1   0.0%   0.012 GC:25   +
   49    59  1   0.0%   1.013 UA:25   +
   81    89  1   0.0%   0.045 AU:25   +
   15    51  1   0.0%   0.012 GC:25   +
   84    89  1   0.0%   0.079 GU:25   +
   49    55  1   0.0%   1.053 UA:25   +
   37    63  1   0.0%   0.074 GC:25   +
   29    35  1   0.0%   0.558 AU:25   +
   29    53  1   0.0%   1.041 AU:25   +
   45    49  1   0.0%   1.227 AU:25   +
   16    29  1   0.0%   0.057 UA:25   +
   15    30  1   0.0%   0.008 GC:25   +
   30    37  1   0.0%   0.050 CG:25   +
   10    28  1   0.0%   0.007 UA:25   +
   10    60  1   0.0%   0.007 UG:25   +
   28    89  1   0.0%   0.420 AU:25   +
   15    20  1   0.0%   0.006 GC:25   +
   49    68  1   0.0%   1.055 UA:25   +
   69    89  1   0.0%   0.313 GU:25   +
   10    18  1   0.0%   0.000 UG:25   +
   15    53  1   0.0%   0.010 GU:25   +
   29    58  1   0.0%   0.356 AU:25   +
   15    52  1   0.0%   0.010 GU:25   +
   29    72  1   0.0%   0.389 AU:25   +
   29    71  1   0.0%   0.619 AU:25   +
   10    23  1   0.0%   0.012 UA:25   +
    1    74  2   0.1%   0.313 AU:24   +
    3    68  2   0.1%   0.016 UA:24   +
   74    81  2   0.0%   0.102 UA:24   +
   39    61  2   0.0%   0.008 AU:24   +
   25    74  2   0.0%   0.555 AU:24   +
    2    67  2   0.0%   0.001 GC:24   +
   61    66  2   0.0%   0.008 UA:24   +
    3    66  2   0.0%   0.004 UA:24   +
    2    92  2   0.0%   0.380 GC:24   +
   68    74  2   0.0%   0.064 AU:24   +
   19    61  2   0.0%   0.463 AU:24   +
   55    61  2   0.0%   0.050 AU:24   +
    2    90  2   0.0%   0.380 GC:24   +
    3    23  2   0.0%   0.000 UA:24   +
    2    24  2   0.0%   0.000 GC:24   +
   74    83  2   0.0%   0.101 UA:24   +
   45    61  2   0.0%   0.351 AU:24   +
    3    88  2   0.0%   0.263 UA:24   +
    2    30  2   0.0%   0.000 GC:24   +
    2    85  2   0.0%   0.379 GC:24   +
    2    63  2   0.0%   0.000 GC:24   +
   66    74  2   0.0%   0.020 AU:24   +
    2    51  2   0.0%   0.000 GC:24   +
..(((((((.((((((.((.((........((((((......)))))))).)).))))))..)))))))........((((((.....))))))
