55 sequence; length of alignment 100
alifold output
   16    62  1  99.9%   0.003 CG:44   UG:10  
   14    64  1  99.8%   0.007 UG:1    UA:53  
   17    61  1  99.6%   0.017 GC:53   GU:1   
   15    63  2  99.8%   0.005 GU:5    AU:48  
   50    56  0  99.1%   0.039 GC:55  
   13    65  1  99.4%   0.019 CG:54  
   49    57  0  98.7%   0.080 AU:55  
   51    55  0  97.7%   0.078 CG:54   UA:1   
   88    96  0  98.2%   0.113 GC:55  
   86    98  0  98.2%   0.113 GC:55  
   87    97  0  98.2%   0.117 AU:55  
   48    58  1  97.4%   0.137 GC:24   GU:7    AU:23  
   89    95  0  96.2%   0.169 AU:55  
   30    40  0  96.1%   0.151 GC:55  
   85    99  0  94.7%   0.164 AU:55  
   29    41  0  94.5%   0.205 AU:55  
   18    60  0  93.0%   0.252 UG:1    UA:54  
   11    68  2  93.4%   0.235 GC:52   GU:1   
   10    69  1  93.2%   0.220 AU:54  
   22    47  0  89.4%   0.306 CG:55  
   23    46  1  89.8%   0.322 CG:54  
    7    70  2  88.9%   0.325 UA:53  
   32    39  0  86.0%   0.405 GU:1    AU:54  
   28    42  0  81.9%   0.585 AU:55  
   84   100  0  62.2%   0.905 UG:55  
    6    71  2  58.9%   0.948 UA:53  
   76    81  0   2.9%   0.321 UG:8    UA:47   +
   74    83  0   2.8%   0.358 GU:55   +
   19    26  0   2.7%   0.303 GC:55   +
   75    82  2   3.0%   0.328 UA:53   +
   24    43  0   0.1%   0.027 GC:4    GU:46   AU:5    +
   24    58  0   0.0%   0.056 GC:24   GU:26   AU:5    +
   24    63  0   0.0%   0.012 GC:1    GU:49   AU:5    +
   75    90  0   1.2%   0.281 UG:55   +
   76    89  0   1.2%   0.281 UA:55   +
   74    91  0   1.2%   0.321 GC:55   +
   77    88  0   1.2%   0.181 UG:55   +
   78    87  0   1.2%   0.177 UA:55   +
   19    58  0   0.2%   0.154 GC:24   GU:31   +
   23    47  0   1.2%   0.383 CG:55   +
   27    42  0   1.1%   0.190 AU:55   +
   79    86  0   1.1%   0.168 UG:55   +
   35    43  0   0.1%   0.049 GC:4    GU:51   +
   77    81  0   0.1%   0.132 UG:8    UA:47   +
   75    81  0   0.1%   0.022 UG:8    UA:47   +
   30    43  0   0.1%   0.094 GC:4    GU:51   +
   32    42  0   0.1%   0.372 GU:1    AU:54   +
   70    84  0   0.1%   0.133 GU:1    AU:54   +
   68    86  0   0.1%   0.080 CG:54   UG:1    +
   32    75  0   0.0%   0.144 GU:1    AU:54   +
   35    68  0   0.0%   0.094 GC:54   GU:1    +
   19    51  0   0.0%   0.123 GC:54   GU:1    +
   47    58  0   0.0%   0.259 GC:24   GU:31   +
   41    64  0   0.0%   0.154 UG:1    UA:54   +
   68    93  0   0.0%   0.078 CG:54   UG:1    +
   43    47  0   0.0%   0.223 CG:4    UG:51   +
   70    79  0   0.0%   0.125 GU:1    AU:54   +
   68    88  0   0.0%   0.077 CG:54   UG:1    +
   70    77  0   0.0%   0.123 GU:1    AU:54   +
   32    41  0   0.0%   0.231 GU:1    AU:54   +
   70    78  0   0.0%   0.124 GU:1    AU:54   +
   68    74  0   0.0%   0.120 CG:54   UG:1    +
   24    42  0   0.0%   0.004 GU:50   AU:5    +
   35    51  0   0.0%   0.026 GC:54   GU:1    +
   70    76  0   0.0%   0.121 GU:1    AU:54   +
   18    24  0   0.0%   0.002 UG:50   UA:5    +
   18    70  0   0.0%   0.234 UG:1    UA:54   +
   19    61  0   0.0%   0.137 GC:54   GU:1    +
   19    68  0   0.0%   0.197 GC:54   GU:1    +
   67    81  0   0.0%   0.042 UG:8    UA:47   +
   19    43  0   0.0%   0.117 GC:4    GU:51   +
   47    61  0   0.0%   0.210 GC:54   GU:1    +
   61    74  0   0.0%   0.057 CG:54   UG:1    +
   60    75  0   0.0%   0.071 GU:1    AU:54   +
   70    75  0   0.0%   0.120 GU:1    AU:54   +
   43    62  0   0.0%   0.024 CG:4    UG:51   +
   81    99  0   0.0%   0.117 GU:8    AU:47   +
   18    32  0   0.0%   0.035 UG:1    UA:54   +
   69    81  0   0.0%   0.072 UG:8    UA:47   +
   55    66  0   0.0%   0.060 GU:54   AU:1    +
   57    64  0   0.0%   0.058 UG:1    UA:54   +
   66    81  0   0.0%   0.034 UG:8    UA:47   +
   42    64  0   0.0%   0.246 UG:1    UA:54   +
   41    54  0   0.0%   0.146 UG:3    UA:52   +
   54    67  0   0.0%   0.040 GU:3    AU:52   +
   61    65  0   0.0%   0.017 CG:54   UG:1    +
   60    66  0   0.0%   0.100 GU:1    AU:54   +
   30    51  0   0.0%   0.078 GC:54   GU:1    +
   63    90  0   0.0%   0.003 CG:1    UG:54   +
   66    70  0   0.0%   0.149 UG:1    UA:54   +
   64    97  0   0.0%   0.005 GU:1    AU:54   +
   50    58  0   0.0%   0.091 GC:24   GU:31   +
   70    95  0   0.0%   0.125 GU:1    AU:54   +
   24    39  0   0.0%   0.009 GU:50   AU:5    +
   24    41  0   0.0%   0.008 GU:50   AU:5    +
   24    76  0   0.0%   0.010 GU:50   AU:5    +
   43    65  0   0.0%   0.032 CG:4    UG:51   +
   70    83  0   0.0%   0.121 GU:1    AU:54   +
   51    74  0   0.0%   0.077 CG:54   UG:1    +
   30    58  0   0.0%   0.121 GC:24   GU:31   +
   32    57  0   0.0%   0.168 GU:1    AU:54   +
   39    64  0   0.0%   0.172 UG:1    UA:54   +
   41    60  0   0.0%   0.213 UG:1    UA:54   +
   64    84  0   0.0%   0.005 GU:1    AU:54   +
   43    50  0   0.0%   0.024 CG:4    UG:51   +
   64    69  0   0.0%   0.075 GU:1    AU:54   +
   47    51  0   0.0%   0.203 GC:54   GU:1    +
   18    55  0   0.0%   0.037 UG:54   UA:1    +
   39    54  0   0.0%   0.170 UG:3    UA:52   +
   62    68  0   0.0%   0.069 GC:54   GU:1    +
   42    60  0   0.0%   0.309 UG:1    UA:54   +
   24    84  0   0.0%   0.010 GU:50   AU:5    +
   68   100  0   0.0%   0.075 CG:54   UG:1    +
   61   100  0   0.0%   0.007 CG:54   UG:1    +
   35    58  0   0.0%   0.068 GC:24   GU:31   +
   42    55  0   0.0%   0.246 UG:54   UA:1    +
   28    41  0   0.7%   0.112 AU:55   +
   18    27  0   0.6%   0.094 UA:55   +
   16    24  1   0.0%   0.001 CG:44   UG:5    UA:5    +
   38    55  1   0.0%   0.009 CG:3    UG:50   UA:1    +
   88    98  0   0.5%   0.169 GC:55   +
   89    97  0   0.5%   0.187 AU:55   +
   90    96  0   0.4%   0.148 GC:55   +
   87    99  0   0.4%   0.201 AU:55   +
   41    45  1   0.4%   0.169 UG:2    UA:52   +
   40    47  0   0.4%   0.316 CG:55   +
   23    30  0   0.4%   0.066 CG:55   +
   20    58  2   0.7%   0.137 GC:24   GU:29   +
   39    47  0   0.3%   0.362 UG:55   +
    3    74  2   1.0%   0.138 UG:53   +
   18    59  0   0.2%   0.075 UA:55   +
   83   100  0   0.2%   0.135 UG:55   +
   93    98  0   0.1%   0.080 GC:55   +
   72    93  0   0.1%   0.030 CG:55   +
   92    99  0   0.1%   0.103 AU:55   +
   45    57  1   0.1%   0.073 GU:2    AU:52   +
   19    41  0   0.1%   0.128 GU:55   +
   23    35  0   0.1%   0.043 CG:55   +
   19    33  0   0.1%   0.120 GC:55   +
   74    79  0   0.1%   0.072 GU:55   +
   91   100  0   0.1%   0.376 CG:55   +
   35    40  0   0.1%   0.069 GC:55   +
   30    39  0   0.1%   0.048 GU:55   +
   34    41  0   0.1%   0.113 AU:55   +
   69    85  0   0.1%   0.083 UA:55   +
   19    23  0   0.0%   0.012 GC:55   +
   26    47  0   0.0%   0.291 CG:55   +
   39    48  1   0.0%   0.176 UG:31   UA:23   +
   29    42  0   0.0%   0.287 AU:55   +
   71    83  0   0.0%   0.334 AU:55   +
   67    87  0   0.0%   0.049 UA:55   +
   33    74  0   0.0%   0.067 CG:55   +
   30    76  0   0.0%   0.083 GU:55   +
   29    77  0   0.0%   0.067 AU:55   +
   30    41  0   0.0%   0.169 GU:55   +
   28    78  0   0.0%   0.206 AU:55   +
   34    69  0   0.0%   0.082 AU:55   +
   79    85  0   0.0%   0.022 UA:55   +
   26    35  0   0.0%   0.124 CG:55   +
   29    39  0   0.0%   0.016 AU:55   +
   40    65  0   0.0%   0.112 CG:55   +
   78    86  0   0.0%   0.020 UG:55   +
   71    78  0   0.0%   0.332 AU:55   +
   30    38  1   0.0%   0.028 GC:3    GU:51   +
   27    79  0   0.0%   0.087 AU:55   +
   77    87  0   0.0%   0.024 UA:55   +
   74    84  0   0.0%   0.166 GU:55   +
   66    88  0   0.0%   0.039 UG:55   +
   76    88  0   0.0%   0.123 UG:55   +
   46    61  1   0.0%   0.180 GC:53   GU:1    +
   69    92  0   0.0%   0.081 UA:55   +
   18    34  0   0.0%   0.039 UA:55   +
   22    30  0   0.0%   0.004 CG:55   +
   71    76  0   0.0%   0.328 AU:55   +
   19    40  0   0.0%   0.112 GC:55   +
   67    94  0   0.0%   0.048 UA:55   +
   71    77  0   0.0%   0.329 AU:55   +
   75    89  0   0.0%   0.121 UA:55   +
   48    57  1   0.0%   0.049 GU:31   AU:23   +
   19    57  0   0.0%   0.123 GU:55   +
   33    47  0   0.0%   0.171 CG:55   +
   78    85  0   0.0%   0.016 UA:55   +
   67    89  0   0.0%   0.046 UA:55   +
   21    57  1   0.5%   0.093 AU:54   +
   69    87  0   0.0%   0.081 UA:55   +
   42    48  1   0.0%   0.247 UG:31   UA:23   +
   41    49  0   0.0%   0.148 UA:55   +
   28    39  0   0.0%   0.011 AU:55   +
   40    50  0   0.0%   0.101 CG:55   +
   66    90  0   0.0%   0.039 UG:55   +
   65    72  0   0.0%   0.014 GC:55   +
   30    42  0   0.0%   0.297 GU:55   +
   66    71  0   0.0%   0.354 UA:55   +
   27    41  0   0.0%   0.040 AU:55   +
   86    96  0   0.0%   0.060 GC:55   +
   65    91  0   0.0%   0.014 GC:55   +
   87    95  0   0.0%   0.063 AU:55   +
   90    95  0   0.0%   0.096 GU:55   +
   74    78  0   0.0%   0.059 GU:55   +
   85    97  0   0.0%   0.011 AU:55   +
   34    42  0   0.0%   0.239 AU:55   +
   47    56  0   0.0%   0.211 GC:55   +
   77    86  0   0.0%   0.020 UG:55   +
   22    35  0   0.0%   0.004 CG:55   +
   35    41  0   0.0%   0.119 GU:55   +
   26    30  0   0.0%   0.134 CG:55   +
   71    75  0   0.0%   0.325 AU:55   +
   19    69  0   0.0%   0.202 GU:55   +
   34    39  0   0.0%   0.149 AU:55   +
   35    42  0   0.0%   0.248 GU:55   +
   76    85  0   0.0%   0.119 UA:55   +
   72   100  0   0.0%   0.013 CG:55   +
   76    87  0   0.0%   0.120 UA:55   +
   26    62  0   0.0%   0.134 CG:55   +
   38    47  1   0.0%   0.162 CG:3    UG:51   +
   39    45  1   0.0%   0.148 UG:2    UA:52   +
   23    50  0   0.0%   0.180 CG:55   +
   22    65  0   0.0%   0.115 CG:55   +
   71    79  0   0.0%   0.329 AU:55   +
    6    15  1   0.0%   0.001 UG:5    UA:48   --:1    +
   77    85  0   0.0%   0.019 UA:55   +
   42    47  0   0.0%   0.438 UG:55   +
   19    56  0   0.0%   0.120 GC:55   +
   30    56  0   0.0%   0.078 GC:55   +
   41    47  0   0.0%   0.343 UG:55   +
   79   100  0   0.0%   0.064 UG:55   +
   29    57  0   0.0%   0.092 AU:55   +
   46    51  1   0.0%   0.168 GC:53   GU:1    +
   35    39  0   0.0%   0.156 GU:55   +
   75    88  0   0.0%   0.120 UG:55   +
   18    71  0   0.0%   0.436 UA:55   +
   71    84  0   0.0%   0.333 AU:55   +
   76    86  0   0.0%   0.119 UG:55   +
   69    74  0   0.0%   0.122 UG:55   +
   18    50  0   0.0%   0.037 UG:55   +
   17    51  1   0.0%   0.005 GC:53   GU:1    +
   78   100  0   0.0%   0.066 UG:55   +
   35    56  0   0.0%   0.025 GC:55   +
   35    98  0   0.0%   0.026 GC:55   +
   34    99  0   0.0%   0.010 AU:55   +
   33   100  0   0.0%   0.016 CG:55   +
   75    87  0   0.0%   0.120 UA:55   +
   23    65  0   0.0%   0.190 CG:55   +
   46    58  1   0.0%   0.223 GC:23   GU:31   +
   72    90  0   0.0%   0.004 CG:55   +
   59    76  0   0.0%   0.016 AU:55   +
   27    39  0   0.0%   0.038 AU:55   +
   42    49  0   0.0%   0.242 UA:55   +
   40    93  0   0.0%   0.101 CG:55   +
   62    72  0   0.0%   0.003 GC:55   +
   39    94  0   0.0%   0.170 UA:55   +
   34    57  0   0.0%   0.039 AU:55   +
   35    72  0   0.0%   0.026 GC:55   +
   77   100  0   0.0%   0.071 UG:55   +
   16    74  1   0.0%   0.049 CG:44   UG:10   +
   41    92  0   0.0%   0.148 UA:55   +
   72    86  0   0.0%   0.007 CG:55   +
   67    74  0   0.0%   0.090 UG:55   +
   75    86  0   0.0%   0.120 UG:55   +
   76   100  0   0.0%   0.172 UG:55   +
   26    50  0   0.0%   0.133 CG:55   +
   71    95  0   0.0%   0.329 AU:55   +
   42    59  0   0.0%   0.254 UA:55   +
   56    65  0   0.0%   0.029 CG:55   +
   15    75  1   0.0%   0.003 GU:5    AU:49   +
   75   100  0   0.0%   0.173 UG:55   +
   75    85  0   0.0%   0.120 UA:55   +
   65    96  0   0.0%   0.013 GC:55   +
   78    88  0   0.0%   0.122 UG:55   +
   79    87  0   0.0%   0.121 UA:55   +
   65    83  0   0.0%   0.012 GU:55   +
   18    28  0   0.0%   0.035 UA:55   +
   77    89  0   0.0%   0.126 UA:55   +
   22    50  0   0.0%   0.106 CG:55   +
   94    99  0   0.0%   0.086 AU:55   +
   30    72  0   0.0%   0.076 GC:55   +
   62    91  0   0.0%   0.002 GC:55   +
   41    65  0   0.0%   0.158 UG:55   +
   19    38  1   0.0%   0.108 GC:3    GU:51   +
   18    62  0   0.0%   0.118 UG:55   +
   33    50  0   0.0%   0.013 CG:55   +
   41    50  0   0.0%   0.148 UG:55   +
   86    99  0   0.0%   0.128 GU:55   +
    2    16  1   0.0%   0.000 GC:41   GU:10   --:3    +
   67    71  0   0.0%   0.359 UA:55   +
   66    74  0   0.0%   0.084 UG:55   +
   59    67  0   0.0%   0.052 AU:55   +
   76    90  0   0.0%   0.226 UG:55   +
    3    15  1   0.0%   0.000 UG:5    UA:48   --:1    +
   26    74  0   0.0%   0.180 CG:55   +
   19    42  0   0.0%   0.116 GU:55   +
   79    88  0   0.0%   0.120 UG:55   +
   90    98  0   0.0%   0.124 GC:55   +
   18    45  1   0.0%   0.036 UG:2    UA:52   +
   78    89  0   0.0%   0.120 UA:55   +
   89    99  0   0.0%   0.194 AU:55   +
   19    39  0   0.0%   0.108 GU:55   +
   92    97  0   0.0%   0.046 AU:55   +
   16    65  1   0.0%   0.009 CG:44   UG:10   +
   15    66  1   0.0%   0.034 GU:5    AU:49   +
   50    75  0   0.0%   0.014 GU:55   +
   49    76  0   0.0%   0.017 AU:55   +
   48    77  1   0.0%   0.035 GU:31   AU:23   +
   47    57  0   0.0%   0.240 GU:55   +
   39    65  0   0.0%   0.177 UG:55   +
   38    65  1   0.0%   0.012 CG:3    UG:51   +
   14    54  1   0.0%   0.000 UG:3    UA:51   +
   83    94  0   0.0%   0.104 UA:55   +
   84    93  0   0.0%   0.017 UG:55   +
   47    78  0   0.0%   0.206 GU:55   +
   41    48  1   0.0%   0.149 UG:31   UA:23   +
   50    57  0   0.0%   0.064 GU:55   +
   45    80  1   0.0%   0.029 GU:2    AU:50   --:2    +
   17    43  1   0.0%   0.005 GC:4    GU:50   +
   77    90  0   0.0%   0.125 UG:55   +
   93    99  0   0.0%   0.103 GU:55   +
   96   100  0   0.0%   0.356 CG:55   +
   11    16  1   0.0%   0.001 GC:43   GU:10   --:1    +
   38    50  1   0.0%   0.005 CG:3    UG:51   +
   18    29  0   0.0%   0.035 UA:55   +
   42    62  0   0.0%   0.243 UG:55   +
   86    91  0   0.0%   0.112 GC:55   +
   75    94  0   0.0%   0.173 UA:55   +
   19    99  0   0.0%   0.133 GU:55   +
   76    93  0   0.0%   0.181 UG:55   +
   39    49  0   0.0%   0.169 UA:55   +
   26    65  0   0.0%   0.140 CG:55   +
   74    95  0   0.0%   0.212 GU:55   +
   41    59  0   0.0%   0.159 UA:55   +
   24    80  1   0.0%   0.010 GU:47   AU:5    --:2    +
   19    97  0   0.0%   0.133 GU:55   +
   63    70  1   0.0%   0.119 UG:1    UA:53   +
   22    74  0   0.0%   0.154 CG:55   +
   18    35  0   0.0%   0.036 UG:55   +
   62    98  0   0.0%   0.002 GC:55   +
   16    30  1   0.0%   0.001 CG:44   UG:10   +
   28    77  0   0.0%   0.199 AU:55   +
   77    92  0   0.0%   0.071 UA:55   +
   44    52  2   0.0%   0.000 GC:1    GU:49   UA:3    +
   40    62  0   0.0%   0.100 CG:55   +
   62    99  0   0.0%   0.002 GU:55   +
   29    76  0   0.0%   0.059 AU:55   +
   93    97  0   0.0%   0.054 GU:55   +
   27    78  0   0.0%   0.082 AU:55   +
   40    46  1   0.5%   0.247 CG:54   +
   11    66  2   0.6%   0.093 GU:53   +
   10    67  1   0.4%   0.070 AU:54   +
   41    46  1   0.3%   0.326 UG:54   +
   26    46  1   0.3%   0.258 CG:54   +
   24    38  3   0.0%   0.001 GC:1    GU:49   AU:2    +
   20    68  2   0.0%   0.124 GC:52   GU:1    +
    5    16  2   0.0%   0.001 GC:42   GU:10   --:1    +
   38    46  2   0.0%   0.122 CG:3    UG:50   +
   20    43  2   0.0%   0.019 GC:3    GU:50   +
    3    81  2   0.0%   0.049 UG:7    UA:46   +
   20    51  2   0.0%   0.021 GC:52   GU:1    +
    6    81  2   0.0%   0.325 UG:7    UA:46   +
   45    63  2   0.0%   0.031 GU:2    AU:51   +
   20    61  2   0.0%   0.062 GC:52   GU:1    +
   42    53  2   0.0%   0.241 UG:1    UA:52   +
    7    81  2   0.0%   0.110 UG:7    UA:46   +
   39    53  2   0.0%   0.170 UG:1    UA:52   +
   14    45  2   0.0%   0.000 UG:2    UA:51   +
   21    39  1   0.1%   0.022 AU:54   +
   25    42  1   0.1%   0.025 AU:54   +
   46    56  1   0.1%   0.186 GC:54   +
   44    58  3   0.1%   0.064 GC:21   GU:31   +
   18    25  1   0.1%   0.013 UA:54   +
   17    26  1   0.1%   0.013 GC:54   +
   33    46  1   0.0%   0.133 CG:54   +
   23    55  1   0.0%   0.190 CG:54   +
   11    67  2   0.2%   0.093 GU:53   +
   22    46  1   0.0%   0.012 CG:54   +
   22    55  1   0.0%   0.109 CG:54   +
   10    66  1   0.0%   0.002 AU:54   +
   21    67  1   0.0%   0.073 AU:54   +
   39    46  1   0.0%   0.267 UG:54   +
   46    57  1   0.0%   0.211 GU:54   +
   25    41  1   0.0%   0.012 AU:54   +
   21    66  1   0.0%   0.067 AU:54   +
   14    65  1   0.0%   0.010 UG:54   +
   17    72  1   0.0%   0.011 GC:54   +
   42    46  1   0.0%   0.403 UG:54   +
    6    70  2   0.2%   0.034 UA:53   +
    3    10  1   0.0%   0.001 UA:53   --:1    +
   21    41  1   0.0%   0.014 AU:54   +
   17    23  1   0.0%   0.001 GC:54   +
   21    42  1   0.0%   0.008 AU:54   +
   17    33  1   0.0%   0.005 GC:54   +
   63    71  1   0.0%   0.321 UA:54   +
   13    30  1   0.0%   0.001 CG:54   +
   14    29  1   0.0%   0.000 UA:54   +
   33    55  1   0.0%   0.017 CG:54   +
   40    55  1   0.0%   0.103 CG:54   +
   13    19  1   0.0%   0.000 CG:54   +
   10    99  1   0.0%   0.090 AU:54   +
   10    75  1   0.0%   0.090 AU:54   +
    6    10  1   0.0%   0.001 UA:53   --:1    +
   20    38  3   0.0%   0.009 GC:3    GU:49   +
   25    75  1   0.0%   0.012 AU:54   +
   17    22  1   0.0%   0.000 GC:54   +
   10    76  1   0.0%   0.090 AU:54   +
   10    77  1   0.0%   0.090 AU:54   +
   10    78  1   0.0%   0.090 AU:54   +
   46    79  1   0.0%   0.175 GU:54   +
   10    79  1   0.0%   0.090 AU:54   +
   13    74  1   0.0%   0.054 CG:54   +
   10    57  1   0.0%   0.000 AU:54   +
   10    83  1   0.0%   0.090 AU:54   +
   25    39  1   0.0%   0.012 AU:54   +
   24    52  5   0.0%   0.010 GC:1    GU:44   AU:5    +
   26    55  1   0.0%   0.136 CG:54   +
   10    97  1   0.0%   0.090 AU:54   +
   25    66  1   0.0%   0.044 AU:54   +
   25    83  1   0.0%   0.012 AU:54   +
   21    97  1   0.0%   0.036 AU:54   +
   10    84  1   0.0%   0.090 AU:54   +
   21    95  1   0.0%   0.035 AU:54   +
   21    75  1   0.0%   0.036 AU:54   +
   17    56  1   0.0%   0.005 GC:54   +
   13    47  1   0.0%   0.000 CG:54   +
   25    79  1   0.0%   0.012 AU:54   +
   25    57  1   0.0%   0.043 AU:54   +
   20    26  2   0.1%   0.125 GC:53   +
   20    40  2   0.1%   0.033 GC:53   +
   37    42  2   0.1%   0.252 AU:53   +
   76    82  2   0.1%   0.232 UA:53   +
   38    44  4   0.0%   0.003 CG:3    UG:48   +
   38    54  4   0.0%   0.004 UG:3    UA:48   +
   43    54  4   0.0%   0.023 UG:3    UA:48   +
   16    44  4   0.0%   0.001 CG:41   UG:10   +
   12    81  4   0.0%   0.001 UG:7    UA:44   +
    7    71  2   0.1%   0.432 UA:53   +
   20    57  2   0.0%   0.031 GU:53   +
   37    67  2   0.0%   0.051 AU:53   +
   11    69  2   0.0%   0.179 GU:53   +
   77    82  2   0.0%   0.129 UA:53   +
    3    71  2   0.0%   0.006 UA:53   +
   20    56  2   0.0%   0.023 GC:53   +
    6    74  2   0.0%   0.373 UG:53   +
   20    33  2   0.0%   0.017 GC:53   +
   20    39  2   0.0%   0.012 GU:53   +
   78    82  2   0.0%   0.123 UA:53   +
   38    48  5   0.0%   0.006 UG:31   UA:19   +
    3    70  2   0.0%   0.002 UA:53   +
   25    63  2   0.0%   0.014 AU:53   +
   20    67  2   0.0%   0.094 GU:53   +
   37    41  2   0.0%   0.105 AU:53   +
   82    99  2   0.0%   0.117 AU:53   +
   66    82  2   0.0%   0.035 UA:53   +
   11    72  2   0.0%   0.111 GC:53   +
   20    42  2   0.0%   0.018 GU:53   +
   43    48  5   0.0%   0.028 UG:31   UA:19   +
    7    74  2   0.0%   0.157 UG:53   +
   37    97  2   0.0%   0.010 AU:53   +
   67    82  2   0.0%   0.041 UA:53   +
   11    98  2   0.0%   0.110 GC:53   +
    3   100  2   0.0%   0.048 UG:53   +
    7   100  2   0.0%   0.110 UG:53   +
   69    82  2   0.0%   0.072 UA:53   +
   13    55  2   0.0%   0.000 CG:53   +
   11    33  2   0.0%   0.000 GC:53   +
   11    56  2   0.0%   0.000 GC:53   +
   82    95  2   0.0%   0.115 AU:53   +
   11    76  2   0.0%   0.110 GU:53   +
   11    77  2   0.0%   0.110 GU:53   +
   11    75  2   0.0%   0.110 GU:53   +
   20    41  2   0.0%   0.024 GU:53   +
   37    66  2   0.0%   0.039 AU:53   +
    6   100  2   0.0%   0.325 UG:53   +
   11    78  2   0.0%   0.110 GU:53   +
   20    98  2   0.0%   0.059 GC:53   +
   11    96  2   0.0%   0.110 GC:53   +
   20    96  2   0.0%   0.059 GC:53   +
   18    37  2   0.0%   0.036 UA:53   +
   20    76  2   0.0%   0.059 GU:53   +
   14    46  2   0.0%   0.000 UG:53   +
   13    46  2   0.0%   0.000 CG:53   +
   11    83  2   0.0%   0.110 GU:53   +
   48    52  7   0.0%   0.006 GU:26   AU:22   +
.....((..((.((((((...((....(((.(......))))...))((((...)))).))))))..))))............((((((.....))))))
